/* Converted from PWscf output file */ 
#L_UNITS ang 
#E_UNITS eV 
#S_UNITS GPA 
#F_UNITS EV/ANG 
#ALAT 	   7.85004     // a0 
#X 	   1.00000     0.00000     0.00000     // X 
#Y 	   0.00000     1.00000     0.00167     // Y 
#Z 	   0.00000     0.00167     1.00000     // Z 
#SX 	   0.12629     0.00000     0.00000     // SX 
#SY 	   0.00000     0.13431    -0.29838     // SY 
#SZ 	   0.00000    -0.29838     0.13431     // SZ 
#EPA 	  -3.91002     // Energy per Atom 
#RCUT 	6.5        // Rcut 
PD      0.00000      0.00000      0.00000      0.00000      0.00000      0.00000
PD      0.25000      0.25000      0.00042      0.00010      0.00199      0.00006
PD      0.25000      0.00042      0.25000      0.00010      0.00006      0.00199
PD      0.00000      0.25042      0.25042      0.00000      0.00144      0.00144
PD      0.00000      0.00083      0.50000      0.00000      0.00000      0.00000
PD      0.25001      0.25085      0.50042      0.00146      0.00239     -0.00014
PD      0.25000      0.00125      0.75000      0.00010     -0.00006     -0.00199
PD      0.00000      0.25125      0.75041      0.00000      0.00126     -0.00126
PD      0.00000      0.50000      0.00083      0.00000      0.00000      0.00000
PD      0.25000      0.75000      0.00125      0.00010     -0.00199     -0.00006
PD      0.25001      0.50042      0.25084      0.00146     -0.00014      0.00239
PD      0.00000      0.75041      0.25125      0.00000     -0.00126      0.00126
PD      0.00000      0.50083      0.50083      0.00000      0.00000      0.00000
PD      0.25001      0.75082      0.50125      0.00146     -0.00239      0.00014
PD      0.25001      0.50125      0.75082      0.00146      0.00014     -0.00239
PD      0.00000      0.75125      0.75125      0.00000     -0.00144     -0.00144
PD      0.50000      0.00000      0.00000      0.00000      0.00000      0.00000
PD      0.75000      0.25000      0.00042     -0.00010      0.00199      0.00006
PD      0.75000      0.00042      0.25000     -0.00010      0.00006      0.00199
PD      0.50000      0.25043      0.25043      0.00000      0.00345      0.00345
PD      0.50000      0.00083      0.50000      0.00000      0.00000      0.00000
PD      0.74999      0.25085      0.50042     -0.00146      0.00239     -0.00014
PD      0.75000      0.00125      0.75000     -0.00010     -0.00006     -0.00199
PD      0.50000      0.25126      0.75041      0.00000      0.00344     -0.00344
PD      0.50000      0.50000      0.00083      0.00000      0.00000      0.00000
PD      0.75000      0.75000      0.00125     -0.00010     -0.00199     -0.00006
PD      0.74999      0.50042      0.25084     -0.00146     -0.00014      0.00239
PD      0.50000      0.75041      0.25126      0.00000     -0.00344      0.00344
PD      0.50000      0.50083      0.50083      0.00000      0.00000      0.00000
PD      0.74999      0.75082      0.50125     -0.00146     -0.00239      0.00014
PD      0.74999      0.50125      0.75082     -0.00146      0.00014     -0.00239
PD      0.50000      0.75124      0.75124      0.00000     -0.00345     -0.00345
