/* Converted from PWscf output file */ 
#L_UNITS ang 
#E_UNITS eV 
#S_UNITS GPA 
#F_UNITS EV/ANG 
#ALAT 	   7.85004     // a0 
#X 	   1.00083     0.00000     0.00000     // X 
#Y 	   0.00000     0.99917     0.00000     // Y 
#Z 	   0.00000     0.00000     1.00000     // Z 
#SX 	   0.10223     0.00000     0.00000     // SX 
#SY 	   0.00000     0.23275     0.00000     // SY 
#SZ 	   0.00000     0.00000     0.16669     // SZ 
#EPA 	  -3.91005     // Energy per Atom 
#RCUT 	6.5        // Rcut 
PD      0.00000      0.00000      0.00000      0.00000      0.00000      0.00000
PD      0.25021      0.24980      0.00000     -0.00050      0.00602      0.00000
PD      0.25021      0.00000      0.25000     -0.00159      0.00000      0.00218
PD      0.00000      0.24980      0.25000      0.00000      0.00449      0.00192
PD      0.00000      0.00000      0.50000      0.00000      0.00000      0.00000
PD      0.25022      0.24980      0.50000      0.00031      0.00826      0.00000
PD      0.25021      0.00000      0.75000     -0.00159     -0.00000     -0.00218
PD      0.00000      0.24980      0.75000      0.00000      0.00449     -0.00192
PD      0.00000      0.49958      0.00000      0.00000      0.00000      0.00000
PD      0.25021      0.74937      0.00000     -0.00050     -0.00602      0.00000
PD      0.25022      0.49958      0.25001      0.00114      0.00000      0.00239
PD      0.00000      0.74937      0.25000      0.00000     -0.00449      0.00192
PD      0.00000      0.49958      0.50000      0.00000      0.00000      0.00000
PD      0.25022      0.74936      0.50000      0.00031     -0.00826      0.00000
PD      0.25022      0.49958      0.74999      0.00114      0.00000     -0.00239
PD      0.00000      0.74937      0.75000      0.00000     -0.00449     -0.00192
PD      0.50042      0.00000      0.00000      0.00000      0.00000      0.00000
PD      0.75062      0.24980      0.00000      0.00050      0.00602      0.00000
PD      0.75062      0.00000      0.25000      0.00159     -0.00000      0.00218
PD      0.50042      0.24980      0.25001      0.00000      0.01031      0.00264
PD      0.50042      0.00000      0.50000      0.00000      0.00000      0.00000
PD      0.75061      0.24980      0.50000     -0.00031      0.00826      0.00000
PD      0.75062      0.00000      0.75000      0.00159      0.00000     -0.00218
PD      0.50042      0.24980      0.74999      0.00000      0.01031     -0.00264
PD      0.50042      0.49958      0.00000      0.00000      0.00000      0.00000
PD      0.75062      0.74937      0.00000      0.00050     -0.00602      0.00000
PD      0.75061      0.49958      0.25001     -0.00114      0.00000      0.00239
PD      0.50042      0.74936      0.25001      0.00000     -0.01031      0.00264
PD      0.50042      0.49958      0.50000      0.00000      0.00000      0.00000
PD      0.75061      0.74936      0.50000     -0.00031     -0.00826      0.00000
PD      0.75061      0.49958      0.74999     -0.00114      0.00000     -0.00239
PD      0.50042      0.74936      0.74999      0.00000     -0.01031     -0.00264
