#############################################################################
5.573E-03 ###   Sat, 13 Mar 2021 21:34:18 +0000
#############################################################################

####TIME#############LOG#####################################################
1.252E-02 ###   Script: /cloud/Code/python/eampa/eampa.py
1.604E-02 ###   Loaded: input.in
#############################################
  Read Input
  Time: 1.775E-02
#############################################
1.950E-02 ###   efs
2.129E-02 ###   a0: 25.0
2.130E-02 ###   b0: 1.0
2.130E-02 ###   bp: 1000.0
2.130E-02 ###   config: 1.7
2.130E-02 ###   e: 1.0
2.130E-02 ###   e0: 25.0
2.130E-02 ###   ec: 1.0
2.130E-02 ###   energy: 1.2
2.130E-02 ###   force: 1.5
2.130E-02 ###   g: 1.0
2.131E-02 ###   negec: 1000.0
2.131E-02 ###   stress: 1.3
2.131E-02 ###   v: 1.0
2.131E-02 ###   
2.319E-02 ###   max: 100.0
2.320E-02 ###   min: 0.1
2.321E-02 ###   scale_exponent: 4.0
2.321E-02 ###   scale_factor: 10.0
2.321E-02 ###   zero_density_factor: 100000000.0
2.321E-02 ###   
2.513E-02 ###   pot_dir: None
2.514E-02 ###   pot_name: None
2.514E-02 ###   results_dir: results
2.514E-02 ###   
2.694E-02 ###   bp_file: bp.dat
2.695E-02 ###   dir: bp
2.695E-02 ###   ec_size: 6
2.695E-02 ###   ec_strain: 0.01
2.695E-02 ###   eos_size: 6
2.695E-02 ###   eos_strain: 0.01
2.695E-02 ###   
2.867E-02 ###   FE1: FE
2.867E-02 ###   FE2: FE
2.868E-02 ###   FE3: FE
2.868E-02 ###   FE4: FE
2.868E-02 ###   PD: PD
2.868E-02 ###   
3.135E-02 ###   1: {'label_id': 1, 'label_text': 'AL', 'atom_count': 32, 'relaxed_energy': -1264.06398979, 'relaxed_energy_unit': 'Ry', 'coh_energy': -3.36, 'coh_energy_unit': 'eV', 'calc_relaxed_dft_ev': -537.454181036, 'calc_coh_ev': -3.36, 'calc_apaev': 534.094181036}
3.136E-02 ###   2: {'label_id': 2, 'label_text': 'FE', 'atom_count': 16, 'relaxed_energy': -5268.188, 'relaxed_energy_unit': 'Ry', 'coh_energy': -4.316, 'coh_energy_unit': 'eV', 'calc_relaxed_dft_ev': -4479.851795407, 'calc_coh_ev': -4.316, 'calc_apaev': 4475.5357954070005}
3.136E-02 ###   3: {'label_id': 3, 'label_text': 'PD', 'atom_count': 32, 'relaxed_energy': -16384.958, 'relaxed_energy_unit': 'Ry', 'coh_energy': -3.91, 'coh_energy_unit': 'eV', 'calc_relaxed_dft_ev': -6966.549363269, 'calc_coh_ev': -3.91, 'calc_apaev': 6962.639363269001}
3.136E-02 ###   
#############################################
  Setup Directories
  Time: 3.334E-02
#############################################
3.498E-02 ###   WD: wd/wd
4.695E-02 ###   wd   wd/wd
5.178E-02 ###   input   wd/wd/input
5.675E-02 ###   output   wd/wd/output
6.162E-02 ###   results   wd/wd/results
6.664E-02 ###   plots   wd/wd/plots
7.140E-02 ###   configs   wd/wd/configs
7.612E-02 ###   fitting   wd/wd/fitting
8.100E-02 ###   fitting_generations   wd/wd/fitting/generations
8.587E-02 ###   fitting_finished   wd/wd/fitting/finished
#############################################
  Memory
  Time: 8.765E-02
#############################################
8.942E-02 ###   EFS 2000000000.0
9.113E-02 ###   config size       255102
9.283E-02 ###   ghost size        3061224
9.457E-02 ###   nl size           25510204
9.621E-02 ###   BP 2000000000.0
9.790E-02 ###   config size       255102
9.952E-02 ###   ghost size        3061224
1.011E-01 ###   nl size           25510204
#############################################
  Potential Load
  Time: 1.028E-01
#############################################
1.055E-01 ###   Potential file: pot/al/al.pot
1.072E-01 ###   Loading: pot/al/al.pot
1.131E-01 ###   Load zbl
2.513E+00 ###   std  configs/coords_256_al.dat

#############################################################################
3.050E+00 ###   Duration: 3.04500412940979
#############################################################################
