/* Converted from PWscf output file */ 
#L_UNITS ang 
#E_UNITS eV 
#S_UNITS GPA 
#F_UNITS EV/ANG 
#ALAT 	   7.86062     // a0 
#X 	   1.00000     0.00000     0.00000     // X 
#Y 	   0.00000     1.00000     0.00000     // Y 
#Z 	   0.00000     0.00000     1.00000     // Z 
#SX 	   0.51553    -0.00481    -0.00219     // SX 
#SY 	   0.00481    -0.51072     0.00350     // SY 
#SZ 	   0.00219     0.00350    -0.51466     // SZ 
#EPA 	  -3.91047     // Energy per Atom 
#RCUT 	6.5        // Rcut 
PD     -0.00074     -0.00065     -0.00053      0.00332     -0.00547      0.00239
PD      0.24949      0.24894     -0.00053     -0.00839      0.02128      0.01030
PD      0.24914     -0.00061      0.24993      0.01373      0.01003     -0.04856
PD     -0.00071      0.24978      0.24970     -0.00232     -0.01087     -0.03515
PD     -0.00015     -0.00015      0.49908     -0.04059     -0.03038      0.02656
PD      0.24957      0.24898      0.49933     -0.01540      0.03338     -0.00771
PD      0.24938     -0.00036      0.74910     -0.01486     -0.05105      0.03199
PD     -0.00056      0.24956      0.74976     -0.00534     -0.00215     -0.01519
PD     -0.00018      0.49955     -0.00070      0.00478     -0.00499      0.00818
PD      0.24961      0.74969      0.00016     -0.02038     -0.01195     -0.06485
PD      0.24972      0.49955      0.24984     -0.01701     -0.02840     -0.04098
PD     -0.00059      0.74942      0.24938     -0.01635     -0.00451     -0.01159
PD     -0.00045      0.49965      0.49953     -0.02090     -0.03283     -0.00124
PD      0.24925      0.74946      0.49906     -0.00039      0.00929      0.04283
PD      0.25002      0.49889      0.74870     -0.04382      0.04206      0.05160
PD     -0.00135      0.74872      0.74931      0.06177      0.03681      0.01806
PD      0.49975     -0.00088     -0.00075     -0.03914      0.00354      0.00747
PD      0.74915      0.24952     -0.00115      0.01599     -0.00516      0.03617
PD      0.74858     -0.00087      0.24949      0.04925      0.02269     -0.00953
PD      0.49928      0.24925      0.24898      0.00846      0.02494      0.00431
PD      0.49916     -0.00007      0.49927      0.01899     -0.04655      0.01021
PD      0.74947      0.24870      0.49923     -0.00796      0.05685      0.00895
PD      0.74940     -0.00081      0.74938      0.01127      0.00192     -0.01310
PD      0.49935      0.24909      0.74932      0.01733      0.01730     -0.00144
PD      0.49902      0.49956     -0.00112      0.00041     -0.01814      0.02871
PD      0.74886      0.74953     -0.00011      0.03233     -0.01945     -0.01453
PD      0.74953      0.49892      0.24922     -0.01740      0.00653      0.01500
PD      0.49951      0.74890      0.24976      0.00149      0.01298     -0.00743
PD      0.49866      0.49954      0.49941      0.07264     -0.02938     -0.00702
PD      0.74967      0.74930      0.49903     -0.02272     -0.00525      0.01171
PD      0.74922      0.49935      0.74961     -0.00430     -0.00815     -0.03351
PD      0.49936      0.74922      0.74916     -0.01452      0.01511     -0.00261
