/* Converted from PWscf output file */ 
#L_UNITS ang 
#E_UNITS eV 
#S_UNITS GPA 
#F_UNITS EV/ANG 
#ALAT 	   7.85004     // a0 
#X 	   1.00000     0.00000     0.00000     // X 
#Y 	   0.00000     1.00000     0.00000     // Y 
#Z 	   0.00000     0.00000     1.00250     // Z 
#SX 	   0.23290     0.00000     0.00000     // SX 
#SY 	   0.00000    -0.23290     0.00000     // SY 
#SZ 	   0.00000     0.00000    -0.41884     // SZ 
#EPA 	  -3.91038     // Energy per Atom 
#RCUT 	6.5        // Rcut 
PD      0.00000      0.00000      0.00000      0.00000      0.00000      0.00000
PD      0.25000      0.25000      0.00000      0.00242      0.00242      0.00000
PD      0.25000      0.00000      0.25063      0.00140      0.00000     -0.00031
PD      0.00000      0.25000      0.25063      0.00000      0.00140     -0.00031
PD      0.00000      0.00000      0.50125      0.00000      0.00000      0.00000
PD      0.25001      0.25001      0.50125      0.00331      0.00331      0.00000
PD      0.25000      0.00000      0.75187      0.00140      0.00000      0.00031
PD      0.00000      0.25000      0.75187      0.00000      0.00140      0.00031
PD      0.00000      0.50000      0.00000      0.00000      0.00000      0.00000
PD      0.25000      0.75000      0.00000      0.00242     -0.00242      0.00000
PD      0.25001      0.50000      0.25064      0.00418      0.00000     -0.00032
PD      0.00000      0.75000      0.25063      0.00000     -0.00140     -0.00031
PD      0.00000      0.50000      0.50125      0.00000      0.00000      0.00000
PD      0.25001      0.74999      0.50125      0.00331     -0.00331      0.00000
PD      0.25001      0.50000      0.75186      0.00418     -0.00000      0.00032
PD      0.00000      0.75000      0.75187      0.00000     -0.00140      0.00031
PD      0.50000      0.00000      0.00000      0.00000      0.00000      0.00000
PD      0.75000      0.25000      0.00000     -0.00242      0.00242      0.00000
PD      0.75000      0.00000      0.25063     -0.00140      0.00000     -0.00031
PD      0.50000      0.25001      0.25064      0.00000      0.00418     -0.00032
PD      0.50000      0.00000      0.50125      0.00000      0.00000      0.00000
PD      0.74999      0.25001      0.50125     -0.00331      0.00331      0.00000
PD      0.75000      0.00000      0.75187     -0.00140      0.00000      0.00031
PD      0.50000      0.25001      0.75186      0.00000      0.00418      0.00032
PD      0.50000      0.50000      0.00000      0.00000      0.00000      0.00000
PD      0.75000      0.75000      0.00000     -0.00242     -0.00242      0.00000
PD      0.74999      0.50000      0.25064     -0.00418     -0.00000     -0.00032
PD      0.50000      0.74999      0.25064      0.00000     -0.00418     -0.00032
PD      0.50000      0.50000      0.50125      0.00000      0.00000      0.00000
PD      0.74999      0.74999      0.50125     -0.00331     -0.00331      0.00000
PD      0.74999      0.50000      0.75186     -0.00418      0.00000      0.00032
PD      0.50000      0.74999      0.75186      0.00000     -0.00418      0.00032
