/* Converted from PWscf output file */ 
#L_UNITS ang 
#E_UNITS eV 
#S_UNITS GPA 
#F_UNITS EV/ANG 
#ALAT 	   7.85004     // a0 
#X 	   1.00000     0.00000     0.00167     // X 
#Y 	   0.00000     1.00000     0.00000     // Y 
#Z 	   0.00167     0.00000     1.00000     // Z 
#SX 	   0.17486     0.00000    -0.30363     // SX 
#SY 	   0.00000     0.17515     0.00000     // SY 
#SZ 	   0.30363     0.00000     0.17486     // SZ 
#EPA 	  -3.91002     // Energy per Atom 
#RCUT 	6.5        // Rcut 
PD      0.00000      0.00000      0.00000      0.00000      0.00000      0.00000
PD      0.25000      0.25000      0.00042     -0.00015      0.00234      0.00001
PD      0.25042      0.00000      0.25042      0.00044      0.00000      0.00044
PD      0.00042      0.25000      0.25000      0.00001      0.00234     -0.00015
PD      0.00083      0.00000      0.50000      0.00000      0.00000      0.00000
PD      0.25085      0.25001      0.50042      0.00028      0.00404      0.00066
PD      0.25125      0.00000      0.75041      0.00031      0.00000     -0.00031
PD      0.00125      0.25000      0.75000     -0.00001      0.00234      0.00015
PD      0.00000      0.50000      0.00000      0.00000      0.00000      0.00000
PD      0.25000      0.75000      0.00042     -0.00015     -0.00234      0.00001
PD      0.25043      0.50000      0.25043     -0.00037      0.00000     -0.00037
PD      0.00042      0.75000      0.25000      0.00001     -0.00234     -0.00015
PD      0.00083      0.50000      0.50000      0.00000      0.00000      0.00000
PD      0.25085      0.74999      0.50042      0.00028     -0.00404      0.00066
PD      0.25126      0.50000      0.75041     -0.00059      0.00000      0.00059
PD      0.00125      0.75000      0.75000     -0.00001     -0.00234      0.00015
PD      0.50000      0.00000      0.00083      0.00000      0.00000      0.00000
PD      0.75000      0.25000      0.00125      0.00015      0.00234     -0.00001
PD      0.75041      0.00000      0.25125     -0.00031      0.00000      0.00031
PD      0.50042      0.25001      0.25084      0.00066      0.00404      0.00028
PD      0.50083      0.00000      0.50083      0.00000      0.00000      0.00000
PD      0.75082      0.25001      0.50125     -0.00028      0.00404     -0.00066
PD      0.75125      0.00000      0.75125     -0.00044      0.00000     -0.00044
PD      0.50125      0.25001      0.75082     -0.00066      0.00404     -0.00028
PD      0.50000      0.50000      0.00083      0.00000      0.00000      0.00000
PD      0.75000      0.75000      0.00125      0.00015     -0.00234     -0.00001
PD      0.75041      0.50000      0.25126      0.00059      0.00000     -0.00059
PD      0.50042      0.74999      0.25084      0.00066     -0.00404      0.00028
PD      0.50083      0.50000      0.50083      0.00000      0.00000      0.00000
PD      0.75082      0.74999      0.50125     -0.00028     -0.00404     -0.00066
PD      0.75124      0.50000      0.75124      0.00037      0.00000      0.00037
PD      0.50125      0.74999      0.75082     -0.00066     -0.00404     -0.00028
