/* Converted from PWscf output file */ 
#L_UNITS ang 
#E_UNITS eV 
#S_UNITS GPA 
#F_UNITS EV/ANG 
#ALAT 	   7.85004     // a0 
#X 	   1.00500     0.00000     0.00000     // X 
#Y 	   0.00000     1.00500     0.00000     // Y 
#Z 	   0.00000     0.00000     1.00500     // Z 
#SX 	   2.45150     0.00000     0.00000     // SX 
#SY 	   0.00000    -2.45150     0.00000     // SY 
#SZ 	   0.00000     0.00000    -2.45150     // SZ 
#EPA 	  -3.91051     // Energy per Atom 
#RCUT 	6.5        // Rcut 
PD      0.00000      0.00000      0.00000      0.00000      0.00000      0.00000
PD      0.25125      0.25125      0.00000      0.00155      0.00155      0.00000
PD      0.25125      0.00000      0.25125      0.00155     -0.00000      0.00155
PD      0.00000      0.25125      0.25125      0.00000      0.00155      0.00155
PD      0.00000      0.00000      0.50250      0.00000      0.00000      0.00000
PD      0.25126      0.25126      0.50250      0.00407      0.00407      0.00000
PD      0.25125      0.00000      0.75374      0.00155      0.00000     -0.00155
PD      0.00000      0.25125      0.75374      0.00000      0.00155     -0.00155
PD      0.00000      0.50250      0.00000      0.00000      0.00000      0.00000
PD      0.25125      0.75375      0.00000      0.00155     -0.00155     -0.00000
PD      0.25126      0.50250      0.25126      0.00407      0.00000      0.00407
PD      0.00000      0.75375      0.25125      0.00000     -0.00155      0.00155
PD      0.00000      0.50250      0.50250      0.00000      0.00000      0.00000
PD      0.25126      0.75374      0.50250      0.00407     -0.00407      0.00000
PD      0.25126      0.50250      0.75374      0.00407      0.00000     -0.00407
PD      0.00000      0.75375      0.75374     -0.00000     -0.00155     -0.00155
PD      0.50250      0.00000      0.00000      0.00000      0.00000      0.00000
PD      0.75375      0.25125      0.00000     -0.00155      0.00155      0.00000
PD      0.75375      0.00000      0.25125     -0.00155      0.00000      0.00155
PD      0.50250      0.25126      0.25126      0.00000      0.00407      0.00407
PD      0.50250      0.00000      0.50250      0.00000     -0.00000      0.00000
PD      0.75374      0.25126      0.50250     -0.00407      0.00407      0.00000
PD      0.75375      0.00000      0.75374     -0.00155     -0.00000     -0.00155
PD      0.50250      0.25126      0.75374     -0.00000      0.00407     -0.00407
PD      0.50250      0.50250      0.00000      0.00000      0.00000      0.00000
PD      0.75375      0.75375      0.00000     -0.00155     -0.00155      0.00000
PD      0.75374      0.50250      0.25126     -0.00407      0.00000      0.00407
PD      0.50250      0.75374      0.25126     -0.00000     -0.00407      0.00407
PD      0.50250      0.50250      0.50250      0.00000      0.00000      0.00000
PD      0.75374      0.75374      0.50250     -0.00407     -0.00407      0.00000
PD      0.75374      0.50250      0.75374     -0.00407     -0.00000     -0.00407
PD      0.50250      0.75374      0.75374     -0.00000     -0.00407     -0.00407
