#############################################################################
2.996E-02 ###   Sun, 13 Jun 2021 10:41:25 +0000
#############################################################################

####TIME#############LOG#####################################################
5.255E-02 ###   Script: /cloud/Code/python/eampa/eampa.py
7.151E-02 ###   Loaded: input.in
#############################################
  Read Input
  Time: 8.063E-02
#############################################
9.147E-02 ###   efs
1.000E-01 ###   a0: 5.0
1.000E-01 ###   b0: 1.0
1.000E-01 ###   bp: 100.0
1.000E-01 ###   config: 0.0001
1.000E-01 ###   e: 1.0
1.000E-01 ###   e0: 5.0
1.000E-01 ###   ec: 1.0
1.000E-01 ###   energy: 20.0
1.000E-01 ###   force: 1.0
1.000E-01 ###   g: 1.0
1.000E-01 ###   negec: 1000.0
1.000E-01 ###   stress: 1.0
1.000E-01 ###   v: 1.0
1.000E-01 ###   
1.114E-01 ###   max: 100.0
1.114E-01 ###   min: 0.1
1.114E-01 ###   scale_exponent: 4.0
1.114E-01 ###   scale_factor: 10.0
1.114E-01 ###   zero_density_factor: 100000000.0
1.114E-01 ###   
1.209E-01 ###   pot_dir: None
1.210E-01 ###   pot_name: None
1.210E-01 ###   results_dir: results
1.210E-01 ###   
1.399E-01 ###   bp_file: bp.dat
1.399E-01 ###   dir: bp
1.399E-01 ###   ec_size: 6
1.399E-01 ###   ec_strain: 0.01
1.399E-01 ###   eos_size: 6
1.399E-01 ###   eos_strain: 0.01
1.400E-01 ###   
1.462E-01 ###   
1.588E-01 ###   1: {'label_id': 1, 'label_text': 'AL', 'atom_count': 32, 'relaxed_energy': -1264.06398979, 'relaxed_energy_unit': 'Ry', 'coh_energy': -3.36, 'coh_energy_unit': 'eV', 'calc_relaxed_dft_ev': -537.454181036, 'calc_coh_ev': -3.36, 'calc_apaev': 534.094181036}
1.589E-01 ###   2: {'label_id': 2, 'label_text': 'FE', 'atom_count': 16, 'relaxed_energy': -5268.188, 'relaxed_energy_unit': 'Ry', 'coh_energy': -4.316, 'coh_energy_unit': 'eV', 'calc_relaxed_dft_ev': -4479.851795407, 'calc_coh_ev': -4.316, 'calc_apaev': 4475.5357954070005}
1.589E-01 ###   3: {'label_id': 3, 'label_text': 'PD', 'atom_count': 32, 'relaxed_energy': -16384.958, 'relaxed_energy_unit': 'Ry', 'coh_energy': -3.91, 'coh_energy_unit': 'eV', 'calc_relaxed_dft_ev': -6966.549363269, 'calc_coh_ev': -3.91, 'calc_apaev': 6962.639363269001}
1.589E-01 ###   
#############################################
  Setup Directories
  Time: 1.683E-01
#############################################
1.777E-01 ###   WD: wd/wd
#############################################
  Memory
  Time: 1.870E-01
#############################################
1.932E-01 ###   EFS 2000000000.0
2.017E-01 ###   config size       255102
2.101E-01 ###   ghost size        3061224
2.203E-01 ###   nl size           25510204
2.257E-01 ###   BP 2000000000.0
2.324E-01 ###   config size       255102
2.443E-01 ###   ghost size        3061224
2.543E-01 ###   nl size           25510204
#############################################
  Potential Load
  Time: 3.348E-01
#############################################
3.401E-01 ###   Potential file: pot/fepd.pot
3.595E-01 ###   Loading: pot/fepd.pot
4.571E-01 ###   std  configs/coords_256_fe.dat

#############################################################################
1.587E+00 ###   Duration: 1.5620882511138916
#############################################################################
