#############################################################################
5.552E-03 ###   Wed, 07 Jul 2021 21:53:21 +0000
#############################################################################

####TIME#############LOG#####################################################
1.328E-02 ###   Script: /cloud/Code/python/eampa/eampa.py
1.676E-02 ###   Loaded: input.in
#############################################
  Read Input
  Time: 1.855E-02
#############################################
2.034E-02 ###   fit
2.214E-02 ###   a0: 5.0
2.214E-02 ###   b0: 1.0
2.214E-02 ###   bp: 100.0
2.214E-02 ###   config: 0.0001
2.215E-02 ###   e: 1.0
2.215E-02 ###   e0: 25.0
2.215E-02 ###   ec: 1.0
2.215E-02 ###   energy: 20.0
2.215E-02 ###   force: 1.0
2.215E-02 ###   g: 1.0
2.215E-02 ###   negec: 1000.0
2.215E-02 ###   stress: 1.0
2.215E-02 ###   v: 1.0
2.215E-02 ###   
2.416E-02 ###   max: 100.0
2.417E-02 ###   min: 0.1
2.417E-02 ###   scale_exponent: 4.0
2.417E-02 ###   scale_factor: 10.0
2.417E-02 ###   zero_density_factor: 100000000.0
2.417E-02 ###   
2.605E-02 ###   pot_dir: None
2.605E-02 ###   pot_name: None
2.605E-02 ###   results_dir: results
2.605E-02 ###   
2.782E-02 ###   bp_file: bp.dat
2.782E-02 ###   dir: bp
2.782E-02 ###   ec_size: 11
2.783E-02 ###   ec_strain: 0.05
2.783E-02 ###   eos_size: 9
2.783E-02 ###   eos_strain: 0.1
2.783E-02 ###   
2.954E-02 ###   
3.142E-02 ###   1: {'label_id': 1, 'label_text': 'AL', 'atom_count': 32, 'relaxed_energy': -1264.06398979, 'relaxed_energy_unit': 'Ry', 'coh_energy': -3.36, 'coh_energy_unit': 'eV', 'calc_relaxed_dft_ev': -537.454181036, 'calc_coh_ev': -3.36, 'calc_apaev': 534.094181036}
3.142E-02 ###   2: {'label_id': 2, 'label_text': 'FE', 'atom_count': 16, 'relaxed_energy': -5268.188, 'relaxed_energy_unit': 'Ry', 'coh_energy': -4.316, 'coh_energy_unit': 'eV', 'calc_relaxed_dft_ev': -4479.851795407, 'calc_coh_ev': -4.316, 'calc_apaev': 4475.5357954070005}
3.142E-02 ###   3: {'label_id': 3, 'label_text': 'PD', 'atom_count': 32, 'relaxed_energy': -16384.958, 'relaxed_energy_unit': 'Ry', 'coh_energy': -3.91, 'coh_energy_unit': 'eV', 'calc_relaxed_dft_ev': -6966.549363269, 'calc_coh_ev': -3.91, 'calc_apaev': 6962.639363269001}
3.142E-02 ###   
#############################################
  Setup Directories
  Time: 3.328E-02
#############################################
3.507E-02 ###   WD: wd/wd
#############################################
  Memory
  Time: 3.802E-02
#############################################
3.984E-02 ###   EFS 2000000000.0
4.154E-02 ###   config size       255102
4.324E-02 ###   ghost size        3061224
4.494E-02 ###   nl size           25510204
4.662E-02 ###   BP 2000000000.0
4.834E-02 ###   config size       255102
5.001E-02 ###   ghost size        3061224
5.172E-02 ###   nl size           25510204
#############################################
  Potential Load
  Time: 5.343E-02
#############################################
5.600E-02 ###   Potential file: pot/pd.pot
5.779E-02 ###   Loading: pot/pd.pot
2.060E-01 ###   std  configs/ec_2_007.out
2.118E-01 ###   std  configs/ec_6_007.out
2.176E-01 ###   std  configs/config_0007.out
2.255E-01 ###   std  configs/config_0009.out
2.310E-01 ###   std  configs/ec_5_002.out
2.364E-01 ###   std  configs/ec_9_005.out
2.431E-01 ###   std  configs/ec_1_002.out
2.496E-01 ###   std  configs/ec_9_002.out
2.564E-01 ###   std  configs/ec_1_005.out
2.630E-01 ###   std  configs/ec_5_005.out
2.696E-01 ###   std  configs/eos_007.out
2.765E-01 ###   std  configs/ec_4_003.out
2.829E-01 ###   std  configs/ec_8_004.out
2.895E-01 ###   std  configs/ec_8_003.out
2.950E-01 ###   std  configs/ec_4_004.out
3.015E-01 ###   std  configs/ec_3_006.out
3.074E-01 ###   std  configs/ec_7_006.out
3.129E-01 ###   std  configs/ec_7_001.out
3.182E-01 ###   std  configs/ec_3_001.out
3.239E-01 ###   std  configs/eos_006.out
3.308E-01 ###   std  configs/eos_001.out
3.371E-01 ###   std  configs/ec_9_003.out
3.436E-01 ###   std  configs/ec_1_004.out
3.500E-01 ###   std  configs/ec_5_004.out
3.567E-01 ###   std  configs/ec_5_003.out
3.632E-01 ###   std  configs/ec_9_004.out
3.701E-01 ###   std  configs/ec_1_003.out
3.758E-01 ###   std  configs/config_0008.out
3.813E-01 ###   std  configs/ec_6_001.out
3.868E-01 ###   std  configs/config_0006.out
3.932E-01 ###   std  configs/ec_2_001.out
3.988E-01 ###   std  configs/config_0001.out
4.050E-01 ###   std  configs/ec_2_006.out
4.102E-01 ###   std  configs/ec_6_006.out
4.156E-01 ###   std  configs/config_0010.out
4.215E-01 ###   std  configs/ec_3_007.out
4.281E-01 ###   std  configs/ec_7_007.out
4.349E-01 ###   std  configs/fcc_001.dat
4.403E-01 ###   std  configs/ec_8_002.out
4.472E-01 ###   std  configs/ec_4_005.out
4.534E-01 ###   std  configs/ec_4_002.out
4.589E-01 ###   std  configs/ec_8_005.out
4.644E-01 ###   std  configs/ec_3_004.out
4.705E-01 ###   std  configs/ec_7_004.out
4.759E-01 ###   std  configs/ec_7_003.out
4.816E-01 ###   std  configs/ec_3_003.out
4.872E-01 ###   std  configs/fcc_002.dat
4.915E-01 ###   std  configs/ec_4_001.out
4.969E-01 ###   std  configs/ec_8_006.out
5.022E-01 ###   std  configs/ec_8_001.out
5.087E-01 ###   std  configs/ec_4_006.out
5.154E-01 ###   std  configs/eos_002.out
5.214E-01 ###   std  configs/eos_005.out
5.268E-01 ###   std  configs/ec_9_007.out
5.331E-01 ###   std  configs/ec_1_007.out
5.386E-01 ###   std  configs/ec_5_007.out
5.446E-01 ###   std  configs/ec_2_005.out
5.499E-01 ###   std  configs/config_0002.out
5.561E-01 ###   std  configs/ec_6_005.out
5.617E-01 ###   std  configs/ec_6_002.out
5.671E-01 ###   std  configs/ec_2_002.out
5.726E-01 ###   std  configs/config_0005.out
5.783E-01 ###   std  configs/ec_4_007.out
5.839E-01 ###   std  configs/ec_8_007.out
5.912E-01 ###   std  configs/ec_7_002.out
5.973E-01 ###   std  configs/ec_3_002.out
6.029E-01 ###   std  configs/ec_3_005.out
6.083E-01 ###   std  configs/ec_7_005.out
6.139E-01 ###   std  configs/ec_6_003.out
6.193E-01 ###   std  configs/config_0004.out
6.249E-01 ###   std  configs/ec_2_003.out
6.303E-01 ###   std  configs/config_0003.out
6.358E-01 ###   std  configs/ec_2_004.out
6.418E-01 ###   std  configs/ec_6_004.out
6.471E-01 ###   std  configs/ec_9_001.out
6.531E-01 ###   std  configs/ec_1_006.out
6.586E-01 ###   std  configs/ec_5_006.out
6.639E-01 ###   std  configs/ec_5_001.out
####TIME#############LOG#####################################################
6.711E-01 ###   std  configs/ec_9_006.out
6.766E-01 ###   std  configs/ec_1_001.out
6.818E-01 ###   std  configs/eos_004.out
6.876E-01 ###   std  configs/eos_003.out
#############################################
  Potential Fit
  Time: 1.207E+00
#############################################
2.526E+00 ###   BP Allocated Memory
2.526E+00 ###   
2.528E+00 ###   2GB
2.528E+00 ###   
2.530E+00 ###   255102 3061224 25510204
2.530E+00 ###   
3.925E+00 ###   Best rss: None (since last: 1)
6.251E+00 ###   Best rss: None (since last: 1)
8.373E+00 ###   Best rss: None (since last: 1)
1.018E+01 ###   Best rss: None (since last: 1)
1.198E+01 ###   Best rss: None (since last: 1)
1.377E+01 ###   Best rss: None (since last: 1)
1.560E+01 ###   Best rss: None (since last: 1)
1.746E+01 ###   Best rss: None (since last: 1)
1.926E+01 ###   Best rss: None (since last: 1)
2.142E+01 ###   Best rss: None (since last: 1)
2.324E+01 ###   Best rss: None (since last: 1)
2.542E+01 ###   Best rss: None (since last: 1)
2.723E+01 ###   Best rss: None (since last: 1)
2.904E+01 ###   Best rss: None (since last: 1)
3.083E+01 ###   Best rss: None (since last: 1)
3.263E+01 ###   Best rss: None (since last: 1)
3.445E+01 ###   Best rss: None (since last: 1)
3.630E+01 ###   Best rss: None (since last: 1)
3.815E+01 ###   Best rss: None (since last: 1)
3.999E+01 ###   Best rss: None (since last: 1)
4.181E+01 ###   Best rss: None (since last: 1)
4.368E+01 ###   Best rss: None (since last: 1)
4.553E+01 ###   Best rss: None (since last: 1)
4.739E+01 ###   Best rss: None (since last: 1)
4.921E+01 ###   Best rss: None (since last: 1)
5.108E+01 ###   Best rss: None (since last: 1)
5.304E+01 ###   Best rss: None (since last: 1)
5.492E+01 ###   Best rss: None (since last: 1)
5.681E+01 ###   Best rss: None (since last: 1)
5.868E+01 ###   Best rss: None (since last: 1)
6.057E+01 ###   Best rss: None (since last: 1)
6.250E+01 ###   Best rss: None (since last: 1)
6.436E+01 ###   Best rss: None (since last: 1)
6.619E+01 ###   Best rss: None (since last: 1)
6.801E+01 ###   Best rss: None (since last: 1)
6.990E+01 ###   Best rss: None (since last: 1)
7.177E+01 ###   Best rss: None (since last: 1)
7.360E+01 ###   Best rss: None (since last: 1)
7.544E+01 ###   Best rss: None (since last: 1)
7.727E+01 ###   Best rss: None (since last: 1)
7.916E+01 ###   Best rss: None (since last: 1)
8.100E+01 ###   Best rss: None (since last: 1)
8.285E+01 ###   Best rss: None (since last: 1)
8.471E+01 ###   Best rss: None (since last: 1)
8.654E+01 ###   Best rss: None (since last: 1)
8.842E+01 ###   Best rss: None (since last: 1)
9.040E+01 ###   Best rss: None (since last: 1)
9.238E+01 ###   Best rss: None (since last: 1)
9.431E+01 ###   Best rss: None (since last: 1)
9.627E+01 ###   Best rss: None (since last: 1)
9.813E+01 ###   Best rss: None (since last: 1)
1.002E+02 ###   Best rss: None (since last: 1)
1.021E+02 ###   Best rss: None (since last: 1)
1.039E+02 ###   Best rss: None (since last: 1)
1.058E+02 ###   Best rss: None (since last: 1)
1.076E+02 ###   Best rss: None (since last: 1)
1.095E+02 ###   Best rss: None (since last: 1)
1.114E+02 ###   Best rss: None (since last: 1)
1.132E+02 ###   Best rss: None (since last: 1)
1.150E+02 ###   Best rss: None (since last: 1)
1.169E+02 ###   Best rss: None (since last: 1)
1.188E+02 ###   Best rss: None (since last: 1)
1.206E+02 ###   Best rss: None (since last: 1)
1.225E+02 ###   Best rss: None (since last: 1)
1.243E+02 ###   Best rss: None (since last: 1)
1.262E+02 ###   Best rss: None (since last: 1)
1.281E+02 ###   Best rss: None (since last: 1)
1.300E+02 ###   Best rss: None (since last: 1)
1.318E+02 ###   Best rss: None (since last: 1)
1.337E+02 ###   Best rss: None (since last: 1)
1.356E+02 ###   Best rss: None (since last: 1)
1.376E+02 ###   Best rss: None (since last: 1)
1.394E+02 ###   Best rss: None (since last: 1)
1.413E+02 ###   Best rss: None (since last: 1)
1.432E+02 ###   Best rss: None (since last: 1)
1.451E+02 ###   Best rss: None (since last: 1)
1.470E+02 ###   Best rss: None (since last: 1)
1.488E+02 ###   Best rss: None (since last: 1)
1.507E+02 ###   Best rss: None (since last: 1)
1.525E+02 ###   Best rss: None (since last: 1)
1.545E+02 ###   Best rss: None (since last: 1)
1.563E+02 ###   Best rss: None (since last: 1)
1.582E+02 ###   Best rss: None (since last: 1)
1.600E+02 ###   Best rss: None (since last: 1)
1.619E+02 ###   Best rss: None (since last: 1)
1.638E+02 ###   Best rss: None (since last: 1)
1.656E+02 ###   Best rss: None (since last: 1)
1.675E+02 ###   Best rss: None (since last: 1)
1.693E+02 ###   Best rss: None (since last: 1)
1.712E+02 ###   Best rss: None (since last: 1)
1.731E+02 ###   Best rss: None (since last: 1)
1.749E+02 ###   Best rss: None (since last: 1)
1.767E+02 ###   Best rss: None (since last: 1)
####TIME#############LOG#####################################################
1.786E+02 ###   Best rss: None (since last: 1)
1.805E+02 ###   Best rss: None (since last: 1)
1.824E+02 ###   Best rss: None (since last: 1)
1.842E+02 ###   Best rss: None (since last: 1)
1.860E+02 ###   Best rss: None (since last: 1)
1.879E+02 ###   Best rss: None (since last: 1)
1.897E+02 ###   Best rss: None (since last: 1)
1.916E+02 ###   Best rss: None (since last: 1)
1.934E+02 ###   Best rss: None (since last: 1)
1.952E+02 ###   Best rss: None (since last: 1)
1.971E+02 ###   Best rss: None (since last: 1)
1.990E+02 ###   Best rss: None (since last: 1)
2.009E+02 ###   Best rss: None (since last: 1)
2.027E+02 ###   Best rss: None (since last: 1)
2.046E+02 ###   Best rss: None (since last: 1)
2.065E+02 ###   Best rss: None (since last: 1)
2.085E+02 ###   Best rss: None (since last: 1)
2.103E+02 ###   Best rss: None (since last: 1)
2.121E+02 ###   Best rss: None (since last: 1)
2.139E+02 ###   Best rss: None (since last: 1)
2.158E+02 ###   Best rss: None (since last: 1)
2.177E+02 ###   Best rss: None (since last: 1)
2.196E+02 ###   Best rss: None (since last: 1)
2.214E+02 ###   Best rss: None (since last: 1)
2.232E+02 ###   Best rss: None (since last: 1)
2.251E+02 ###   Best rss: None (since last: 1)
2.270E+02 ###   Best rss: None (since last: 1)
2.290E+02 ###   Best rss: None (since last: 1)
2.310E+02 ###   Best rss: None (since last: 1)
2.328E+02 ###   Best rss: None (since last: 1)
2.348E+02 ###   Best rss: None (since last: 1)
2.368E+02 ###   Best rss: None (since last: 1)
2.386E+02 ###   Best rss: None (since last: 1)
2.405E+02 ###   Best rss: None (since last: 1)
2.424E+02 ###   Best rss: None (since last: 1)
2.443E+02 ###   Best rss: None (since last: 1)
2.463E+02 ###   Best rss: None (since last: 1)
2.482E+02 ###   Best rss: None (since last: 1)
2.501E+02 ###   Best rss: None (since last: 1)
2.520E+02 ###   Best rss: None (since last: 1)
2.539E+02 ###   Best rss: None (since last: 1)
2.558E+02 ###   Best rss: None (since last: 1)
2.576E+02 ###   Best rss: None (since last: 1)
2.595E+02 ###   Best rss: None (since last: 1)
2.614E+02 ###   Best rss: None (since last: 1)
2.634E+02 ###   Best rss: None (since last: 1)
2.654E+02 ###   Best rss: None (since last: 1)
2.673E+02 ###   Best rss: None (since last: 1)
2.692E+02 ###   Best rss: None (since last: 1)
2.712E+02 ###   Best rss: None (since last: 1)
2.732E+02 ###   Best rss: None (since last: 1)
2.751E+02 ###   Best rss: None (since last: 1)
2.770E+02 ###   Best rss: None (since last: 1)
2.788E+02 ###   Best rss: None (since last: 1)
2.808E+02 ###   Best rss: None (since last: 1)
2.827E+02 ###   Best rss: None (since last: 1)
2.847E+02 ###   Best rss: None (since last: 1)
2.867E+02 ###   Best rss: None (since last: 1)
2.887E+02 ###   Best rss: None (since last: 1)
2.906E+02 ###   Best rss: None (since last: 1)
2.926E+02 ###   Best rss: None (since last: 1)
2.945E+02 ###   Best rss: None (since last: 1)
2.964E+02 ###   Best rss: None (since last: 1)
2.984E+02 ###   Best rss: None (since last: 1)
3.004E+02 ###   Best rss: None (since last: 1)
3.024E+02 ###   Best rss: None (since last: 1)
3.045E+02 ###   Best rss: None (since last: 1)
3.065E+02 ###   Best rss: None (since last: 1)
3.086E+02 ###   Best rss: None (since last: 1)
3.105E+02 ###   Best rss: None (since last: 1)
3.124E+02 ###   Best rss: None (since last: 1)
3.143E+02 ###   Best rss: None (since last: 1)
3.162E+02 ###   Best rss: None (since last: 1)
3.181E+02 ###   Best rss: None (since last: 1)
3.200E+02 ###   Best rss: None (since last: 1)
3.219E+02 ###   Best rss: None (since last: 1)
3.237E+02 ###   Best rss: None (since last: 1)
3.256E+02 ###   Best rss: None (since last: 1)
3.276E+02 ###   Best rss: None (since last: 1)
3.300E+02 ###   Best rss: None (since last: 1)
3.319E+02 ###   Best rss: None (since last: 1)
3.338E+02 ###   Best rss: None (since last: 1)
3.359E+02 ###   Best rss: None (since last: 1)
3.378E+02 ###   Best rss: None (since last: 1)
3.397E+02 ###   Best rss: None (since last: 1)
3.418E+02 ###   Best rss: None (since last: 1)
3.437E+02 ###   Best rss: None (since last: 1)
3.456E+02 ###   Best rss: None (since last: 1)
3.476E+02 ###   Best rss: None (since last: 1)
3.495E+02 ###   Best rss: None (since last: 1)
3.514E+02 ###   Best rss: None (since last: 1)
3.532E+02 ###   Best rss: None (since last: 1)
3.551E+02 ###   Best rss: None (since last: 1)
3.570E+02 ###   Best rss: None (since last: 1)
3.589E+02 ###   Best rss: None (since last: 1)
3.607E+02 ###   Best rss: None (since last: 1)
3.625E+02 ###   Best rss: None (since last: 1)
3.645E+02 ###   Best rss: None (since last: 1)
3.664E+02 ###   Best rss: None (since last: 1)
3.684E+02 ###   Best rss: None (since last: 1)
####TIME#############LOG#####################################################
3.702E+02 ###   Best rss: None (since last: 1)
3.721E+02 ###   Best rss: None (since last: 1)
3.740E+02 ###   Best rss: None (since last: 1)
3.759E+02 ###   Best rss: None (since last: 1)
3.778E+02 ###   Best rss: None (since last: 1)
3.797E+02 ###   Best rss: None (since last: 1)
3.815E+02 ###   Best rss: None (since last: 1)
3.834E+02 ###   Best rss: None (since last: 1)
3.853E+02 ###   Best rss: None (since last: 1)
3.872E+02 ###   Best rss: None (since last: 1)
3.891E+02 ###   Best rss: None (since last: 1)
3.909E+02 ###   Best rss: None (since last: 1)
3.928E+02 ###   Best rss: None (since last: 1)
3.947E+02 ###   Best rss: None (since last: 1)
3.966E+02 ###   Best rss: None (since last: 1)
3.985E+02 ###   Best rss: None (since last: 1)
4.004E+02 ###   Best rss: None (since last: 1)
4.023E+02 ###   Best rss: None (since last: 1)
4.044E+02 ###   Best rss: None (since last: 1)
4.064E+02 ###   Best rss: None (since last: 1)
4.084E+02 ###   Best rss: None (since last: 1)
4.105E+02 ###   Best rss: None (since last: 1)
4.128E+02 ###   Best rss: None (since last: 1)
4.148E+02 ###   Best rss: None (since last: 1)
4.168E+02 ###   Best rss: None (since last: 1)
4.187E+02 ###   Best rss: None (since last: 1)
4.207E+02 ###   Best rss: None (since last: 1)
4.227E+02 ###   Best rss: None (since last: 1)
4.250E+02 ###   Best rss: None (since last: 1)
4.270E+02 ###   Best rss: None (since last: 1)
4.290E+02 ###   Best rss: None (since last: 1)
4.311E+02 ###   Best rss: None (since last: 1)
4.333E+02 ###   Best rss: None (since last: 1)
4.353E+02 ###   Best rss: None (since last: 1)
4.374E+02 ###   Best rss: None (since last: 1)
4.398E+02 ###   Best rss: None (since last: 1)
4.420E+02 ###   Best rss: None (since last: 1)
4.440E+02 ###   Best rss: None (since last: 1)
4.460E+02 ###   Best rss: None (since last: 1)
4.480E+02 ###   Best rss: None (since last: 1)
4.501E+02 ###   Best rss: None (since last: 1)
4.520E+02 ###   Best rss: None (since last: 1)
4.540E+02 ###   Best rss: None (since last: 1)
4.560E+02 ###   Best rss: None (since last: 1)
4.580E+02 ###   Best rss: None (since last: 1)
4.600E+02 ###   Best rss: None (since last: 1)
4.620E+02 ###   Best rss: None (since last: 1)
4.640E+02 ###   Best rss: None (since last: 1)
4.662E+02 ###   Best rss: None (since last: 1)
4.683E+02 ###   Best rss: None (since last: 1)
4.704E+02 ###   Best rss: None (since last: 1)
4.724E+02 ###   Best rss: None (since last: 1)
4.745E+02 ###   Best rss: None (since last: 1)
4.766E+02 ###   Best rss: None (since last: 1)
4.787E+02 ###   Best rss: None (since last: 1)
4.808E+02 ###   Best rss: None (since last: 1)
4.830E+02 ###   Best rss: None (since last: 1)
4.852E+02 ###   Best rss: None (since last: 1)
4.874E+02 ###   Best rss: None (since last: 1)
4.897E+02 ###   Best rss: None (since last: 1)
4.917E+02 ###   Best rss: None (since last: 1)
4.939E+02 ###   Best rss: None (since last: 1)
4.959E+02 ###   Best rss: None (since last: 1)
4.981E+02 ###   Best rss: None (since last: 1)
5.002E+02 ###   Best rss: None (since last: 1)
5.024E+02 ###   Best rss: None (since last: 1)
5.044E+02 ###   Best rss: None (since last: 1)
5.065E+02 ###   Best rss: None (since last: 1)
5.085E+02 ###   Best rss: None (since last: 1)
5.107E+02 ###   Best rss: None (since last: 1)
5.128E+02 ###   Best rss: None (since last: 1)
5.149E+02 ###   Best rss: None (since last: 1)
5.170E+02 ###   Best rss: None (since last: 1)
5.191E+02 ###   Best rss: None (since last: 1)
5.212E+02 ###   Best rss: None (since last: 1)
5.232E+02 ###   Best rss: None (since last: 1)
5.253E+02 ###   Best rss: None (since last: 1)
5.273E+02 ###   Best rss: None (since last: 1)
5.293E+02 ###   Best rss: None (since last: 1)
5.313E+02 ###   Best rss: None (since last: 1)
5.333E+02 ###   Best rss: None (since last: 1)
5.353E+02 ###   Best rss: None (since last: 1)
5.372E+02 ###   Best rss: None (since last: 1)
5.391E+02 ###   Best rss: None (since last: 1)
5.413E+02 ###   Best rss: None (since last: 1)
5.436E+02 ###   Best rss: None (since last: 1)
5.459E+02 ###   Best rss: None (since last: 1)
5.480E+02 ###   Best rss: None (since last: 1)
5.500E+02 ###   Best rss: None (since last: 1)
5.522E+02 ###   Best rss: None (since last: 1)
5.542E+02 ###   Best rss: None (since last: 1)
5.564E+02 ###   Best rss: None (since last: 1)
5.583E+02 ###   Best rss: None (since last: 1)
5.603E+02 ###   Best rss: None (since last: 1)
5.623E+02 ###   Best rss: None (since last: 1)
5.642E+02 ###   Best rss: None (since last: 1)
5.664E+02 ###   Best rss: None (since last: 1)
5.686E+02 ###   Best rss: None (since last: 1)
5.709E+02 ###   Best rss: None (since last: 1)
5.729E+02 ###   Best rss: None (since last: 1)
####TIME#############LOG#####################################################
5.749E+02 ###   Best rss: None (since last: 1)
5.768E+02 ###   Best rss: None (since last: 1)
5.789E+02 ###   Best rss: None (since last: 1)
5.809E+02 ###   Best rss: None (since last: 1)
5.829E+02 ###   Best rss: None (since last: 1)
5.850E+02 ###   Best rss: None (since last: 1)
5.870E+02 ###   Best rss: None (since last: 1)
5.891E+02 ###   Best rss: None (since last: 1)
5.913E+02 ###   Best rss: None (since last: 1)
5.934E+02 ###   Best rss: None (since last: 1)
5.955E+02 ###   Best rss: None (since last: 1)
5.981E+02 ###   Best rss: None (since last: 1)
6.004E+02 ###   Best rss: None (since last: 1)
6.026E+02 ###   Best rss: None (since last: 1)
6.048E+02 ###   Best rss: None (since last: 1)
6.070E+02 ###   Best rss: None (since last: 1)
6.093E+02 ###   Best rss: None (since last: 1)
6.120E+02 ###   Best rss: None (since last: 1)
6.145E+02 ###   Best rss: None (since last: 1)
6.171E+02 ###   Best rss: None (since last: 1)
6.194E+02 ###   Best rss: None (since last: 1)
6.215E+02 ###   Best rss: None (since last: 1)
6.237E+02 ###   Best rss: None (since last: 1)
6.260E+02 ###   Best rss: None (since last: 1)
6.282E+02 ###   Best rss: None (since last: 1)
6.305E+02 ###   Best rss: None (since last: 1)
6.325E+02 ###   Best rss: None (since last: 1)
6.347E+02 ###   Best rss: None (since last: 1)
6.368E+02 ###   Best rss: None (since last: 1)
6.390E+02 ###   Best rss: None (since last: 1)
6.411E+02 ###   Best rss: None (since last: 1)
6.433E+02 ###   Best rss: None (since last: 1)
6.455E+02 ###   Best rss: None (since last: 1)
6.476E+02 ###   Best rss: None (since last: 1)
6.497E+02 ###   Best rss: None (since last: 1)
6.518E+02 ###   Best rss: None (since last: 1)
6.540E+02 ###   Best rss: None (since last: 1)
6.564E+02 ###   Best rss: None (since last: 1)
6.585E+02 ###   Best rss: None (since last: 1)
6.607E+02 ###   Best rss: None (since last: 1)
6.628E+02 ###   Best rss: None (since last: 1)
6.649E+02 ###   Best rss: None (since last: 1)
6.671E+02 ###   Best rss: None (since last: 1)
6.697E+02 ###   Best rss: None (since last: 1)
6.720E+02 ###   Best rss: None (since last: 1)
6.743E+02 ###   Best rss: None (since last: 1)
6.765E+02 ###   Best rss: None (since last: 1)
6.787E+02 ###   Best rss: None (since last: 1)
6.811E+02 ###   Best rss: None (since last: 1)
6.832E+02 ###   Best rss: None (since last: 1)
6.855E+02 ###   Best rss: None (since last: 1)
6.879E+02 ###   Best rss: None (since last: 1)
6.905E+02 ###   Best rss: None (since last: 1)
6.929E+02 ###   Best rss: None (since last: 1)
6.950E+02 ###   Best rss: None (since last: 1)
6.974E+02 ###   Best rss: None (since last: 1)
6.997E+02 ###   Best rss: None (since last: 1)
7.019E+02 ###   Best rss: None (since last: 1)
7.040E+02 ###   Best rss: None (since last: 1)
7.061E+02 ###   Best rss: None (since last: 1)
7.084E+02 ###   Best rss: None (since last: 1)
7.105E+02 ###   Best rss: None (since last: 1)
7.125E+02 ###   Best rss: None (since last: 1)
7.148E+02 ###   Best rss: None (since last: 1)
7.170E+02 ###   Best rss: None (since last: 1)
7.192E+02 ###   Best rss: None (since last: 1)
7.214E+02 ###   Best rss: None (since last: 1)
7.237E+02 ###   Best rss: None (since last: 1)
7.258E+02 ###   Best rss: None (since last: 1)
7.279E+02 ###   Best rss: None (since last: 1)
7.299E+02 ###   Best rss: None (since last: 1)
7.319E+02 ###   Best rss: None (since last: 1)
7.340E+02 ###   Best rss: None (since last: 1)
7.359E+02 ###   Best rss: None (since last: 1)
7.379E+02 ###   Best rss: None (since last: 1)
7.399E+02 ###   Best rss: None (since last: 1)
7.420E+02 ###   Best rss: None (since last: 1)
7.441E+02 ###   Best rss: None (since last: 1)
7.462E+02 ###   Best rss: None (since last: 1)
7.484E+02 ###   Best rss: None (since last: 1)
7.505E+02 ###   Best rss: None (since last: 1)
7.526E+02 ###   Best rss: None (since last: 1)
7.547E+02 ###   Best rss: None (since last: 1)
7.568E+02 ###   Best rss: None (since last: 1)
7.589E+02 ###   Best rss: None (since last: 1)
7.610E+02 ###   Best rss: None (since last: 1)
7.630E+02 ###   Best rss: None (since last: 1)
7.652E+02 ###   Best rss: None (since last: 1)
7.674E+02 ###   Best rss: None (since last: 1)
7.695E+02 ###   Best rss: None (since last: 1)
7.720E+02 ###   Best rss: None (since last: 1)
7.743E+02 ###   Best rss: None (since last: 1)
7.765E+02 ###   Best rss: None (since last: 1)
7.787E+02 ###   Best rss: None (since last: 1)
7.810E+02 ###   Best rss: None (since last: 1)
7.832E+02 ###   Best rss: None (since last: 1)
7.854E+02 ###   Best rss: None (since last: 1)
7.876E+02 ###   Best rss: None (since last: 1)
7.899E+02 ###   Best rss: None (since last: 1)
7.921E+02 ###   Best rss: None (since last: 1)
####TIME#############LOG#####################################################
7.943E+02 ###   Best rss: None (since last: 1)
7.964E+02 ###   Best rss: None (since last: 1)
7.987E+02 ###   Best rss: None (since last: 1)
8.010E+02 ###   Best rss: None (since last: 1)
8.032E+02 ###   Best rss: None (since last: 1)
8.055E+02 ###   Best rss: None (since last: 1)
8.076E+02 ###   Best rss: None (since last: 1)
8.096E+02 ###   Best rss: None (since last: 1)
8.118E+02 ###   Best rss: None (since last: 1)
8.139E+02 ###   Best rss: None (since last: 1)
8.160E+02 ###   Best rss: None (since last: 1)
8.181E+02 ###   Best rss: None (since last: 1)
8.201E+02 ###   Best rss: None (since last: 1)
8.221E+02 ###   Best rss: None (since last: 1)
8.241E+02 ###   Best rss: None (since last: 1)
8.260E+02 ###   Best rss: None (since last: 1)
8.280E+02 ###   Best rss: None (since last: 1)
8.302E+02 ###   Best rss: None (since last: 1)
8.324E+02 ###   Best rss: None (since last: 1)
8.343E+02 ###   Best rss: None (since last: 1)
8.362E+02 ###   Best rss: None (since last: 1)
8.383E+02 ###   Best rss: None (since last: 1)
8.407E+02 ###   Best rss: None (since last: 1)
8.431E+02 ###   Best rss: None (since last: 1)
8.455E+02 ###   Best rss: None (since last: 1)
8.478E+02 ###   Best rss: None (since last: 1)
8.502E+02 ###   Best rss: None (since last: 1)
8.526E+02 ###   Best rss: None (since last: 1)
8.551E+02 ###   Best rss: None (since last: 1)
8.574E+02 ###   Best rss: None (since last: 1)
8.597E+02 ###   Best rss: None (since last: 1)
8.620E+02 ###   Best rss: None (since last: 1)
8.643E+02 ###   Best rss: None (since last: 1)
8.666E+02 ###   Best rss: None (since last: 1)
8.689E+02 ###   Best rss: None (since last: 1)
8.712E+02 ###   Best rss: None (since last: 1)
8.735E+02 ###   Best rss: None (since last: 1)
8.757E+02 ###   Best rss: None (since last: 1)
8.781E+02 ###   Best rss: None (since last: 1)
8.804E+02 ###   Best rss: None (since last: 1)
8.826E+02 ###   Best rss: None (since last: 1)
8.849E+02 ###   Best rss: None (since last: 1)
8.871E+02 ###   Best rss: None (since last: 1)
8.892E+02 ###   Best rss: None (since last: 1)
8.915E+02 ###   Best rss: None (since last: 1)
8.938E+02 ###   Best rss: None (since last: 1)
8.961E+02 ###   Best rss: None (since last: 1)
8.985E+02 ###   Best rss: None (since last: 1)
9.007E+02 ###   Best rss: None (since last: 1)
9.029E+02 ###   Best rss: None (since last: 1)
9.052E+02 ###   Best rss: None (since last: 1)
9.075E+02 ###   Best rss: None (since last: 1)
9.097E+02 ###   Best rss: None (since last: 1)
9.120E+02 ###   Best rss: None (since last: 1)
9.140E+02 ###   Best rss: None (since last: 1)
9.162E+02 ###   Best rss: None (since last: 1)
9.185E+02 ###   Best rss: None (since last: 1)
9.207E+02 ###   Best rss: None (since last: 1)
9.229E+02 ###   Best rss: None (since last: 1)
9.251E+02 ###   Best rss: None (since last: 1)
9.272E+02 ###   Best rss: None (since last: 1)
9.293E+02 ###   Best rss: None (since last: 1)
9.316E+02 ###   Best rss: None (since last: 1)
9.339E+02 ###   Best rss: None (since last: 1)
9.361E+02 ###   Best rss: None (since last: 1)
9.384E+02 ###   Best rss: None (since last: 1)
9.406E+02 ###   Best rss: None (since last: 1)
9.429E+02 ###   Best rss: None (since last: 1)
9.452E+02 ###   Best rss: None (since last: 1)
9.475E+02 ###   Best rss: None (since last: 1)
9.497E+02 ###   Best rss: None (since last: 1)
9.518E+02 ###   Best rss: None (since last: 1)
9.542E+02 ###   Best rss: None (since last: 1)
9.562E+02 ###   Best rss: None (since last: 1)
9.583E+02 ###   Best rss: None (since last: 1)
9.604E+02 ###   Best rss: None (since last: 1)
9.624E+02 ###   Best rss: None (since last: 1)
9.644E+02 ###   Best rss: None (since last: 1)
9.665E+02 ###   Best rss: None (since last: 1)
9.685E+02 ###   Best rss: None (since last: 1)
9.705E+02 ###   Best rss: None (since last: 1)
9.726E+02 ###   Best rss: None (since last: 1)
9.746E+02 ###   Best rss: None (since last: 1)
9.767E+02 ###   Best rss: None (since last: 1)
9.788E+02 ###   Best rss: None (since last: 1)
9.808E+02 ###   Best rss: None (since last: 1)
9.830E+02 ###   Best rss: None (since last: 1)
9.850E+02 ###   Best rss: None (since last: 1)
9.870E+02 ###   Best rss: None (since last: 1)
9.891E+02 ###   Best rss: None (since last: 1)
9.911E+02 ###   Best rss: None (since last: 1)
9.931E+02 ###   Best rss: None (since last: 1)
9.951E+02 ###   Best rss: None (since last: 1)
9.971E+02 ###   Best rss: None (since last: 1)
9.991E+02 ###   Best rss: None (since last: 1)
1.001E+03 ###   Best rss: None (since last: 1)
1.003E+03 ###   Best rss: None (since last: 1)
1.005E+03 ###   Best rss: None (since last: 1)
1.007E+03 ###   Best rss: None (since last: 1)
1.009E+03 ###   Best rss: None (since last: 1)
####TIME#############LOG#####################################################
1.011E+03 ###   Best rss: None (since last: 1)
1.013E+03 ###   Best rss: None (since last: 1)
1.015E+03 ###   Best rss: None (since last: 1)
1.017E+03 ###   Best rss: None (since last: 1)
1.019E+03 ###   Best rss: None (since last: 1)
1.022E+03 ###   Best rss: None (since last: 1)
1.024E+03 ###   Best rss: None (since last: 1)
1.026E+03 ###   Best rss: None (since last: 1)
1.028E+03 ###   Best rss: None (since last: 1)
1.030E+03 ###   Best rss: None (since last: 1)
1.032E+03 ###   Best rss: None (since last: 1)
1.034E+03 ###   Best rss: None (since last: 1)
1.036E+03 ###   Best rss: None (since last: 1)
1.038E+03 ###   Best rss: None (since last: 1)
1.040E+03 ###   Best rss: None (since last: 1)
1.042E+03 ###   Best rss: None (since last: 1)
1.045E+03 ###   Best rss: None (since last: 1)
1.047E+03 ###   Best rss: None (since last: 1)
1.049E+03 ###   Best rss: None (since last: 1)
1.051E+03 ###   Best rss: None (since last: 1)
1.053E+03 ###   Best rss: None (since last: 1)
1.055E+03 ###   Best rss: None (since last: 1)
1.057E+03 ###   Best rss: None (since last: 1)
1.059E+03 ###   Best rss: None (since last: 1)
1.061E+03 ###   Best rss: None (since last: 1)
1.063E+03 ###   Best rss: None (since last: 1)
1.066E+03 ###   Best rss: None (since last: 1)
1.068E+03 ###   Best rss: None (since last: 1)
1.070E+03 ###   Best rss: None (since last: 1)
1.072E+03 ###   Best rss: None (since last: 1)
1.074E+03 ###   Best rss: None (since last: 1)
1.077E+03 ###   Best rss: None (since last: 1)
1.079E+03 ###   Best rss: None (since last: 1)
1.081E+03 ###   Best rss: None (since last: 1)
1.083E+03 ###   Best rss: None (since last: 1)
1.086E+03 ###   Best rss: None (since last: 1)
1.088E+03 ###   Best rss: None (since last: 1)
1.090E+03 ###   Best rss: None (since last: 1)
1.092E+03 ###   Best rss: None (since last: 1)
1.095E+03 ###   Best rss: None (since last: 1)
1.097E+03 ###   Best rss: None (since last: 1)
1.099E+03 ###   Best rss: None (since last: 1)
1.102E+03 ###   Best rss: None (since last: 1)
1.104E+03 ###   Best rss: None (since last: 1)
1.106E+03 ###   Best rss: None (since last: 1)
1.109E+03 ###   Best rss: None (since last: 1)
1.111E+03 ###   Best rss: None (since last: 1)
1.113E+03 ###   Best rss: None (since last: 1)
1.115E+03 ###   Best rss: None (since last: 1)
1.117E+03 ###   Best rss: None (since last: 1)
1.119E+03 ###   Best rss: None (since last: 1)
1.122E+03 ###   Best rss: None (since last: 1)
1.124E+03 ###   Best rss: None (since last: 1)
1.127E+03 ###   Best rss: None (since last: 1)
1.129E+03 ###   Best rss: None (since last: 1)
1.131E+03 ###   Best rss: None (since last: 1)
1.134E+03 ###   Best rss: None (since last: 1)
1.136E+03 ###   Best rss: None (since last: 1)
1.138E+03 ###   Best rss: None (since last: 1)
1.141E+03 ###   Best rss: None (since last: 1)
1.143E+03 ###   Best rss: None (since last: 1)
1.145E+03 ###   Best rss: None (since last: 1)
1.148E+03 ###   Best rss: None (since last: 1)
1.150E+03 ###   Best rss: None (since last: 1)
1.152E+03 ###   Best rss: None (since last: 1)
1.154E+03 ###   Best rss: None (since last: 1)
1.156E+03 ###   Best rss: None (since last: 1)
1.158E+03 ###   Best rss: None (since last: 1)
1.160E+03 ###   Best rss: None (since last: 1)
1.162E+03 ###   Best rss: None (since last: 1)
1.164E+03 ###   Best rss: None (since last: 1)
1.166E+03 ###   Best rss: None (since last: 1)
1.168E+03 ###   Best rss: None (since last: 1)
1.171E+03 ###   Best rss: None (since last: 1)
1.173E+03 ###   Best rss: None (since last: 1)
1.175E+03 ###   Best rss: None (since last: 1)
1.177E+03 ###   Best rss: None (since last: 1)
1.179E+03 ###   Best rss: None (since last: 1)
1.181E+03 ###   Best rss: None (since last: 1)
1.184E+03 ###   Best rss: None (since last: 1)
1.186E+03 ###   Best rss: None (since last: 1)
1.188E+03 ###   Best rss: None (since last: 1)
1.190E+03 ###   Best rss: None (since last: 1)
1.192E+03 ###   Best rss: None (since last: 1)
1.194E+03 ###   Best rss: None (since last: 1)
1.196E+03 ###   Best rss: None (since last: 1)
1.198E+03 ###   Best rss: None (since last: 1)
1.200E+03 ###   Best rss: None (since last: 1)
1.202E+03 ###   Best rss: None (since last: 1)
1.204E+03 ###   Best rss: None (since last: 1)
1.207E+03 ###   Best rss: None (since last: 1)
1.209E+03 ###   Best rss: None (since last: 1)
1.211E+03 ###   Best rss: None (since last: 1)
1.213E+03 ###   Best rss: None (since last: 1)
1.215E+03 ###   Best rss: None (since last: 1)
1.217E+03 ###   Best rss: None (since last: 1)
1.219E+03 ###   Best rss: None (since last: 1)
1.221E+03 ###   Best rss: None (since last: 1)
1.223E+03 ###   Best rss: None (since last: 1)
1.226E+03 ###   Best rss: None (since last: 1)
####TIME#############LOG#####################################################
1.228E+03 ###   Best rss: None (since last: 1)
1.230E+03 ###   Best rss: None (since last: 1)
1.232E+03 ###   Best rss: None (since last: 1)
1.234E+03 ###   Best rss: None (since last: 1)
1.236E+03 ###   Best rss: None (since last: 1)
1.239E+03 ###   Best rss: None (since last: 1)
1.241E+03 ###   Best rss: None (since last: 1)
1.243E+03 ###   Best rss: None (since last: 1)
1.245E+03 ###   Best rss: None (since last: 1)
1.247E+03 ###   Best rss: None (since last: 1)
1.249E+03 ###   Best rss: None (since last: 1)
1.251E+03 ###   Best rss: None (since last: 1)
1.253E+03 ###   Best rss: None (since last: 1)
1.255E+03 ###   Best rss: None (since last: 1)
1.257E+03 ###   Best rss: None (since last: 1)
1.259E+03 ###   Best rss: None (since last: 1)
1.261E+03 ###   Best rss: None (since last: 1)
1.263E+03 ###   Best rss: None (since last: 1)
1.265E+03 ###   Best rss: None (since last: 1)
1.267E+03 ###   Best rss: None (since last: 1)
1.269E+03 ###   Best rss: None (since last: 1)
1.271E+03 ###   Best rss: None (since last: 1)
1.274E+03 ###   Best rss: None (since last: 1)
1.276E+03 ###   Best rss: None (since last: 1)
1.278E+03 ###   Best rss: None (since last: 1)
1.280E+03 ###   Best rss: None (since last: 1)
1.282E+03 ###   Best rss: None (since last: 1)
1.284E+03 ###   Best rss: None (since last: 1)
1.286E+03 ###   Best rss: None (since last: 1)
1.288E+03 ###   Best rss: None (since last: 1)
1.290E+03 ###   Best rss: None (since last: 1)
1.292E+03 ###   Best rss: None (since last: 1)
1.294E+03 ###   Best rss: None (since last: 1)
1.296E+03 ###   Best rss: None (since last: 1)
1.298E+03 ###   Best rss: None (since last: 1)
1.300E+03 ###   Best rss: None (since last: 1)
1.302E+03 ###   Best rss: None (since last: 1)
1.304E+03 ###   Best rss: None (since last: 1)
1.306E+03 ###   Best rss: None (since last: 1)
1.308E+03 ###   Best rss: None (since last: 1)
1.310E+03 ###   Best rss: None (since last: 1)
1.312E+03 ###   Best rss: None (since last: 1)
1.314E+03 ###   Best rss: None (since last: 1)
1.317E+03 ###   Best rss: None (since last: 1)
1.319E+03 ###   Best rss: None (since last: 1)
1.321E+03 ###   Best rss: None (since last: 1)
1.323E+03 ###   Best rss: None (since last: 1)
1.325E+03 ###   Best rss: None (since last: 1)
1.327E+03 ###   Best rss: None (since last: 1)
1.329E+03 ###   Best rss: None (since last: 1)
1.331E+03 ###   Best rss: None (since last: 1)
1.333E+03 ###   Best rss: None (since last: 1)
1.335E+03 ###   Best rss: None (since last: 1)
1.337E+03 ###   Best rss: None (since last: 1)
1.339E+03 ###   Best rss: None (since last: 1)
1.341E+03 ###   Best rss: None (since last: 1)
1.343E+03 ###   Best rss: None (since last: 1)
1.345E+03 ###   Best rss: None (since last: 1)
1.347E+03 ###   Best rss: None (since last: 1)
1.349E+03 ###   Best rss: None (since last: 1)
1.351E+03 ###   Best rss: None (since last: 1)
1.353E+03 ###   Best rss: None (since last: 1)
1.355E+03 ###   Best rss: None (since last: 1)
1.357E+03 ###   Best rss: None (since last: 1)
1.360E+03 ###   Best rss: None (since last: 1)
1.362E+03 ###   Best rss: None (since last: 1)
1.364E+03 ###   Best rss: None (since last: 1)
1.366E+03 ###   Best rss: None (since last: 1)
1.368E+03 ###   Best rss: None (since last: 1)
1.370E+03 ###   Best rss: None (since last: 1)
1.372E+03 ###   Best rss: None (since last: 1)
1.374E+03 ###   Best rss: None (since last: 1)
1.376E+03 ###   Best rss: None (since last: 1)
1.378E+03 ###   Best rss: None (since last: 1)
1.380E+03 ###   Best rss: None (since last: 1)
1.382E+03 ###   Best rss: None (since last: 1)
1.385E+03 ###   Best rss: None (since last: 1)
1.387E+03 ###   Best rss: None (since last: 1)
1.389E+03 ###   Best rss: None (since last: 1)
1.391E+03 ###   Best rss: None (since last: 1)
1.393E+03 ###   Best rss: None (since last: 1)
1.395E+03 ###   Best rss: None (since last: 1)
1.397E+03 ###   Best rss: None (since last: 1)
1.399E+03 ###   Best rss: None (since last: 1)
1.401E+03 ###   Best rss: None (since last: 1)
1.403E+03 ###   Best rss: None (since last: 1)
1.405E+03 ###   Best rss: None (since last: 1)
1.407E+03 ###   Best rss: None (since last: 1)
1.409E+03 ###   Best rss: None (since last: 1)
1.411E+03 ###   Best rss: None (since last: 1)
1.414E+03 ###   Best rss: None (since last: 1)
1.416E+03 ###   Best rss: None (since last: 1)
1.418E+03 ###   Best rss: None (since last: 1)
1.420E+03 ###   Best rss: None (since last: 1)
1.422E+03 ###   Best rss: None (since last: 1)
1.425E+03 ###   Best rss: None (since last: 1)
1.427E+03 ###   Best rss: None (since last: 1)
1.429E+03 ###   Best rss: None (since last: 1)
1.431E+03 ###   Best rss: None (since last: 1)
1.433E+03 ###   Best rss: None (since last: 1)
####TIME#############LOG#####################################################
1.435E+03 ###   Best rss: None (since last: 1)
1.437E+03 ###   Best rss: None (since last: 1)
1.439E+03 ###   Best rss: None (since last: 1)
1.442E+03 ###   Best rss: None (since last: 1)
1.444E+03 ###   Best rss: None (since last: 1)
1.446E+03 ###   Best rss: None (since last: 1)
1.448E+03 ###   Best rss: None (since last: 1)
1.450E+03 ###   Best rss: None (since last: 1)
1.452E+03 ###   Best rss: None (since last: 1)
1.455E+03 ###   Best rss: None (since last: 1)
1.457E+03 ###   Best rss: None (since last: 1)
1.461E+03 ###   Best rss: None (since last: 1)
1.461E+03 ###   Fit time: 1460.1659440994263