/* Converted from PWscf output file */ 
#L_UNITS ang 
#E_UNITS eV 
#S_UNITS GPA 
#F_UNITS EV/ANG 
#ALAT 	   6.84431     // a0 
#X 	   1.00002     0.00000     0.00667     // X 
#Y 	   0.00000     1.05449     0.00000     // Y 
#Z 	   0.00667     0.00000     1.00000     // Z 
#SX 	   0.01517     0.00000    -3.57517     // SX 
#SY 	   0.00000    -0.03456     0.00000     // SY 
#SZ 	   3.57517     0.00000     0.01385     // SZ 
#EPA 	  -4.26110     // Energy per Atom 
#RCUT 	6.5        // Rcut 
FE      0.00000      0.00000      0.00000      0.00000      0.00000      0.00000
FE      0.25000      0.26362      0.00167     -0.00008      0.00102     -0.00162
FE      0.25167      0.00000      0.25167      0.00014      0.00000     -0.00101
FE      0.00167      0.26362      0.25000     -0.00017     -0.00097      0.00040
FE      0.00333      0.00000      0.50000      0.00000      0.00000      0.00000
FE      0.25334      0.26363      0.50167      0.00064      0.00067      0.00019
FE      0.25500      0.00000      0.75167      0.00064      0.00000     -0.00046
FE      0.00500      0.26362      0.75000      0.00017     -0.00097     -0.00040
FE      0.00000      0.52724      0.00000      0.00000      0.00000      0.00000
FE      0.25000      0.79086      0.00167     -0.00008     -0.00102     -0.00162
FE      0.25167      0.52724      0.25167     -0.00065      0.00000     -0.00038
FE      0.00167      0.79087      0.25000     -0.00017      0.00097      0.00040
FE      0.00333      0.52724      0.50000      0.00000      0.00000      0.00000
FE      0.25334      0.79086      0.50167      0.00064     -0.00067      0.00019
FE      0.25500      0.52724      0.75167      0.00164      0.00000     -0.00012
FE      0.00500      0.79087      0.75000      0.00017      0.00097     -0.00040
FE      0.50001      0.00000      0.00333      0.00000      0.00000      0.00000
FE      0.75001      0.26362      0.00500      0.00008      0.00102      0.00162
FE      0.75168      0.00000      0.25500     -0.00064      0.00000      0.00046
FE      0.50167      0.26362      0.25334     -0.00113      0.00025     -0.00009
FE      0.50334      0.00000      0.50333      0.00000      0.00000      0.00000
FE      0.75334      0.26363      0.50500     -0.00064      0.00067     -0.00019
FE      0.75501      0.00000      0.75500     -0.00014      0.00000      0.00101
FE      0.50501      0.26362      0.75333      0.00113      0.00025      0.00009
FE      0.50001      0.52724      0.00333      0.00000      0.00000      0.00000
FE      0.75001      0.79086      0.00500      0.00008     -0.00102      0.00162
FE      0.75168      0.52724      0.25500     -0.00164      0.00000      0.00012
FE      0.50167      0.79087      0.25334     -0.00113     -0.00025     -0.00009
FE      0.50334      0.52724      0.50333      0.00000      0.00000      0.00000
FE      0.75334      0.79086      0.50500     -0.00064     -0.00067     -0.00019
FE      0.75501      0.52724      0.75500      0.00065      0.00000      0.00038
FE      0.50501      0.79087      0.75333      0.00113     -0.00025      0.00009
