#############################################################################
5.406E-03 ###   Tue, 23 Mar 2021 20:07:34 +0000
#############################################################################

####TIME#############LOG#####################################################
1.258E-02 ###   Script: /cloud/Code/python/eampa/eampa.py
1.629E-02 ###   Loaded: input.in
#############################################
  Read Input
  Time: 1.798E-02
#############################################
1.969E-02 ###   efs
2.151E-02 ###   a0: 25.0
2.151E-02 ###   b0: 1.0
2.152E-02 ###   bp: 1000.0
2.152E-02 ###   config: 1.7
2.152E-02 ###   e: 1.0
2.152E-02 ###   e0: 25.0
2.152E-02 ###   ec: 1.0
2.152E-02 ###   energy: 1.2
2.152E-02 ###   force: 1.5
2.153E-02 ###   g: 1.0
2.153E-02 ###   negec: 1000.0
2.153E-02 ###   stress: 1.3
2.153E-02 ###   v: 1.0
2.153E-02 ###   
2.328E-02 ###   max: 100.0
2.328E-02 ###   min: 0.1
2.328E-02 ###   scale_exponent: 4.0
2.329E-02 ###   scale_factor: 10.0
2.329E-02 ###   zero_density_factor: 100000000.0
2.329E-02 ###   
2.514E-02 ###   pot_dir: None
2.515E-02 ###   pot_name: None
2.515E-02 ###   results_dir: results
2.515E-02 ###   
2.690E-02 ###   bp_file: bp.dat
2.690E-02 ###   dir: bp
2.691E-02 ###   ec_size: 6
2.691E-02 ###   ec_strain: 0.01
2.691E-02 ###   eos_size: 6
2.691E-02 ###   eos_strain: 0.01
2.692E-02 ###   
2.867E-02 ###   FE1: FE
2.868E-02 ###   FE2: FE
2.868E-02 ###   FE3: FE
2.868E-02 ###   FE4: FE
2.868E-02 ###   PD: PD
2.868E-02 ###   
3.050E-02 ###   1: {'label_id': 1, 'label_text': 'AL', 'atom_count': 32, 'relaxed_energy': -1264.06398979, 'relaxed_energy_unit': 'Ry', 'coh_energy': -3.36, 'coh_energy_unit': 'eV', 'calc_relaxed_dft_ev': -537.454181036, 'calc_coh_ev': -3.36, 'calc_apaev': 534.094181036}
3.050E-02 ###   2: {'label_id': 2, 'label_text': 'FE', 'atom_count': 16, 'relaxed_energy': -5268.188, 'relaxed_energy_unit': 'Ry', 'coh_energy': -4.316, 'coh_energy_unit': 'eV', 'calc_relaxed_dft_ev': -4479.851795407, 'calc_coh_ev': -4.316, 'calc_apaev': 4475.5357954070005}
3.051E-02 ###   3: {'label_id': 3, 'label_text': 'PD', 'atom_count': 32, 'relaxed_energy': -16384.958, 'relaxed_energy_unit': 'Ry', 'coh_energy': -3.91, 'coh_energy_unit': 'eV', 'calc_relaxed_dft_ev': -6966.549363269, 'calc_coh_ev': -3.91, 'calc_apaev': 6962.639363269001}
3.051E-02 ###   
#############################################
  Setup Directories
  Time: 3.216E-02
#############################################
3.380E-02 ###   WD: wd/wd
#############################################
  Memory
  Time: 4.442E-02
#############################################
4.629E-02 ###   EFS 2000000000.0
4.812E-02 ###   config size       255102
4.981E-02 ###   ghost size        3061224
5.149E-02 ###   nl size           25510204
5.311E-02 ###   BP 2000000000.0
5.477E-02 ###   config size       255102
5.643E-02 ###   ghost size        3061224
5.817E-02 ###   nl size           25510204
#############################################
  Potential Load
  Time: 5.988E-02
#############################################
6.260E-02 ###   Potential file: pot/al/al.pot
6.430E-02 ###   Loading: pot/al/al.pot
7.381E-02 ###   Load zbl
2.718E+00 ###   std  configs/coords_256_al.dat

#############################################################################
3.248E+00 ###   Duration: 3.2437078952789307
#############################################################################
