/* Converted from PWscf output file */ 
#L_UNITS ang 
#E_UNITS eV 
#S_UNITS GPA 
#F_UNITS EV/ANG 
#ALAT 	   7.85502     // a0 
#X 	   1.00000     0.00000     0.00000     // X 
#Y 	   0.00000     1.00000     0.00000     // Y 
#Z 	   0.00000     0.00000     1.00000     // Z 
#SX 	   0.13854    -0.00481    -0.00219     // SX 
#SY 	   0.00481    -0.13359     0.00350     // SY 
#SZ 	   0.00219     0.00350    -0.13752     // SZ 
#EPA 	  -3.91024     // Energy per Atom 
#RCUT 	6.5        // Rcut 
PD     -0.00074     -0.00065     -0.00053      0.00331     -0.00554      0.00239
PD      0.24949      0.24894     -0.00053     -0.00845      0.02147      0.01042
PD      0.24914     -0.00061      0.24993      0.01397      0.01008     -0.04906
PD     -0.00071      0.24978      0.24970     -0.00234     -0.01103     -0.03554
PD     -0.00015     -0.00015      0.49908     -0.04106     -0.03075      0.02693
PD      0.24957      0.24898      0.49933     -0.01557      0.03374     -0.00774
PD      0.24938     -0.00036      0.74910     -0.01505     -0.05163      0.03232
PD     -0.00056      0.24956      0.74976     -0.00541     -0.00226     -0.01547
PD     -0.00018      0.49955     -0.00071      0.00478     -0.00502      0.00826
PD      0.24961      0.74969      0.00016     -0.02060     -0.01202     -0.06558
PD      0.24972      0.49955      0.24984     -0.01726     -0.02873     -0.04137
PD     -0.00059      0.74942      0.24938     -0.01654     -0.00454     -0.01166
PD     -0.00045      0.49965      0.49953     -0.02108     -0.03319     -0.00127
PD      0.24925      0.74946      0.49906     -0.00045      0.00952      0.04326
PD      0.25002      0.49889      0.74870     -0.04428      0.04248      0.05212
PD     -0.00135      0.74872      0.74931      0.06245      0.03734      0.01823
PD      0.49975     -0.00088     -0.00075     -0.03956      0.00358      0.00752
PD      0.74915      0.24952     -0.00115      0.01618     -0.00528      0.03658
PD      0.74858     -0.00087      0.24949      0.04983      0.02296     -0.00962
PD      0.49928      0.24925      0.24898      0.00854      0.02519      0.00440
PD      0.49916     -0.00007      0.49927      0.01917     -0.04711      0.01039
PD      0.74947      0.24870      0.49923     -0.00805      0.05745      0.00917
PD      0.74940     -0.00081      0.74938      0.01141      0.00189     -0.01326
PD      0.49935      0.24909      0.74932      0.01751      0.01741     -0.00147
PD      0.49902      0.49956     -0.00112      0.00042     -0.01830      0.02902
PD      0.74886      0.74953     -0.00011      0.03270     -0.01969     -0.01482
PD      0.74953      0.49892      0.24922     -0.01759      0.00662      0.01513
PD      0.49951      0.74890      0.24976      0.00146      0.01317     -0.00747
PD      0.49866      0.49954      0.49941      0.07348     -0.02975     -0.00710
PD      0.74967      0.74930      0.49903     -0.02294     -0.00520      0.01191
PD      0.74922      0.49935      0.74961     -0.00437     -0.00824     -0.03389
PD      0.49936      0.74922      0.74916     -0.01460      0.01539     -0.00270
