/* Converted from PWscf output file */ 
#L_UNITS ang 
#E_UNITS eV 
#S_UNITS GPA 
#F_UNITS EV/ANG 
#ALAT 	   7.85004     // a0 
#X 	   1.00333     0.00000     0.00000     // X 
#Y 	   0.00000     1.00333     0.00000     // Y 
#Z 	   0.00000     0.00000     1.00333     // Z 
#SX 	   1.68207     0.00000     0.00000     // SX 
#SY 	   0.00000    -1.68207     0.00000     // SY 
#SZ 	   0.00000     0.00000    -1.68207     // SZ 
#EPA 	  -3.91078     // Energy per Atom 
#RCUT 	6.5        // Rcut 
PD      0.00000      0.00000      0.00000      0.00000      0.00000     -0.00000
PD      0.25084      0.25084      0.00000      0.00155      0.00155     -0.00000
PD      0.25084      0.00000      0.25084      0.00155      0.00000      0.00155
PD      0.00000      0.25084      0.25084     -0.00000      0.00155      0.00155
PD      0.00000      0.00000      0.50167      0.00000     -0.00000      0.00000
PD      0.25084      0.25084      0.50167      0.00308      0.00308      0.00000
PD      0.25084      0.00000      0.75250      0.00155      0.00000     -0.00155
PD      0.00000      0.25084      0.75250      0.00000      0.00155     -0.00155
PD      0.00000      0.50167      0.00000      0.00000      0.00000      0.00000
PD      0.25084      0.75250      0.00000      0.00155     -0.00155      0.00000
PD      0.25084      0.50167      0.25084      0.00308      0.00000      0.00308
PD      0.00000      0.75250      0.25084      0.00000     -0.00155      0.00155
PD      0.00000      0.50167      0.50167      0.00000      0.00000     -0.00000
PD      0.25084      0.75249      0.50167      0.00308     -0.00308      0.00000
PD      0.25084      0.50167      0.75249      0.00308      0.00000     -0.00308
PD      0.00000      0.75250      0.75250      0.00000     -0.00155     -0.00155
PD      0.50167      0.00000      0.00000      0.00000     -0.00000     -0.00000
PD      0.75250      0.25084      0.00000     -0.00155      0.00155      0.00000
PD      0.75250      0.00000      0.25084     -0.00155     -0.00000      0.00155
PD      0.50167      0.25084      0.25084     -0.00000      0.00308      0.00308
PD      0.50167      0.00000      0.50167      0.00000      0.00000      0.00000
PD      0.75249      0.25084      0.50167     -0.00308      0.00308      0.00000
PD      0.75250      0.00000      0.75250     -0.00155     -0.00000     -0.00155
PD      0.50167      0.25084      0.75249     -0.00000      0.00308     -0.00308
PD      0.50167      0.50167      0.00000      0.00000      0.00000      0.00000
PD      0.75250      0.75250      0.00000     -0.00155     -0.00155      0.00000
PD      0.75249      0.50167      0.25084     -0.00308      0.00000      0.00308
PD      0.50167      0.75249      0.25084     -0.00000     -0.00308      0.00308
PD      0.50167      0.50167      0.50167      0.00000      0.00000     -0.00000
PD      0.75249      0.75249      0.50167     -0.00308     -0.00308     -0.00000
PD      0.75249      0.50167      0.75249     -0.00308      0.00000     -0.00308
PD      0.50167      0.75249      0.75249     -0.00000     -0.00308     -0.00308
