/* Converted from PWscf output file */ 
#L_UNITS ang 
#E_UNITS eV 
#S_UNITS GPA 
#F_UNITS EV/ANG 
#ALAT 	   7.85004     // a0 
#X 	   1.00167     0.00000     0.00000     // X 
#Y 	   0.00000     0.99833     0.00000     // Y 
#Z 	   0.00000     0.00000     1.00000     // Z 
#SX 	   0.04638     0.00000     0.00000     // SX 
#SY 	   0.00000     0.29911     0.00000     // SY 
#SZ 	   0.00000     0.00000     0.17325     // SZ 
#EPA 	  -3.91004     // Energy per Atom 
#RCUT 	6.5        // Rcut 
PD      0.00000      0.00000      0.00000      0.00000      0.00000      0.00000
PD      0.25042      0.24959      0.00000      0.00089      0.00631      0.00000
PD      0.25042      0.00000      0.25000     -0.00068      0.00000     -0.00174
PD      0.00000      0.24959      0.25000      0.00000      0.00501     -0.00135
PD      0.00000      0.00000      0.50000      0.00000      0.00000      0.00000
PD      0.25043      0.24960      0.50000      0.00174      0.00863      0.00000
PD      0.25042      0.00000      0.75000     -0.00068     -0.00000      0.00174
PD      0.00000      0.24959      0.75000      0.00000      0.00501      0.00135
PD      0.00000      0.49917      0.00000      0.00000      0.00000      0.00000
PD      0.25042      0.74875      0.00000      0.00089     -0.00631      0.00000
PD      0.25043      0.49917      0.25001      0.00352      0.00000     -0.00035
PD      0.00000      0.74875      0.25000      0.00000     -0.00501     -0.00135
PD      0.00000      0.49917      0.50000      0.00000      0.00000      0.00000
PD      0.25043      0.74874      0.50000      0.00174     -0.00863      0.00000
PD      0.25043      0.49917      0.74999      0.00352      0.00000      0.00035
PD      0.00000      0.74875      0.75000      0.00000     -0.00501      0.00135
PD      0.50083      0.00000      0.00000      0.00000      0.00000      0.00000
PD      0.75125      0.24959      0.00000     -0.00089      0.00631      0.00000
PD      0.75125      0.00000      0.25000      0.00068     -0.00000     -0.00174
PD      0.50083      0.24960      0.25001      0.00000      0.01055     -0.00032
PD      0.50083      0.00000      0.50000      0.00000      0.00000      0.00000
PD      0.75124      0.24960      0.50000     -0.00174      0.00863      0.00000
PD      0.75125      0.00000      0.75000      0.00068      0.00000      0.00174
PD      0.50083      0.24960      0.74999      0.00000      0.01055      0.00032
PD      0.50083      0.49917      0.00000      0.00000      0.00000      0.00000
PD      0.75125      0.74875      0.00000     -0.00089     -0.00631      0.00000
PD      0.75124      0.49917      0.25001     -0.00352      0.00000     -0.00035
PD      0.50083      0.74874      0.25001      0.00000     -0.01055     -0.00032
PD      0.50083      0.49917      0.50000      0.00000      0.00000      0.00000
PD      0.75124      0.74874      0.50000     -0.00174     -0.00863      0.00000
PD      0.75124      0.49917      0.74999     -0.00352      0.00000      0.00035
PD      0.50083      0.74874      0.74999      0.00000     -0.01055      0.00032
