/* Converted from PWscf output file */ 
#L_UNITS ang 
#E_UNITS eV 
#S_UNITS GPA 
#F_UNITS EV/ANG 
#ALAT 	   7.85004     // a0 
#X 	   1.00000     0.00000     0.00000     // X 
#Y 	   0.00000     1.00083     0.00000     // Y 
#Z 	   0.00000     0.00000     1.00000     // Z 
#SX 	   0.04973     0.00000     0.00000     // SX 
#SY 	   0.00000    -0.00700     0.00000     // SY 
#SZ 	   0.00000     0.00000     0.04973     // SZ 
#EPA 	  -3.91018     // Energy per Atom 
#RCUT 	6.5        // Rcut 
PD      0.00000      0.00000      0.00000      0.00000     -0.00000     -0.00000
PD      0.25000      0.25021      0.00000     -0.00009      0.00645      0.00000
PD      0.25000      0.00000      0.25000     -0.00078      0.00000     -0.00078
PD      0.00000      0.25021      0.25000      0.00000      0.00645     -0.00009
PD      0.00000      0.00000      0.50000      0.00000      0.00000      0.00000
PD      0.25001      0.25022      0.50000      0.00108      0.01086      0.00000
PD      0.25000      0.00000      0.74999     -0.00078      0.00000      0.00078
PD      0.00000      0.25021      0.74999      0.00000      0.00645      0.00009
PD      0.00000      0.50042      0.00000      0.00000      0.00000      0.00000
PD      0.25000      0.75062      0.00000     -0.00009     -0.00645      0.00000
PD      0.25001      0.50042      0.25001      0.00148      0.00000      0.00148
PD      0.00000      0.75062      0.25000      0.00000     -0.00645     -0.00009
PD      0.00000      0.50042      0.50000      0.00000      0.00000      0.00000
PD      0.25001      0.75061      0.50000      0.00108     -0.01086     -0.00000
PD      0.25001      0.50042      0.74999      0.00148      0.00000     -0.00148
PD      0.00000      0.75062      0.74999      0.00000     -0.00645      0.00009
PD      0.50000      0.00000      0.00000      0.00000     -0.00000      0.00000
PD      0.75000      0.25021      0.00000      0.00009      0.00645      0.00000
PD      0.75000      0.00000      0.25000      0.00078      0.00000     -0.00078
PD      0.50000      0.25022      0.25001      0.00000      0.01086      0.00108
PD      0.50000      0.00000      0.50000      0.00000      0.00000      0.00000
PD      0.74999      0.25022      0.50000     -0.00108      0.01086     -0.00000
PD      0.75000      0.00000      0.74999      0.00078      0.00000      0.00078
PD      0.50000      0.25022      0.74999     -0.00000      0.01086     -0.00108
PD      0.50000      0.50042      0.00000      0.00000      0.00000     -0.00000
PD      0.75000      0.75062      0.00000      0.00009     -0.00645      0.00000
PD      0.74999      0.50042      0.25001     -0.00148      0.00000      0.00148
PD      0.50000      0.75061      0.25001     -0.00000     -0.01086      0.00108
PD      0.50000      0.50042      0.50000      0.00000      0.00000      0.00000
PD      0.74999      0.75061      0.50000     -0.00108     -0.01086      0.00000
PD      0.74999      0.50042      0.74999     -0.00148     -0.00000     -0.00148
PD      0.50000      0.75061      0.74999      0.00000     -0.01086     -0.00108
