#############################################################################
5.072E-02 ###   Fri, 02 Jul 2021 11:53:01 +0000
#############################################################################

####TIME#############LOG#####################################################
7.949E-02 ###   Script: /cloud/Code/python/eampa/eampa.py
2.429E-01 ###   Loaded: input.in
#############################################
  Read Input
  Time: 2.496E-01
#############################################
2.580E-01 ###   fit
3.959E-01 ###   a0: 5.0
3.960E-01 ###   b0: 1.0
3.960E-01 ###   bp: 100.0
3.960E-01 ###   config: 0.0001
3.960E-01 ###   e: 1.0
3.960E-01 ###   e0: 25.0
3.960E-01 ###   ec: 1.0
3.960E-01 ###   energy: 20.0
3.960E-01 ###   force: 1.0
3.960E-01 ###   g: 1.0
3.960E-01 ###   negec: 1000.0
3.960E-01 ###   stress: 1.0
3.960E-01 ###   v: 1.0
3.960E-01 ###   
4.435E-01 ###   max: 100.0
4.436E-01 ###   min: 0.1
4.436E-01 ###   scale_exponent: 4.0
4.436E-01 ###   scale_factor: 10.0
4.436E-01 ###   zero_density_factor: 100000000.0
4.436E-01 ###   
4.482E-01 ###   pot_dir: None
4.482E-01 ###   pot_name: None
4.482E-01 ###   results_dir: results
4.482E-01 ###   
4.523E-01 ###   bp_file: bp.dat
4.524E-01 ###   dir: bp
4.524E-01 ###   ec_size: 6
4.524E-01 ###   ec_strain: 0.05
4.524E-01 ###   eos_size: 6
4.524E-01 ###   eos_strain: 0.1
4.524E-01 ###   
4.581E-01 ###   
4.615E-01 ###   1: {'label_id': 1, 'label_text': 'AL', 'atom_count': 32, 'relaxed_energy': -1264.06398979, 'relaxed_energy_unit': 'Ry', 'coh_energy': -3.36, 'coh_energy_unit': 'eV', 'calc_relaxed_dft_ev': -537.454181036, 'calc_coh_ev': -3.36, 'calc_apaev': 534.094181036}
4.615E-01 ###   2: {'label_id': 2, 'label_text': 'FE', 'atom_count': 16, 'relaxed_energy': -5268.188, 'relaxed_energy_unit': 'Ry', 'coh_energy': -4.316, 'coh_energy_unit': 'eV', 'calc_relaxed_dft_ev': -4479.851795407, 'calc_coh_ev': -4.316, 'calc_apaev': 4475.5357954070005}
4.615E-01 ###   3: {'label_id': 3, 'label_text': 'PD', 'atom_count': 32, 'relaxed_energy': -16384.958, 'relaxed_energy_unit': 'Ry', 'coh_energy': -3.91, 'coh_energy_unit': 'eV', 'calc_relaxed_dft_ev': -6966.549363269, 'calc_coh_ev': -3.91, 'calc_apaev': 6962.639363269001}
4.615E-01 ###   
#############################################
  Setup Directories
  Time: 5.891E-01
#############################################
7.618E-01 ###   WD: wd/wd
#############################################
  Memory
  Time: 9.373E-01
#############################################
9.843E-01 ###   EFS 2000000000.0
1.010E+00 ###   config size       255102
1.058E+00 ###   ghost size        3061224
1.181E+00 ###   nl size           25510204
1.370E+00 ###   BP 2000000000.0
1.496E+00 ###   config size       255102
1.588E+00 ###   ghost size        3061224
1.732E+00 ###   nl size           25510204
#############################################
  Potential Load
  Time: 1.772E+00
#############################################
1.861E+00 ###   Potential file: pot/pd.pot
1.887E+00 ###   Loading: pot/pd.pot
1.585E+01 ###   std  configs/ec_9_007.out
1.607E+01 ###   std  configs/eos_002.out
1.643E+01 ###   std  configs/ec_5_007.out
1.674E+01 ###   std  configs/eos_005.out
1.685E+01 ###   std  configs/ec_1_007.out
1.702E+01 ###   std  configs/ec_6_005.out
1.709E+01 ###   std  configs/ec_2_005.out
1.747E+01 ###   std  configs/ec_2_002.out
1.757E+01 ###   std  configs/ec_6_002.out
1.786E+01 ###   std  configs/ec_7_004.out
1.798E+01 ###   std  configs/config_0009.out
1.826E+01 ###   std  configs/ec_3_004.out
1.862E+01 ###   std  configs/ec_3_003.out
1.864E+01 ###   std  configs/ec_7_003.out
1.876E+01 ###   std  configs/config_0007.out
1.913E+01 ###   std  configs/ec_8_006.out
1.939E+01 ###   std  configs/ec_4_001.out
1.956E+01 ###   std  configs/ec_4_006.out
1.973E+01 ###   std  configs/ec_8_001.out
1.989E+01 ###   std  configs/ec_2_003.out
1.991E+01 ###   std  configs/ec_6_003.out
2.012E+01 ###   std  configs/ec_6_004.out
2.026E+01 ###   std  configs/ec_2_004.out
2.044E+01 ###   std  configs/config_0010.out
2.078E+01 ###   std  configs/ec_5_006.out
2.093E+01 ###   std  configs/eos_004.out
2.113E+01 ###   std  configs/ec_1_006.out
2.122E+01 ###   std  configs/ec_9_001.out
2.131E+01 ###   std  configs/ec_1_001.out
2.141E+01 ###   std  configs/ec_9_006.out
2.170E+01 ###   std  configs/ec_5_001.out
2.178E+01 ###   std  configs/eos_003.out
2.186E+01 ###   std  configs/ec_4_007.out
2.210E+01 ###   std  configs/ec_8_007.out
2.222E+01 ###   std  configs/config_0006.out
2.234E+01 ###   std  configs/config_0001.out
2.267E+01 ###   std  configs/ec_3_002.out
2.288E+01 ###   std  configs/ec_7_002.out
2.305E+01 ###   std  configs/ec_7_005.out
2.333E+01 ###   std  configs/config_0008.out
2.347E+01 ###   std  configs/ec_3_005.out
2.379E+01 ###   std  configs/ec_8_004.out
2.418E+01 ###   std  configs/ec_4_003.out
2.427E+01 ###   std  configs/ec_4_004.out
2.436E+01 ###   std  configs/ec_8_003.out
2.450E+01 ###   std  configs/config_0002.out
2.481E+01 ###   std  configs/config_0005.out
2.506E+01 ###   std  configs/ec_7_006.out
2.512E+01 ###   std  configs/ec_3_006.out
2.539E+01 ###   std  configs/ec_3_001.out
2.552E+01 ###   std  configs/ec_7_001.out
2.565E+01 ###   std  configs/ec_6_007.out
2.595E+01 ###   std  configs/ec_2_007.out
2.613E+01 ###   std  configs/ec_1_002.out
2.626E+01 ###   std  configs/ec_9_005.out
2.635E+01 ###   std  configs/ec_5_002.out
2.650E+01 ###   std  configs/ec_5_005.out
2.667E+01 ###   std  configs/eos_007.out
2.679E+01 ###   std  configs/ec_1_005.out
2.687E+01 ###   std  configs/ec_9_002.out
2.700E+01 ###   std  configs/ec_7_007.out
2.709E+01 ###   std  configs/ec_3_007.out
2.722E+01 ###   std  configs/config_0004.out
2.742E+01 ###   std  configs/config_0003.out
2.768E+01 ###   std  configs/ec_4_005.out
2.792E+01 ###   std  configs/ec_8_002.out
2.819E+01 ###   std  configs/ec_8_005.out
2.841E+01 ###   std  configs/ec_4_002.out
2.866E+01 ###   std  configs/ec_5_004.out
2.894E+01 ###   std  configs/eos_006.out
2.908E+01 ###   std  configs/ec_1_004.out
2.955E+01 ###   std  configs/ec_9_003.out
2.989E+01 ###   std  configs/ec_1_003.out
3.013E+01 ###   std  configs/ec_9_004.out
3.041E+01 ###   std  configs/ec_5_003.out
3.050E+01 ###   std  configs/eos_001.out
3.056E+01 ###   std  configs/ec_2_001.out
3.095E+01 ###   std  configs/ec_6_001.out
####TIME#############LOG#####################################################
3.133E+01 ###   std  configs/ec_6_006.out
3.162E+01 ###   std  configs/ec_2_006.out
#############################################
  Potential Fit
  Time: 3.296E+01
#############################################
3.572E+01 ###   BP Allocated Memory
3.572E+01 ###   
3.573E+01 ###   2GB
3.573E+01 ###   
3.573E+01 ###   255102 3061224 25510204
3.573E+01 ###   
3.822E+01 ###   Best rss: None (since last: 1)
4.281E+01 ###   Best rss: None (since last: 1)
4.563E+01 ###   Best rss: None (since last: 1)
4.859E+01 ###   Best rss: None (since last: 1)
5.165E+01 ###   Best rss: None (since last: 1)
5.450E+01 ###   Best rss: None (since last: 1)
5.751E+01 ###   Best rss: None (since last: 1)
6.040E+01 ###   Best rss: None (since last: 1)
6.339E+01 ###   Best rss: None (since last: 1)
6.613E+01 ###   Best rss: None (since last: 1)
6.923E+01 ###   Best rss: None (since last: 1)
7.219E+01 ###   Best rss: None (since last: 1)
7.521E+01 ###   Best rss: None (since last: 1)
7.812E+01 ###   Best rss: None (since last: 1)
8.120E+01 ###   Best rss: None (since last: 1)
8.434E+01 ###   Best rss: None (since last: 1)
8.734E+01 ###   Best rss: None (since last: 1)
9.054E+01 ###   Best rss: None (since last: 1)
9.360E+01 ###   Best rss: None (since last: 1)
9.674E+01 ###   Best rss: None (since last: 1)
9.959E+01 ###   Best rss: None (since last: 1)
1.024E+02 ###   Best rss: None (since last: 1)
1.051E+02 ###   Best rss: None (since last: 1)
1.081E+02 ###   Best rss: None (since last: 1)
1.110E+02 ###   Best rss: None (since last: 1)
1.139E+02 ###   Best rss: None (since last: 1)
1.167E+02 ###   Best rss: None (since last: 1)
1.196E+02 ###   Best rss: None (since last: 1)
1.224E+02 ###   Best rss: None (since last: 1)
1.253E+02 ###   Best rss: None (since last: 1)
1.286E+02 ###   Best rss: None (since last: 1)
1.316E+02 ###   Best rss: None (since last: 1)
1.378E+02 ###   Best rss: None (since last: 1)
1.405E+02 ###   Best rss: None (since last: 1)
1.433E+02 ###   Best rss: None (since last: 1)
1.466E+02 ###   Best rss: None (since last: 1)
1.493E+02 ###   Best rss: None (since last: 1)
1.521E+02 ###   Best rss: None (since last: 1)
1.550E+02 ###   Best rss: None (since last: 1)
1.577E+02 ###   Best rss: None (since last: 1)
1.604E+02 ###   Best rss: None (since last: 1)
1.639E+02 ###   Best rss: None (since last: 1)
1.668E+02 ###   Best rss: None (since last: 1)
1.696E+02 ###   Best rss: None (since last: 1)
1.723E+02 ###   Best rss: None (since last: 1)
1.751E+02 ###   Best rss: None (since last: 1)
1.778E+02 ###   Best rss: None (since last: 1)
1.806E+02 ###   Best rss: None (since last: 1)
1.833E+02 ###   Best rss: None (since last: 1)
1.861E+02 ###   Best rss: None (since last: 1)
1.887E+02 ###   Best rss: None (since last: 1)
1.915E+02 ###   Best rss: None (since last: 1)
1.942E+02 ###   Best rss: None (since last: 1)
1.970E+02 ###   Best rss: None (since last: 1)
1.997E+02 ###   Best rss: None (since last: 1)
2.025E+02 ###   Best rss: None (since last: 1)
2.053E+02 ###   Best rss: None (since last: 1)
2.080E+02 ###   Best rss: None (since last: 1)
2.107E+02 ###   Best rss: None (since last: 1)
2.135E+02 ###   Best rss: None (since last: 1)
2.163E+02 ###   Best rss: None (since last: 1)
2.190E+02 ###   Best rss: None (since last: 1)
2.217E+02 ###   Best rss: None (since last: 1)
2.246E+02 ###   Best rss: None (since last: 1)
2.275E+02 ###   Best rss: None (since last: 1)
2.303E+02 ###   Best rss: None (since last: 1)
2.331E+02 ###   Best rss: None (since last: 1)
2.359E+02 ###   Best rss: None (since last: 1)
2.387E+02 ###   Best rss: None (since last: 1)
2.415E+02 ###   Best rss: None (since last: 1)
2.442E+02 ###   Best rss: None (since last: 1)
2.470E+02 ###   Best rss: None (since last: 1)
2.498E+02 ###   Best rss: None (since last: 1)
2.525E+02 ###   Best rss: None (since last: 1)
2.553E+02 ###   Best rss: None (since last: 1)
2.580E+02 ###   Best rss: None (since last: 1)
2.607E+02 ###   Best rss: None (since last: 1)
2.634E+02 ###   Best rss: None (since last: 1)
2.661E+02 ###   Best rss: None (since last: 1)
2.689E+02 ###   Best rss: None (since last: 1)
2.717E+02 ###   Best rss: None (since last: 1)
2.744E+02 ###   Best rss: None (since last: 1)
2.771E+02 ###   Best rss: None (since last: 1)
2.800E+02 ###   Best rss: None (since last: 1)
2.828E+02 ###   Best rss: None (since last: 1)
2.855E+02 ###   Best rss: None (since last: 1)
2.883E+02 ###   Best rss: None (since last: 1)
2.912E+02 ###   Best rss: None (since last: 1)
2.940E+02 ###   Best rss: None (since last: 1)
2.969E+02 ###   Best rss: None (since last: 1)
2.998E+02 ###   Best rss: None (since last: 1)
3.026E+02 ###   Best rss: None (since last: 1)
3.053E+02 ###   Best rss: None (since last: 1)
3.082E+02 ###   Best rss: None (since last: 1)
3.111E+02 ###   Best rss: None (since last: 1)
####TIME#############LOG#####################################################
3.139E+02 ###   Best rss: None (since last: 1)
3.168E+02 ###   Best rss: None (since last: 1)
3.196E+02 ###   Best rss: None (since last: 1)
3.224E+02 ###   Best rss: None (since last: 1)
3.252E+02 ###   Best rss: None (since last: 1)
3.279E+02 ###   Best rss: None (since last: 1)
3.308E+02 ###   Best rss: None (since last: 1)
3.336E+02 ###   Best rss: None (since last: 1)
3.364E+02 ###   Best rss: None (since last: 1)
3.394E+02 ###   Best rss: None (since last: 1)
3.422E+02 ###   Best rss: None (since last: 1)
3.450E+02 ###   Best rss: None (since last: 1)
3.478E+02 ###   Best rss: None (since last: 1)
3.506E+02 ###   Best rss: None (since last: 1)
3.534E+02 ###   Best rss: None (since last: 1)
3.563E+02 ###   Best rss: None (since last: 1)
3.591E+02 ###   Best rss: None (since last: 1)
3.618E+02 ###   Best rss: None (since last: 1)
3.647E+02 ###   Best rss: None (since last: 1)
3.675E+02 ###   Best rss: None (since last: 1)
3.703E+02 ###   Best rss: None (since last: 1)
3.731E+02 ###   Best rss: None (since last: 1)
3.760E+02 ###   Best rss: None (since last: 1)
3.789E+02 ###   Best rss: None (since last: 1)
3.816E+02 ###   Best rss: None (since last: 1)
3.845E+02 ###   Best rss: None (since last: 1)
3.874E+02 ###   Best rss: None (since last: 1)
3.901E+02 ###   Best rss: None (since last: 1)
3.928E+02 ###   Best rss: None (since last: 1)
3.958E+02 ###   Best rss: None (since last: 1)
3.991E+02 ###   Best rss: None (since last: 1)
4.019E+02 ###   Best rss: None (since last: 1)
4.047E+02 ###   Best rss: None (since last: 1)
4.079E+02 ###   Best rss: None (since last: 1)
4.108E+02 ###   Best rss: None (since last: 1)
4.136E+02 ###   Best rss: None (since last: 1)
4.165E+02 ###   Best rss: None (since last: 1)
4.195E+02 ###   Best rss: None (since last: 1)
4.227E+02 ###   Best rss: None (since last: 1)
4.255E+02 ###   Best rss: None (since last: 1)
4.283E+02 ###   Best rss: None (since last: 1)
4.313E+02 ###   Best rss: None (since last: 1)
4.342E+02 ###   Best rss: None (since last: 1)
4.369E+02 ###   Best rss: None (since last: 1)
4.397E+02 ###   Best rss: None (since last: 1)
4.426E+02 ###   Best rss: None (since last: 1)
4.454E+02 ###   Best rss: None (since last: 1)
4.482E+02 ###   Best rss: None (since last: 1)
4.510E+02 ###   Best rss: None (since last: 1)
4.539E+02 ###   Best rss: None (since last: 1)
4.568E+02 ###   Best rss: None (since last: 1)
4.595E+02 ###   Best rss: None (since last: 1)
4.623E+02 ###   Best rss: None (since last: 1)
4.656E+02 ###   Best rss: None (since last: 1)
4.683E+02 ###   Best rss: None (since last: 1)
4.712E+02 ###   Best rss: None (since last: 1)
4.740E+02 ###   Best rss: None (since last: 1)
4.769E+02 ###   Best rss: None (since last: 1)
4.797E+02 ###   Best rss: None (since last: 1)
4.826E+02 ###   Best rss: None (since last: 1)
4.853E+02 ###   Best rss: None (since last: 1)
4.883E+02 ###   Best rss: None (since last: 1)
4.911E+02 ###   Best rss: None (since last: 1)
4.939E+02 ###   Best rss: None (since last: 1)
4.967E+02 ###   Best rss: None (since last: 1)
4.999E+02 ###   Best rss: None (since last: 1)
5.027E+02 ###   Best rss: None (since last: 1)
5.054E+02 ###   Best rss: None (since last: 1)
5.083E+02 ###   Best rss: None (since last: 1)
5.111E+02 ###   Best rss: None (since last: 1)
5.140E+02 ###   Best rss: None (since last: 1)
5.169E+02 ###   Best rss: None (since last: 1)
5.196E+02 ###   Best rss: None (since last: 1)
5.225E+02 ###   Best rss: None (since last: 1)
5.254E+02 ###   Best rss: None (since last: 1)
5.281E+02 ###   Best rss: None (since last: 1)
5.309E+02 ###   Best rss: None (since last: 1)
5.338E+02 ###   Best rss: None (since last: 1)
5.366E+02 ###   Best rss: None (since last: 1)
5.394E+02 ###   Best rss: None (since last: 1)
5.421E+02 ###   Best rss: None (since last: 1)
5.450E+02 ###   Best rss: None (since last: 1)
5.478E+02 ###   Best rss: None (since last: 1)
5.505E+02 ###   Best rss: None (since last: 1)
5.534E+02 ###   Best rss: None (since last: 1)
5.562E+02 ###   Best rss: None (since last: 1)
5.591E+02 ###   Best rss: None (since last: 1)
5.619E+02 ###   Best rss: None (since last: 1)
5.647E+02 ###   Best rss: None (since last: 1)
5.675E+02 ###   Best rss: None (since last: 1)
5.703E+02 ###   Best rss: None (since last: 1)
5.732E+02 ###   Best rss: None (since last: 1)
5.761E+02 ###   Best rss: None (since last: 1)
5.789E+02 ###   Best rss: None (since last: 1)
5.817E+02 ###   Best rss: None (since last: 1)
5.845E+02 ###   Best rss: None (since last: 1)
5.873E+02 ###   Best rss: None (since last: 1)
5.901E+02 ###   Best rss: None (since last: 1)
5.930E+02 ###   Best rss: None (since last: 1)
5.958E+02 ###   Best rss: None (since last: 1)
####TIME#############LOG#####################################################
5.986E+02 ###   Best rss: None (since last: 1)
6.013E+02 ###   Best rss: None (since last: 1)
6.042E+02 ###   Best rss: None (since last: 1)
6.069E+02 ###   Best rss: None (since last: 1)
6.097E+02 ###   Best rss: None (since last: 1)
6.126E+02 ###   Best rss: None (since last: 1)
6.155E+02 ###   Best rss: None (since last: 1)
6.183E+02 ###   Best rss: None (since last: 1)
6.210E+02 ###   Best rss: None (since last: 1)
6.239E+02 ###   Best rss: None (since last: 1)
6.266E+02 ###   Best rss: None (since last: 1)
6.296E+02 ###   Best rss: None (since last: 1)
6.323E+02 ###   Best rss: None (since last: 1)
6.351E+02 ###   Best rss: None (since last: 1)
6.379E+02 ###   Best rss: None (since last: 1)
6.407E+02 ###   Best rss: None (since last: 1)
6.434E+02 ###   Best rss: None (since last: 1)
6.463E+02 ###   Best rss: None (since last: 1)
6.491E+02 ###   Best rss: None (since last: 1)
6.518E+02 ###   Best rss: None (since last: 1)
6.546E+02 ###   Best rss: None (since last: 1)
6.574E+02 ###   Best rss: None (since last: 1)
6.604E+02 ###   Best rss: None (since last: 1)
6.632E+02 ###   Best rss: None (since last: 1)
6.660E+02 ###   Best rss: None (since last: 1)
6.689E+02 ###   Best rss: None (since last: 1)
6.717E+02 ###   Best rss: None (since last: 1)
6.745E+02 ###   Best rss: None (since last: 1)
6.773E+02 ###   Best rss: None (since last: 1)
6.802E+02 ###   Best rss: None (since last: 1)
6.832E+02 ###   Best rss: None (since last: 1)
6.859E+02 ###   Best rss: None (since last: 1)
6.886E+02 ###   Best rss: None (since last: 1)
6.914E+02 ###   Best rss: None (since last: 1)
6.943E+02 ###   Best rss: None (since last: 1)
6.971E+02 ###   Best rss: None (since last: 1)
6.998E+02 ###   Best rss: None (since last: 1)
7.026E+02 ###   Best rss: None (since last: 1)
7.055E+02 ###   Best rss: None (since last: 1)
7.083E+02 ###   Best rss: None (since last: 1)
7.110E+02 ###   Best rss: None (since last: 1)
7.139E+02 ###   Best rss: None (since last: 1)
7.168E+02 ###   Best rss: None (since last: 1)
7.195E+02 ###   Best rss: None (since last: 1)
7.223E+02 ###   Best rss: None (since last: 1)
7.251E+02 ###   Best rss: None (since last: 1)
7.279E+02 ###   Best rss: None (since last: 1)
7.308E+02 ###   Best rss: None (since last: 1)
7.336E+02 ###   Best rss: None (since last: 1)
7.364E+02 ###   Best rss: None (since last: 1)
7.392E+02 ###   Best rss: None (since last: 1)
7.420E+02 ###   Best rss: None (since last: 1)
7.448E+02 ###   Best rss: None (since last: 1)
7.475E+02 ###   Best rss: None (since last: 1)
7.506E+02 ###   Best rss: None (since last: 1)
7.534E+02 ###   Best rss: None (since last: 1)
7.562E+02 ###   Best rss: None (since last: 1)
7.591E+02 ###   Best rss: None (since last: 1)
7.619E+02 ###   Best rss: None (since last: 1)
7.649E+02 ###   Best rss: None (since last: 1)
7.677E+02 ###   Best rss: None (since last: 1)
7.706E+02 ###   Best rss: None (since last: 1)
7.737E+02 ###   Best rss: None (since last: 1)
7.765E+02 ###   Best rss: None (since last: 1)
7.793E+02 ###   Best rss: None (since last: 1)
7.823E+02 ###   Best rss: None (since last: 1)
7.852E+02 ###   Best rss: None (since last: 1)
7.880E+02 ###   Best rss: None (since last: 1)
7.908E+02 ###   Best rss: None (since last: 1)
7.936E+02 ###   Best rss: None (since last: 1)
7.965E+02 ###   Best rss: None (since last: 1)
7.993E+02 ###   Best rss: None (since last: 1)
8.021E+02 ###   Best rss: None (since last: 1)
8.049E+02 ###   Best rss: None (since last: 1)
8.081E+02 ###   Best rss: None (since last: 1)
8.109E+02 ###   Best rss: None (since last: 1)
8.138E+02 ###   Best rss: None (since last: 1)
8.166E+02 ###   Best rss: None (since last: 1)
8.194E+02 ###   Best rss: None (since last: 1)
8.221E+02 ###   Best rss: None (since last: 1)
8.248E+02 ###   Best rss: None (since last: 1)
8.276E+02 ###   Best rss: None (since last: 1)
8.304E+02 ###   Best rss: None (since last: 1)
8.333E+02 ###   Best rss: None (since last: 1)
8.361E+02 ###   Best rss: None (since last: 1)
8.390E+02 ###   Best rss: None (since last: 1)
8.418E+02 ###   Best rss: None (since last: 1)
8.446E+02 ###   Best rss: None (since last: 1)
8.475E+02 ###   Best rss: None (since last: 1)
8.502E+02 ###   Best rss: None (since last: 1)
8.530E+02 ###   Best rss: None (since last: 1)
8.558E+02 ###   Best rss: None (since last: 1)
8.586E+02 ###   Best rss: None (since last: 1)
8.615E+02 ###   Best rss: None (since last: 1)
8.644E+02 ###   Best rss: None (since last: 1)
8.672E+02 ###   Best rss: None (since last: 1)
8.700E+02 ###   Best rss: None (since last: 1)
8.729E+02 ###   Best rss: None (since last: 1)
8.757E+02 ###   Best rss: None (since last: 1)
8.785E+02 ###   Best rss: None (since last: 1)
####TIME#############LOG#####################################################
8.814E+02 ###   Best rss: None (since last: 1)
8.841E+02 ###   Best rss: None (since last: 1)
8.870E+02 ###   Best rss: None (since last: 1)
8.898E+02 ###   Best rss: None (since last: 1)
8.926E+02 ###   Best rss: None (since last: 1)
8.954E+02 ###   Best rss: None (since last: 1)
8.982E+02 ###   Best rss: None (since last: 1)
9.011E+02 ###   Best rss: None (since last: 1)
9.039E+02 ###   Best rss: None (since last: 1)
9.066E+02 ###   Best rss: None (since last: 1)
9.094E+02 ###   Best rss: None (since last: 1)
9.122E+02 ###   Best rss: None (since last: 1)
9.150E+02 ###   Best rss: None (since last: 1)
9.177E+02 ###   Best rss: None (since last: 1)
9.204E+02 ###   Best rss: None (since last: 1)
9.231E+02 ###   Best rss: None (since last: 1)
9.260E+02 ###   Best rss: None (since last: 1)
9.288E+02 ###   Best rss: None (since last: 1)
9.316E+02 ###   Best rss: None (since last: 1)
9.344E+02 ###   Best rss: None (since last: 1)
9.371E+02 ###   Best rss: None (since last: 1)
9.403E+02 ###   Best rss: None (since last: 1)
9.431E+02 ###   Best rss: None (since last: 1)
9.460E+02 ###   Best rss: None (since last: 1)
9.488E+02 ###   Best rss: None (since last: 1)
9.515E+02 ###   Best rss: None (since last: 1)
9.543E+02 ###   Best rss: None (since last: 1)
9.573E+02 ###   Best rss: None (since last: 1)
9.601E+02 ###   Best rss: None (since last: 1)
9.628E+02 ###   Best rss: None (since last: 1)
9.654E+02 ###   Best rss: None (since last: 1)
9.683E+02 ###   Best rss: None (since last: 1)
9.711E+02 ###   Best rss: None (since last: 1)
9.740E+02 ###   Best rss: None (since last: 1)
9.769E+02 ###   Best rss: None (since last: 1)
9.803E+02 ###   Best rss: None (since last: 1)
9.831E+02 ###   Best rss: None (since last: 1)
9.860E+02 ###   Best rss: None (since last: 1)
9.888E+02 ###   Best rss: None (since last: 1)
9.918E+02 ###   Best rss: None (since last: 1)
9.945E+02 ###   Best rss: None (since last: 1)
9.973E+02 ###   Best rss: None (since last: 1)
1.000E+03 ###   Best rss: None (since last: 1)
1.003E+03 ###   Best rss: None (since last: 1)
1.006E+03 ###   Best rss: None (since last: 1)
1.009E+03 ###   Best rss: None (since last: 1)
1.012E+03 ###   Best rss: None (since last: 1)
1.015E+03 ###   Best rss: None (since last: 1)
1.018E+03 ###   Best rss: None (since last: 1)
1.021E+03 ###   Best rss: None (since last: 1)
1.024E+03 ###   Best rss: None (since last: 1)
1.027E+03 ###   Best rss: None (since last: 1)
1.029E+03 ###   Best rss: None (since last: 1)
1.032E+03 ###   Best rss: None (since last: 1)
1.035E+03 ###   Best rss: None (since last: 1)
1.038E+03 ###   Best rss: None (since last: 1)
1.040E+03 ###   Best rss: None (since last: 1)
1.043E+03 ###   Best rss: None (since last: 1)
1.046E+03 ###   Best rss: None (since last: 1)
1.049E+03 ###   Best rss: None (since last: 1)
1.052E+03 ###   Best rss: None (since last: 1)
1.054E+03 ###   Best rss: None (since last: 1)
1.057E+03 ###   Best rss: None (since last: 1)
1.060E+03 ###   Best rss: None (since last: 1)
1.062E+03 ###   Best rss: None (since last: 1)
1.065E+03 ###   Best rss: None (since last: 1)
1.068E+03 ###   Best rss: None (since last: 1)
1.071E+03 ###   Best rss: None (since last: 1)
1.074E+03 ###   Best rss: None (since last: 1)
1.077E+03 ###   Best rss: None (since last: 1)
1.079E+03 ###   Best rss: None (since last: 1)
1.082E+03 ###   Best rss: None (since last: 1)
1.085E+03 ###   Best rss: None (since last: 1)
1.088E+03 ###   Best rss: None (since last: 1)
1.090E+03 ###   Best rss: None (since last: 1)
1.093E+03 ###   Best rss: None (since last: 1)
1.096E+03 ###   Best rss: None (since last: 1)
1.099E+03 ###   Best rss: None (since last: 1)
1.102E+03 ###   Best rss: None (since last: 1)
1.105E+03 ###   Best rss: None (since last: 1)
1.108E+03 ###   Best rss: None (since last: 1)
1.111E+03 ###   Best rss: None (since last: 1)
1.114E+03 ###   Best rss: None (since last: 1)
1.117E+03 ###   Best rss: None (since last: 1)
1.119E+03 ###   Best rss: None (since last: 1)
1.122E+03 ###   Best rss: None (since last: 1)
1.125E+03 ###   Best rss: None (since last: 1)
1.128E+03 ###   Best rss: None (since last: 1)
1.131E+03 ###   Best rss: None (since last: 1)
1.134E+03 ###   Best rss: None (since last: 1)
1.137E+03 ###   Best rss: None (since last: 1)
1.140E+03 ###   Best rss: None (since last: 1)
1.142E+03 ###   Best rss: None (since last: 1)
1.145E+03 ###   Best rss: None (since last: 1)
1.148E+03 ###   Best rss: None (since last: 1)
1.151E+03 ###   Best rss: None (since last: 1)
1.154E+03 ###   Best rss: None (since last: 1)
1.156E+03 ###   Best rss: None (since last: 1)
1.159E+03 ###   Best rss: None (since last: 1)
1.162E+03 ###   Best rss: None (since last: 1)
####TIME#############LOG#####################################################
1.165E+03 ###   Best rss: None (since last: 1)
1.167E+03 ###   Best rss: None (since last: 1)
1.170E+03 ###   Best rss: None (since last: 1)
1.173E+03 ###   Best rss: None (since last: 1)
1.176E+03 ###   Best rss: None (since last: 1)
1.178E+03 ###   Best rss: None (since last: 1)
1.181E+03 ###   Best rss: None (since last: 1)
1.184E+03 ###   Best rss: None (since last: 1)
1.187E+03 ###   Best rss: None (since last: 1)
1.190E+03 ###   Best rss: None (since last: 1)
1.192E+03 ###   Best rss: None (since last: 1)
1.195E+03 ###   Best rss: None (since last: 1)
1.198E+03 ###   Best rss: None (since last: 1)
1.201E+03 ###   Best rss: None (since last: 1)
1.204E+03 ###   Best rss: None (since last: 1)
1.206E+03 ###   Best rss: None (since last: 1)
1.209E+03 ###   Best rss: None (since last: 1)
1.212E+03 ###   Best rss: None (since last: 1)
1.215E+03 ###   Best rss: None (since last: 1)
1.217E+03 ###   Best rss: None (since last: 1)
1.220E+03 ###   Best rss: None (since last: 1)
1.223E+03 ###   Best rss: None (since last: 1)
1.227E+03 ###   Best rss: None (since last: 1)
1.229E+03 ###   Best rss: None (since last: 1)
1.232E+03 ###   Best rss: None (since last: 1)
1.235E+03 ###   Best rss: None (since last: 1)
1.238E+03 ###   Best rss: None (since last: 1)
1.241E+03 ###   Best rss: None (since last: 1)
1.243E+03 ###   Best rss: None (since last: 1)
1.246E+03 ###   Best rss: None (since last: 1)
1.249E+03 ###   Best rss: None (since last: 1)
1.252E+03 ###   Best rss: None (since last: 1)
1.254E+03 ###   Best rss: None (since last: 1)
1.257E+03 ###   Best rss: None (since last: 1)
1.260E+03 ###   Best rss: None (since last: 1)
1.263E+03 ###   Best rss: None (since last: 1)
1.266E+03 ###   Best rss: None (since last: 1)
1.268E+03 ###   Best rss: None (since last: 1)
1.271E+03 ###   Best rss: None (since last: 1)
1.274E+03 ###   Best rss: None (since last: 1)
1.277E+03 ###   Best rss: None (since last: 1)
1.280E+03 ###   Best rss: None (since last: 1)
1.283E+03 ###   Best rss: None (since last: 1)
1.286E+03 ###   Best rss: None (since last: 1)
1.288E+03 ###   Best rss: None (since last: 1)
1.291E+03 ###   Best rss: None (since last: 1)
1.294E+03 ###   Best rss: None (since last: 1)
1.297E+03 ###   Best rss: None (since last: 1)
1.299E+03 ###   Best rss: None (since last: 1)
1.302E+03 ###   Best rss: None (since last: 1)
1.305E+03 ###   Best rss: None (since last: 1)
1.308E+03 ###   Best rss: None (since last: 1)
1.311E+03 ###   Best rss: None (since last: 1)
1.313E+03 ###   Best rss: None (since last: 1)
1.316E+03 ###   Best rss: None (since last: 1)
1.319E+03 ###   Best rss: None (since last: 1)
1.322E+03 ###   Best rss: None (since last: 1)
1.324E+03 ###   Best rss: None (since last: 1)
1.327E+03 ###   Best rss: None (since last: 1)
1.330E+03 ###   Best rss: None (since last: 1)
1.333E+03 ###   Best rss: None (since last: 1)
1.335E+03 ###   Best rss: None (since last: 1)
1.338E+03 ###   Best rss: None (since last: 1)
1.341E+03 ###   Best rss: None (since last: 1)
1.343E+03 ###   Best rss: None (since last: 1)
1.346E+03 ###   Best rss: None (since last: 1)
1.349E+03 ###   Best rss: None (since last: 1)
1.352E+03 ###   Best rss: None (since last: 1)
1.355E+03 ###   Best rss: None (since last: 1)
1.358E+03 ###   Best rss: None (since last: 1)
1.361E+03 ###   Best rss: None (since last: 1)
1.364E+03 ###   Best rss: None (since last: 1)
1.366E+03 ###   Best rss: None (since last: 1)
1.369E+03 ###   Best rss: None (since last: 1)
1.372E+03 ###   Best rss: None (since last: 1)
1.375E+03 ###   Best rss: None (since last: 1)
1.377E+03 ###   Best rss: None (since last: 1)
1.380E+03 ###   Best rss: None (since last: 1)
1.383E+03 ###   Best rss: None (since last: 1)
1.386E+03 ###   Best rss: None (since last: 1)
1.388E+03 ###   Best rss: None (since last: 1)
1.391E+03 ###   Best rss: None (since last: 1)
1.394E+03 ###   Best rss: None (since last: 1)
1.397E+03 ###   Best rss: None (since last: 1)
1.399E+03 ###   Best rss: None (since last: 1)
1.402E+03 ###   Best rss: None (since last: 1)
1.405E+03 ###   Best rss: None (since last: 1)
1.408E+03 ###   Best rss: None (since last: 1)
1.410E+03 ###   Best rss: None (since last: 1)
1.413E+03 ###   Best rss: None (since last: 1)
1.416E+03 ###   Best rss: None (since last: 1)
1.419E+03 ###   Best rss: None (since last: 1)
1.421E+03 ###   Best rss: None (since last: 1)
1.424E+03 ###   Best rss: None (since last: 1)
1.427E+03 ###   Best rss: None (since last: 1)
1.430E+03 ###   Best rss: None (since last: 1)
1.433E+03 ###   Best rss: None (since last: 1)
1.436E+03 ###   Best rss: None (since last: 1)
1.439E+03 ###   Best rss: None (since last: 1)
1.442E+03 ###   Best rss: None (since last: 1)
####TIME#############LOG#####################################################
1.445E+03 ###   Best rss: None (since last: 1)
1.447E+03 ###   Best rss: None (since last: 1)
1.450E+03 ###   Best rss: None (since last: 1)
1.453E+03 ###   Best rss: None (since last: 1)
1.455E+03 ###   Best rss: None (since last: 1)
1.458E+03 ###   Best rss: None (since last: 1)
1.461E+03 ###   Best rss: None (since last: 1)
1.464E+03 ###   Best rss: None (since last: 1)
1.467E+03 ###   Best rss: None (since last: 1)
1.469E+03 ###   Best rss: None (since last: 1)
1.472E+03 ###   Best rss: None (since last: 1)
1.475E+03 ###   Best rss: None (since last: 1)
1.478E+03 ###   Best rss: None (since last: 1)
1.481E+03 ###   Best rss: None (since last: 1)
1.484E+03 ###   Best rss: None (since last: 1)
1.487E+03 ###   Best rss: None (since last: 1)
1.490E+03 ###   Best rss: None (since last: 1)
1.492E+03 ###   Best rss: None (since last: 1)
1.495E+03 ###   Best rss: None (since last: 1)
1.498E+03 ###   Best rss: None (since last: 1)
1.500E+03 ###   Best rss: None (since last: 1)
1.503E+03 ###   Best rss: None (since last: 1)
1.506E+03 ###   Best rss: None (since last: 1)
1.509E+03 ###   Best rss: None (since last: 1)
1.512E+03 ###   Best rss: None (since last: 1)
1.515E+03 ###   Best rss: None (since last: 1)
1.518E+03 ###   Best rss: None (since last: 1)
1.521E+03 ###   Best rss: None (since last: 1)
1.523E+03 ###   Best rss: None (since last: 1)
1.526E+03 ###   Best rss: None (since last: 1)
1.529E+03 ###   Best rss: None (since last: 1)
1.531E+03 ###   Best rss: None (since last: 1)
1.534E+03 ###   Best rss: None (since last: 1)
1.537E+03 ###   Best rss: None (since last: 1)
1.540E+03 ###   Best rss: None (since last: 1)
1.542E+03 ###   Best rss: None (since last: 1)
1.545E+03 ###   Best rss: None (since last: 1)
1.548E+03 ###   Best rss: None (since last: 1)
1.551E+03 ###   Best rss: None (since last: 1)
1.553E+03 ###   Best rss: None (since last: 1)
1.556E+03 ###   Best rss: None (since last: 1)
1.559E+03 ###   Best rss: None (since last: 1)
1.562E+03 ###   Best rss: None (since last: 1)
1.566E+03 ###   Best rss: None (since last: 1)
1.569E+03 ###   Best rss: None (since last: 1)
1.571E+03 ###   Best rss: None (since last: 1)
1.574E+03 ###   Best rss: None (since last: 1)
1.577E+03 ###   Best rss: None (since last: 1)
1.580E+03 ###   Best rss: None (since last: 1)
1.582E+03 ###   Best rss: None (since last: 1)
1.585E+03 ###   Best rss: None (since last: 1)
1.588E+03 ###   Best rss: None (since last: 1)
1.591E+03 ###   Best rss: None (since last: 1)
1.594E+03 ###   Best rss: None (since last: 1)
1.596E+03 ###   Best rss: None (since last: 1)
1.599E+03 ###   Best rss: None (since last: 1)
1.602E+03 ###   Best rss: None (since last: 1)
1.605E+03 ###   Best rss: None (since last: 1)
1.609E+03 ###   Best rss: None (since last: 1)
1.611E+03 ###   Best rss: None (since last: 1)
1.614E+03 ###   Best rss: None (since last: 1)
1.617E+03 ###   Best rss: None (since last: 1)
1.619E+03 ###   Best rss: None (since last: 1)
1.622E+03 ###   Best rss: None (since last: 1)
1.625E+03 ###   Best rss: None (since last: 1)
1.628E+03 ###   Best rss: None (since last: 1)
1.630E+03 ###   Best rss: None (since last: 1)
1.633E+03 ###   Best rss: None (since last: 1)
1.636E+03 ###   Best rss: None (since last: 1)
1.639E+03 ###   Best rss: None (since last: 1)
1.642E+03 ###   Best rss: None (since last: 1)
1.645E+03 ###   Best rss: None (since last: 1)
1.648E+03 ###   Best rss: None (since last: 1)
1.651E+03 ###   Best rss: None (since last: 1)
1.654E+03 ###   Best rss: None (since last: 1)
1.657E+03 ###   Best rss: None (since last: 1)
1.660E+03 ###   Best rss: None (since last: 1)
1.662E+03 ###   Best rss: None (since last: 1)
1.665E+03 ###   Best rss: None (since last: 1)
1.668E+03 ###   Best rss: None (since last: 1)
1.671E+03 ###   Best rss: None (since last: 1)
1.673E+03 ###   Best rss: None (since last: 1)
1.677E+03 ###   Best rss: None (since last: 1)
1.680E+03 ###   Best rss: None (since last: 1)
1.683E+03 ###   Best rss: None (since last: 1)
1.686E+03 ###   Best rss: None (since last: 1)
1.688E+03 ###   Best rss: None (since last: 1)
1.691E+03 ###   Best rss: None (since last: 1)
1.694E+03 ###   Best rss: None (since last: 1)
1.696E+03 ###   Best rss: None (since last: 1)
1.699E+03 ###   Best rss: None (since last: 1)
1.702E+03 ###   Best rss: None (since last: 1)
1.705E+03 ###   Best rss: None (since last: 1)
1.708E+03 ###   Best rss: None (since last: 1)
1.710E+03 ###   Best rss: None (since last: 1)
1.713E+03 ###   Best rss: None (since last: 1)
1.716E+03 ###   Best rss: None (since last: 1)
1.719E+03 ###   Best rss: None (since last: 1)
1.722E+03 ###   Best rss: None (since last: 1)
1.724E+03 ###   Best rss: None (since last: 1)
####TIME#############LOG#####################################################
1.727E+03 ###   Best rss: None (since last: 1)
1.730E+03 ###   Best rss: None (since last: 1)
1.734E+03 ###   Best rss: None (since last: 1)
1.736E+03 ###   Best rss: None (since last: 1)
1.739E+03 ###   Best rss: None (since last: 1)
1.742E+03 ###   Best rss: None (since last: 1)
1.745E+03 ###   Best rss: None (since last: 1)
1.748E+03 ###   Best rss: None (since last: 1)
1.750E+03 ###   Best rss: None (since last: 1)
1.753E+03 ###   Best rss: None (since last: 1)
1.756E+03 ###   Best rss: None (since last: 1)
1.758E+03 ###   Best rss: None (since last: 1)
1.761E+03 ###   Best rss: None (since last: 1)
1.764E+03 ###   Best rss: None (since last: 1)
1.767E+03 ###   Best rss: None (since last: 1)
1.769E+03 ###   Best rss: None (since last: 1)
1.772E+03 ###   Best rss: None (since last: 1)
1.775E+03 ###   Best rss: None (since last: 1)
1.778E+03 ###   Best rss: None (since last: 1)
1.781E+03 ###   Best rss: None (since last: 1)
1.785E+03 ###   Best rss: None (since last: 1)
1.788E+03 ###   Best rss: None (since last: 1)
1.791E+03 ###   Best rss: None (since last: 1)
1.793E+03 ###   Best rss: None (since last: 1)
1.796E+03 ###   Best rss: None (since last: 1)
1.799E+03 ###   Best rss: None (since last: 1)
1.802E+03 ###   Best rss: None (since last: 1)
1.804E+03 ###   Best rss: None (since last: 1)
1.807E+03 ###   Best rss: None (since last: 1)
1.810E+03 ###   Best rss: None (since last: 1)
1.813E+03 ###   Best rss: None (since last: 1)
1.815E+03 ###   Best rss: None (since last: 1)
1.818E+03 ###   Best rss: None (since last: 1)
1.821E+03 ###   Best rss: None (since last: 1)
1.824E+03 ###   Best rss: None (since last: 1)
1.826E+03 ###   Best rss: None (since last: 1)
1.829E+03 ###   Best rss: None (since last: 1)
1.832E+03 ###   Best rss: None (since last: 1)
1.835E+03 ###   Best rss: None (since last: 1)
1.837E+03 ###   Best rss: None (since last: 1)
1.841E+03 ###   Best rss: None (since last: 1)
1.844E+03 ###   Best rss: None (since last: 1)
1.847E+03 ###   Best rss: None (since last: 1)
1.849E+03 ###   Best rss: None (since last: 1)
1.852E+03 ###   Best rss: None (since last: 1)
1.855E+03 ###   Best rss: None (since last: 1)
1.858E+03 ###   Best rss: None (since last: 1)
1.860E+03 ###   Best rss: None (since last: 1)
1.864E+03 ###   Best rss: None (since last: 1)
1.866E+03 ###   Best rss: None (since last: 1)
1.869E+03 ###   Best rss: None (since last: 1)
1.872E+03 ###   Best rss: None (since last: 1)
1.875E+03 ###   Best rss: None (since last: 1)
1.878E+03 ###   Best rss: None (since last: 1)
1.880E+03 ###   Best rss: None (since last: 1)
1.883E+03 ###   Best rss: None (since last: 1)
1.886E+03 ###   Best rss: None (since last: 1)
1.889E+03 ###   Best rss: None (since last: 1)
1.891E+03 ###   Best rss: None (since last: 1)
1.894E+03 ###   Best rss: None (since last: 1)
1.897E+03 ###   Best rss: None (since last: 1)
1.899E+03 ###   Best rss: None (since last: 1)
1.902E+03 ###   Best rss: None (since last: 1)
1.905E+03 ###   Best rss: None (since last: 1)
1.908E+03 ###   Best rss: None (since last: 1)
1.910E+03 ###   Best rss: None (since last: 1)
1.913E+03 ###   Best rss: None (since last: 1)
1.916E+03 ###   Best rss: None (since last: 1)
1.919E+03 ###   Best rss: None (since last: 1)
1.921E+03 ###   Best rss: None (since last: 1)
1.924E+03 ###   Best rss: None (since last: 1)
1.927E+03 ###   Best rss: None (since last: 1)
1.930E+03 ###   Best rss: None (since last: 1)
1.932E+03 ###   Best rss: None (since last: 1)
1.935E+03 ###   Best rss: None (since last: 1)
1.938E+03 ###   Best rss: None (since last: 1)
1.942E+03 ###   Best rss: None (since last: 1)
1.944E+03 ###   Best rss: None (since last: 1)
1.947E+03 ###   Best rss: None (since last: 1)
1.950E+03 ###   Best rss: None (since last: 1)
1.953E+03 ###   Best rss: None (since last: 1)
1.955E+03 ###   Best rss: None (since last: 1)
1.958E+03 ###   Best rss: None (since last: 1)
1.961E+03 ###   Best rss: None (since last: 1)
1.964E+03 ###   Best rss: None (since last: 1)
1.967E+03 ###   Best rss: None (since last: 1)
1.969E+03 ###   Best rss: None (since last: 1)
1.972E+03 ###   Best rss: None (since last: 1)
1.975E+03 ###   Best rss: None (since last: 1)
1.978E+03 ###   Best rss: None (since last: 1)
1.980E+03 ###   Best rss: None (since last: 1)
1.983E+03 ###   Best rss: None (since last: 1)
1.986E+03 ###   Best rss: None (since last: 1)
1.989E+03 ###   Best rss: None (since last: 1)
1.991E+03 ###   Best rss: None (since last: 1)
1.995E+03 ###   Best rss: None (since last: 1)
1.998E+03 ###   Best rss: None (since last: 1)
2.000E+03 ###   Best rss: None (since last: 1)
2.003E+03 ###   Best rss: None (since last: 1)
2.006E+03 ###   Best rss: None (since last: 1)
####TIME#############LOG#####################################################
2.009E+03 ###   Best rss: None (since last: 1)
2.012E+03 ###   Best rss: None (since last: 1)
2.015E+03 ###   Best rss: None (since last: 1)
2.018E+03 ###   Best rss: None (since last: 1)
2.020E+03 ###   Best rss: None (since last: 1)
2.023E+03 ###   Best rss: None (since last: 1)
2.026E+03 ###   Best rss: None (since last: 1)
2.029E+03 ###   Best rss: None (since last: 1)
2.031E+03 ###   Best rss: None (since last: 1)
2.034E+03 ###   Best rss: None (since last: 1)
2.037E+03 ###   Best rss: None (since last: 1)
2.040E+03 ###   Best rss: None (since last: 1)
2.042E+03 ###   Best rss: None (since last: 1)
2.046E+03 ###   Best rss: None (since last: 1)
2.049E+03 ###   Best rss: None (since last: 1)
2.052E+03 ###   Best rss: None (since last: 1)
2.054E+03 ###   Best rss: None (since last: 1)
2.057E+03 ###   Best rss: None (since last: 1)
2.060E+03 ###   Best rss: None (since last: 1)
2.062E+03 ###   Best rss: None (since last: 1)
2.065E+03 ###   Best rss: None (since last: 1)
2.068E+03 ###   Best rss: None (since last: 1)
2.071E+03 ###   Best rss: None (since last: 1)
2.074E+03 ###   Best rss: None (since last: 1)
2.077E+03 ###   Best rss: None (since last: 1)
2.079E+03 ###   Best rss: None (since last: 1)
2.082E+03 ###   Best rss: None (since last: 1)
2.085E+03 ###   Best rss: None (since last: 1)
2.088E+03 ###   Best rss: None (since last: 1)
2.090E+03 ###   Best rss: None (since last: 1)
2.093E+03 ###   Best rss: None (since last: 1)
2.096E+03 ###   Best rss: None (since last: 1)
2.099E+03 ###   Best rss: None (since last: 1)
2.101E+03 ###   Best rss: None (since last: 1)
2.104E+03 ###   Best rss: None (since last: 1)
2.108E+03 ###   Best rss: None (since last: 1)
2.111E+03 ###   Best rss: None (since last: 1)
2.114E+03 ###   Best rss: None (since last: 1)
2.116E+03 ###   Best rss: None (since last: 1)
2.119E+03 ###   Best rss: None (since last: 1)
2.122E+03 ###   Best rss: None (since last: 1)
2.125E+03 ###   Best rss: None (since last: 1)
2.127E+03 ###   Best rss: None (since last: 1)
2.130E+03 ###   Best rss: None (since last: 1)
2.133E+03 ###   Best rss: None (since last: 1)
2.136E+03 ###   Best rss: None (since last: 1)
2.138E+03 ###   Best rss: None (since last: 1)
2.141E+03 ###   Best rss: None (since last: 1)
2.144E+03 ###   Best rss: None (since last: 1)
2.147E+03 ###   Best rss: None (since last: 1)
2.150E+03 ###   Best rss: None (since last: 1)
2.152E+03 ###   Best rss: None (since last: 1)
2.155E+03 ###   Best rss: None (since last: 1)
2.158E+03 ###   Best rss: None (since last: 1)
2.161E+03 ###   Best rss: None (since last: 1)
2.164E+03 ###   Best rss: None (since last: 1)
2.166E+03 ###   Best rss: None (since last: 1)
2.169E+03 ###   Best rss: None (since last: 1)
2.172E+03 ###   Best rss: None (since last: 1)
2.175E+03 ###   Best rss: None (since last: 1)
2.177E+03 ###   Best rss: None (since last: 1)
2.180E+03 ###   Best rss: None (since last: 1)
2.183E+03 ###   Best rss: None (since last: 1)
2.186E+03 ###   Best rss: None (since last: 1)
2.188E+03 ###   Best rss: None (since last: 1)
2.191E+03 ###   Best rss: None (since last: 1)
2.194E+03 ###   Best rss: None (since last: 1)
2.197E+03 ###   Best rss: None (since last: 1)
2.199E+03 ###   Best rss: None (since last: 1)
2.202E+03 ###   Best rss: None (since last: 1)
2.205E+03 ###   Best rss: None (since last: 1)
2.207E+03 ###   Best rss: None (since last: 1)
2.210E+03 ###   Best rss: None (since last: 1)
2.213E+03 ###   Best rss: None (since last: 1)
2.216E+03 ###   Best rss: None (since last: 1)
2.219E+03 ###   Best rss: None (since last: 1)
2.222E+03 ###   Best rss: None (since last: 1)
2.225E+03 ###   Best rss: None (since last: 1)
2.228E+03 ###   Best rss: None (since last: 1)
2.231E+03 ###   Best rss: None (since last: 1)
2.234E+03 ###   Best rss: None (since last: 1)
2.236E+03 ###   Best rss: None (since last: 1)
2.239E+03 ###   Best rss: None (since last: 1)
2.242E+03 ###   Best rss: None (since last: 1)
2.245E+03 ###   Best rss: None (since last: 1)
2.248E+03 ###   Best rss: None (since last: 1)
2.251E+03 ###   Best rss: None (since last: 1)
2.253E+03 ###   Best rss: None (since last: 1)
2.256E+03 ###   Best rss: None (since last: 1)
2.259E+03 ###   Best rss: None (since last: 1)
2.261E+03 ###   Best rss: None (since last: 1)
2.264E+03 ###   Best rss: None (since last: 1)
2.267E+03 ###   Best rss: None (since last: 1)
2.270E+03 ###   Best rss: None (since last: 1)
2.273E+03 ###   Best rss: None (since last: 1)
2.275E+03 ###   Best rss: None (since last: 1)
2.278E+03 ###   Best rss: None (since last: 1)
2.281E+03 ###   Best rss: None (since last: 1)
2.284E+03 ###   Best rss: None (since last: 1)
2.287E+03 ###   Best rss: None (since last: 1)
####TIME#############LOG#####################################################
2.289E+03 ###   Best rss: None (since last: 1)
2.292E+03 ###   Best rss: None (since last: 1)
2.295E+03 ###   Best rss: None (since last: 1)
2.298E+03 ###   Best rss: None (since last: 1)
2.300E+03 ###   Best rss: None (since last: 1)
2.303E+03 ###   Best rss: None (since last: 1)
2.306E+03 ###   Best rss: None (since last: 1)
2.309E+03 ###   Best rss: None (since last: 1)
2.311E+03 ###   Best rss: None (since last: 1)
2.314E+03 ###   Best rss: None (since last: 1)
2.317E+03 ###   Best rss: None (since last: 1)
2.321E+03 ###   Best rss: None (since last: 1)
2.324E+03 ###   Best rss: None (since last: 1)
2.327E+03 ###   Best rss: None (since last: 1)
2.329E+03 ###   Best rss: None (since last: 1)
2.332E+03 ###   Best rss: None (since last: 1)
2.335E+03 ###   Best rss: None (since last: 1)
2.338E+03 ###   Best rss: None (since last: 1)
2.341E+03 ###   Best rss: None (since last: 1)
2.343E+03 ###   Best rss: None (since last: 1)
2.346E+03 ###   Best rss: None (since last: 1)
2.349E+03 ###   Best rss: None (since last: 1)
2.352E+03 ###   Best rss: None (since last: 1)
2.354E+03 ###   Best rss: None (since last: 1)
2.357E+03 ###   Best rss: None (since last: 1)
2.361E+03 ###   Best rss: None (since last: 1)
2.364E+03 ###   Best rss: None (since last: 1)
2.367E+03 ###   Best rss: None (since last: 1)
2.370E+03 ###   Best rss: None (since last: 1)
2.373E+03 ###   Best rss: None (since last: 1)
2.375E+03 ###   Best rss: None (since last: 1)
2.378E+03 ###   Best rss: None (since last: 1)
2.381E+03 ###   Best rss: None (since last: 1)
2.384E+03 ###   Best rss: None (since last: 1)
2.387E+03 ###   Best rss: None (since last: 1)
2.389E+03 ###   Best rss: None (since last: 1)
2.392E+03 ###   Best rss: None (since last: 1)
2.395E+03 ###   Best rss: None (since last: 1)
2.398E+03 ###   Best rss: None (since last: 1)
2.401E+03 ###   Best rss: None (since last: 1)
2.404E+03 ###   Best rss: None (since last: 1)
2.407E+03 ###   Best rss: None (since last: 1)
2.410E+03 ###   Best rss: None (since last: 1)
2.412E+03 ###   Best rss: None (since last: 1)
2.415E+03 ###   Best rss: None (since last: 1)
2.418E+03 ###   Best rss: None (since last: 1)
2.421E+03 ###   Best rss: None (since last: 1)
2.424E+03 ###   Best rss: None (since last: 1)
2.427E+03 ###   Best rss: None (since last: 1)
2.430E+03 ###   Best rss: None (since last: 1)
2.432E+03 ###   Best rss: None (since last: 1)
2.435E+03 ###   Best rss: None (since last: 1)
2.438E+03 ###   Best rss: None (since last: 1)
2.441E+03 ###   Best rss: None (since last: 1)
2.443E+03 ###   Best rss: None (since last: 1)
2.446E+03 ###   Best rss: None (since last: 1)
2.450E+03 ###   Best rss: None (since last: 1)
2.453E+03 ###   Best rss: None (since last: 1)
2.456E+03 ###   Best rss: None (since last: 1)
2.459E+03 ###   Best rss: None (since last: 1)
2.461E+03 ###   Best rss: None (since last: 1)
2.464E+03 ###   Best rss: None (since last: 1)
2.467E+03 ###   Best rss: None (since last: 1)
2.470E+03 ###   Best rss: None (since last: 1)
2.473E+03 ###   Best rss: None (since last: 1)
2.476E+03 ###   Best rss: None (since last: 1)
2.479E+03 ###   Best rss: None (since last: 1)
2.482E+03 ###   Best rss: None (since last: 1)
2.485E+03 ###   Best rss: None (since last: 1)
2.488E+03 ###   Best rss: None (since last: 1)
2.491E+03 ###   Best rss: None (since last: 1)
2.494E+03 ###   Best rss: None (since last: 1)
2.497E+03 ###   Best rss: None (since last: 1)
2.499E+03 ###   Best rss: None (since last: 1)
2.502E+03 ###   Best rss: None (since last: 1)
2.505E+03 ###   Best rss: None (since last: 1)
2.508E+03 ###   Best rss: None (since last: 1)
2.510E+03 ###   Best rss: None (since last: 1)
2.513E+03 ###   Best rss: None (since last: 1)
2.516E+03 ###   Best rss: None (since last: 1)
2.519E+03 ###   Best rss: None (since last: 1)
2.522E+03 ###   Best rss: None (since last: 1)
2.524E+03 ###   Best rss: None (since last: 1)
2.527E+03 ###   Best rss: None (since last: 1)
2.530E+03 ###   Best rss: None (since last: 1)
2.533E+03 ###   Best rss: None (since last: 1)
2.535E+03 ###   Best rss: None (since last: 1)
2.538E+03 ###   Best rss: None (since last: 1)
2.541E+03 ###   Best rss: None (since last: 1)
2.544E+03 ###   Best rss: None (since last: 1)
2.547E+03 ###   Best rss: None (since last: 1)
2.550E+03 ###   Best rss: None (since last: 1)
2.552E+03 ###   Best rss: None (since last: 1)
2.555E+03 ###   Best rss: None (since last: 1)
2.558E+03 ###   Best rss: None (since last: 1)
2.561E+03 ###   Best rss: None (since last: 1)
2.564E+03 ###   Best rss: None (since last: 1)
2.567E+03 ###   Best rss: None (since last: 1)
2.570E+03 ###   Best rss: None (since last: 1)
2.572E+03 ###   Best rss: None (since last: 1)
####TIME#############LOG#####################################################
2.575E+03 ###   Best rss: None (since last: 1)
2.578E+03 ###   Best rss: None (since last: 1)
2.581E+03 ###   Best rss: None (since last: 1)
2.584E+03 ###   Best rss: None (since last: 1)
2.586E+03 ###   Best rss: None (since last: 1)
2.589E+03 ###   Best rss: None (since last: 1)
2.592E+03 ###   Best rss: None (since last: 1)
2.595E+03 ###   Best rss: None (since last: 1)
2.598E+03 ###   Best rss: None (since last: 1)
2.601E+03 ###   Best rss: None (since last: 1)
2.603E+03 ###   Best rss: None (since last: 1)
2.606E+03 ###   Best rss: None (since last: 1)
2.609E+03 ###   Best rss: None (since last: 1)
2.612E+03 ###   Best rss: None (since last: 1)
2.615E+03 ###   Best rss: None (since last: 1)
2.618E+03 ###   Best rss: None (since last: 1)
2.621E+03 ###   Best rss: None (since last: 1)
2.624E+03 ###   Best rss: None (since last: 1)
2.627E+03 ###   Best rss: None (since last: 1)
2.629E+03 ###   Best rss: None (since last: 1)
2.632E+03 ###   Best rss: None (since last: 1)
2.635E+03 ###   Best rss: None (since last: 1)
2.638E+03 ###   Best rss: None (since last: 1)
2.640E+03 ###   Best rss: None (since last: 1)
2.643E+03 ###   Best rss: None (since last: 1)
2.646E+03 ###   Best rss: None (since last: 1)
2.649E+03 ###   Best rss: None (since last: 1)
2.652E+03 ###   Best rss: None (since last: 1)
2.655E+03 ###   Best rss: None (since last: 1)
2.657E+03 ###   Best rss: None (since last: 1)
2.660E+03 ###   Best rss: None (since last: 1)
2.663E+03 ###   Best rss: None (since last: 1)
2.666E+03 ###   Best rss: None (since last: 1)
2.669E+03 ###   Best rss: None (since last: 1)
2.672E+03 ###   Best rss: None (since last: 1)
2.674E+03 ###   Best rss: None (since last: 1)
2.677E+03 ###   Best rss: None (since last: 1)
2.680E+03 ###   Best rss: None (since last: 1)
2.683E+03 ###   Best rss: None (since last: 1)
2.686E+03 ###   Best rss: None (since last: 1)
2.689E+03 ###   Best rss: None (since last: 1)
2.692E+03 ###   Best rss: None (since last: 1)
2.695E+03 ###   Best rss: None (since last: 1)
2.698E+03 ###   Best rss: None (since last: 1)
2.701E+03 ###   Best rss: None (since last: 1)
2.703E+03 ###   Best rss: None (since last: 1)
2.706E+03 ###   Best rss: None (since last: 1)
2.709E+03 ###   Best rss: None (since last: 1)
2.712E+03 ###   Best rss: None (since last: 1)
2.715E+03 ###   Best rss: None (since last: 1)
2.718E+03 ###   Best rss: None (since last: 1)
2.721E+03 ###   Best rss: None (since last: 1)
2.723E+03 ###   Best rss: None (since last: 1)
2.726E+03 ###   Best rss: None (since last: 1)
2.729E+03 ###   Best rss: None (since last: 1)
2.732E+03 ###   Best rss: None (since last: 1)
2.735E+03 ###   Best rss: None (since last: 1)
2.737E+03 ###   Best rss: None (since last: 1)
2.740E+03 ###   Best rss: None (since last: 1)
2.743E+03 ###   Best rss: None (since last: 1)
2.746E+03 ###   Best rss: None (since last: 1)
2.749E+03 ###   Best rss: None (since last: 1)
2.751E+03 ###   Best rss: None (since last: 1)
2.754E+03 ###   Best rss: None (since last: 1)
2.757E+03 ###   Best rss: None (since last: 1)
2.760E+03 ###   Best rss: None (since last: 1)
2.763E+03 ###   Best rss: None (since last: 1)
2.766E+03 ###   Best rss: None (since last: 1)
2.768E+03 ###   Best rss: None (since last: 1)
2.771E+03 ###   Best rss: None (since last: 1)
2.774E+03 ###   Best rss: None (since last: 1)
2.777E+03 ###   Best rss: None (since last: 1)
2.780E+03 ###   Best rss: None (since last: 1)
2.783E+03 ###   Best rss: None (since last: 1)
2.785E+03 ###   Best rss: None (since last: 1)
2.788E+03 ###   Best rss: None (since last: 1)
2.791E+03 ###   Best rss: None (since last: 1)
2.794E+03 ###   Best rss: None (since last: 1)
2.797E+03 ###   Best rss: None (since last: 1)
2.799E+03 ###   Best rss: None (since last: 1)
2.802E+03 ###   Best rss: None (since last: 1)
2.805E+03 ###   Best rss: None (since last: 1)
2.808E+03 ###   Best rss: None (since last: 1)
2.810E+03 ###   Best rss: None (since last: 1)
2.813E+03 ###   Best rss: None (since last: 1)
2.816E+03 ###   Best rss: None (since last: 1)
2.819E+03 ###   Best rss: None (since last: 1)
2.822E+03 ###   Best rss: None (since last: 1)
2.824E+03 ###   Best rss: None (since last: 1)
2.827E+03 ###   Best rss: None (since last: 1)
2.830E+03 ###   Best rss: None (since last: 1)
2.833E+03 ###   Best rss: None (since last: 1)
2.837E+03 ###   Best rss: None (since last: 1)
2.839E+03 ###   Best rss: None (since last: 1)
2.842E+03 ###   Best rss: None (since last: 1)
2.845E+03 ###   Best rss: None (since last: 1)
2.848E+03 ###   Best rss: None (since last: 1)
2.851E+03 ###   Best rss: None (since last: 1)
2.853E+03 ###   Best rss: None (since last: 1)
2.856E+03 ###   Best rss: None (since last: 1)
####TIME#############LOG#####################################################
2.859E+03 ###   Best rss: None (since last: 1)
2.862E+03 ###   Best rss: None (since last: 1)
2.865E+03 ###   Best rss: None (since last: 1)
2.867E+03 ###   Best rss: None (since last: 1)
2.870E+03 ###   Best rss: None (since last: 1)
2.873E+03 ###   Best rss: None (since last: 1)
2.876E+03 ###   Best rss: None (since last: 1)
2.879E+03 ###   Best rss: None (since last: 1)
2.882E+03 ###   Best rss: None (since last: 1)
2.884E+03 ###   Best rss: None (since last: 1)
2.887E+03 ###   Best rss: None (since last: 1)
2.890E+03 ###   Best rss: None (since last: 1)
2.893E+03 ###   Best rss: None (since last: 1)
2.896E+03 ###   Best rss: None (since last: 1)
2.898E+03 ###   Best rss: None (since last: 1)
2.901E+03 ###   Best rss: None (since last: 1)
2.904E+03 ###   Best rss: None (since last: 1)
2.907E+03 ###   Best rss: None (since last: 1)
2.909E+03 ###   Best rss: None (since last: 1)
2.912E+03 ###   Best rss: None (since last: 1)
2.915E+03 ###   Best rss: None (since last: 1)
2.918E+03 ###   Best rss: None (since last: 1)
2.921E+03 ###   Best rss: None (since last: 1)
2.923E+03 ###   Best rss: None (since last: 1)
2.926E+03 ###   Best rss: None (since last: 1)
2.929E+03 ###   Best rss: None (since last: 1)
2.932E+03 ###   Best rss: None (since last: 1)
2.934E+03 ###   Best rss: None (since last: 1)
2.937E+03 ###   Best rss: None (since last: 1)
2.940E+03 ###   Best rss: None (since last: 1)
2.943E+03 ###   Best rss: None (since last: 1)
2.945E+03 ###   Best rss: None (since last: 1)
2.948E+03 ###   Best rss: None (since last: 1)
2.951E+03 ###   Best rss: None (since last: 1)
2.954E+03 ###   Best rss: None (since last: 1)
2.957E+03 ###   Best rss: None (since last: 1)
2.959E+03 ###   Best rss: None (since last: 1)
2.962E+03 ###   Best rss: None (since last: 1)
2.965E+03 ###   Best rss: None (since last: 1)
2.968E+03 ###   Best rss: None (since last: 1)
2.971E+03 ###   Best rss: None (since last: 1)
2.973E+03 ###   Best rss: None (since last: 1)
2.976E+03 ###   Best rss: None (since last: 1)
2.980E+03 ###   Best rss: None (since last: 1)
2.983E+03 ###   Best rss: None (since last: 1)
2.986E+03 ###   Best rss: None (since last: 1)
2.989E+03 ###   Best rss: None (since last: 1)
2.992E+03 ###   Best rss: None (since last: 1)
2.994E+03 ###   Best rss: None (since last: 1)
2.997E+03 ###   Best rss: None (since last: 1)
3.000E+03 ###   Best rss: None (since last: 1)
3.003E+03 ###   Best rss: None (since last: 1)
3.005E+03 ###   Best rss: None (since last: 1)
3.008E+03 ###   Best rss: None (since last: 1)
3.011E+03 ###   Best rss: None (since last: 1)
3.014E+03 ###   Best rss: None (since last: 1)
3.017E+03 ###   Best rss: None (since last: 1)
3.019E+03 ###   Best rss: None (since last: 1)
3.022E+03 ###   Best rss: None (since last: 1)
3.025E+03 ###   Best rss: None (since last: 1)
3.028E+03 ###   Best rss: None (since last: 1)
3.031E+03 ###   Best rss: None (since last: 1)
3.033E+03 ###   Best rss: None (since last: 1)
3.036E+03 ###   Best rss: None (since last: 1)
3.039E+03 ###   Best rss: None (since last: 1)
3.042E+03 ###   Best rss: None (since last: 1)
3.046E+03 ###   Best rss: None (since last: 1)
3.048E+03 ###   Best rss: None (since last: 1)
3.051E+03 ###   Best rss: None (since last: 1)
3.054E+03 ###   Best rss: None (since last: 1)
3.057E+03 ###   Best rss: None (since last: 1)
3.060E+03 ###   Best rss: None (since last: 1)
3.063E+03 ###   Best rss: None (since last: 1)
3.065E+03 ###   Best rss: None (since last: 1)
3.068E+03 ###   Best rss: None (since last: 1)
3.071E+03 ###   Best rss: None (since last: 1)
3.073E+03 ###   Best rss: None (since last: 1)
3.076E+03 ###   Best rss: None (since last: 1)
3.079E+03 ###   Best rss: None (since last: 1)
3.082E+03 ###   Best rss: None (since last: 1)
3.084E+03 ###   Best rss: None (since last: 1)
3.087E+03 ###   Best rss: None (since last: 1)
3.090E+03 ###   Best rss: None (since last: 1)
3.094E+03 ###   Best rss: None (since last: 1)
3.096E+03 ###   Best rss: None (since last: 1)
3.099E+03 ###   Best rss: None (since last: 1)
3.102E+03 ###   Best rss: None (since last: 1)
3.105E+03 ###   Best rss: None (since last: 1)
3.108E+03 ###   Best rss: None (since last: 1)
3.110E+03 ###   Best rss: None (since last: 1)
3.113E+03 ###   Best rss: None (since last: 1)
3.116E+03 ###   Best rss: None (since last: 1)
3.119E+03 ###   Best rss: None (since last: 1)
3.121E+03 ###   Best rss: None (since last: 1)
3.125E+03 ###   Best rss: None (since last: 1)
3.128E+03 ###   Best rss: None (since last: 1)
3.131E+03 ###   Best rss: None (since last: 1)
3.134E+03 ###   Best rss: None (since last: 1)
3.136E+03 ###   Best rss: None (since last: 1)
3.139E+03 ###   Best rss: None (since last: 1)
####TIME#############LOG#####################################################
3.142E+03 ###   Best rss: None (since last: 1)
3.145E+03 ###   Best rss: None (since last: 1)
3.148E+03 ###   Best rss: None (since last: 1)
3.150E+03 ###   Best rss: None (since last: 1)
3.153E+03 ###   Best rss: None (since last: 1)
3.156E+03 ###   Best rss: None (since last: 1)
3.159E+03 ###   Best rss: None (since last: 1)
3.162E+03 ###   Best rss: None (since last: 1)
3.164E+03 ###   Best rss: None (since last: 1)
3.168E+03 ###   Best rss: None (since last: 1)
3.171E+03 ###   Best rss: None (since last: 1)
3.174E+03 ###   Best rss: None (since last: 1)
3.177E+03 ###   Best rss: None (since last: 1)
3.180E+03 ###   Best rss: None (since last: 1)
3.182E+03 ###   Best rss: None (since last: 1)
3.185E+03 ###   Best rss: None (since last: 1)
3.188E+03 ###   Best rss: None (since last: 1)
3.191E+03 ###   Best rss: None (since last: 1)
3.194E+03 ###   Best rss: None (since last: 1)
3.196E+03 ###   Best rss: None (since last: 1)
3.199E+03 ###   Best rss: None (since last: 1)
3.202E+03 ###   Best rss: None (since last: 1)
3.205E+03 ###   Best rss: None (since last: 1)
3.208E+03 ###   Best rss: None (since last: 1)
3.210E+03 ###   Best rss: None (since last: 1)
3.213E+03 ###   Best rss: None (since last: 1)
3.216E+03 ###   Best rss: None (since last: 1)
3.219E+03 ###   Best rss: None (since last: 1)
3.223E+03 ###   Best rss: None (since last: 1)
3.225E+03 ###   Best rss: None (since last: 1)
3.228E+03 ###   Best rss: None (since last: 1)
3.231E+03 ###   Best rss: None (since last: 1)
3.234E+03 ###   Best rss: None (since last: 1)
3.237E+03 ###   Best rss: None (since last: 1)
3.239E+03 ###   Best rss: None (since last: 1)
3.242E+03 ###   Best rss: None (since last: 1)
3.245E+03 ###   Best rss: None (since last: 1)
3.249E+03 ###   Best rss: None (since last: 1)
3.253E+03 ###   Best rss: None (since last: 1)
3.257E+03 ###   Best rss: None (since last: 1)
3.260E+03 ###   Best rss: None (since last: 1)
3.263E+03 ###   Best rss: None (since last: 1)
3.266E+03 ###   Best rss: None (since last: 1)
3.268E+03 ###   Best rss: None (since last: 1)
3.271E+03 ###   Best rss: None (since last: 1)
3.274E+03 ###   Best rss: None (since last: 1)
3.277E+03 ###   Best rss: None (since last: 1)
3.280E+03 ###   Best rss: None (since last: 1)
3.283E+03 ###   Best rss: None (since last: 1)
3.286E+03 ###   Best rss: None (since last: 1)
3.289E+03 ###   Best rss: None (since last: 1)
3.291E+03 ###   Best rss: None (since last: 1)
3.294E+03 ###   Best rss: None (since last: 1)
3.297E+03 ###   Best rss: None (since last: 1)
3.300E+03 ###   Best rss: None (since last: 1)
3.303E+03 ###   Best rss: None (since last: 1)
3.306E+03 ###   Best rss: None (since last: 1)
3.308E+03 ###   Best rss: None (since last: 1)
3.313E+03 ###   Best rss: None (since last: 1)
3.317E+03 ###   Best rss: None (since last: 1)
3.320E+03 ###   Best rss: None (since last: 1)
3.322E+03 ###   Best rss: None (since last: 1)
3.325E+03 ###   Best rss: None (since last: 1)
3.328E+03 ###   Best rss: None (since last: 1)
3.331E+03 ###   Best rss: None (since last: 1)
3.335E+03 ###   Best rss: None (since last: 1)
3.340E+03 ###   Best rss: None (since last: 1)
3.344E+03 ###   Best rss: None (since last: 1)
3.346E+03 ###   Best rss: None (since last: 1)
3.349E+03 ###   Best rss: None (since last: 1)
3.352E+03 ###   Best rss: None (since last: 1)
3.355E+03 ###   Best rss: None (since last: 1)
3.360E+03 ###   Best rss: None (since last: 1)
3.364E+03 ###   Best rss: None (since last: 1)
3.367E+03 ###   Best rss: None (since last: 1)
3.370E+03 ###   Best rss: None (since last: 1)
3.372E+03 ###   Best rss: None (since last: 1)
3.375E+03 ###   Best rss: None (since last: 1)
3.378E+03 ###   Best rss: None (since last: 1)
3.381E+03 ###   Best rss: None (since last: 1)
3.384E+03 ###   Best rss: None (since last: 1)
3.387E+03 ###   Best rss: None (since last: 1)
3.393E+03 ###   Best rss: None (since last: 1)
3.396E+03 ###   Best rss: None (since last: 1)
3.399E+03 ###   Best rss: None (since last: 1)
3.402E+03 ###   Best rss: None (since last: 1)
3.404E+03 ###   Best rss: None (since last: 1)
3.407E+03 ###   Best rss: None (since last: 1)
3.410E+03 ###   Best rss: None (since last: 1)
3.413E+03 ###   Best rss: None (since last: 1)
3.416E+03 ###   Best rss: None (since last: 1)
3.419E+03 ###   Best rss: None (since last: 1)
3.421E+03 ###   Best rss: None (since last: 1)
3.425E+03 ###   Best rss: None (since last: 1)
3.428E+03 ###   Best rss: None (since last: 1)
3.432E+03 ###   Best rss: None (since last: 1)
3.435E+03 ###   Best rss: None (since last: 1)
3.438E+03 ###   Best rss: None (since last: 1)
3.441E+03 ###   Best rss: None (since last: 1)
3.444E+03 ###   Best rss: None (since last: 1)
####TIME#############LOG#####################################################
3.447E+03 ###   Best rss: None (since last: 1)
3.450E+03 ###   Best rss: None (since last: 1)
3.452E+03 ###   Best rss: None (since last: 1)
3.455E+03 ###   Best rss: None (since last: 1)
3.458E+03 ###   Best rss: None (since last: 1)
3.460E+03 ###   Best rss: None (since last: 1)
3.463E+03 ###   Best rss: None (since last: 1)
3.466E+03 ###   Best rss: None (since last: 1)
3.469E+03 ###   Best rss: None (since last: 1)
3.472E+03 ###   Best rss: None (since last: 1)
3.475E+03 ###   Best rss: None (since last: 1)
3.478E+03 ###   Best rss: None (since last: 1)
3.480E+03 ###   Best rss: None (since last: 1)
3.483E+03 ###   Best rss: None (since last: 1)
3.487E+03 ###   Best rss: None (since last: 1)
3.490E+03 ###   Best rss: None (since last: 1)
3.493E+03 ###   Best rss: None (since last: 1)
3.497E+03 ###   Best rss: None (since last: 1)
3.500E+03 ###   Best rss: None (since last: 1)
3.503E+03 ###   Best rss: None (since last: 1)
3.505E+03 ###   Best rss: None (since last: 1)
3.508E+03 ###   Best rss: None (since last: 1)
3.512E+03 ###   Best rss: None (since last: 1)
3.516E+03 ###   Best rss: None (since last: 1)
3.519E+03 ###   Best rss: None (since last: 1)
3.521E+03 ###   Best rss: None (since last: 1)
3.524E+03 ###   Best rss: None (since last: 1)
3.527E+03 ###   Best rss: None (since last: 1)
3.530E+03 ###   Best rss: None (since last: 1)
3.533E+03 ###   Best rss: None (since last: 1)
3.537E+03 ###   Best rss: None (since last: 1)
3.540E+03 ###   Best rss: None (since last: 1)
3.543E+03 ###   Best rss: None (since last: 1)
3.546E+03 ###   Best rss: None (since last: 1)
3.549E+03 ###   Best rss: None (since last: 1)
3.554E+03 ###   Best rss: None (since last: 1)
3.558E+03 ###   Best rss: None (since last: 1)
3.561E+03 ###   Best rss: None (since last: 1)
3.563E+03 ###   Best rss: None (since last: 1)
3.566E+03 ###   Best rss: None (since last: 1)
3.569E+03 ###   Best rss: None (since last: 1)
3.572E+03 ###   Best rss: None (since last: 1)
3.575E+03 ###   Best rss: None (since last: 1)
3.578E+03 ###   Best rss: None (since last: 1)
3.581E+03 ###   Best rss: None (since last: 1)
3.583E+03 ###   Best rss: None (since last: 1)
3.586E+03 ###   Best rss: None (since last: 1)
3.589E+03 ###   Best rss: None (since last: 1)
3.592E+03 ###   Best rss: None (since last: 1)
3.595E+03 ###   Best rss: None (since last: 1)
3.598E+03 ###   Best rss: None (since last: 1)
3.601E+03 ###   Best rss: None (since last: 1)
3.603E+03 ###   Best rss: None (since last: 1)
3.606E+03 ###   Best rss: None (since last: 1)
3.609E+03 ###   Best rss: None (since last: 1)
3.611E+03 ###   Best rss: None (since last: 1)
3.614E+03 ###   Best rss: None (since last: 1)
3.618E+03 ###   Best rss: None (since last: 1)
3.622E+03 ###   Best rss: None (since last: 1)
3.625E+03 ###   Best rss: None (since last: 1)
3.629E+03 ###   Best rss: None (since last: 1)
3.632E+03 ###   Best rss: None (since last: 1)
3.635E+03 ###   Best rss: None (since last: 1)
3.637E+03 ###   Best rss: None (since last: 1)
3.640E+03 ###   Best rss: None (since last: 1)
3.643E+03 ###   Best rss: None (since last: 1)
3.646E+03 ###   Best rss: None (since last: 1)
3.648E+03 ###   Best rss: None (since last: 1)
3.651E+03 ###   Best rss: None (since last: 1)
3.654E+03 ###   Best rss: None (since last: 1)
3.657E+03 ###   Best rss: None (since last: 1)
3.660E+03 ###   Best rss: None (since last: 1)
3.663E+03 ###   Best rss: None (since last: 1)
3.666E+03 ###   Best rss: None (since last: 1)
3.668E+03 ###   Best rss: None (since last: 1)
3.671E+03 ###   Best rss: None (since last: 1)
3.674E+03 ###   Best rss: None (since last: 1)
3.677E+03 ###   Best rss: None (since last: 1)
3.680E+03 ###   Best rss: None (since last: 1)
3.682E+03 ###   Best rss: None (since last: 1)
3.685E+03 ###   Best rss: None (since last: 1)
3.688E+03 ###   Best rss: None (since last: 1)
3.691E+03 ###   Best rss: None (since last: 1)
3.694E+03 ###   Best rss: None (since last: 1)
3.696E+03 ###   Best rss: None (since last: 1)
3.699E+03 ###   Best rss: None (since last: 1)
3.702E+03 ###   Best rss: None (since last: 1)
3.705E+03 ###   Best rss: None (since last: 1)
3.707E+03 ###   Best rss: None (since last: 1)
3.710E+03 ###   Best rss: None (since last: 1)
3.713E+03 ###   Best rss: None (since last: 1)
3.716E+03 ###   Best rss: None (since last: 1)
3.718E+03 ###   Best rss: None (since last: 1)
3.721E+03 ###   Best rss: None (since last: 1)
3.724E+03 ###   Best rss: None (since last: 1)
3.726E+03 ###   Best rss: None (since last: 1)
3.729E+03 ###   Best rss: None (since last: 1)
3.732E+03 ###   Best rss: None (since last: 1)
3.735E+03 ###   Best rss: None (since last: 1)
3.738E+03 ###   Best rss: None (since last: 1)
####TIME#############LOG#####################################################
3.740E+03 ###   Best rss: None (since last: 1)
3.744E+03 ###   Best rss: None (since last: 1)
3.746E+03 ###   Best rss: None (since last: 1)
3.749E+03 ###   Best rss: None (since last: 1)
3.752E+03 ###   Best rss: None (since last: 1)
3.755E+03 ###   Best rss: None (since last: 1)
3.758E+03 ###   Best rss: None (since last: 1)
3.760E+03 ###   Best rss: None (since last: 1)
3.763E+03 ###   Best rss: None (since last: 1)
3.766E+03 ###   Best rss: None (since last: 1)
3.769E+03 ###   Best rss: None (since last: 1)
3.771E+03 ###   Best rss: None (since last: 1)
3.774E+03 ###   Best rss: None (since last: 1)
3.777E+03 ###   Best rss: None (since last: 1)
3.780E+03 ###   Best rss: None (since last: 1)
3.785E+03 ###   Best rss: None (since last: 1)
3.785E+03 ###   Fit time: 3751.93065738678