/* Converted from PWscf output file */ 
#L_UNITS ang 
#E_UNITS eV 
#S_UNITS GPA 
#F_UNITS EV/ANG 
#ALAT 	   6.84431     // a0 
#X 	   1.00001     0.00527     0.00000     // X 
#Y 	   0.00500     1.05448     0.00000     // Y 
#Z 	   0.00000     0.00000     0.99999     // Z 
#SX 	   0.04433    -1.84147     0.00000     // SX 
#SY 	   1.84147    -0.02348     0.00000     // SY 
#SZ 	   0.00000     0.00000    -0.08371     // SZ 
#EPA 	  -4.26207     // Energy per Atom 
#RCUT 	6.5        // Rcut 
FE      0.00000      0.00000      0.00000      0.00000      0.00000      0.00000
FE      0.25125      0.26494      0.00000      0.00157      0.00034      0.00000
FE      0.25000      0.00132      0.25000      0.00290      0.00039      0.00130
FE      0.00125      0.26362      0.25000      0.00035     -0.00232     -0.00173
FE      0.00000      0.00000      0.50000      0.00000      0.00000      0.00000
FE      0.25125      0.26494      0.50000      0.00209     -0.00379      0.00000
FE      0.25000      0.00132      0.75000      0.00290      0.00039     -0.00130
FE      0.00125      0.26362      0.74999      0.00035     -0.00232      0.00173
FE      0.00250      0.52724      0.00000      0.00000      0.00000      0.00000
FE      0.25375      0.79218      0.00000     -0.00077     -0.00166      0.00000
FE      0.25250      0.52856      0.25000     -0.00003     -0.00241     -0.00001
FE      0.00375      0.79086      0.25000     -0.00035      0.00232     -0.00173
FE      0.00250      0.52724      0.50000      0.00000      0.00000      0.00000
FE      0.25375      0.79217      0.50000     -0.00031      0.00067      0.00000
FE      0.25250      0.52856      0.74999     -0.00003     -0.00241      0.00001
FE      0.00375      0.79086      0.74999     -0.00035      0.00232      0.00173
FE      0.50000      0.00264      0.00000      0.00000      0.00000      0.00000
FE      0.75126      0.26758      0.00000      0.00077      0.00166      0.00000
FE      0.75001      0.00395      0.25000     -0.00290     -0.00039      0.00130
FE      0.50125      0.26626      0.25000      0.00145      0.00055     -0.00135
FE      0.50000      0.00264      0.50000      0.00000      0.00000      0.00000
FE      0.75126      0.26758      0.50000      0.00031     -0.00067      0.00000
FE      0.75001      0.00395      0.75000     -0.00290     -0.00039     -0.00130
FE      0.50125      0.26626      0.74999      0.00145      0.00055      0.00135
FE      0.50250      0.52988      0.00000      0.00000      0.00000      0.00000
FE      0.75376      0.79481      0.00000     -0.00157     -0.00034      0.00000
FE      0.75251      0.53120      0.25000      0.00003      0.00241     -0.00001
FE      0.50375      0.79350      0.25000     -0.00145     -0.00055     -0.00135
FE      0.50250      0.52988      0.50000      0.00000      0.00000      0.00000
FE      0.75376      0.79481      0.50000     -0.00209      0.00379      0.00000
FE      0.75251      0.53120      0.74999      0.00003      0.00241      0.00001
FE      0.50375      0.79350      0.74999     -0.00145     -0.00055      0.00135
