/* Converted from PWscf output file */ 
#L_UNITS ang 
#E_UNITS eV 
#S_UNITS GPA 
#F_UNITS EV/ANG 
#ALAT 	   6.84431     // a0 
#X 	   1.02000     0.00000     0.00000     // X 
#Y 	   0.00000     1.07556     0.00000     // Y 
#Z 	   0.00000     0.00000     1.01999     // Z 
#SX 	  11.99122     0.00000     0.00000     // SX 
#SY 	   0.00000    -8.96643     0.00000     // SY 
#SZ 	   0.00000     0.00000   -11.99107     // SZ 
#EPA 	  -4.25868     // Energy per Atom 
#RCUT 	6.5        // Rcut 
FE      0.00000      0.00000      0.00000      0.00000      0.00000      0.00000
FE      0.25500      0.26889      0.00000      0.00129     -0.00027      0.00000
FE      0.25500      0.00000      0.25499      0.00369      0.00000      0.00148
FE      0.00000      0.26889      0.25500      0.00000     -0.00380     -0.00333
FE      0.00000      0.00000      0.50999      0.00000      0.00000      0.00000
FE      0.25500      0.26890      0.50999      0.00108     -0.00407      0.00000
FE      0.25500      0.00000      0.76499      0.00369     -0.00000     -0.00148
FE      0.00000      0.26889      0.76498      0.00000     -0.00380      0.00333
FE      0.00000      0.53778      0.00000      0.00000      0.00000      0.00000
FE      0.25500      0.80667      0.00000      0.00129      0.00027      0.00000
FE      0.25500      0.53778      0.25500     -0.00002      0.00000     -0.00046
FE      0.00000      0.80667      0.25500      0.00000      0.00380     -0.00333
FE      0.00000      0.53778      0.50999      0.00000      0.00000      0.00000
FE      0.25500      0.80667      0.50999      0.00108      0.00407      0.00000
FE      0.25500      0.53778      0.76499     -0.00002      0.00000      0.00046
FE      0.00000      0.80667      0.76498      0.00000      0.00380      0.00333
FE      0.51000      0.00000      0.00000      0.00000      0.00000      0.00000
FE      0.76500      0.26889      0.00000     -0.00129     -0.00027      0.00000
FE      0.76500      0.00000      0.25499     -0.00369     -0.00000      0.00148
FE      0.51000      0.26889      0.25500      0.00000      0.00079     -0.00221
FE      0.51000      0.00000      0.50999      0.00000      0.00000      0.00000
FE      0.76500      0.26890      0.50999     -0.00108     -0.00407      0.00000
FE      0.76500      0.00000      0.76499     -0.00369      0.00000     -0.00148
FE      0.51000      0.26889      0.76499      0.00000      0.00079      0.00221
FE      0.51000      0.53778      0.00000      0.00000      0.00000      0.00000
FE      0.76500      0.80667      0.00000     -0.00129      0.00027      0.00000
FE      0.76500      0.53778      0.25500      0.00002      0.00000     -0.00046
FE      0.51000      0.80667      0.25500      0.00000     -0.00079     -0.00221
FE      0.51000      0.53778      0.50999      0.00000      0.00000      0.00000
FE      0.76500      0.80667      0.50999     -0.00108      0.00407      0.00000
FE      0.76500      0.53778      0.76499      0.00002      0.00000      0.00046
FE      0.51000      0.80667      0.76499      0.00000     -0.00079      0.00221
