/* Converted from PWscf output file */ 
#L_UNITS ang 
#E_UNITS eV 
#S_UNITS GPA 
#F_UNITS EV/ANG 
#ALAT 	   6.84431     // a0 
#X 	   1.00000     0.00000     0.00000     // X 
#Y 	   0.00000     1.06502     0.00000     // Y 
#Z 	   0.00000     0.00000     0.99999     // Z 
#SX 	   1.11754     0.00000     0.00000     // SX 
#SY 	   0.00000    -2.75630     0.00000     // SY 
#SZ 	   0.00000     0.00000    -1.11783     // SZ 
#EPA 	  -4.26507     // Energy per Atom 
#RCUT 	6.5        // Rcut 
FE      0.00000      0.00000      0.00000      0.00000      0.00000      0.00000
FE      0.25000      0.26626      0.00000      0.00122     -0.00011      0.00000
FE      0.25000      0.00000      0.24999      0.00222      0.00000      0.00119
FE      0.00000      0.26626      0.25000      0.00000     -0.00145     -0.00283
FE      0.00000      0.00000      0.49999      0.00000      0.00000      0.00000
FE      0.25000      0.26626      0.49999      0.00032     -0.00214      0.00000
FE      0.25000      0.00000      0.74999      0.00222     -0.00000     -0.00119
FE      0.00000      0.26626      0.74999      0.00000     -0.00145      0.00283
FE      0.00000      0.53251      0.00000      0.00000      0.00000      0.00000
FE      0.25000      0.79876      0.00000      0.00122      0.00011      0.00000
FE      0.25000      0.53251      0.25000     -0.00027      0.00000     -0.00051
FE      0.00000      0.79876      0.25000      0.00000      0.00145     -0.00283
FE      0.00000      0.53251      0.49999      0.00000      0.00000      0.00000
FE      0.25000      0.79876      0.49999      0.00032      0.00214      0.00000
FE      0.25000      0.53251      0.74999     -0.00027      0.00000      0.00051
FE      0.00000      0.79876      0.74999      0.00000      0.00145      0.00283
FE      0.50000      0.00000      0.00000      0.00000      0.00000      0.00000
FE      0.75000      0.26626      0.00000     -0.00122     -0.00011      0.00000
FE      0.75000      0.00000      0.24999     -0.00222     -0.00000      0.00119
FE      0.50000      0.26625      0.25000      0.00000      0.00135     -0.00189
FE      0.50000      0.00000      0.49999      0.00000      0.00000      0.00000
FE      0.75000      0.26626      0.49999     -0.00032     -0.00214      0.00000
FE      0.75000      0.00000      0.74999     -0.00222      0.00000     -0.00119
FE      0.50000      0.26625      0.74999      0.00000      0.00135      0.00189
FE      0.50000      0.53251      0.00000      0.00000      0.00000      0.00000
FE      0.75000      0.79876      0.00000     -0.00122      0.00011      0.00000
FE      0.75000      0.53251      0.25000      0.00027      0.00000     -0.00051
FE      0.50000      0.79876      0.25000      0.00000     -0.00135     -0.00189
FE      0.50000      0.53251      0.49999      0.00000      0.00000      0.00000
FE      0.75000      0.79876      0.49999     -0.00032      0.00214      0.00000
FE      0.75000      0.53251      0.74999      0.00027      0.00000      0.00051
FE      0.50000      0.79876      0.74999      0.00000     -0.00135      0.00189
