/* Converted from PWscf output file */ 
#L_UNITS ang 
#E_UNITS eV 
#S_UNITS GPA 
#F_UNITS EV/ANG 
#ALAT 	   6.84431     // a0 
#X 	   1.00002     0.00879     0.00000     // X 
#Y 	   0.00833     1.05450     0.00000     // Y 
#Z 	   0.00000     0.00000     1.00001     // Z 
#SX 	   0.05527    -3.06679     0.00000     // SX 
#SY 	   3.06679     0.10427     0.00000     // SY 
#SZ 	   0.00000     0.00000    -0.05323     // SZ 
#EPA 	  -4.26098     // Energy per Atom 
#RCUT 	6.5        // Rcut 
FE      0.00000      0.00000      0.00000      0.00000      0.00000      0.00000
FE      0.25209      0.26582      0.00000      0.00145      0.00072      0.00000
FE      0.25000      0.00220      0.25000      0.00505      0.00003      0.00357
FE      0.00208      0.26363      0.25001     -0.00000     -0.00452     -0.00358
FE      0.00000      0.00000      0.50001      0.00000      0.00000      0.00000
FE      0.25209      0.26583      0.50001      0.00389     -0.01068      0.00000
FE      0.25000      0.00220      0.75001      0.00505      0.00003     -0.00357
FE      0.00208      0.26363      0.75000     -0.00000     -0.00452      0.00358
FE      0.00417      0.52725      0.00000      0.00000      0.00000      0.00000
FE      0.25625      0.79307      0.00000      0.00179      0.00020      0.00000
FE      0.25417      0.52945      0.25000     -0.00037     -0.00372      0.00038
FE      0.00625      0.79087      0.25001      0.00000      0.00452     -0.00358
FE      0.00417      0.52725      0.50001      0.00000      0.00000      0.00000
FE      0.25626      0.79307      0.50001     -0.00108      0.00069      0.00000
FE      0.25417      0.52945      0.75001     -0.00037     -0.00372     -0.00038
FE      0.00625      0.79087      0.75000      0.00000      0.00452      0.00358
FE      0.50001      0.00439      0.00000      0.00000      0.00000      0.00000
FE      0.75210      0.27022      0.00000     -0.00179     -0.00020      0.00000
FE      0.75002      0.00659      0.25000     -0.00505     -0.00003      0.00357
FE      0.50209      0.26802      0.25000      0.00406      0.00081     -0.00263
FE      0.50001      0.00439      0.50001      0.00000      0.00000      0.00000
FE      0.75210      0.27022      0.50001      0.00108     -0.00069      0.00000
FE      0.75002      0.00659      0.75001     -0.00505     -0.00003     -0.00357
FE      0.50209      0.26802      0.75000      0.00406      0.00081      0.00263
FE      0.50418      0.53164      0.00000      0.00000      0.00000      0.00000
FE      0.75627      0.79746      0.00000     -0.00145     -0.00072      0.00000
FE      0.75418      0.53384      0.25000      0.00037      0.00372      0.00038
FE      0.50626      0.79527      0.25000     -0.00406     -0.00081     -0.00263
FE      0.50418      0.53164      0.50001      0.00000      0.00000      0.00000
FE      0.75627      0.79746      0.50001     -0.00389      0.01068      0.00000
FE      0.75418      0.53384      0.75001      0.00037      0.00372     -0.00038
FE      0.50626      0.79527      0.75000     -0.00406     -0.00081      0.00263
