/* Converted from PWscf output file */ 
#L_UNITS ang 
#E_UNITS eV 
#S_UNITS GPA 
#F_UNITS EV/ANG 
#ALAT 	   5.60396     // a0 
#X 	   1.00000     0.00000     0.00000     // X 
#Y 	   0.00000     1.00000     0.00333     // Y 
#Z 	   0.00000     0.00333     1.00000     // Z 
#SX 	   0.27184     0.00000     0.00000     // SX 
#SY 	   0.00000    -0.27169    -0.89981     // SY 
#SZ 	   0.00000    -0.89981    -0.27169     // SZ 
#EPA 	  -4.31706     // Energy per Atom 
#RCUT 	6.5        // Rcut 
FE      0.00000      0.00000      0.00000      0.00000      0.00000      0.00000
FE      0.25000      0.25083      0.25083     -0.00279      0.00242      0.00242
FE      0.00000      0.00167      0.50000      0.00000      0.00000      0.00000
FE      0.25000      0.25250      0.75084      0.00225      0.00290     -0.00290
FE      0.00000      0.50000      0.00167      0.00000      0.00000      0.00000
FE      0.25000      0.75084      0.25250      0.00225     -0.00290      0.00290
FE      0.00000      0.50167      0.50167      0.00000      0.00000      0.00000
FE      0.25000      0.75250      0.75250     -0.00279     -0.00242     -0.00242
FE      0.50000      0.00000      0.00000      0.00000      0.00000      0.00000
FE      0.75000      0.25083      0.25083      0.00279      0.00242      0.00242
FE      0.50000      0.00167      0.50000      0.00000      0.00000      0.00000
FE      0.75000      0.25250      0.75084     -0.00225      0.00290     -0.00290
FE      0.50000      0.50000      0.00167      0.00000      0.00000      0.00000
FE      0.75000      0.75084      0.25250     -0.00225     -0.00290      0.00290
FE      0.50000      0.50167      0.50167      0.00000      0.00000      0.00000
FE      0.75000      0.75250      0.75250      0.00279     -0.00242     -0.00242
