/* Converted from PWscf output file */ 
#L_UNITS ang 
#E_UNITS eV 
#S_UNITS GPA 
#F_UNITS EV/ANG 
#ALAT 	   5.60396     // a0 
#X 	   1.00000     0.00000     0.00000     // X 
#Y 	   0.00000     1.00000     0.00267     // Y 
#Z 	   0.00000     0.00267     1.00000     // Z 
#SX 	   0.23115     0.00000     0.00000     // SX 
#SY 	   0.00000    -0.22998    -0.72101     // SY 
#SZ 	   0.00000    -0.72101    -0.22998     // SZ 
#EPA 	  -4.31714     // Energy per Atom 
#RCUT 	6.5        // Rcut 
FE      0.00000      0.00000      0.00000      0.00000      0.00000      0.00000
FE      0.25000      0.25067      0.25067     -0.00258      0.00269      0.00269
FE      0.00000      0.00133      0.50000      0.00000      0.00000      0.00000
FE      0.25000      0.25200      0.75067      0.00154      0.00314     -0.00314
FE      0.00000      0.50000      0.00133      0.00000      0.00000      0.00000
FE      0.25000      0.75067      0.25200      0.00154     -0.00314      0.00314
FE      0.00000      0.50133      0.50133      0.00000      0.00000      0.00000
FE      0.25000      0.75200      0.75200     -0.00258     -0.00269     -0.00269
FE      0.50000      0.00000      0.00000      0.00000      0.00000      0.00000
FE      0.75000      0.25067      0.25067      0.00258      0.00269      0.00269
FE      0.50000      0.00133      0.50000      0.00000      0.00000      0.00000
FE      0.75000      0.25200      0.75067     -0.00154      0.00314     -0.00314
FE      0.50000      0.50000      0.00133      0.00000      0.00000      0.00000
FE      0.75000      0.75067      0.25200     -0.00154     -0.00314      0.00314
FE      0.50000      0.50133      0.50133      0.00000      0.00000      0.00000
FE      0.75000      0.75200      0.75200      0.00258     -0.00269     -0.00269
