/* Converted from PWscf output file */ 
#L_UNITS ang 
#E_UNITS eV 
#S_UNITS GPA 
#F_UNITS EV/ANG 
#ALAT 	   5.60396     // a0 
#X 	   1.00000     0.00000     0.00067     // X 
#Y 	   0.00000     1.00000     0.00000     // Y 
#Z 	   0.00067     0.00000     1.00000     // Z 
#SX 	   0.31705     0.00000    -0.18230     // SX 
#SY 	   0.00000    -0.31646     0.00000     // SY 
#SZ 	   0.18230     0.00000    -0.31705     // SZ 
#EPA 	  -4.31726     // Energy per Atom 
#RCUT 	6.5        // Rcut 
FE      0.00000      0.00000      0.00000      0.00000      0.00000      0.00000
FE      0.25017      0.25000      0.25017      0.00073      0.00249      0.00073
FE      0.00033      0.00000      0.50000      0.00000      0.00000      0.00000
FE      0.25050      0.25000      0.75017     -0.00119      0.00145      0.00119
FE      0.00000      0.50000      0.00000      0.00000      0.00000      0.00000
FE      0.25017      0.75000      0.25017      0.00073     -0.00249      0.00073
FE      0.00033      0.50000      0.50000      0.00000      0.00000      0.00000
FE      0.25050      0.75000      0.75017     -0.00119     -0.00145      0.00119
FE      0.50000      0.00000      0.00033      0.00000      0.00000      0.00000
FE      0.75017      0.25000      0.25050      0.00119      0.00145     -0.00119
FE      0.50033      0.00000      0.50033      0.00000      0.00000      0.00000
FE      0.75050      0.25000      0.75050     -0.00073      0.00249     -0.00073
FE      0.50000      0.50000      0.00033      0.00000      0.00000      0.00000
FE      0.75017      0.75000      0.25050      0.00119     -0.00145     -0.00119
FE      0.50033      0.50000      0.50033      0.00000      0.00000      0.00000
FE      0.75050      0.75000      0.75050     -0.00073     -0.00249     -0.00073
