/* Converted from PWscf output file */ 
#L_UNITS ang 
#E_UNITS eV 
#S_UNITS GPA 
#F_UNITS EV/ANG 
#ALAT 	   5.60396     // a0 
#X 	   1.00001     0.00000     0.00400     // X 
#Y 	   0.00000     1.00001     0.00000     // Y 
#Z 	   0.00400     0.00000     1.00001     // Z 
#SX 	   0.22677     0.00000    -1.08662     // SX 
#SY 	   0.00000    -0.21977     0.00000     // SY 
#SZ 	   1.08662     0.00000    -0.22677     // SZ 
#EPA 	  -4.31698     // Energy per Atom 
#RCUT 	6.5        // Rcut 
FE      0.00000      0.00000      0.00000      0.00000      0.00000      0.00000
FE      0.25100      0.25000      0.25100      0.00076      0.00484      0.00076
FE      0.00200      0.00000      0.50000      0.00000      0.00000      0.00000
FE      0.25300      0.25000      0.75100     -0.00307      0.00253      0.00307
FE      0.00000      0.50000      0.00000      0.00000      0.00000      0.00000
FE      0.25100      0.75000      0.25100      0.00076     -0.00484      0.00076
FE      0.00200      0.50000      0.50000      0.00000      0.00000      0.00000
FE      0.25300      0.75000      0.75100     -0.00307     -0.00253      0.00307
FE      0.50000      0.00000      0.00200      0.00000      0.00000      0.00000
FE      0.75100      0.25000      0.25300      0.00307      0.00253     -0.00307
FE      0.50200      0.00000      0.50200      0.00000      0.00000      0.00000
FE      0.75300      0.25000      0.75300     -0.00076      0.00484     -0.00076
FE      0.50000      0.50000      0.00200      0.00000      0.00000      0.00000
FE      0.75100      0.75000      0.25300      0.00307     -0.00253     -0.00307
FE      0.50200      0.50000      0.50200      0.00000      0.00000      0.00000
FE      0.75300      0.75000      0.75300     -0.00076     -0.00484     -0.00076
