/* Converted from PWscf output file */ 
#L_UNITS ang 
#E_UNITS eV 
#S_UNITS GPA 
#F_UNITS EV/ANG 
#ALAT 	   5.60396     // a0 
#X 	   1.00000     0.00000     0.00133     // X 
#Y 	   0.00000     1.00000     0.00000     // Y 
#Z 	   0.00133     0.00000     1.00000     // Z 
#SX 	   0.22444     0.00000    -0.36328     // SX 
#SY 	   0.00000    -0.22313     0.00000     // SY 
#SZ 	   0.36328     0.00000    -0.22444     // SZ 
#EPA 	  -4.31723     // Energy per Atom 
#RCUT 	6.5        // Rcut 
FE      0.00000      0.00000      0.00000      0.00000      0.00000      0.00000
FE      0.25033      0.25000      0.25033      0.00161      0.00463      0.00161
FE      0.00067      0.00000      0.50000      0.00000      0.00000      0.00000
FE      0.25100      0.25000      0.75033     -0.00162      0.00229      0.00162
FE      0.00000      0.50000      0.00000      0.00000      0.00000      0.00000
FE      0.25033      0.75000      0.25033      0.00161     -0.00463      0.00161
FE      0.00067      0.50000      0.50000      0.00000      0.00000      0.00000
FE      0.25100      0.75000      0.75033     -0.00162     -0.00229      0.00162
FE      0.50000      0.00000      0.00067      0.00000      0.00000      0.00000
FE      0.75033      0.25000      0.25100      0.00162      0.00229     -0.00162
FE      0.50067      0.00000      0.50067      0.00000      0.00000      0.00000
FE      0.75100      0.25000      0.75100     -0.00161      0.00463     -0.00161
FE      0.50000      0.50000      0.00067      0.00000      0.00000      0.00000
FE      0.75033      0.75000      0.25100      0.00162     -0.00229     -0.00162
FE      0.50067      0.50000      0.50067      0.00000      0.00000      0.00000
FE      0.75100      0.75000      0.75100     -0.00161     -0.00463     -0.00161
