/* Converted from PWscf output file */ 
#L_UNITS ang 
#E_UNITS eV 
#S_UNITS GPA 
#F_UNITS EV/ANG 
#ALAT 	   5.60396     // a0 
#X 	   1.00000     0.00067     0.00000     // X 
#Y 	   0.00067     1.00000     0.00000     // Y 
#Z 	   0.00000     0.00000     1.00000     // Z 
#SX 	   0.10486    -0.18025     0.00000     // SX 
#SY 	   0.18025    -0.10486     0.00000     // SY 
#SZ 	   0.00000     0.00000    -0.10267     // SZ 
#EPA 	  -4.31726     // Energy per Atom 
#RCUT 	6.5        // Rcut 
FE      0.00000      0.00000      0.00000      0.00000      0.00000      0.00000
FE      0.25017      0.25017      0.25000      0.00069      0.00069     -0.00110
FE      0.00000      0.00000      0.50000      0.00000      0.00000      0.00000
FE      0.25017      0.25017      0.75000      0.00069      0.00069      0.00110
FE      0.00033      0.50000      0.00000      0.00000      0.00000      0.00000
FE      0.25050      0.75017      0.25000      0.00349     -0.00349      0.00292
FE      0.00033      0.50000      0.50000      0.00000      0.00000      0.00000
FE      0.25050      0.75017      0.75000      0.00349     -0.00349     -0.00292
FE      0.50000      0.00033      0.00000      0.00000      0.00000      0.00000
FE      0.75017      0.25050      0.25000     -0.00349      0.00349      0.00292
FE      0.50000      0.00033      0.50000      0.00000      0.00000      0.00000
FE      0.75017      0.25050      0.75000     -0.00349      0.00349     -0.00292
FE      0.50033      0.50033      0.00000      0.00000      0.00000      0.00000
FE      0.75050      0.75050      0.25000     -0.00069     -0.00069     -0.00110
FE      0.50033      0.50033      0.50000      0.00000      0.00000      0.00000
FE      0.75050      0.75050      0.75000     -0.00069     -0.00069      0.00110
