/* Converted from PWscf output file */ 
#L_UNITS ang 
#E_UNITS eV 
#S_UNITS GPA 
#F_UNITS EV/ANG 
#ALAT 	   5.60396     // a0 
#X 	   1.00334     0.00000     0.00000     // X 
#Y 	   0.00000     0.99667     0.00000     // Y 
#Z 	   0.00000     0.00000     1.00000     // Z 
#SX 	   0.61630     0.00000     0.00000     // SX 
#SY 	   0.00000     0.24253     0.00000     // SY 
#SZ 	   0.00000     0.00000    -0.19134     // SZ 
#EPA 	  -4.31715     // Energy per Atom 
#RCUT 	6.5        // Rcut 
FE      0.00000      0.00000      0.00000      0.00000      0.00000      0.00000
FE      0.25083      0.24917      0.25000     -0.00084      0.00448      0.00125
FE      0.00000      0.00000      0.50000      0.00000      0.00000      0.00000
FE      0.25083      0.24917      0.75000     -0.00084      0.00448     -0.00125
FE      0.00000      0.49834      0.00000      0.00000      0.00000      0.00000
FE      0.25083      0.74750      0.25000     -0.00084     -0.00448      0.00125
FE      0.00000      0.49834      0.50000      0.00000      0.00000      0.00000
FE      0.25083      0.74750      0.75000     -0.00084     -0.00448     -0.00125
FE      0.50167      0.00000      0.00000      0.00000      0.00000      0.00000
FE      0.75250      0.24917      0.25000      0.00084      0.00448      0.00125
FE      0.50167      0.00000      0.50000      0.00000      0.00000      0.00000
FE      0.75250      0.24917      0.75000      0.00084      0.00448     -0.00125
FE      0.50167      0.49834      0.00000      0.00000      0.00000      0.00000
FE      0.75250      0.74750      0.25000      0.00084     -0.00448      0.00125
FE      0.50167      0.49834      0.50000      0.00000      0.00000      0.00000
FE      0.75250      0.74750      0.75000      0.00084     -0.00448     -0.00125
