/* Converted from PWscf output file */ 
#L_UNITS ang 
#E_UNITS eV 
#S_UNITS GPA 
#F_UNITS EV/ANG 
#ALAT 	   5.60396     // a0 
#X 	   1.00200     0.00000     0.00000     // X 
#Y 	   0.00000     0.99800     0.00000     // Y 
#Z 	   0.00000     0.00000     1.00000     // Z 
#SX 	   0.46040     0.00000     0.00000     // SX 
#SY 	   0.00000     0.05513     0.00000     // SY 
#SZ 	   0.00000     0.00000    -0.20009     // SZ 
#EPA 	  -4.31721     // Energy per Atom 
#RCUT 	6.5        // Rcut 
FE      0.00000      0.00000      0.00000      0.00000      0.00000      0.00000
FE      0.25050      0.24950      0.25000     -0.00005      0.00532      0.00082
FE      0.00000      0.00000      0.50000      0.00000      0.00000      0.00000
FE      0.25050      0.24950      0.75000     -0.00005      0.00532     -0.00082
FE      0.00000      0.49900      0.00000      0.00000      0.00000      0.00000
FE      0.25050      0.74850      0.25000     -0.00005     -0.00532      0.00082
FE      0.00000      0.49900      0.50000      0.00000      0.00000      0.00000
FE      0.25050      0.74850      0.75000     -0.00005     -0.00532     -0.00082
FE      0.50100      0.00000      0.00000      0.00000      0.00000      0.00000
FE      0.75150      0.24950      0.25000      0.00005      0.00532      0.00082
FE      0.50100      0.00000      0.50000      0.00000      0.00000      0.00000
FE      0.75150      0.24950      0.75000      0.00005      0.00532     -0.00082
FE      0.50100      0.49900      0.00000      0.00000      0.00000      0.00000
FE      0.75150      0.74850      0.25000      0.00005     -0.00532      0.00082
FE      0.50100      0.49900      0.50000      0.00000      0.00000      0.00000
FE      0.75150      0.74850      0.75000      0.00005     -0.00532     -0.00082
