/* Converted from PWscf output file */ 
#L_UNITS ang 
#E_UNITS eV 
#S_UNITS GPA 
#F_UNITS EV/ANG 
#ALAT 	   5.60396     // a0 
#X 	   1.00267     0.00000     0.00000     // X 
#Y 	   0.00000     1.00000     0.00000     // Y 
#Z 	   0.00000     0.00000     0.99734     // Z 
#SX 	   0.58582     0.00000     0.00000     // SX 
#SY 	   0.00000    -0.24748     0.00000     // SY 
#SZ 	   0.00000     0.00000     0.10471     // SZ 
#EPA 	  -4.31719     // Energy per Atom 
#RCUT 	6.5        // Rcut 
FE      0.00000      0.00000      0.00000      0.00000      0.00000      0.00000
FE      0.25067      0.25000      0.24933     -0.00146      0.00576      0.00201
FE      0.00000      0.00000      0.49867      0.00000      0.00000      0.00000
FE      0.25067      0.25000      0.74800     -0.00146      0.00576     -0.00201
FE      0.00000      0.50000      0.00000      0.00000      0.00000      0.00000
FE      0.25067      0.75000      0.24933     -0.00146     -0.00576      0.00201
FE      0.00000      0.50000      0.49867      0.00000      0.00000      0.00000
FE      0.25067      0.75000      0.74800     -0.00146     -0.00576     -0.00201
FE      0.50133      0.00000      0.00000      0.00000      0.00000      0.00000
FE      0.75200      0.25000      0.24933      0.00146      0.00576      0.00201
FE      0.50133      0.00000      0.49867      0.00000      0.00000      0.00000
FE      0.75200      0.25000      0.74800      0.00146      0.00576     -0.00201
FE      0.50133      0.50000      0.00000      0.00000      0.00000      0.00000
FE      0.75200      0.75000      0.24933      0.00146     -0.00576      0.00201
FE      0.50133      0.50000      0.49867      0.00000      0.00000      0.00000
FE      0.75200      0.75000      0.74800      0.00146     -0.00576     -0.00201
