/* Converted from PWscf output file */ 
#L_UNITS ang 
#E_UNITS eV 
#S_UNITS GPA 
#F_UNITS EV/ANG 
#ALAT 	   5.60396     // a0 
#X 	   1.00000     0.00000     0.00000     // X 
#Y 	   0.00000     1.00067     0.00000     // Y 
#Z 	   0.00000     0.00000     0.99933     // Z 
#SX 	   0.32901     0.00000     0.00000     // SX 
#SY 	   0.00000    -0.41622     0.00000     // SY 
#SZ 	   0.00000     0.00000    -0.23815     // SZ 
#EPA 	  -4.31726     // Energy per Atom 
#RCUT 	6.5        // Rcut 
FE      0.00000      0.00000      0.00000      0.00000      0.00000      0.00000
FE      0.25000      0.25017      0.24983     -0.00013      0.00485      0.00067
FE      0.00000      0.00000      0.49967      0.00000      0.00000      0.00000
FE      0.25000      0.25017      0.74950     -0.00013      0.00485     -0.00067
FE      0.00000      0.50033      0.00000      0.00000      0.00000      0.00000
FE      0.25000      0.75050      0.24983     -0.00013     -0.00485      0.00067
FE      0.00000      0.50033      0.49967      0.00000      0.00000      0.00000
FE      0.25000      0.75050      0.74950     -0.00013     -0.00485     -0.00067
FE      0.50000      0.00000      0.00000      0.00000      0.00000      0.00000
FE      0.75000      0.25017      0.24983      0.00013      0.00485      0.00067
FE      0.50000      0.00000      0.49967      0.00000      0.00000      0.00000
FE      0.75000      0.25017      0.74950      0.00013      0.00485     -0.00067
FE      0.50000      0.50033      0.00000      0.00000      0.00000      0.00000
FE      0.75000      0.75050      0.24983      0.00013     -0.00485      0.00067
FE      0.50000      0.50033      0.49967      0.00000      0.00000      0.00000
FE      0.75000      0.75050      0.74950      0.00013     -0.00485     -0.00067
