/* Converted from PWscf output file */ 
#L_UNITS ang 
#E_UNITS eV 
#S_UNITS GPA 
#F_UNITS EV/ANG 
#ALAT 	   5.60396     // a0 
#X 	   1.01714     0.00000     0.00000     // X 
#Y 	   0.00000     1.01714     0.00000     // Y 
#Z 	   0.00000     0.00000     1.01714     // Z 
#SX 	  10.56873     0.00000     0.00000     // SX 
#SY 	   0.00000   -10.56873     0.00000     // SY 
#SZ 	   0.00000     0.00000   -10.56873     // SZ 
#EPA 	  -4.31385     // Energy per Atom 
#RCUT 	6.5        // Rcut 
FE      0.00000      0.00000      0.00000      0.00000      0.00000      0.00000
FE      0.25429      0.25429      0.25429      0.00166      0.00166      0.00166
FE      0.00000      0.00000      0.50857      0.00000      0.00000      0.00000
FE      0.25429      0.25429      0.76286      0.00166      0.00166     -0.00166
FE      0.00000      0.50857      0.00000      0.00000      0.00000     -0.00000
FE      0.25429      0.76286      0.25429      0.00166     -0.00166      0.00166
FE      0.00000      0.50857      0.50857      0.00000      0.00000      0.00000
FE      0.25429      0.76286      0.76286      0.00166     -0.00166     -0.00166
FE      0.50857      0.00000      0.00000      0.00000     -0.00000     -0.00000
FE      0.76286      0.25429      0.25429     -0.00166      0.00166      0.00166
FE      0.50857      0.00000      0.50857      0.00000      0.00000      0.00000
FE      0.76286      0.25429      0.76286     -0.00166      0.00166     -0.00166
FE      0.50857      0.50857      0.00000      0.00000      0.00000      0.00000
FE      0.76286      0.76286      0.25429     -0.00166     -0.00166      0.00166
FE      0.50857      0.50857      0.50857      0.00000      0.00000      0.00000
FE      0.76286      0.76286      0.76286     -0.00166     -0.00166     -0.00166
