/* Converted from PWscf output file */ 
#L_UNITS ang 
#E_UNITS eV 
#S_UNITS GPA 
#F_UNITS EV/ANG 
#ALAT 	   5.60396     // a0 
#X 	   1.00857     0.00000     0.00000     // X 
#Y 	   0.00000     1.00857     0.00000     // Y 
#Z 	   0.00000     0.00000     1.00857     // Z 
#SX 	   5.68512     0.00000     0.00000     // SX 
#SY 	   0.00000    -5.68512     0.00000     // SY 
#SZ 	   0.00000     0.00000    -5.68512     // SZ 
#EPA 	  -4.32024     // Energy per Atom 
#RCUT 	6.5        // Rcut 
FE      0.00000      0.00000      0.00000      0.00000     -0.00000     -0.00000
FE      0.25214      0.25214      0.25214     -0.00006     -0.00006     -0.00006
FE      0.00000      0.00000      0.50429      0.00000      0.00000      0.00000
FE      0.25214      0.25214      0.75643     -0.00006     -0.00006      0.00006
FE      0.00000      0.50429      0.00000      0.00000      0.00000      0.00000
FE      0.25214      0.75643      0.25214     -0.00006      0.00006     -0.00006
FE      0.00000      0.50429      0.50429      0.00000      0.00000      0.00000
FE      0.25214      0.75643      0.75643     -0.00006      0.00006      0.00006
FE      0.50429      0.00000      0.00000      0.00000      0.00000      0.00000
FE      0.75643      0.25214      0.25214      0.00006     -0.00006     -0.00006
FE      0.50429      0.00000      0.50429      0.00000      0.00000      0.00000
FE      0.75643      0.25214      0.75643      0.00006     -0.00006      0.00006
FE      0.50429      0.50429      0.00000      0.00000      0.00000      0.00000
FE      0.75643      0.75643      0.25214      0.00006      0.00006     -0.00006
FE      0.50429      0.50429      0.50429      0.00000      0.00000      0.00000
FE      0.75643      0.75643      0.75643      0.00006      0.00006      0.00006
