/* Converted from PWscf output file */ 
#L_UNITS ang 
#E_UNITS eV 
#S_UNITS GPA 
#F_UNITS EV/ANG 
#ALAT 	   5.60396     // a0 
#X 	   0.99714     0.00000     0.00000     // X 
#Y 	   0.00000     0.99714     0.00000     // Y 
#Z 	   0.00000     0.00000     0.99714     // Z 
#SX 	   1.82412     0.00000     0.00000     // SX 
#SY 	   0.00000     1.82412     0.00000     // SY 
#SZ 	   0.00000     0.00000     1.82412     // SZ 
#EPA 	  -4.31391     // Energy per Atom 
#RCUT 	6.5        // Rcut 
FE      0.00000      0.00000      0.00000      0.00000      0.00000     -0.00000
FE      0.24929      0.24929      0.24929      0.00032      0.00032      0.00032
FE      0.00000      0.00000      0.49857      0.00000      0.00000      0.00000
FE      0.24929      0.24929      0.74786      0.00032      0.00032     -0.00032
FE      0.00000      0.49857      0.00000      0.00000      0.00000      0.00000
FE      0.24929      0.74786      0.24929      0.00032     -0.00032      0.00032
FE      0.00000      0.49857      0.49857      0.00000      0.00000     -0.00000
FE      0.24929      0.74786      0.74786      0.00032     -0.00032     -0.00032
FE      0.49857      0.00000      0.00000      0.00000      0.00000      0.00000
FE      0.74786      0.24929      0.24929     -0.00032      0.00032      0.00032
FE      0.49857      0.00000      0.49857      0.00000      0.00000      0.00000
FE      0.74786      0.24929      0.74786     -0.00032      0.00032     -0.00032
FE      0.49857      0.49857      0.00000      0.00000     -0.00000      0.00000
FE      0.74786      0.74786      0.24929     -0.00032     -0.00032      0.00032
FE      0.49857      0.49857      0.49857      0.00000      0.00000      0.00000
FE      0.74786      0.74786      0.74786     -0.00032     -0.00032     -0.00032
