/* Converted from PWscf output file */ 
#L_UNITS ang 
#E_UNITS eV 
#S_UNITS GPA 
#F_UNITS EV/ANG 
#ALAT 	   5.60396     // a0 
#X 	   1.01143     0.00000     0.00000     // X 
#Y 	   0.00000     1.01143     0.00000     // Y 
#Z 	   0.00000     0.00000     1.01143     // Z 
#SX 	   7.35305     0.00000     0.00000     // SX 
#SY 	   0.00000    -7.35305     0.00000     // SY 
#SZ 	   0.00000     0.00000    -7.35305     // SZ 
#EPA 	  -4.31903     // Energy per Atom 
#RCUT 	6.5        // Rcut 
FE      0.00000      0.00000      0.00000      0.00000      0.00000      0.00000
FE      0.25286      0.25286      0.25286      0.00054      0.00054      0.00054
FE      0.00000      0.00000      0.50571      0.00000      0.00000      0.00000
FE      0.25286      0.25286      0.75857      0.00054      0.00054     -0.00054
FE      0.00000      0.50571      0.00000      0.00000      0.00000      0.00000
FE      0.25286      0.75857      0.25286      0.00054     -0.00054      0.00054
FE      0.00000      0.50571      0.50571      0.00000      0.00000     -0.00000
FE      0.25286      0.75857      0.75857      0.00054     -0.00054     -0.00054
FE      0.50571      0.00000      0.00000      0.00000      0.00000      0.00000
FE      0.75857      0.25286      0.25286     -0.00054      0.00054      0.00054
FE      0.50571      0.00000      0.50571      0.00000      0.00000      0.00000
FE      0.75857      0.25286      0.75857     -0.00054      0.00054     -0.00054
FE      0.50571      0.50571      0.00000      0.00000      0.00000      0.00000
FE      0.75857      0.75857      0.25286     -0.00054     -0.00054      0.00054
FE      0.50571      0.50571      0.50571      0.00000      0.00000      0.00000
FE      0.75857      0.75857      0.75857     -0.00054     -0.00054     -0.00054
