/* Converted from PWscf output file */ 
#L_UNITS ang 
#E_UNITS eV 
#S_UNITS GPA 
#F_UNITS EV/ANG 
#ALAT 	   5.60396     // a0 
#X 	   0.98000     0.00000     0.00000     // X 
#Y 	   0.00000     0.98000     0.00000     // Y 
#Z 	   0.00000     0.00000     0.98000     // Z 
#SX 	  16.07156     0.00000     0.00000     // SX 
#SY 	   0.00000    16.07156     0.00000     // SY 
#SZ 	   0.00000     0.00000    16.07156     // SZ 
#EPA 	  -4.26694     // Energy per Atom 
#RCUT 	6.5        // Rcut 
FE      0.00000      0.00000      0.00000      0.00000      0.00000      0.00000
FE      0.24500      0.24500      0.24500      0.00121      0.00121      0.00121
FE      0.00000      0.00000      0.49000      0.00000      0.00000      0.00000
FE      0.24500      0.24500      0.73500      0.00121      0.00121     -0.00121
FE      0.00000      0.49000      0.00000      0.00000     -0.00000      0.00000
FE      0.24500      0.73500      0.24500      0.00121     -0.00121      0.00121
FE      0.00000      0.49000      0.49000      0.00000      0.00000      0.00000
FE      0.24500      0.73500      0.73500      0.00121     -0.00121     -0.00121
FE      0.49000      0.00000      0.00000      0.00000     -0.00000     -0.00000
FE      0.73500      0.24500      0.24500     -0.00121      0.00121      0.00121
FE      0.49000      0.00000      0.49000      0.00000      0.00000      0.00000
FE      0.73500      0.24500      0.73500     -0.00121      0.00121     -0.00121
FE      0.49000      0.49000      0.00000      0.00000      0.00000      0.00000
FE      0.73500      0.73500      0.24500     -0.00121     -0.00121      0.00121
FE      0.49000      0.49000      0.49000      0.00000      0.00000      0.00000
FE      0.73500      0.73500      0.73500     -0.00121     -0.00121     -0.00121
