/* Converted from PWscf output file */ 
#L_UNITS ang 
#E_UNITS eV 
#S_UNITS GPA 
#F_UNITS EV/ANG 
#ALAT 	   5.60396     // a0 
#X 	   0.99429     0.00000     0.00000     // X 
#Y 	   0.00000     0.99429     0.00000     // Y 
#Z 	   0.00000     0.00000     0.99429     // Z 
#SX 	   3.91759     0.00000     0.00000     // SX 
#SY 	   0.00000     3.91759     0.00000     // SY 
#SZ 	   0.00000     0.00000     3.91759     // SZ 
#EPA 	  -4.30946     // Energy per Atom 
#RCUT 	6.5        // Rcut 
FE      0.00000      0.00000      0.00000      0.00000      0.00000      0.00000
FE      0.24857      0.24857      0.24857      0.00044      0.00044      0.00044
FE      0.00000      0.00000      0.49714      0.00000      0.00000      0.00000
FE      0.24857      0.24857      0.74571      0.00044      0.00044     -0.00044
FE      0.00000      0.49714      0.00000      0.00000      0.00000     -0.00000
FE      0.24857      0.74571      0.24857      0.00044     -0.00044      0.00044
FE      0.00000      0.49714      0.49714      0.00000      0.00000      0.00000
FE      0.24857      0.74571      0.74571      0.00044     -0.00044     -0.00044
FE      0.49714      0.00000      0.00000      0.00000      0.00000      0.00000
FE      0.74571      0.24857      0.24857     -0.00044      0.00044      0.00044
FE      0.49714      0.00000      0.49714      0.00000      0.00000      0.00000
FE      0.74571      0.24857      0.74571     -0.00044      0.00044     -0.00044
FE      0.49714      0.49714      0.00000      0.00000      0.00000     -0.00000
FE      0.74571      0.74571      0.24857     -0.00044     -0.00044      0.00044
FE      0.49714      0.49714      0.49714      0.00000      0.00000      0.00000
FE      0.74571      0.74571      0.74571     -0.00044     -0.00044     -0.00044
