/* Converted from PWscf output file */ 
#L_UNITS ang 
#E_UNITS eV 
#S_UNITS GPA 
#F_UNITS EV/ANG 
#ALAT 	   5.60396     // a0 
#X 	   1.02000     0.00000     0.00000     // X 
#Y 	   0.00000     1.02000     0.00000     // Y 
#Z 	   0.00000     0.00000     1.02000     // Z 
#SX 	  11.60723     0.00000     0.00000     // SX 
#SY 	   0.00000   -11.60723     0.00000     // SY 
#SZ 	   0.00000     0.00000   -11.60723     // SZ 
#EPA 	  -4.30983     // Energy per Atom 
#RCUT 	6.5        // Rcut 
FE      0.00000      0.00000      0.00000      0.00000      0.00000      0.00000
FE      0.25500      0.25500      0.25500     -0.00023     -0.00023     -0.00023
FE      0.00000      0.00000      0.51000      0.00000     -0.00000      0.00000
FE      0.25500      0.25500      0.76500     -0.00023     -0.00023      0.00023
FE      0.00000      0.51000      0.00000      0.00000     -0.00000      0.00000
FE      0.25500      0.76500      0.25500     -0.00023      0.00023     -0.00023
FE      0.00000      0.51000      0.51000      0.00000      0.00000      0.00000
FE      0.25500      0.76500      0.76500     -0.00023      0.00023      0.00023
FE      0.51000      0.00000      0.00000      0.00000      0.00000     -0.00000
FE      0.76500      0.25500      0.25500      0.00023     -0.00023     -0.00023
FE      0.51000      0.00000      0.51000      0.00000      0.00000      0.00000
FE      0.76500      0.25500      0.76500      0.00023     -0.00023      0.00023
FE      0.51000      0.51000      0.00000      0.00000      0.00000      0.00000
FE      0.76500      0.76500      0.25500      0.00023      0.00023     -0.00023
FE      0.51000      0.51000      0.51000      0.00000      0.00000      0.00000
FE      0.76500      0.76500      0.76500      0.00023      0.00023      0.00023
