#############################################################################
6.102E-03 ###   Mon, 05 Jul 2021 18:56:16 +0000
#############################################################################

####TIME#############LOG#####################################################
1.506E-02 ###   Script: /cloud/Code/python/eampa/eampa.py
1.861E-02 ###   Loaded: input.in
#############################################
  Read Input
  Time: 2.072E-02
#############################################
2.249E-02 ###   fit
2.420E-02 ###   a0: 5.0
2.420E-02 ###   b0: 1.0
2.420E-02 ###   bp: 100.0
2.420E-02 ###   config: 0.0001
2.420E-02 ###   e: 1.0
2.421E-02 ###   e0: 25.0
2.421E-02 ###   ec: 1.0
2.421E-02 ###   energy: 20.0
2.421E-02 ###   force: 1.0
2.421E-02 ###   g: 1.0
2.421E-02 ###   negec: 1000.0
2.421E-02 ###   stress: 1.0
2.421E-02 ###   v: 1.0
2.421E-02 ###   
2.613E-02 ###   max: 100.0
2.614E-02 ###   min: 0.1
2.614E-02 ###   scale_exponent: 4.0
2.614E-02 ###   scale_factor: 10.0
2.614E-02 ###   zero_density_factor: 100000000.0
2.614E-02 ###   
2.821E-02 ###   pot_dir: None
2.821E-02 ###   pot_name: None
2.821E-02 ###   results_dir: results
2.821E-02 ###   
3.027E-02 ###   bp_file: bp.dat
3.027E-02 ###   dir: bp
3.027E-02 ###   ec_size: 11
3.027E-02 ###   ec_strain: 0.05
3.027E-02 ###   eos_size: 9
3.027E-02 ###   eos_strain: 0.1
3.028E-02 ###   
3.198E-02 ###   
3.376E-02 ###   1: {'label_id': 1, 'label_text': 'AL', 'atom_count': 32, 'relaxed_energy': -1264.06398979, 'relaxed_energy_unit': 'Ry', 'coh_energy': -3.36, 'coh_energy_unit': 'eV', 'calc_relaxed_dft_ev': -537.454181036, 'calc_coh_ev': -3.36, 'calc_apaev': 534.094181036}
3.377E-02 ###   2: {'label_id': 2, 'label_text': 'FE', 'atom_count': 16, 'relaxed_energy': -5268.188, 'relaxed_energy_unit': 'Ry', 'coh_energy': -4.316, 'coh_energy_unit': 'eV', 'calc_relaxed_dft_ev': -4479.851795407, 'calc_coh_ev': -4.316, 'calc_apaev': 4475.5357954070005}
3.377E-02 ###   3: {'label_id': 3, 'label_text': 'PD', 'atom_count': 32, 'relaxed_energy': -16384.958, 'relaxed_energy_unit': 'Ry', 'coh_energy': -3.91, 'coh_energy_unit': 'eV', 'calc_relaxed_dft_ev': -6966.549363269, 'calc_coh_ev': -3.91, 'calc_apaev': 6962.639363269001}
3.377E-02 ###   
#############################################
  Setup Directories
  Time: 3.563E-02
#############################################
3.745E-02 ###   WD: wd/wd
#############################################
  Memory
  Time: 4.038E-02
#############################################
4.227E-02 ###   EFS 2000000000.0
4.397E-02 ###   config size       255102
4.566E-02 ###   ghost size        3061224
4.737E-02 ###   nl size           25510204
4.906E-02 ###   BP 2000000000.0
5.080E-02 ###   config size       255102
5.252E-02 ###   ghost size        3061224
5.436E-02 ###   nl size           25510204
#############################################
  Potential Load
  Time: 5.617E-02
#############################################
5.842E-02 ###   Potential file: pot/pd.pot
6.020E-02 ###   Loading: pot/pd.pot
1.720E-01 ###   std  configs/ec_9_007.out
1.773E-01 ###   std  configs/ec_5_007.out
1.825E-01 ###   std  configs/ec_1_007.out
1.881E-01 ###   std  configs/ec_6_005.out
1.932E-01 ###   std  configs/ec_2_005.out
1.984E-01 ###   std  configs/ec_2_002.out
2.039E-01 ###   std  configs/ec_6_002.out
2.093E-01 ###   std  configs/fcc_002.dat
2.135E-01 ###   std  configs/ec_7_004.out
2.189E-01 ###   std  configs/ec_3_004.out
2.246E-01 ###   std  configs/ec_3_003.out
2.299E-01 ###   std  configs/ec_7_003.out
2.351E-01 ###   std  configs/eos_002.out
2.407E-01 ###   std  configs/config_0002.out
2.462E-01 ###   std  configs/config_0005.out
2.518E-01 ###   std  configs/eos_005.out
2.576E-01 ###   std  configs/ec_8_006.out
2.630E-01 ###   std  configs/ec_4_001.out
2.685E-01 ###   std  configs/ec_4_006.out
2.742E-01 ###   std  configs/ec_8_001.out
2.796E-01 ###   std  configs/ec_2_003.out
2.853E-01 ###   std  configs/ec_6_003.out
2.909E-01 ###   std  configs/ec_6_004.out
2.972E-01 ###   std  configs/ec_2_004.out
3.027E-01 ###   std  configs/ec_5_006.out
3.086E-01 ###   std  configs/ec_9_001.out
3.143E-01 ###   std  configs/ec_1_006.out
3.197E-01 ###   std  configs/ec_9_006.out
3.255E-01 ###   std  configs/ec_1_001.out
3.307E-01 ###   std  configs/ec_5_001.out
3.363E-01 ###   std  configs/ec_4_007.out
3.422E-01 ###   std  configs/ec_8_007.out
3.475E-01 ###   std  configs/config_0004.out
3.530E-01 ###   std  configs/eos_004.out
3.591E-01 ###   std  configs/eos_003.out
3.648E-01 ###   std  configs/config_0003.out
3.702E-01 ###   std  configs/ec_3_002.out
3.759E-01 ###   std  configs/ec_7_002.out
3.813E-01 ###   std  configs/ec_7_005.out
3.868E-01 ###   std  configs/ec_3_005.out
3.923E-01 ###   std  configs/ec_8_004.out
3.976E-01 ###   std  configs/config_0009.out
4.030E-01 ###   std  configs/ec_4_003.out
4.084E-01 ###   std  configs/ec_4_004.out
4.137E-01 ###   std  configs/ec_8_003.out
4.191E-01 ###   std  configs/config_0007.out
4.247E-01 ###   std  configs/eos_007.out
4.302E-01 ###   std  configs/ec_7_006.out
4.356E-01 ###   std  configs/ec_3_006.out
4.409E-01 ###   std  configs/ec_3_001.out
4.463E-01 ###   std  configs/ec_7_001.out
4.517E-01 ###   std  configs/ec_6_007.out
4.574E-01 ###   std  configs/ec_2_007.out
4.629E-01 ###   std  configs/ec_9_005.out
4.682E-01 ###   std  configs/ec_1_002.out
4.740E-01 ###   std  configs/ec_5_002.out
4.795E-01 ###   std  configs/ec_5_005.out
4.848E-01 ###   std  configs/ec_9_002.out
4.904E-01 ###   std  configs/ec_1_005.out
4.958E-01 ###   std  configs/ec_7_007.out
5.011E-01 ###   std  configs/ec_3_007.out
5.125E-01 ###   std  configs/config_0006.out
5.201E-01 ###   std  configs/eos_006.out
5.262E-01 ###   std  configs/eos_001.out
5.318E-01 ###   std  configs/config_0001.out
5.376E-01 ###   std  configs/ec_4_005.out
5.433E-01 ###   std  configs/ec_8_002.out
5.488E-01 ###   std  configs/ec_8_005.out
5.544E-01 ###   std  configs/config_0008.out
5.601E-01 ###   std  configs/ec_4_002.out
5.657E-01 ###   std  configs/ec_5_004.out
5.714E-01 ###   std  configs/ec_9_003.out
5.771E-01 ###   std  configs/ec_1_004.out
5.826E-01 ###   std  configs/ec_9_004.out
5.884E-01 ###   std  configs/ec_1_003.out
5.939E-01 ###   std  configs/ec_5_003.out
5.995E-01 ###   std  configs/config_0010.out
6.054E-01 ###   std  configs/ec_2_001.out
####TIME#############LOG#####################################################
6.131E-01 ###   std  configs/ec_6_001.out
6.196E-01 ###   std  configs/ec_6_006.out
6.259E-01 ###   std  configs/ec_2_006.out
6.316E-01 ###   std  configs/fcc_001.dat
#############################################
  Potential Fit
  Time: 1.161E+00
#############################################
2.657E+00 ###   BP Allocated Memory
2.657E+00 ###   
2.659E+00 ###   2GB
2.659E+00 ###   
2.661E+00 ###   255102 3061224 25510204
2.661E+00 ###   
4.224E+00 ###   Best rss: None (since last: 1)
6.972E+00 ###   Best rss: None (since last: 1)
9.039E+00 ###   Best rss: None (since last: 1)
1.111E+01 ###   Best rss: None (since last: 1)
1.318E+01 ###   Best rss: None (since last: 1)
1.523E+01 ###   Best rss: None (since last: 1)
1.766E+01 ###   Best rss: None (since last: 1)
1.969E+01 ###   Best rss: None (since last: 1)
2.169E+01 ###   Best rss: None (since last: 1)
2.374E+01 ###   Best rss: None (since last: 1)
2.610E+01 ###   Best rss: None (since last: 1)
2.820E+01 ###   Best rss: None (since last: 1)
3.030E+01 ###   Best rss: None (since last: 1)
3.231E+01 ###   Best rss: None (since last: 1)
3.440E+01 ###   Best rss: None (since last: 1)
3.693E+01 ###   Best rss: None (since last: 1)
3.943E+01 ###   Best rss: None (since last: 1)
4.153E+01 ###   Best rss: None (since last: 1)
4.364E+01 ###   Best rss: None (since last: 1)
4.573E+01 ###   Best rss: None (since last: 1)
4.781E+01 ###   Best rss: None (since last: 1)
4.996E+01 ###   Best rss: None (since last: 1)
5.207E+01 ###   Best rss: None (since last: 1)
5.420E+01 ###   Best rss: None (since last: 1)
5.629E+01 ###   Best rss: None (since last: 1)
5.833E+01 ###   Best rss: None (since last: 1)
6.047E+01 ###   Best rss: None (since last: 1)
6.269E+01 ###   Best rss: None (since last: 1)
6.473E+01 ###   Best rss: None (since last: 1)
6.679E+01 ###   Best rss: None (since last: 1)
6.885E+01 ###   Best rss: None (since last: 1)
7.092E+01 ###   Best rss: None (since last: 1)
7.303E+01 ###   Best rss: None (since last: 1)
7.510E+01 ###   Best rss: None (since last: 1)
7.715E+01 ###   Best rss: None (since last: 1)
7.927E+01 ###   Best rss: None (since last: 1)
8.140E+01 ###   Best rss: None (since last: 1)
8.354E+01 ###   Best rss: None (since last: 1)
8.564E+01 ###   Best rss: None (since last: 1)
8.769E+01 ###   Best rss: None (since last: 1)
8.974E+01 ###   Best rss: None (since last: 1)
9.179E+01 ###   Best rss: None (since last: 1)
9.390E+01 ###   Best rss: None (since last: 1)
9.599E+01 ###   Best rss: None (since last: 1)
9.805E+01 ###   Best rss: None (since last: 1)
1.001E+02 ###   Best rss: None (since last: 1)
1.021E+02 ###   Best rss: None (since last: 1)
1.043E+02 ###   Best rss: None (since last: 1)
1.064E+02 ###   Best rss: None (since last: 1)
1.085E+02 ###   Best rss: None (since last: 1)
1.107E+02 ###   Best rss: None (since last: 1)
1.129E+02 ###   Best rss: None (since last: 1)
1.152E+02 ###   Best rss: None (since last: 1)
1.176E+02 ###   Best rss: None (since last: 1)
1.197E+02 ###   Best rss: None (since last: 1)
1.220E+02 ###   Best rss: None (since last: 1)
1.241E+02 ###   Best rss: None (since last: 1)
1.262E+02 ###   Best rss: None (since last: 1)
1.284E+02 ###   Best rss: None (since last: 1)
1.305E+02 ###   Best rss: None (since last: 1)
1.326E+02 ###   Best rss: None (since last: 1)
1.351E+02 ###   Best rss: None (since last: 1)
1.372E+02 ###   Best rss: None (since last: 1)
1.398E+02 ###   Best rss: None (since last: 1)
1.420E+02 ###   Best rss: None (since last: 1)
1.442E+02 ###   Best rss: None (since last: 1)
1.465E+02 ###   Best rss: None (since last: 1)
1.492E+02 ###   Best rss: None (since last: 1)
1.516E+02 ###   Best rss: None (since last: 1)
1.537E+02 ###   Best rss: None (since last: 1)
1.558E+02 ###   Best rss: None (since last: 1)
1.579E+02 ###   Best rss: None (since last: 1)
1.600E+02 ###   Best rss: None (since last: 1)
1.622E+02 ###   Best rss: None (since last: 1)
1.643E+02 ###   Best rss: None (since last: 1)
1.666E+02 ###   Best rss: None (since last: 1)
1.687E+02 ###   Best rss: None (since last: 1)
1.708E+02 ###   Best rss: None (since last: 1)
1.730E+02 ###   Best rss: None (since last: 1)
1.753E+02 ###   Best rss: None (since last: 1)
1.775E+02 ###   Best rss: None (since last: 1)
1.798E+02 ###   Best rss: None (since last: 1)
1.822E+02 ###   Best rss: None (since last: 1)
1.847E+02 ###   Best rss: None (since last: 1)
1.869E+02 ###   Best rss: None (since last: 1)
1.894E+02 ###   Best rss: None (since last: 1)
1.917E+02 ###   Best rss: None (since last: 1)
1.942E+02 ###   Best rss: None (since last: 1)
1.964E+02 ###   Best rss: None (since last: 1)
1.986E+02 ###   Best rss: None (since last: 1)
2.007E+02 ###   Best rss: None (since last: 1)
2.029E+02 ###   Best rss: None (since last: 1)
2.052E+02 ###   Best rss: None (since last: 1)
####TIME#############LOG#####################################################
2.073E+02 ###   Best rss: None (since last: 1)
2.095E+02 ###   Best rss: None (since last: 1)
2.118E+02 ###   Best rss: None (since last: 1)
2.140E+02 ###   Best rss: None (since last: 1)
2.162E+02 ###   Best rss: None (since last: 1)
2.184E+02 ###   Best rss: None (since last: 1)
2.207E+02 ###   Best rss: None (since last: 1)
2.229E+02 ###   Best rss: None (since last: 1)
2.251E+02 ###   Best rss: None (since last: 1)
2.273E+02 ###   Best rss: None (since last: 1)
2.300E+02 ###   Best rss: None (since last: 1)
2.322E+02 ###   Best rss: None (since last: 1)
2.344E+02 ###   Best rss: None (since last: 1)
2.367E+02 ###   Best rss: None (since last: 1)
2.389E+02 ###   Best rss: None (since last: 1)
2.410E+02 ###   Best rss: None (since last: 1)
2.431E+02 ###   Best rss: None (since last: 1)
2.454E+02 ###   Best rss: None (since last: 1)
2.475E+02 ###   Best rss: None (since last: 1)
2.495E+02 ###   Best rss: None (since last: 1)
2.520E+02 ###   Best rss: None (since last: 1)
2.546E+02 ###   Best rss: None (since last: 1)
2.571E+02 ###   Best rss: None (since last: 1)
2.596E+02 ###   Best rss: None (since last: 1)
2.618E+02 ###   Best rss: None (since last: 1)
2.639E+02 ###   Best rss: None (since last: 1)
2.659E+02 ###   Best rss: None (since last: 1)
2.681E+02 ###   Best rss: None (since last: 1)
2.702E+02 ###   Best rss: None (since last: 1)
2.724E+02 ###   Best rss: None (since last: 1)
2.749E+02 ###   Best rss: None (since last: 1)
2.776E+02 ###   Best rss: None (since last: 1)
2.803E+02 ###   Best rss: None (since last: 1)
2.824E+02 ###   Best rss: None (since last: 1)
2.846E+02 ###   Best rss: None (since last: 1)
2.868E+02 ###   Best rss: None (since last: 1)
2.889E+02 ###   Best rss: None (since last: 1)
2.911E+02 ###   Best rss: None (since last: 1)
2.937E+02 ###   Best rss: None (since last: 1)
2.962E+02 ###   Best rss: None (since last: 1)
2.982E+02 ###   Best rss: None (since last: 1)
3.004E+02 ###   Best rss: None (since last: 1)
3.026E+02 ###   Best rss: None (since last: 1)
3.047E+02 ###   Best rss: None (since last: 1)
3.068E+02 ###   Best rss: None (since last: 1)
3.089E+02 ###   Best rss: None (since last: 1)
3.110E+02 ###   Best rss: None (since last: 1)
3.136E+02 ###   Best rss: None (since last: 1)
3.161E+02 ###   Best rss: None (since last: 1)
3.182E+02 ###   Best rss: None (since last: 1)
3.202E+02 ###   Best rss: None (since last: 1)
3.224E+02 ###   Best rss: None (since last: 1)
3.249E+02 ###   Best rss: None (since last: 1)
3.277E+02 ###   Best rss: None (since last: 1)
3.298E+02 ###   Best rss: None (since last: 1)
3.320E+02 ###   Best rss: None (since last: 1)
3.342E+02 ###   Best rss: None (since last: 1)
3.368E+02 ###   Best rss: None (since last: 1)
3.393E+02 ###   Best rss: None (since last: 1)
3.414E+02 ###   Best rss: None (since last: 1)
3.436E+02 ###   Best rss: None (since last: 1)
3.461E+02 ###   Best rss: None (since last: 1)
3.485E+02 ###   Best rss: None (since last: 1)
3.506E+02 ###   Best rss: None (since last: 1)
3.527E+02 ###   Best rss: None (since last: 1)
3.552E+02 ###   Best rss: None (since last: 1)
3.576E+02 ###   Best rss: None (since last: 1)
3.602E+02 ###   Best rss: None (since last: 1)
3.630E+02 ###   Best rss: None (since last: 1)
3.651E+02 ###   Best rss: None (since last: 1)
3.672E+02 ###   Best rss: None (since last: 1)
3.699E+02 ###   Best rss: None (since last: 1)
3.724E+02 ###   Best rss: None (since last: 1)
3.746E+02 ###   Best rss: None (since last: 1)
3.766E+02 ###   Best rss: None (since last: 1)
3.788E+02 ###   Best rss: None (since last: 1)
3.809E+02 ###   Best rss: None (since last: 1)
3.831E+02 ###   Best rss: None (since last: 1)
3.852E+02 ###   Best rss: None (since last: 1)
3.873E+02 ###   Best rss: None (since last: 1)
3.894E+02 ###   Best rss: None (since last: 1)
3.920E+02 ###   Best rss: None (since last: 1)
3.942E+02 ###   Best rss: None (since last: 1)
3.964E+02 ###   Best rss: None (since last: 1)
3.985E+02 ###   Best rss: None (since last: 1)
4.007E+02 ###   Best rss: None (since last: 1)
4.031E+02 ###   Best rss: None (since last: 1)
4.053E+02 ###   Best rss: None (since last: 1)
4.077E+02 ###   Best rss: None (since last: 1)
4.102E+02 ###   Best rss: None (since last: 1)
4.123E+02 ###   Best rss: None (since last: 1)
4.145E+02 ###   Best rss: None (since last: 1)
4.166E+02 ###   Best rss: None (since last: 1)
4.187E+02 ###   Best rss: None (since last: 1)
4.208E+02 ###   Best rss: None (since last: 1)
4.229E+02 ###   Best rss: None (since last: 1)
4.251E+02 ###   Best rss: None (since last: 1)
4.271E+02 ###   Best rss: None (since last: 1)
4.292E+02 ###   Best rss: None (since last: 1)
4.313E+02 ###   Best rss: None (since last: 1)
####TIME#############LOG#####################################################
4.334E+02 ###   Best rss: None (since last: 1)
4.356E+02 ###   Best rss: None (since last: 1)
4.376E+02 ###   Best rss: None (since last: 1)
4.398E+02 ###   Best rss: None (since last: 1)
4.418E+02 ###   Best rss: None (since last: 1)
4.442E+02 ###   Best rss: None (since last: 1)
4.463E+02 ###   Best rss: None (since last: 1)
4.484E+02 ###   Best rss: None (since last: 1)
4.505E+02 ###   Best rss: None (since last: 1)
4.526E+02 ###   Best rss: None (since last: 1)
4.548E+02 ###   Best rss: None (since last: 1)
4.569E+02 ###   Best rss: None (since last: 1)
4.591E+02 ###   Best rss: None (since last: 1)
4.612E+02 ###   Best rss: None (since last: 1)
4.632E+02 ###   Best rss: None (since last: 1)
4.654E+02 ###   Best rss: None (since last: 1)
4.675E+02 ###   Best rss: None (since last: 1)
4.696E+02 ###   Best rss: None (since last: 1)
4.717E+02 ###   Best rss: None (since last: 1)
4.739E+02 ###   Best rss: None (since last: 1)
4.760E+02 ###   Best rss: None (since last: 1)
4.780E+02 ###   Best rss: None (since last: 1)
4.802E+02 ###   Best rss: None (since last: 1)
4.823E+02 ###   Best rss: None (since last: 1)
4.844E+02 ###   Best rss: None (since last: 1)
4.864E+02 ###   Best rss: None (since last: 1)
4.885E+02 ###   Best rss: None (since last: 1)
4.906E+02 ###   Best rss: None (since last: 1)
4.931E+02 ###   Best rss: None (since last: 1)
4.951E+02 ###   Best rss: None (since last: 1)
4.973E+02 ###   Best rss: None (since last: 1)
4.994E+02 ###   Best rss: None (since last: 1)
5.014E+02 ###   Best rss: None (since last: 1)
5.036E+02 ###   Best rss: None (since last: 1)
5.057E+02 ###   Best rss: None (since last: 1)
5.077E+02 ###   Best rss: None (since last: 1)
5.099E+02 ###   Best rss: None (since last: 1)
5.122E+02 ###   Best rss: None (since last: 1)
5.146E+02 ###   Best rss: None (since last: 1)
5.167E+02 ###   Best rss: None (since last: 1)
5.189E+02 ###   Best rss: None (since last: 1)
5.211E+02 ###   Best rss: None (since last: 1)
5.235E+02 ###   Best rss: None (since last: 1)
5.259E+02 ###   Best rss: None (since last: 1)
5.283E+02 ###   Best rss: None (since last: 1)
5.307E+02 ###   Best rss: None (since last: 1)
5.331E+02 ###   Best rss: None (since last: 1)
5.355E+02 ###   Best rss: None (since last: 1)
5.378E+02 ###   Best rss: None (since last: 1)
5.402E+02 ###   Best rss: None (since last: 1)
5.424E+02 ###   Best rss: None (since last: 1)
5.448E+02 ###   Best rss: None (since last: 1)
5.471E+02 ###   Best rss: None (since last: 1)
5.494E+02 ###   Best rss: None (since last: 1)
5.522E+02 ###   Best rss: None (since last: 1)
5.544E+02 ###   Best rss: None (since last: 1)
5.566E+02 ###   Best rss: None (since last: 1)
5.588E+02 ###   Best rss: None (since last: 1)
5.608E+02 ###   Best rss: None (since last: 1)
5.630E+02 ###   Best rss: None (since last: 1)
5.652E+02 ###   Best rss: None (since last: 1)
5.673E+02 ###   Best rss: None (since last: 1)
5.695E+02 ###   Best rss: None (since last: 1)
5.716E+02 ###   Best rss: None (since last: 1)
5.738E+02 ###   Best rss: None (since last: 1)
5.758E+02 ###   Best rss: None (since last: 1)
5.783E+02 ###   Best rss: None (since last: 1)
5.807E+02 ###   Best rss: None (since last: 1)
5.832E+02 ###   Best rss: None (since last: 1)
5.855E+02 ###   Best rss: None (since last: 1)
5.876E+02 ###   Best rss: None (since last: 1)
5.901E+02 ###   Best rss: None (since last: 1)
5.926E+02 ###   Best rss: None (since last: 1)
5.953E+02 ###   Best rss: None (since last: 1)
5.975E+02 ###   Best rss: None (since last: 1)
6.002E+02 ###   Best rss: None (since last: 1)
6.026E+02 ###   Best rss: None (since last: 1)
6.052E+02 ###   Best rss: None (since last: 1)
6.074E+02 ###   Best rss: None (since last: 1)
6.101E+02 ###   Best rss: None (since last: 1)
6.126E+02 ###   Best rss: None (since last: 1)
6.154E+02 ###   Best rss: None (since last: 1)
6.176E+02 ###   Best rss: None (since last: 1)
6.199E+02 ###   Best rss: None (since last: 1)
6.221E+02 ###   Best rss: None (since last: 1)
6.245E+02 ###   Best rss: None (since last: 1)
6.267E+02 ###   Best rss: None (since last: 1)
6.290E+02 ###   Best rss: None (since last: 1)
6.312E+02 ###   Best rss: None (since last: 1)
6.334E+02 ###   Best rss: None (since last: 1)
6.356E+02 ###   Best rss: None (since last: 1)
6.379E+02 ###   Best rss: None (since last: 1)
6.401E+02 ###   Best rss: None (since last: 1)
6.427E+02 ###   Best rss: None (since last: 1)
6.449E+02 ###   Best rss: None (since last: 1)
6.474E+02 ###   Best rss: None (since last: 1)
6.497E+02 ###   Best rss: None (since last: 1)
6.519E+02 ###   Best rss: None (since last: 1)
6.543E+02 ###   Best rss: None (since last: 1)
6.566E+02 ###   Best rss: None (since last: 1)
####TIME#############LOG#####################################################
6.589E+02 ###   Best rss: None (since last: 1)
6.612E+02 ###   Best rss: None (since last: 1)
6.639E+02 ###   Best rss: None (since last: 1)
6.665E+02 ###   Best rss: None (since last: 1)
6.687E+02 ###   Best rss: None (since last: 1)
6.709E+02 ###   Best rss: None (since last: 1)
6.730E+02 ###   Best rss: None (since last: 1)
6.750E+02 ###   Best rss: None (since last: 1)
6.770E+02 ###   Best rss: None (since last: 1)
6.789E+02 ###   Best rss: None (since last: 1)
6.809E+02 ###   Best rss: None (since last: 1)
6.828E+02 ###   Best rss: None (since last: 1)
6.847E+02 ###   Best rss: None (since last: 1)
6.868E+02 ###   Best rss: None (since last: 1)
6.890E+02 ###   Best rss: None (since last: 1)
6.910E+02 ###   Best rss: None (since last: 1)
6.929E+02 ###   Best rss: None (since last: 1)
6.948E+02 ###   Best rss: None (since last: 1)
6.967E+02 ###   Best rss: None (since last: 1)
6.986E+02 ###   Best rss: None (since last: 1)
7.009E+02 ###   Best rss: None (since last: 1)
7.028E+02 ###   Best rss: None (since last: 1)
7.047E+02 ###   Best rss: None (since last: 1)
7.066E+02 ###   Best rss: None (since last: 1)
7.087E+02 ###   Best rss: None (since last: 1)
7.107E+02 ###   Best rss: None (since last: 1)
7.126E+02 ###   Best rss: None (since last: 1)
7.145E+02 ###   Best rss: None (since last: 1)
7.167E+02 ###   Best rss: None (since last: 1)
7.189E+02 ###   Best rss: None (since last: 1)
7.208E+02 ###   Best rss: None (since last: 1)
7.227E+02 ###   Best rss: None (since last: 1)
7.249E+02 ###   Best rss: None (since last: 1)
7.271E+02 ###   Best rss: None (since last: 1)
7.290E+02 ###   Best rss: None (since last: 1)
7.308E+02 ###   Best rss: None (since last: 1)
7.331E+02 ###   Best rss: None (since last: 1)
7.353E+02 ###   Best rss: None (since last: 1)
7.372E+02 ###   Best rss: None (since last: 1)
7.391E+02 ###   Best rss: None (since last: 1)
7.414E+02 ###   Best rss: None (since last: 1)
7.433E+02 ###   Best rss: None (since last: 1)
7.456E+02 ###   Best rss: None (since last: 1)
7.478E+02 ###   Best rss: None (since last: 1)
7.496E+02 ###   Best rss: None (since last: 1)
7.515E+02 ###   Best rss: None (since last: 1)
7.537E+02 ###   Best rss: None (since last: 1)
7.560E+02 ###   Best rss: None (since last: 1)
7.582E+02 ###   Best rss: None (since last: 1)
7.604E+02 ###   Best rss: None (since last: 1)
7.623E+02 ###   Best rss: None (since last: 1)
7.642E+02 ###   Best rss: None (since last: 1)
7.664E+02 ###   Best rss: None (since last: 1)
7.687E+02 ###   Best rss: None (since last: 1)
7.707E+02 ###   Best rss: None (since last: 1)
7.729E+02 ###   Best rss: None (since last: 1)
7.751E+02 ###   Best rss: None (since last: 1)
7.773E+02 ###   Best rss: None (since last: 1)
7.796E+02 ###   Best rss: None (since last: 1)
7.815E+02 ###   Best rss: None (since last: 1)
7.834E+02 ###   Best rss: None (since last: 1)
7.853E+02 ###   Best rss: None (since last: 1)
7.872E+02 ###   Best rss: None (since last: 1)
7.894E+02 ###   Best rss: None (since last: 1)
7.917E+02 ###   Best rss: None (since last: 1)
7.935E+02 ###   Best rss: None (since last: 1)
7.954E+02 ###   Best rss: None (since last: 1)
7.972E+02 ###   Best rss: None (since last: 1)
7.994E+02 ###   Best rss: None (since last: 1)
8.014E+02 ###   Best rss: None (since last: 1)
8.035E+02 ###   Best rss: None (since last: 1)
8.058E+02 ###   Best rss: None (since last: 1)
8.077E+02 ###   Best rss: None (since last: 1)
8.095E+02 ###   Best rss: None (since last: 1)
8.117E+02 ###   Best rss: None (since last: 1)
8.139E+02 ###   Best rss: None (since last: 1)
8.161E+02 ###   Best rss: None (since last: 1)
8.182E+02 ###   Best rss: None (since last: 1)
8.201E+02 ###   Best rss: None (since last: 1)
8.220E+02 ###   Best rss: None (since last: 1)
8.239E+02 ###   Best rss: None (since last: 1)
8.258E+02 ###   Best rss: None (since last: 1)
8.277E+02 ###   Best rss: None (since last: 1)
8.296E+02 ###   Best rss: None (since last: 1)
8.320E+02 ###   Best rss: None (since last: 1)
8.343E+02 ###   Best rss: None (since last: 1)
8.363E+02 ###   Best rss: None (since last: 1)
8.382E+02 ###   Best rss: None (since last: 1)
8.402E+02 ###   Best rss: None (since last: 1)
8.421E+02 ###   Best rss: None (since last: 1)
8.441E+02 ###   Best rss: None (since last: 1)
8.461E+02 ###   Best rss: None (since last: 1)
8.481E+02 ###   Best rss: None (since last: 1)
8.501E+02 ###   Best rss: None (since last: 1)
8.520E+02 ###   Best rss: None (since last: 1)
8.539E+02 ###   Best rss: None (since last: 1)
8.557E+02 ###   Best rss: None (since last: 1)
8.580E+02 ###   Best rss: None (since last: 1)
8.598E+02 ###   Best rss: None (since last: 1)
8.617E+02 ###   Best rss: None (since last: 1)
####TIME#############LOG#####################################################
8.636E+02 ###   Best rss: None (since last: 1)
8.654E+02 ###   Best rss: None (since last: 1)
8.676E+02 ###   Best rss: None (since last: 1)
8.696E+02 ###   Best rss: None (since last: 1)
8.716E+02 ###   Best rss: None (since last: 1)
8.734E+02 ###   Best rss: None (since last: 1)
8.753E+02 ###   Best rss: None (since last: 1)
8.772E+02 ###   Best rss: None (since last: 1)
8.791E+02 ###   Best rss: None (since last: 1)
8.813E+02 ###   Best rss: None (since last: 1)
8.832E+02 ###   Best rss: None (since last: 1)
8.851E+02 ###   Best rss: None (since last: 1)
8.873E+02 ###   Best rss: None (since last: 1)
8.892E+02 ###   Best rss: None (since last: 1)
8.912E+02 ###   Best rss: None (since last: 1)
8.935E+02 ###   Best rss: None (since last: 1)
8.954E+02 ###   Best rss: None (since last: 1)
8.973E+02 ###   Best rss: None (since last: 1)
8.992E+02 ###   Best rss: None (since last: 1)
9.012E+02 ###   Best rss: None (since last: 1)
9.031E+02 ###   Best rss: None (since last: 1)
9.050E+02 ###   Best rss: None (since last: 1)
9.069E+02 ###   Best rss: None (since last: 1)
9.091E+02 ###   Best rss: None (since last: 1)
9.111E+02 ###   Best rss: None (since last: 1)
9.133E+02 ###   Best rss: None (since last: 1)
9.151E+02 ###   Best rss: None (since last: 1)
9.173E+02 ###   Best rss: None (since last: 1)
9.192E+02 ###   Best rss: None (since last: 1)
9.214E+02 ###   Best rss: None (since last: 1)
9.233E+02 ###   Best rss: None (since last: 1)
9.252E+02 ###   Best rss: None (since last: 1)
9.271E+02 ###   Best rss: None (since last: 1)
9.292E+02 ###   Best rss: None (since last: 1)
9.311E+02 ###   Best rss: None (since last: 1)
9.331E+02 ###   Best rss: None (since last: 1)
9.350E+02 ###   Best rss: None (since last: 1)
9.370E+02 ###   Best rss: None (since last: 1)
9.391E+02 ###   Best rss: None (since last: 1)
9.410E+02 ###   Best rss: None (since last: 1)
9.431E+02 ###   Best rss: None (since last: 1)
9.450E+02 ###   Best rss: None (since last: 1)
9.473E+02 ###   Best rss: None (since last: 1)
9.491E+02 ###   Best rss: None (since last: 1)
9.510E+02 ###   Best rss: None (since last: 1)
9.531E+02 ###   Best rss: None (since last: 1)
9.551E+02 ###   Best rss: None (since last: 1)
9.570E+02 ###   Best rss: None (since last: 1)
9.590E+02 ###   Best rss: None (since last: 1)
9.609E+02 ###   Best rss: None (since last: 1)
9.628E+02 ###   Best rss: None (since last: 1)
9.647E+02 ###   Best rss: None (since last: 1)
9.667E+02 ###   Best rss: None (since last: 1)
9.686E+02 ###   Best rss: None (since last: 1)
9.707E+02 ###   Best rss: None (since last: 1)
9.726E+02 ###   Best rss: None (since last: 1)
9.748E+02 ###   Best rss: None (since last: 1)
9.767E+02 ###   Best rss: None (since last: 1)
9.786E+02 ###   Best rss: None (since last: 1)
9.804E+02 ###   Best rss: None (since last: 1)
9.822E+02 ###   Best rss: None (since last: 1)
9.843E+02 ###   Best rss: None (since last: 1)
9.861E+02 ###   Best rss: None (since last: 1)
9.883E+02 ###   Best rss: None (since last: 1)
9.902E+02 ###   Best rss: None (since last: 1)
9.921E+02 ###   Best rss: None (since last: 1)
9.939E+02 ###   Best rss: None (since last: 1)
9.960E+02 ###   Best rss: None (since last: 1)
9.978E+02 ###   Best rss: None (since last: 1)
1.000E+03 ###   Best rss: None (since last: 1)
1.002E+03 ###   Best rss: None (since last: 1)
1.004E+03 ###   Best rss: None (since last: 1)
1.006E+03 ###   Best rss: None (since last: 1)
1.008E+03 ###   Best rss: None (since last: 1)
1.010E+03 ###   Best rss: None (since last: 1)
1.012E+03 ###   Best rss: None (since last: 1)
1.014E+03 ###   Best rss: None (since last: 1)
1.016E+03 ###   Best rss: None (since last: 1)
1.018E+03 ###   Best rss: None (since last: 1)
1.020E+03 ###   Best rss: None (since last: 1)
1.022E+03 ###   Best rss: None (since last: 1)
1.023E+03 ###   Best rss: None (since last: 1)
1.025E+03 ###   Best rss: None (since last: 1)
1.027E+03 ###   Best rss: None (since last: 1)
1.029E+03 ###   Best rss: None (since last: 1)
1.031E+03 ###   Best rss: None (since last: 1)
1.033E+03 ###   Best rss: None (since last: 1)
1.034E+03 ###   Best rss: None (since last: 1)
1.036E+03 ###   Best rss: None (since last: 1)
1.038E+03 ###   Best rss: None (since last: 1)
1.040E+03 ###   Best rss: None (since last: 1)
1.042E+03 ###   Best rss: None (since last: 1)
1.044E+03 ###   Best rss: None (since last: 1)
1.046E+03 ###   Best rss: None (since last: 1)
1.048E+03 ###   Best rss: None (since last: 1)
1.050E+03 ###   Best rss: None (since last: 1)
1.052E+03 ###   Best rss: None (since last: 1)
1.054E+03 ###   Best rss: None (since last: 1)
1.056E+03 ###   Best rss: None (since last: 1)
1.058E+03 ###   Best rss: None (since last: 1)
####TIME#############LOG#####################################################
1.060E+03 ###   Best rss: None (since last: 1)
1.062E+03 ###   Best rss: None (since last: 1)
1.064E+03 ###   Best rss: None (since last: 1)
1.066E+03 ###   Best rss: None (since last: 1)
1.068E+03 ###   Best rss: None (since last: 1)
1.070E+03 ###   Best rss: None (since last: 1)
1.072E+03 ###   Best rss: None (since last: 1)
1.073E+03 ###   Best rss: None (since last: 1)
1.075E+03 ###   Best rss: None (since last: 1)
1.078E+03 ###   Best rss: None (since last: 1)
1.079E+03 ###   Best rss: None (since last: 1)
1.081E+03 ###   Best rss: None (since last: 1)
1.083E+03 ###   Best rss: None (since last: 1)
1.085E+03 ###   Best rss: None (since last: 1)
1.088E+03 ###   Best rss: None (since last: 1)
1.090E+03 ###   Best rss: None (since last: 1)
1.092E+03 ###   Best rss: None (since last: 1)
1.093E+03 ###   Best rss: None (since last: 1)
1.095E+03 ###   Best rss: None (since last: 1)
1.097E+03 ###   Best rss: None (since last: 1)
1.099E+03 ###   Best rss: None (since last: 1)
1.101E+03 ###   Best rss: None (since last: 1)
1.103E+03 ###   Best rss: None (since last: 1)
1.105E+03 ###   Best rss: None (since last: 1)
1.107E+03 ###   Best rss: None (since last: 1)
1.109E+03 ###   Best rss: None (since last: 1)
1.111E+03 ###   Best rss: None (since last: 1)
1.113E+03 ###   Best rss: None (since last: 1)
1.115E+03 ###   Best rss: None (since last: 1)
1.117E+03 ###   Best rss: None (since last: 1)
1.119E+03 ###   Best rss: None (since last: 1)
1.121E+03 ###   Best rss: None (since last: 1)
1.123E+03 ###   Best rss: None (since last: 1)
1.125E+03 ###   Best rss: None (since last: 1)
1.127E+03 ###   Best rss: None (since last: 1)
1.129E+03 ###   Best rss: None (since last: 1)
1.131E+03 ###   Best rss: None (since last: 1)
1.132E+03 ###   Best rss: None (since last: 1)
1.135E+03 ###   Best rss: None (since last: 1)
1.137E+03 ###   Best rss: None (since last: 1)
1.139E+03 ###   Best rss: None (since last: 1)
1.141E+03 ###   Best rss: None (since last: 1)
1.143E+03 ###   Best rss: None (since last: 1)
1.145E+03 ###   Best rss: None (since last: 1)
1.147E+03 ###   Best rss: None (since last: 1)
1.149E+03 ###   Best rss: None (since last: 1)
1.150E+03 ###   Best rss: None (since last: 1)
1.152E+03 ###   Best rss: None (since last: 1)
1.154E+03 ###   Best rss: None (since last: 1)
1.156E+03 ###   Best rss: None (since last: 1)
1.158E+03 ###   Best rss: None (since last: 1)
1.160E+03 ###   Best rss: None (since last: 1)
1.162E+03 ###   Best rss: None (since last: 1)
1.164E+03 ###   Best rss: None (since last: 1)
1.166E+03 ###   Best rss: None (since last: 1)
1.168E+03 ###   Best rss: None (since last: 1)
1.170E+03 ###   Best rss: None (since last: 1)
1.172E+03 ###   Best rss: None (since last: 1)
1.174E+03 ###   Best rss: None (since last: 1)
1.175E+03 ###   Best rss: None (since last: 1)
1.177E+03 ###   Best rss: None (since last: 1)
1.179E+03 ###   Best rss: None (since last: 1)
1.181E+03 ###   Best rss: None (since last: 1)
1.183E+03 ###   Best rss: None (since last: 1)
1.185E+03 ###   Best rss: None (since last: 1)
1.187E+03 ###   Best rss: None (since last: 1)
1.189E+03 ###   Best rss: None (since last: 1)
1.191E+03 ###   Best rss: None (since last: 1)
1.193E+03 ###   Best rss: None (since last: 1)
1.195E+03 ###   Best rss: None (since last: 1)
1.197E+03 ###   Best rss: None (since last: 1)
1.199E+03 ###   Best rss: None (since last: 1)
1.201E+03 ###   Best rss: None (since last: 1)
1.203E+03 ###   Best rss: None (since last: 1)
1.205E+03 ###   Best rss: None (since last: 1)
1.206E+03 ###   Best rss: None (since last: 1)
1.208E+03 ###   Best rss: None (since last: 1)
1.210E+03 ###   Best rss: None (since last: 1)
1.212E+03 ###   Best rss: None (since last: 1)
1.214E+03 ###   Best rss: None (since last: 1)
1.215E+03 ###   Best rss: None (since last: 1)
1.217E+03 ###   Best rss: None (since last: 1)
1.220E+03 ###   Best rss: None (since last: 1)
1.221E+03 ###   Best rss: None (since last: 1)
1.223E+03 ###   Best rss: None (since last: 1)
1.225E+03 ###   Best rss: None (since last: 1)
1.227E+03 ###   Best rss: None (since last: 1)
1.229E+03 ###   Best rss: None (since last: 1)
1.231E+03 ###   Best rss: None (since last: 1)
1.232E+03 ###   Best rss: None (since last: 1)
1.234E+03 ###   Best rss: None (since last: 1)
1.236E+03 ###   Best rss: None (since last: 1)
1.238E+03 ###   Best rss: None (since last: 1)
1.240E+03 ###   Best rss: None (since last: 1)
1.242E+03 ###   Best rss: None (since last: 1)
1.243E+03 ###   Best rss: None (since last: 1)
1.246E+03 ###   Best rss: None (since last: 1)
1.248E+03 ###   Best rss: None (since last: 1)
1.250E+03 ###   Best rss: None (since last: 1)
1.252E+03 ###   Best rss: None (since last: 1)
####TIME#############LOG#####################################################
1.254E+03 ###   Best rss: None (since last: 1)
1.256E+03 ###   Best rss: None (since last: 1)
1.258E+03 ###   Best rss: None (since last: 1)
1.260E+03 ###   Best rss: None (since last: 1)
1.262E+03 ###   Best rss: None (since last: 1)
1.264E+03 ###   Best rss: None (since last: 1)
1.266E+03 ###   Best rss: None (since last: 1)
1.268E+03 ###   Best rss: None (since last: 1)
1.270E+03 ###   Best rss: None (since last: 1)
1.272E+03 ###   Best rss: None (since last: 1)
1.274E+03 ###   Best rss: None (since last: 1)
1.276E+03 ###   Best rss: None (since last: 1)
1.278E+03 ###   Best rss: None (since last: 1)
1.280E+03 ###   Best rss: None (since last: 1)
1.282E+03 ###   Best rss: None (since last: 1)
1.283E+03 ###   Best rss: None (since last: 1)
1.285E+03 ###   Best rss: None (since last: 1)
1.287E+03 ###   Best rss: None (since last: 1)
1.289E+03 ###   Best rss: None (since last: 1)
1.291E+03 ###   Best rss: None (since last: 1)
1.293E+03 ###   Best rss: None (since last: 1)
1.295E+03 ###   Best rss: None (since last: 1)
1.297E+03 ###   Best rss: None (since last: 1)
1.298E+03 ###   Best rss: None (since last: 1)
1.300E+03 ###   Best rss: None (since last: 1)
1.302E+03 ###   Best rss: None (since last: 1)
1.304E+03 ###   Best rss: None (since last: 1)
1.306E+03 ###   Best rss: None (since last: 1)
1.308E+03 ###   Best rss: None (since last: 1)
1.310E+03 ###   Best rss: None (since last: 1)
1.312E+03 ###   Best rss: None (since last: 1)
1.314E+03 ###   Best rss: None (since last: 1)
1.316E+03 ###   Best rss: None (since last: 1)
1.317E+03 ###   Best rss: None (since last: 1)
1.320E+03 ###   Best rss: None (since last: 1)
1.322E+03 ###   Best rss: None (since last: 1)
1.324E+03 ###   Best rss: None (since last: 1)
1.325E+03 ###   Best rss: None (since last: 1)
1.327E+03 ###   Best rss: None (since last: 1)
1.329E+03 ###   Best rss: None (since last: 1)
1.331E+03 ###   Best rss: None (since last: 1)
1.333E+03 ###   Best rss: None (since last: 1)
1.335E+03 ###   Best rss: None (since last: 1)
1.336E+03 ###   Best rss: None (since last: 1)
1.339E+03 ###   Best rss: None (since last: 1)
1.340E+03 ###   Best rss: None (since last: 1)
1.342E+03 ###   Best rss: None (since last: 1)
1.344E+03 ###   Best rss: None (since last: 1)
1.346E+03 ###   Best rss: None (since last: 1)
1.348E+03 ###   Best rss: None (since last: 1)
1.349E+03 ###   Best rss: None (since last: 1)
1.352E+03 ###   Best rss: None (since last: 1)
1.354E+03 ###   Best rss: None (since last: 1)
1.356E+03 ###   Best rss: None (since last: 1)
1.357E+03 ###   Best rss: None (since last: 1)
1.359E+03 ###   Best rss: None (since last: 1)
1.361E+03 ###   Best rss: None (since last: 1)
1.363E+03 ###   Best rss: None (since last: 1)
1.365E+03 ###   Best rss: None (since last: 1)
1.367E+03 ###   Best rss: None (since last: 1)
1.368E+03 ###   Best rss: None (since last: 1)
1.370E+03 ###   Best rss: None (since last: 1)
1.372E+03 ###   Best rss: None (since last: 1)
1.374E+03 ###   Best rss: None (since last: 1)
1.376E+03 ###   Best rss: None (since last: 1)
1.378E+03 ###   Best rss: None (since last: 1)
1.380E+03 ###   Best rss: None (since last: 1)
1.382E+03 ###   Best rss: None (since last: 1)
1.383E+03 ###   Best rss: None (since last: 1)
1.385E+03 ###   Best rss: None (since last: 1)
1.387E+03 ###   Best rss: None (since last: 1)
1.389E+03 ###   Best rss: None (since last: 1)
1.391E+03 ###   Best rss: None (since last: 1)
1.393E+03 ###   Best rss: None (since last: 1)
1.394E+03 ###   Best rss: None (since last: 1)
1.397E+03 ###   Best rss: None (since last: 1)
1.398E+03 ###   Best rss: None (since last: 1)
1.400E+03 ###   Best rss: None (since last: 1)
1.402E+03 ###   Best rss: None (since last: 1)
1.404E+03 ###   Best rss: None (since last: 1)
1.406E+03 ###   Best rss: None (since last: 1)
1.408E+03 ###   Best rss: None (since last: 1)
1.410E+03 ###   Best rss: None (since last: 1)
1.412E+03 ###   Best rss: None (since last: 1)
1.414E+03 ###   Best rss: None (since last: 1)
1.416E+03 ###   Best rss: None (since last: 1)
1.418E+03 ###   Best rss: None (since last: 1)
1.420E+03 ###   Best rss: None (since last: 1)
1.422E+03 ###   Best rss: None (since last: 1)
1.423E+03 ###   Best rss: None (since last: 1)
1.425E+03 ###   Best rss: None (since last: 1)
1.427E+03 ###   Best rss: None (since last: 1)
1.429E+03 ###   Best rss: None (since last: 1)
1.431E+03 ###   Best rss: None (since last: 1)
1.433E+03 ###   Best rss: None (since last: 1)
1.434E+03 ###   Best rss: None (since last: 1)
1.436E+03 ###   Best rss: None (since last: 1)
1.438E+03 ###   Best rss: None (since last: 1)
1.440E+03 ###   Best rss: None (since last: 1)
1.442E+03 ###   Best rss: None (since last: 1)
####TIME#############LOG#####################################################
1.444E+03 ###   Best rss: None (since last: 1)
1.446E+03 ###   Best rss: None (since last: 1)
1.448E+03 ###   Best rss: None (since last: 1)
1.450E+03 ###   Best rss: None (since last: 1)
1.452E+03 ###   Best rss: None (since last: 1)
1.454E+03 ###   Best rss: None (since last: 1)
1.456E+03 ###   Best rss: None (since last: 1)
1.458E+03 ###   Best rss: None (since last: 1)
1.460E+03 ###   Best rss: None (since last: 1)
1.462E+03 ###   Best rss: None (since last: 1)
1.463E+03 ###   Best rss: None (since last: 1)
1.465E+03 ###   Best rss: None (since last: 1)
1.467E+03 ###   Best rss: None (since last: 1)
1.469E+03 ###   Best rss: None (since last: 1)
1.471E+03 ###   Best rss: None (since last: 1)
1.473E+03 ###   Best rss: None (since last: 1)
1.475E+03 ###   Best rss: None (since last: 1)
1.477E+03 ###   Best rss: None (since last: 1)
1.479E+03 ###   Best rss: None (since last: 1)
1.480E+03 ###   Best rss: None (since last: 1)
1.482E+03 ###   Best rss: None (since last: 1)
1.484E+03 ###   Best rss: None (since last: 1)
1.486E+03 ###   Best rss: None (since last: 1)
1.488E+03 ###   Best rss: None (since last: 1)
1.490E+03 ###   Best rss: None (since last: 1)
1.491E+03 ###   Best rss: None (since last: 1)
1.493E+03 ###   Best rss: None (since last: 1)
1.495E+03 ###   Best rss: None (since last: 1)
1.497E+03 ###   Best rss: None (since last: 1)
1.499E+03 ###   Best rss: None (since last: 1)
1.501E+03 ###   Best rss: None (since last: 1)
1.503E+03 ###   Best rss: None (since last: 1)
1.505E+03 ###   Best rss: None (since last: 1)
1.507E+03 ###   Best rss: None (since last: 1)
1.509E+03 ###   Best rss: None (since last: 1)
1.511E+03 ###   Best rss: None (since last: 1)
1.513E+03 ###   Best rss: None (since last: 1)
1.515E+03 ###   Best rss: None (since last: 1)
1.516E+03 ###   Best rss: None (since last: 1)
1.518E+03 ###   Best rss: None (since last: 1)
1.520E+03 ###   Best rss: None (since last: 1)
1.522E+03 ###   Best rss: None (since last: 1)
1.524E+03 ###   Best rss: None (since last: 1)
1.525E+03 ###   Best rss: None (since last: 1)
1.527E+03 ###   Best rss: None (since last: 1)
1.529E+03 ###   Best rss: None (since last: 1)
1.531E+03 ###   Best rss: None (since last: 1)
1.533E+03 ###   Best rss: None (since last: 1)
1.535E+03 ###   Best rss: None (since last: 1)
1.537E+03 ###   Best rss: None (since last: 1)
1.538E+03 ###   Best rss: None (since last: 1)
1.541E+03 ###   Best rss: None (since last: 1)
1.543E+03 ###   Best rss: None (since last: 1)
1.545E+03 ###   Best rss: None (since last: 1)
1.547E+03 ###   Best rss: None (since last: 1)
1.548E+03 ###   Best rss: None (since last: 1)
1.551E+03 ###   Best rss: None (since last: 1)
1.552E+03 ###   Best rss: None (since last: 1)
1.555E+03 ###   Best rss: None (since last: 1)
1.557E+03 ###   Best rss: None (since last: 1)
1.558E+03 ###   Best rss: None (since last: 1)
1.560E+03 ###   Best rss: None (since last: 1)
1.563E+03 ###   Best rss: None (since last: 1)
1.564E+03 ###   Best rss: None (since last: 1)
1.566E+03 ###   Best rss: None (since last: 1)
1.568E+03 ###   Best rss: None (since last: 1)
1.570E+03 ###   Best rss: None (since last: 1)
1.572E+03 ###   Best rss: None (since last: 1)
1.574E+03 ###   Best rss: None (since last: 1)
1.575E+03 ###   Best rss: None (since last: 1)
1.578E+03 ###   Best rss: None (since last: 1)
1.579E+03 ###   Best rss: None (since last: 1)
1.581E+03 ###   Best rss: None (since last: 1)
1.583E+03 ###   Best rss: None (since last: 1)
1.585E+03 ###   Best rss: None (since last: 1)
1.587E+03 ###   Best rss: None (since last: 1)
1.589E+03 ###   Best rss: None (since last: 1)
1.591E+03 ###   Best rss: None (since last: 1)
1.592E+03 ###   Best rss: None (since last: 1)
1.594E+03 ###   Best rss: None (since last: 1)
1.596E+03 ###   Best rss: None (since last: 1)
1.599E+03 ###   Best rss: None (since last: 1)
1.600E+03 ###   Best rss: None (since last: 1)
1.602E+03 ###   Best rss: None (since last: 1)
1.604E+03 ###   Best rss: None (since last: 1)
1.606E+03 ###   Best rss: None (since last: 1)
1.608E+03 ###   Best rss: None (since last: 1)
1.610E+03 ###   Best rss: None (since last: 1)
1.611E+03 ###   Best rss: None (since last: 1)
1.613E+03 ###   Best rss: None (since last: 1)
1.615E+03 ###   Best rss: None (since last: 1)
1.617E+03 ###   Best rss: None (since last: 1)
1.619E+03 ###   Best rss: None (since last: 1)
1.621E+03 ###   Best rss: None (since last: 1)
1.622E+03 ###   Best rss: None (since last: 1)
1.625E+03 ###   Best rss: None (since last: 1)
1.627E+03 ###   Best rss: None (since last: 1)
1.629E+03 ###   Best rss: None (since last: 1)
1.630E+03 ###   Best rss: None (since last: 1)
1.632E+03 ###   Best rss: None (since last: 1)
####TIME#############LOG#####################################################
1.634E+03 ###   Best rss: None (since last: 1)
1.636E+03 ###   Best rss: None (since last: 1)
1.638E+03 ###   Best rss: None (since last: 1)
1.640E+03 ###   Best rss: None (since last: 1)
1.642E+03 ###   Best rss: None (since last: 1)
1.644E+03 ###   Best rss: None (since last: 1)
1.646E+03 ###   Best rss: None (since last: 1)
1.648E+03 ###   Best rss: None (since last: 1)
1.650E+03 ###   Best rss: None (since last: 1)
1.652E+03 ###   Best rss: None (since last: 1)
1.653E+03 ###   Best rss: None (since last: 1)
1.655E+03 ###   Best rss: None (since last: 1)
1.657E+03 ###   Best rss: None (since last: 1)
1.659E+03 ###   Best rss: None (since last: 1)
1.661E+03 ###   Best rss: None (since last: 1)
1.662E+03 ###   Best rss: None (since last: 1)
1.664E+03 ###   Best rss: None (since last: 1)
1.666E+03 ###   Best rss: None (since last: 1)
1.668E+03 ###   Best rss: None (since last: 1)
1.670E+03 ###   Best rss: None (since last: 1)
1.672E+03 ###   Best rss: None (since last: 1)
1.674E+03 ###   Best rss: None (since last: 1)
1.676E+03 ###   Best rss: None (since last: 1)
1.678E+03 ###   Best rss: None (since last: 1)
1.680E+03 ###   Best rss: None (since last: 1)
1.682E+03 ###   Best rss: None (since last: 1)
1.684E+03 ###   Best rss: None (since last: 1)
1.686E+03 ###   Best rss: None (since last: 1)
1.688E+03 ###   Best rss: None (since last: 1)
1.689E+03 ###   Best rss: None (since last: 1)
1.692E+03 ###   Best rss: None (since last: 1)
1.693E+03 ###   Best rss: None (since last: 1)
1.695E+03 ###   Best rss: None (since last: 1)
1.697E+03 ###   Best rss: None (since last: 1)
1.699E+03 ###   Best rss: None (since last: 1)
1.701E+03 ###   Best rss: None (since last: 1)
1.703E+03 ###   Best rss: None (since last: 1)
1.705E+03 ###   Best rss: None (since last: 1)
1.707E+03 ###   Best rss: None (since last: 1)
1.709E+03 ###   Best rss: None (since last: 1)
1.711E+03 ###   Best rss: None (since last: 1)
1.713E+03 ###   Best rss: None (since last: 1)
1.715E+03 ###   Best rss: None (since last: 1)
1.717E+03 ###   Best rss: None (since last: 1)
1.719E+03 ###   Best rss: None (since last: 1)
1.720E+03 ###   Best rss: None (since last: 1)
1.722E+03 ###   Best rss: None (since last: 1)
1.724E+03 ###   Best rss: None (since last: 1)
1.726E+03 ###   Best rss: None (since last: 1)
1.728E+03 ###   Best rss: None (since last: 1)
1.730E+03 ###   Best rss: None (since last: 1)
1.732E+03 ###   Best rss: None (since last: 1)
1.734E+03 ###   Best rss: None (since last: 1)
1.736E+03 ###   Best rss: None (since last: 1)
1.738E+03 ###   Best rss: None (since last: 1)
1.740E+03 ###   Best rss: None (since last: 1)
1.742E+03 ###   Best rss: None (since last: 1)
1.744E+03 ###   Best rss: None (since last: 1)
1.745E+03 ###   Best rss: None (since last: 1)
1.747E+03 ###   Best rss: None (since last: 1)
1.749E+03 ###   Best rss: None (since last: 1)
1.751E+03 ###   Best rss: None (since last: 1)
1.753E+03 ###   Best rss: None (since last: 1)
1.755E+03 ###   Best rss: None (since last: 1)
1.757E+03 ###   Best rss: None (since last: 1)
1.758E+03 ###   Best rss: None (since last: 1)
1.760E+03 ###   Best rss: None (since last: 1)
1.762E+03 ###   Best rss: None (since last: 1)
1.764E+03 ###   Best rss: None (since last: 1)
1.766E+03 ###   Best rss: None (since last: 1)
1.768E+03 ###   Best rss: None (since last: 1)
1.769E+03 ###   Best rss: None (since last: 1)
1.771E+03 ###   Best rss: None (since last: 1)
1.773E+03 ###   Best rss: None (since last: 1)
1.775E+03 ###   Best rss: None (since last: 1)
1.777E+03 ###   Best rss: None (since last: 1)
1.778E+03 ###   Best rss: None (since last: 1)
1.780E+03 ###   Best rss: None (since last: 1)
1.782E+03 ###   Best rss: None (since last: 1)
1.784E+03 ###   Best rss: None (since last: 1)
1.786E+03 ###   Best rss: None (since last: 1)
1.788E+03 ###   Best rss: None (since last: 1)
1.790E+03 ###   Best rss: None (since last: 1)
1.792E+03 ###   Best rss: None (since last: 1)
1.794E+03 ###   Best rss: None (since last: 1)
1.796E+03 ###   Best rss: None (since last: 1)
1.797E+03 ###   Best rss: None (since last: 1)
1.799E+03 ###   Best rss: None (since last: 1)
1.801E+03 ###   Best rss: None (since last: 1)
1.803E+03 ###   Best rss: None (since last: 1)
1.805E+03 ###   Best rss: None (since last: 1)
1.807E+03 ###   Best rss: None (since last: 1)
1.809E+03 ###   Best rss: None (since last: 1)
1.811E+03 ###   Best rss: None (since last: 1)
1.813E+03 ###   Best rss: None (since last: 1)
1.814E+03 ###   Best rss: None (since last: 1)
1.816E+03 ###   Best rss: None (since last: 1)
1.818E+03 ###   Best rss: None (since last: 1)
1.820E+03 ###   Best rss: None (since last: 1)
1.822E+03 ###   Best rss: None (since last: 1)
####TIME#############LOG#####################################################
1.824E+03 ###   Best rss: None (since last: 1)
1.826E+03 ###   Best rss: None (since last: 1)
1.828E+03 ###   Best rss: None (since last: 1)
1.830E+03 ###   Best rss: None (since last: 1)
1.832E+03 ###   Best rss: None (since last: 1)
1.834E+03 ###   Best rss: None (since last: 1)
1.835E+03 ###   Best rss: None (since last: 1)
1.837E+03 ###   Best rss: None (since last: 1)
1.839E+03 ###   Best rss: None (since last: 1)
1.841E+03 ###   Best rss: None (since last: 1)
1.843E+03 ###   Best rss: None (since last: 1)
1.845E+03 ###   Best rss: None (since last: 1)
1.846E+03 ###   Best rss: None (since last: 1)
1.848E+03 ###   Best rss: None (since last: 1)
1.850E+03 ###   Best rss: None (since last: 1)
1.852E+03 ###   Best rss: None (since last: 1)
1.854E+03 ###   Best rss: None (since last: 1)
1.855E+03 ###   Best rss: None (since last: 1)
1.857E+03 ###   Best rss: None (since last: 1)
1.859E+03 ###   Best rss: None (since last: 1)
1.861E+03 ###   Best rss: None (since last: 1)
1.863E+03 ###   Best rss: None (since last: 1)
1.865E+03 ###   Best rss: None (since last: 1)
1.867E+03 ###   Best rss: None (since last: 1)
1.869E+03 ###   Best rss: None (since last: 1)
1.871E+03 ###   Best rss: None (since last: 1)
1.873E+03 ###   Best rss: None (since last: 1)
1.875E+03 ###   Best rss: None (since last: 1)
1.877E+03 ###   Best rss: None (since last: 1)
1.879E+03 ###   Best rss: None (since last: 1)
1.880E+03 ###   Best rss: None (since last: 1)
1.883E+03 ###   Best rss: None (since last: 1)
1.885E+03 ###   Best rss: None (since last: 1)
1.887E+03 ###   Best rss: None (since last: 1)
1.888E+03 ###   Best rss: None (since last: 1)
1.890E+03 ###   Best rss: None (since last: 1)
1.892E+03 ###   Best rss: None (since last: 1)
1.894E+03 ###   Best rss: None (since last: 1)
1.896E+03 ###   Best rss: None (since last: 1)
1.897E+03 ###   Best rss: None (since last: 1)
1.899E+03 ###   Best rss: None (since last: 1)
1.901E+03 ###   Best rss: None (since last: 1)
1.903E+03 ###   Best rss: None (since last: 1)
1.905E+03 ###   Best rss: None (since last: 1)
1.907E+03 ###   Best rss: None (since last: 1)
1.909E+03 ###   Best rss: None (since last: 1)
1.911E+03 ###   Best rss: None (since last: 1)
1.913E+03 ###   Best rss: None (since last: 1)
1.914E+03 ###   Best rss: None (since last: 1)
1.916E+03 ###   Best rss: None (since last: 1)
1.918E+03 ###   Best rss: None (since last: 1)
1.920E+03 ###   Best rss: None (since last: 1)
1.922E+03 ###   Best rss: None (since last: 1)
1.924E+03 ###   Best rss: None (since last: 1)
1.926E+03 ###   Best rss: None (since last: 1)
1.928E+03 ###   Best rss: None (since last: 1)
1.930E+03 ###   Best rss: None (since last: 1)
1.931E+03 ###   Best rss: None (since last: 1)
1.934E+03 ###   Best rss: None (since last: 1)
1.936E+03 ###   Best rss: None (since last: 1)
1.938E+03 ###   Best rss: None (since last: 1)
1.940E+03 ###   Best rss: None (since last: 1)
1.941E+03 ###   Best rss: None (since last: 1)
1.943E+03 ###   Best rss: None (since last: 1)
1.946E+03 ###   Best rss: None (since last: 1)
1.947E+03 ###   Best rss: None (since last: 1)
1.949E+03 ###   Best rss: None (since last: 1)
1.951E+03 ###   Best rss: None (since last: 1)
1.953E+03 ###   Best rss: None (since last: 1)
1.955E+03 ###   Best rss: None (since last: 1)
1.957E+03 ###   Best rss: None (since last: 1)
1.958E+03 ###   Best rss: None (since last: 1)
1.960E+03 ###   Best rss: None (since last: 1)
1.962E+03 ###   Best rss: None (since last: 1)
1.964E+03 ###   Best rss: None (since last: 1)
1.966E+03 ###   Best rss: None (since last: 1)
1.968E+03 ###   Best rss: None (since last: 1)
1.970E+03 ###   Best rss: None (since last: 1)
1.972E+03 ###   Best rss: None (since last: 1)
1.974E+03 ###   Best rss: None (since last: 1)
1.976E+03 ###   Best rss: None (since last: 1)
1.978E+03 ###   Best rss: None (since last: 1)
1.981E+03 ###   Best rss: None (since last: 1)
1.983E+03 ###   Best rss: None (since last: 1)
1.984E+03 ###   Best rss: None (since last: 1)
1.986E+03 ###   Best rss: None (since last: 1)
1.988E+03 ###   Best rss: None (since last: 1)
1.990E+03 ###   Best rss: None (since last: 1)
1.992E+03 ###   Best rss: None (since last: 1)
1.994E+03 ###   Best rss: None (since last: 1)
1.997E+03 ###   Best rss: None (since last: 1)
1.999E+03 ###   Best rss: None (since last: 1)
2.001E+03 ###   Best rss: None (since last: 1)
2.004E+03 ###   Best rss: None (since last: 1)
2.006E+03 ###   Best rss: None (since last: 1)
2.008E+03 ###   Best rss: None (since last: 1)
2.010E+03 ###   Best rss: None (since last: 1)
2.012E+03 ###   Best rss: None (since last: 1)
2.014E+03 ###   Best rss: None (since last: 1)
2.017E+03 ###   Best rss: None (since last: 1)
####TIME#############LOG#####################################################
2.019E+03 ###   Best rss: None (since last: 1)
2.020E+03 ###   Best rss: None (since last: 1)
2.023E+03 ###   Best rss: None (since last: 1)
2.025E+03 ###   Best rss: None (since last: 1)
2.027E+03 ###   Best rss: None (since last: 1)
2.029E+03 ###   Best rss: None (since last: 1)
2.031E+03 ###   Best rss: None (since last: 1)
2.033E+03 ###   Best rss: None (since last: 1)
2.035E+03 ###   Best rss: None (since last: 1)
2.037E+03 ###   Best rss: None (since last: 1)
2.039E+03 ###   Best rss: None (since last: 1)
2.041E+03 ###   Best rss: None (since last: 1)
2.043E+03 ###   Best rss: None (since last: 1)
2.046E+03 ###   Best rss: None (since last: 1)
2.048E+03 ###   Best rss: None (since last: 1)
2.050E+03 ###   Best rss: None (since last: 1)
2.052E+03 ###   Best rss: None (since last: 1)
2.054E+03 ###   Best rss: None (since last: 1)
2.056E+03 ###   Best rss: None (since last: 1)
2.058E+03 ###   Best rss: None (since last: 1)
2.060E+03 ###   Best rss: None (since last: 1)
2.062E+03 ###   Best rss: None (since last: 1)
2.064E+03 ###   Best rss: None (since last: 1)
2.066E+03 ###   Best rss: None (since last: 1)
2.069E+03 ###   Best rss: None (since last: 1)
2.071E+03 ###   Best rss: None (since last: 1)
2.073E+03 ###   Best rss: None (since last: 1)
2.076E+03 ###   Best rss: None (since last: 1)
2.078E+03 ###   Best rss: None (since last: 1)
2.080E+03 ###   Best rss: None (since last: 1)
2.082E+03 ###   Best rss: None (since last: 1)
2.084E+03 ###   Best rss: None (since last: 1)
2.086E+03 ###   Best rss: None (since last: 1)
2.088E+03 ###   Best rss: None (since last: 1)
2.091E+03 ###   Best rss: None (since last: 1)
2.093E+03 ###   Best rss: None (since last: 1)
2.095E+03 ###   Best rss: None (since last: 1)
2.097E+03 ###   Best rss: None (since last: 1)
2.099E+03 ###   Best rss: None (since last: 1)
2.101E+03 ###   Best rss: None (since last: 1)
2.103E+03 ###   Best rss: None (since last: 1)
2.106E+03 ###   Best rss: None (since last: 1)
2.108E+03 ###   Best rss: None (since last: 1)
2.110E+03 ###   Best rss: None (since last: 1)
2.112E+03 ###   Best rss: None (since last: 1)
2.114E+03 ###   Best rss: None (since last: 1)
2.116E+03 ###   Best rss: None (since last: 1)
2.118E+03 ###   Best rss: None (since last: 1)
2.120E+03 ###   Best rss: None (since last: 1)
2.123E+03 ###   Best rss: None (since last: 1)
2.125E+03 ###   Best rss: None (since last: 1)
2.127E+03 ###   Best rss: None (since last: 1)
2.129E+03 ###   Best rss: None (since last: 1)
2.131E+03 ###   Best rss: None (since last: 1)
2.133E+03 ###   Best rss: None (since last: 1)
2.135E+03 ###   Best rss: None (since last: 1)
2.137E+03 ###   Best rss: None (since last: 1)
2.139E+03 ###   Best rss: None (since last: 1)
2.141E+03 ###   Best rss: None (since last: 1)
2.143E+03 ###   Best rss: None (since last: 1)
2.145E+03 ###   Best rss: None (since last: 1)
2.147E+03 ###   Best rss: None (since last: 1)
2.149E+03 ###   Best rss: None (since last: 1)
2.151E+03 ###   Best rss: None (since last: 1)
2.153E+03 ###   Best rss: None (since last: 1)
2.155E+03 ###   Best rss: None (since last: 1)
2.157E+03 ###   Best rss: None (since last: 1)
2.159E+03 ###   Best rss: None (since last: 1)
2.161E+03 ###   Best rss: None (since last: 1)
2.163E+03 ###   Best rss: None (since last: 1)
2.165E+03 ###   Best rss: None (since last: 1)
2.167E+03 ###   Best rss: None (since last: 1)
2.170E+03 ###   Best rss: None (since last: 1)
2.172E+03 ###   Best rss: None (since last: 1)
2.173E+03 ###   Best rss: None (since last: 1)
2.176E+03 ###   Best rss: None (since last: 1)
2.178E+03 ###   Best rss: None (since last: 1)
2.180E+03 ###   Best rss: None (since last: 1)
2.182E+03 ###   Best rss: None (since last: 1)
2.184E+03 ###   Best rss: None (since last: 1)
2.186E+03 ###   Best rss: None (since last: 1)
2.188E+03 ###   Best rss: None (since last: 1)
2.190E+03 ###   Best rss: None (since last: 1)
2.192E+03 ###   Best rss: None (since last: 1)
2.194E+03 ###   Best rss: None (since last: 1)
2.196E+03 ###   Best rss: None (since last: 1)
2.198E+03 ###   Best rss: None (since last: 1)
2.200E+03 ###   Best rss: None (since last: 1)
2.202E+03 ###   Best rss: None (since last: 1)
2.204E+03 ###   Best rss: None (since last: 1)
2.206E+03 ###   Best rss: None (since last: 1)
2.209E+03 ###   Best rss: None (since last: 1)
2.211E+03 ###   Best rss: None (since last: 1)
2.212E+03 ###   Best rss: None (since last: 1)
2.215E+03 ###   Best rss: None (since last: 1)
2.217E+03 ###   Best rss: None (since last: 1)
2.219E+03 ###   Best rss: None (since last: 1)
2.221E+03 ###   Best rss: None (since last: 1)
2.223E+03 ###   Best rss: None (since last: 1)
2.225E+03 ###   Best rss: None (since last: 1)
####TIME#############LOG#####################################################
2.227E+03 ###   Best rss: None (since last: 1)
2.229E+03 ###   Best rss: None (since last: 1)
2.231E+03 ###   Best rss: None (since last: 1)
2.233E+03 ###   Best rss: None (since last: 1)
2.235E+03 ###   Best rss: None (since last: 1)
2.237E+03 ###   Best rss: None (since last: 1)
2.239E+03 ###   Best rss: None (since last: 1)
2.241E+03 ###   Best rss: None (since last: 1)
2.243E+03 ###   Best rss: None (since last: 1)
2.245E+03 ###   Best rss: None (since last: 1)
2.247E+03 ###   Best rss: None (since last: 1)
2.249E+03 ###   Best rss: None (since last: 1)
2.251E+03 ###   Best rss: None (since last: 1)
2.253E+03 ###   Best rss: None (since last: 1)
2.255E+03 ###   Best rss: None (since last: 1)
2.257E+03 ###   Best rss: None (since last: 1)
2.259E+03 ###   Best rss: None (since last: 1)
2.261E+03 ###   Best rss: None (since last: 1)
2.263E+03 ###   Best rss: None (since last: 1)
2.265E+03 ###   Best rss: None (since last: 1)
2.267E+03 ###   Best rss: None (since last: 1)
2.269E+03 ###   Best rss: None (since last: 1)
2.271E+03 ###   Best rss: None (since last: 1)
2.272E+03 ###   Best rss: None (since last: 1)
2.275E+03 ###   Best rss: None (since last: 1)
2.277E+03 ###   Best rss: None (since last: 1)
2.279E+03 ###   Best rss: None (since last: 1)
2.280E+03 ###   Best rss: None (since last: 1)
2.282E+03 ###   Best rss: None (since last: 1)
2.284E+03 ###   Best rss: None (since last: 1)
2.286E+03 ###   Best rss: None (since last: 1)
2.288E+03 ###   Best rss: None (since last: 1)
2.290E+03 ###   Best rss: None (since last: 1)
2.292E+03 ###   Best rss: None (since last: 1)
2.294E+03 ###   Best rss: None (since last: 1)
2.296E+03 ###   Best rss: None (since last: 1)
2.298E+03 ###   Best rss: None (since last: 1)
2.300E+03 ###   Best rss: None (since last: 1)
2.302E+03 ###   Best rss: None (since last: 1)
2.304E+03 ###   Best rss: None (since last: 1)
2.306E+03 ###   Best rss: None (since last: 1)
2.308E+03 ###   Best rss: None (since last: 1)
2.311E+03 ###   Best rss: None (since last: 1)
2.313E+03 ###   Best rss: None (since last: 1)
2.315E+03 ###   Best rss: None (since last: 1)
2.316E+03 ###   Best rss: None (since last: 1)
2.318E+03 ###   Best rss: None (since last: 1)
2.320E+03 ###   Best rss: None (since last: 1)
2.322E+03 ###   Best rss: None (since last: 1)
2.324E+03 ###   Best rss: None (since last: 1)
2.326E+03 ###   Best rss: None (since last: 1)
2.328E+03 ###   Best rss: None (since last: 1)
2.331E+03 ###   Best rss: None (since last: 1)
2.333E+03 ###   Best rss: None (since last: 1)
2.335E+03 ###   Best rss: None (since last: 1)
2.336E+03 ###   Best rss: None (since last: 1)
2.338E+03 ###   Best rss: None (since last: 1)
2.340E+03 ###   Best rss: None (since last: 1)
2.342E+03 ###   Best rss: None (since last: 1)
2.344E+03 ###   Best rss: None (since last: 1)
2.346E+03 ###   Best rss: None (since last: 1)
2.348E+03 ###   Best rss: None (since last: 1)
2.350E+03 ###   Best rss: None (since last: 1)
2.352E+03 ###   Best rss: None (since last: 1)
2.354E+03 ###   Best rss: None (since last: 1)
2.356E+03 ###   Best rss: None (since last: 1)
2.358E+03 ###   Best rss: None (since last: 1)
2.360E+03 ###   Best rss: None (since last: 1)
2.362E+03 ###   Best rss: None (since last: 1)
2.364E+03 ###   Best rss: None (since last: 1)
2.366E+03 ###   Best rss: None (since last: 1)
2.368E+03 ###   Best rss: None (since last: 1)
2.370E+03 ###   Best rss: None (since last: 1)
2.372E+03 ###   Best rss: None (since last: 1)
2.374E+03 ###   Best rss: None (since last: 1)
2.377E+03 ###   Best rss: None (since last: 1)
2.379E+03 ###   Best rss: None (since last: 1)
2.381E+03 ###   Best rss: None (since last: 1)
2.383E+03 ###   Best rss: None (since last: 1)
2.385E+03 ###   Best rss: None (since last: 1)
2.387E+03 ###   Best rss: None (since last: 1)
2.389E+03 ###   Best rss: None (since last: 1)
2.391E+03 ###   Best rss: None (since last: 1)
2.393E+03 ###   Best rss: None (since last: 1)
2.394E+03 ###   Best rss: None (since last: 1)
2.396E+03 ###   Best rss: None (since last: 1)
2.398E+03 ###   Best rss: None (since last: 1)
2.400E+03 ###   Best rss: None (since last: 1)
2.402E+03 ###   Best rss: None (since last: 1)
2.404E+03 ###   Best rss: None (since last: 1)
2.406E+03 ###   Best rss: None (since last: 1)
2.408E+03 ###   Best rss: None (since last: 1)
2.410E+03 ###   Best rss: None (since last: 1)
2.412E+03 ###   Best rss: None (since last: 1)
2.414E+03 ###   Best rss: None (since last: 1)
2.416E+03 ###   Best rss: None (since last: 1)
2.418E+03 ###   Best rss: None (since last: 1)
2.420E+03 ###   Best rss: None (since last: 1)
2.422E+03 ###   Best rss: None (since last: 1)
2.424E+03 ###   Best rss: None (since last: 1)
####TIME#############LOG#####################################################
2.426E+03 ###   Best rss: None (since last: 1)
2.428E+03 ###   Best rss: None (since last: 1)
2.430E+03 ###   Best rss: None (since last: 1)
2.432E+03 ###   Best rss: None (since last: 1)
2.434E+03 ###   Best rss: None (since last: 1)
2.435E+03 ###   Best rss: None (since last: 1)
2.437E+03 ###   Best rss: None (since last: 1)
2.439E+03 ###   Best rss: None (since last: 1)
2.442E+03 ###   Best rss: None (since last: 1)
2.443E+03 ###   Best rss: None (since last: 1)
2.445E+03 ###   Best rss: None (since last: 1)
2.447E+03 ###   Best rss: None (since last: 1)
2.449E+03 ###   Best rss: None (since last: 1)
2.451E+03 ###   Best rss: None (since last: 1)
2.453E+03 ###   Best rss: None (since last: 1)
2.454E+03 ###   Best rss: None (since last: 1)
2.456E+03 ###   Best rss: None (since last: 1)
2.458E+03 ###   Best rss: None (since last: 1)
2.460E+03 ###   Best rss: None (since last: 1)
2.462E+03 ###   Best rss: None (since last: 1)
2.464E+03 ###   Best rss: None (since last: 1)
2.467E+03 ###   Best rss: None (since last: 1)
2.469E+03 ###   Best rss: None (since last: 1)
2.471E+03 ###   Best rss: None (since last: 1)
2.472E+03 ###   Best rss: None (since last: 1)
2.474E+03 ###   Best rss: None (since last: 1)
2.476E+03 ###   Best rss: None (since last: 1)
2.478E+03 ###   Best rss: None (since last: 1)
2.480E+03 ###   Best rss: None (since last: 1)
2.482E+03 ###   Best rss: None (since last: 1)
2.484E+03 ###   Best rss: None (since last: 1)
2.486E+03 ###   Best rss: None (since last: 1)
2.488E+03 ###   Best rss: None (since last: 1)
2.490E+03 ###   Best rss: None (since last: 1)
2.492E+03 ###   Best rss: None (since last: 1)
2.494E+03 ###   Best rss: None (since last: 1)
2.496E+03 ###   Best rss: None (since last: 1)
2.498E+03 ###   Best rss: None (since last: 1)
2.500E+03 ###   Best rss: None (since last: 1)
2.502E+03 ###   Best rss: None (since last: 1)
2.505E+03 ###   Best rss: None (since last: 1)
2.507E+03 ###   Best rss: None (since last: 1)
2.509E+03 ###   Best rss: None (since last: 1)
2.511E+03 ###   Best rss: None (since last: 1)
2.513E+03 ###   Best rss: None (since last: 1)
2.515E+03 ###   Best rss: None (since last: 1)
2.517E+03 ###   Best rss: None (since last: 1)
2.519E+03 ###   Best rss: None (since last: 1)
2.521E+03 ###   Best rss: None (since last: 1)
2.522E+03 ###   Best rss: None (since last: 1)
2.525E+03 ###   Best rss: None (since last: 1)
2.527E+03 ###   Best rss: None (since last: 1)
2.529E+03 ###   Best rss: None (since last: 1)
2.531E+03 ###   Best rss: None (since last: 1)
2.533E+03 ###   Best rss: None (since last: 1)
2.535E+03 ###   Best rss: None (since last: 1)
2.537E+03 ###   Best rss: None (since last: 1)
2.539E+03 ###   Best rss: None (since last: 1)
2.541E+03 ###   Best rss: None (since last: 1)
2.543E+03 ###   Best rss: None (since last: 1)
2.545E+03 ###   Best rss: None (since last: 1)
2.546E+03 ###   Best rss: None (since last: 1)
2.548E+03 ###   Best rss: None (since last: 1)
2.550E+03 ###   Best rss: None (since last: 1)
2.552E+03 ###   Best rss: None (since last: 1)
2.554E+03 ###   Best rss: None (since last: 1)
2.556E+03 ###   Best rss: None (since last: 1)
2.558E+03 ###   Best rss: None (since last: 1)
2.560E+03 ###   Best rss: None (since last: 1)
2.562E+03 ###   Best rss: None (since last: 1)
2.564E+03 ###   Best rss: None (since last: 1)
2.566E+03 ###   Best rss: None (since last: 1)
2.568E+03 ###   Best rss: None (since last: 1)
2.570E+03 ###   Best rss: None (since last: 1)
2.572E+03 ###   Best rss: None (since last: 1)
2.574E+03 ###   Best rss: None (since last: 1)
2.576E+03 ###   Best rss: None (since last: 1)
2.578E+03 ###   Best rss: None (since last: 1)
2.580E+03 ###   Best rss: None (since last: 1)
2.582E+03 ###   Best rss: None (since last: 1)
2.585E+03 ###   Best rss: None (since last: 1)
2.587E+03 ###   Best rss: None (since last: 1)
2.588E+03 ###   Best rss: None (since last: 1)
2.590E+03 ###   Best rss: None (since last: 1)
2.593E+03 ###   Best rss: None (since last: 1)
2.595E+03 ###   Best rss: None (since last: 1)
2.597E+03 ###   Best rss: None (since last: 1)
2.599E+03 ###   Best rss: None (since last: 1)
2.601E+03 ###   Best rss: None (since last: 1)
2.602E+03 ###   Best rss: None (since last: 1)
2.604E+03 ###   Best rss: None (since last: 1)
2.606E+03 ###   Best rss: None (since last: 1)
2.608E+03 ###   Best rss: None (since last: 1)
2.610E+03 ###   Best rss: None (since last: 1)
2.612E+03 ###   Best rss: None (since last: 1)
2.614E+03 ###   Best rss: None (since last: 1)
2.616E+03 ###   Best rss: None (since last: 1)
2.618E+03 ###   Best rss: None (since last: 1)
2.620E+03 ###   Best rss: None (since last: 1)
2.622E+03 ###   Best rss: None (since last: 1)
####TIME#############LOG#####################################################
2.624E+03 ###   Best rss: None (since last: 1)
2.626E+03 ###   Best rss: None (since last: 1)
2.628E+03 ###   Best rss: None (since last: 1)
2.630E+03 ###   Best rss: None (since last: 1)
2.633E+03 ###   Best rss: None (since last: 1)
2.635E+03 ###   Best rss: None (since last: 1)
2.637E+03 ###   Best rss: None (since last: 1)
2.639E+03 ###   Best rss: None (since last: 1)
2.641E+03 ###   Best rss: None (since last: 1)
2.643E+03 ###   Best rss: None (since last: 1)
2.646E+03 ###   Best rss: None (since last: 1)
2.648E+03 ###   Best rss: None (since last: 1)
2.652E+03 ###   Best rss: None (since last: 1)
2.654E+03 ###   Best rss: None (since last: 1)
2.657E+03 ###   Best rss: None (since last: 1)
2.659E+03 ###   Best rss: None (since last: 1)
2.661E+03 ###   Best rss: None (since last: 1)
2.663E+03 ###   Best rss: None (since last: 1)
2.665E+03 ###   Best rss: None (since last: 1)
2.667E+03 ###   Best rss: None (since last: 1)
2.669E+03 ###   Best rss: None (since last: 1)
2.671E+03 ###   Best rss: None (since last: 1)
2.674E+03 ###   Best rss: None (since last: 1)
2.676E+03 ###   Best rss: None (since last: 1)
2.678E+03 ###   Best rss: None (since last: 1)
2.680E+03 ###   Best rss: None (since last: 1)
2.682E+03 ###   Best rss: None (since last: 1)
2.684E+03 ###   Best rss: None (since last: 1)
2.686E+03 ###   Best rss: None (since last: 1)
2.688E+03 ###   Best rss: None (since last: 1)
2.691E+03 ###   Best rss: None (since last: 1)
2.693E+03 ###   Best rss: None (since last: 1)
2.695E+03 ###   Best rss: None (since last: 1)
2.697E+03 ###   Best rss: None (since last: 1)
2.703E+03 ###   Best rss: None (since last: 1)
2.707E+03 ###   Best rss: None (since last: 1)
2.709E+03 ###   Best rss: None (since last: 1)
2.711E+03 ###   Best rss: None (since last: 1)
2.714E+03 ###   Best rss: None (since last: 1)
2.716E+03 ###   Best rss: None (since last: 1)
2.718E+03 ###   Best rss: None (since last: 1)
2.720E+03 ###   Best rss: None (since last: 1)
2.723E+03 ###   Best rss: None (since last: 1)
2.725E+03 ###   Best rss: None (since last: 1)
2.727E+03 ###   Best rss: None (since last: 1)
2.730E+03 ###   Best rss: None (since last: 1)
2.732E+03 ###   Best rss: None (since last: 1)
2.734E+03 ###   Best rss: None (since last: 1)
2.736E+03 ###   Best rss: None (since last: 1)
2.738E+03 ###   Best rss: None (since last: 1)
2.742E+03 ###   Best rss: None (since last: 1)
2.747E+03 ###   Best rss: None (since last: 1)
2.749E+03 ###   Best rss: None (since last: 1)
2.751E+03 ###   Best rss: None (since last: 1)
2.753E+03 ###   Best rss: None (since last: 1)
2.755E+03 ###   Best rss: None (since last: 1)
2.757E+03 ###   Best rss: None (since last: 1)
2.759E+03 ###   Best rss: None (since last: 1)
2.763E+03 ###   Best rss: None (since last: 1)
2.766E+03 ###   Best rss: None (since last: 1)
2.768E+03 ###   Best rss: None (since last: 1)
2.770E+03 ###   Best rss: None (since last: 1)
2.772E+03 ###   Best rss: None (since last: 1)
2.774E+03 ###   Best rss: None (since last: 1)
2.777E+03 ###   Best rss: None (since last: 1)
2.779E+03 ###   Best rss: None (since last: 1)
2.781E+03 ###   Best rss: None (since last: 1)
2.783E+03 ###   Best rss: None (since last: 1)
2.785E+03 ###   Best rss: None (since last: 1)
2.789E+03 ###   Best rss: None (since last: 1)
2.792E+03 ###   Best rss: None (since last: 1)
2.795E+03 ###   Best rss: None (since last: 1)
2.797E+03 ###   Best rss: None (since last: 1)
2.799E+03 ###   Best rss: None (since last: 1)
2.801E+03 ###   Best rss: None (since last: 1)
2.804E+03 ###   Best rss: None (since last: 1)
2.806E+03 ###   Best rss: None (since last: 1)
2.808E+03 ###   Best rss: None (since last: 1)
2.813E+03 ###   Best rss: None (since last: 1)
2.815E+03 ###   Best rss: None (since last: 1)
2.819E+03 ###   Best rss: None (since last: 1)
2.824E+03 ###   Best rss: None (since last: 1)
2.826E+03 ###   Best rss: None (since last: 1)
2.829E+03 ###   Best rss: None (since last: 1)
2.831E+03 ###   Best rss: None (since last: 1)
2.833E+03 ###   Best rss: None (since last: 1)
2.836E+03 ###   Best rss: None (since last: 1)
2.838E+03 ###   Best rss: None (since last: 1)
2.840E+03 ###   Best rss: None (since last: 1)
2.842E+03 ###   Best rss: None (since last: 1)
2.844E+03 ###   Best rss: None (since last: 1)
2.847E+03 ###   Best rss: None (since last: 1)
2.849E+03 ###   Best rss: None (since last: 1)
2.851E+03 ###   Best rss: None (since last: 1)
2.853E+03 ###   Best rss: None (since last: 1)
2.855E+03 ###   Best rss: None (since last: 1)
2.857E+03 ###   Best rss: None (since last: 1)
2.859E+03 ###   Best rss: None (since last: 1)
2.861E+03 ###   Best rss: None (since last: 1)
2.863E+03 ###   Best rss: None (since last: 1)
####TIME#############LOG#####################################################
2.866E+03 ###   Best rss: None (since last: 1)
2.869E+03 ###   Best rss: None (since last: 1)
2.871E+03 ###   Best rss: None (since last: 1)
2.873E+03 ###   Best rss: None (since last: 1)
2.875E+03 ###   Best rss: None (since last: 1)
2.877E+03 ###   Best rss: None (since last: 1)
2.882E+03 ###   Best rss: None (since last: 1)
2.885E+03 ###   Best rss: None (since last: 1)
2.887E+03 ###   Best rss: None (since last: 1)
2.889E+03 ###   Best rss: None (since last: 1)
2.891E+03 ###   Best rss: None (since last: 1)
2.893E+03 ###   Best rss: None (since last: 1)
2.895E+03 ###   Best rss: None (since last: 1)
2.897E+03 ###   Best rss: None (since last: 1)
2.900E+03 ###   Best rss: None (since last: 1)
2.902E+03 ###   Best rss: None (since last: 1)
2.904E+03 ###   Best rss: None (since last: 1)
2.906E+03 ###   Best rss: None (since last: 1)
2.908E+03 ###   Best rss: None (since last: 1)
2.910E+03 ###   Best rss: None (since last: 1)
2.912E+03 ###   Best rss: None (since last: 1)
2.914E+03 ###   Best rss: None (since last: 1)
2.916E+03 ###   Best rss: None (since last: 1)
2.923E+03 ###   Best rss: None (since last: 1)
2.925E+03 ###   Best rss: None (since last: 1)
2.927E+03 ###   Best rss: None (since last: 1)
2.929E+03 ###   Best rss: None (since last: 1)
2.933E+03 ###   Best rss: None (since last: 1)
2.938E+03 ###   Best rss: None (since last: 1)
2.940E+03 ###   Best rss: None (since last: 1)
2.944E+03 ###   Best rss: None (since last: 1)
2.946E+03 ###   Best rss: None (since last: 1)
2.948E+03 ###   Best rss: None (since last: 1)
2.950E+03 ###   Best rss: None (since last: 1)
2.952E+03 ###   Best rss: None (since last: 1)
2.954E+03 ###   Best rss: None (since last: 1)
2.956E+03 ###   Best rss: None (since last: 1)
2.958E+03 ###   Best rss: None (since last: 1)
2.960E+03 ###   Best rss: None (since last: 1)
2.962E+03 ###   Best rss: None (since last: 1)
2.964E+03 ###   Best rss: None (since last: 1)
2.966E+03 ###   Best rss: None (since last: 1)
2.968E+03 ###   Best rss: None (since last: 1)
2.970E+03 ###   Best rss: None (since last: 1)
2.972E+03 ###   Best rss: None (since last: 1)
2.974E+03 ###   Best rss: None (since last: 1)
2.976E+03 ###   Best rss: None (since last: 1)
2.978E+03 ###   Best rss: None (since last: 1)
2.980E+03 ###   Best rss: None (since last: 1)
2.982E+03 ###   Best rss: None (since last: 1)
2.984E+03 ###   Best rss: None (since last: 1)
2.986E+03 ###   Best rss: None (since last: 1)
2.988E+03 ###   Best rss: None (since last: 1)
2.990E+03 ###   Best rss: None (since last: 1)
2.992E+03 ###   Best rss: None (since last: 1)
2.994E+03 ###   Best rss: None (since last: 1)
2.996E+03 ###   Best rss: None (since last: 1)
2.998E+03 ###   Best rss: None (since last: 1)
3.000E+03 ###   Best rss: None (since last: 1)
3.002E+03 ###   Best rss: None (since last: 1)
3.004E+03 ###   Best rss: None (since last: 1)
3.006E+03 ###   Best rss: None (since last: 1)
3.008E+03 ###   Best rss: None (since last: 1)
3.010E+03 ###   Best rss: None (since last: 1)
3.012E+03 ###   Best rss: None (since last: 1)
3.014E+03 ###   Best rss: None (since last: 1)
3.016E+03 ###   Best rss: None (since last: 1)
3.017E+03 ###   Best rss: None (since last: 1)
3.019E+03 ###   Best rss: None (since last: 1)
3.021E+03 ###   Best rss: None (since last: 1)
3.023E+03 ###   Best rss: None (since last: 1)
3.025E+03 ###   Best rss: None (since last: 1)
3.027E+03 ###   Best rss: None (since last: 1)
3.029E+03 ###   Best rss: None (since last: 1)
3.031E+03 ###   Best rss: None (since last: 1)
3.033E+03 ###   Best rss: None (since last: 1)
3.034E+03 ###   Best rss: None (since last: 1)
3.036E+03 ###   Best rss: None (since last: 1)
3.038E+03 ###   Best rss: None (since last: 1)
3.040E+03 ###   Best rss: None (since last: 1)
3.042E+03 ###   Best rss: None (since last: 1)
3.043E+03 ###   Best rss: None (since last: 1)
3.045E+03 ###   Best rss: None (since last: 1)
3.047E+03 ###   Best rss: None (since last: 1)
3.049E+03 ###   Best rss: None (since last: 1)
3.051E+03 ###   Best rss: None (since last: 1)
3.053E+03 ###   Best rss: None (since last: 1)
3.055E+03 ###   Best rss: None (since last: 1)
3.056E+03 ###   Best rss: None (since last: 1)
3.058E+03 ###   Best rss: None (since last: 1)
3.060E+03 ###   Best rss: None (since last: 1)
3.062E+03 ###   Best rss: None (since last: 1)
3.064E+03 ###   Best rss: None (since last: 1)
3.066E+03 ###   Best rss: None (since last: 1)
3.067E+03 ###   Best rss: None (since last: 1)
3.069E+03 ###   Best rss: None (since last: 1)
3.071E+03 ###   Best rss: None (since last: 1)
3.073E+03 ###   Best rss: None (since last: 1)
3.075E+03 ###   Best rss: None (since last: 1)
3.076E+03 ###   Best rss: None (since last: 1)
####TIME#############LOG#####################################################
3.078E+03 ###   Best rss: None (since last: 1)
3.080E+03 ###   Best rss: None (since last: 1)
3.082E+03 ###   Best rss: None (since last: 1)
3.084E+03 ###   Best rss: None (since last: 1)
3.085E+03 ###   Best rss: None (since last: 1)
3.087E+03 ###   Best rss: None (since last: 1)
3.089E+03 ###   Best rss: None (since last: 1)
3.091E+03 ###   Best rss: None (since last: 1)
3.093E+03 ###   Best rss: None (since last: 1)
3.094E+03 ###   Best rss: None (since last: 1)
3.096E+03 ###   Best rss: None (since last: 1)
3.098E+03 ###   Best rss: None (since last: 1)
3.100E+03 ###   Best rss: None (since last: 1)
3.102E+03 ###   Best rss: None (since last: 1)
3.104E+03 ###   Best rss: None (since last: 1)
3.105E+03 ###   Best rss: None (since last: 1)
3.107E+03 ###   Best rss: None (since last: 1)
3.109E+03 ###   Best rss: None (since last: 1)
3.111E+03 ###   Best rss: None (since last: 1)
3.113E+03 ###   Best rss: None (since last: 1)
3.114E+03 ###   Best rss: None (since last: 1)
3.116E+03 ###   Best rss: None (since last: 1)
3.118E+03 ###   Best rss: None (since last: 1)
3.120E+03 ###   Best rss: None (since last: 1)
3.122E+03 ###   Best rss: None (since last: 1)
3.123E+03 ###   Best rss: None (since last: 1)
3.125E+03 ###   Best rss: None (since last: 1)
3.127E+03 ###   Best rss: None (since last: 1)
3.129E+03 ###   Best rss: None (since last: 1)
3.131E+03 ###   Best rss: None (since last: 1)
3.133E+03 ###   Best rss: None (since last: 1)
3.134E+03 ###   Best rss: None (since last: 1)
3.136E+03 ###   Best rss: None (since last: 1)
3.138E+03 ###   Best rss: None (since last: 1)
3.140E+03 ###   Best rss: None (since last: 1)
3.142E+03 ###   Best rss: None (since last: 1)
3.143E+03 ###   Best rss: None (since last: 1)
3.145E+03 ###   Best rss: None (since last: 1)
3.147E+03 ###   Best rss: None (since last: 1)
3.149E+03 ###   Best rss: None (since last: 1)
3.151E+03 ###   Best rss: None (since last: 1)
3.152E+03 ###   Best rss: None (since last: 1)
3.154E+03 ###   Best rss: None (since last: 1)
3.156E+03 ###   Best rss: None (since last: 1)
3.158E+03 ###   Best rss: None (since last: 1)
3.160E+03 ###   Best rss: None (since last: 1)
3.161E+03 ###   Best rss: None (since last: 1)
3.163E+03 ###   Best rss: None (since last: 1)
3.165E+03 ###   Best rss: None (since last: 1)
3.167E+03 ###   Best rss: None (since last: 1)
3.169E+03 ###   Best rss: None (since last: 1)
3.170E+03 ###   Best rss: None (since last: 1)
3.172E+03 ###   Best rss: None (since last: 1)
3.174E+03 ###   Best rss: None (since last: 1)
3.176E+03 ###   Best rss: None (since last: 1)
3.178E+03 ###   Best rss: None (since last: 1)
3.180E+03 ###   Best rss: None (since last: 1)
3.182E+03 ###   Best rss: None (since last: 1)
3.183E+03 ###   Best rss: None (since last: 1)
3.186E+03 ###   Best rss: None (since last: 1)
3.187E+03 ###   Best rss: None (since last: 1)
3.189E+03 ###   Best rss: None (since last: 1)
3.191E+03 ###   Best rss: None (since last: 1)
3.193E+03 ###   Best rss: None (since last: 1)
3.195E+03 ###   Best rss: None (since last: 1)
3.197E+03 ###   Best rss: None (since last: 1)
3.198E+03 ###   Best rss: None (since last: 1)
3.201E+03 ###   Best rss: None (since last: 1)
3.202E+03 ###   Best rss: None (since last: 1)
3.204E+03 ###   Best rss: None (since last: 1)
3.206E+03 ###   Best rss: None (since last: 1)
3.208E+03 ###   Best rss: None (since last: 1)
3.210E+03 ###   Best rss: None (since last: 1)
3.212E+03 ###   Best rss: None (since last: 1)
3.214E+03 ###   Best rss: None (since last: 1)
3.216E+03 ###   Best rss: None (since last: 1)
3.218E+03 ###   Best rss: None (since last: 1)
3.220E+03 ###   Best rss: None (since last: 1)
3.221E+03 ###   Best rss: None (since last: 1)
3.223E+03 ###   Best rss: None (since last: 1)
3.225E+03 ###   Best rss: None (since last: 1)
3.227E+03 ###   Best rss: None (since last: 1)
3.229E+03 ###   Best rss: None (since last: 1)
3.231E+03 ###   Best rss: None (since last: 1)
3.233E+03 ###   Best rss: None (since last: 1)
3.235E+03 ###   Best rss: None (since last: 1)
3.237E+03 ###   Best rss: None (since last: 1)
3.239E+03 ###   Best rss: None (since last: 1)
3.241E+03 ###   Best rss: None (since last: 1)
3.242E+03 ###   Best rss: None (since last: 1)
3.244E+03 ###   Best rss: None (since last: 1)
3.246E+03 ###   Best rss: None (since last: 1)
3.248E+03 ###   Best rss: None (since last: 1)
3.250E+03 ###   Best rss: None (since last: 1)
3.252E+03 ###   Best rss: None (since last: 1)
3.254E+03 ###   Best rss: None (since last: 1)
3.256E+03 ###   Best rss: None (since last: 1)
3.258E+03 ###   Best rss: None (since last: 1)
3.260E+03 ###   Best rss: None (since last: 1)
3.262E+03 ###   Best rss: None (since last: 1)
####TIME#############LOG#####################################################
3.264E+03 ###   Best rss: None (since last: 1)
3.266E+03 ###   Best rss: None (since last: 1)
3.267E+03 ###   Best rss: None (since last: 1)
3.269E+03 ###   Best rss: None (since last: 1)
3.271E+03 ###   Best rss: None (since last: 1)
3.273E+03 ###   Best rss: None (since last: 1)
3.275E+03 ###   Best rss: None (since last: 1)
3.277E+03 ###   Best rss: None (since last: 1)
3.279E+03 ###   Best rss: None (since last: 1)
3.281E+03 ###   Best rss: None (since last: 1)
3.282E+03 ###   Best rss: None (since last: 1)
3.284E+03 ###   Best rss: None (since last: 1)
3.286E+03 ###   Best rss: None (since last: 1)
3.288E+03 ###   Best rss: None (since last: 1)
3.290E+03 ###   Best rss: None (since last: 1)
3.292E+03 ###   Best rss: None (since last: 1)
3.294E+03 ###   Best rss: None (since last: 1)
3.295E+03 ###   Best rss: None (since last: 1)
3.297E+03 ###   Best rss: None (since last: 1)
3.299E+03 ###   Best rss: None (since last: 1)
3.301E+03 ###   Best rss: None (since last: 1)
3.303E+03 ###   Best rss: None (since last: 1)
3.305E+03 ###   Best rss: None (since last: 1)
3.307E+03 ###   Best rss: None (since last: 1)
3.309E+03 ###   Best rss: None (since last: 1)
3.311E+03 ###   Best rss: None (since last: 1)
3.313E+03 ###   Best rss: None (since last: 1)
3.314E+03 ###   Best rss: None (since last: 1)
3.316E+03 ###   Best rss: None (since last: 1)
3.318E+03 ###   Best rss: None (since last: 1)
3.320E+03 ###   Best rss: None (since last: 1)
3.322E+03 ###   Best rss: None (since last: 1)
3.323E+03 ###   Best rss: None (since last: 1)
3.325E+03 ###   Best rss: None (since last: 1)
3.327E+03 ###   Best rss: None (since last: 1)
3.329E+03 ###   Best rss: None (since last: 1)
3.331E+03 ###   Best rss: None (since last: 1)
3.332E+03 ###   Best rss: None (since last: 1)
3.334E+03 ###   Best rss: None (since last: 1)
3.336E+03 ###   Best rss: None (since last: 1)
3.338E+03 ###   Best rss: None (since last: 1)
3.340E+03 ###   Best rss: None (since last: 1)
3.341E+03 ###   Best rss: None (since last: 1)
3.343E+03 ###   Best rss: None (since last: 1)
3.345E+03 ###   Best rss: None (since last: 1)
3.347E+03 ###   Best rss: None (since last: 1)
3.349E+03 ###   Best rss: None (since last: 1)
3.350E+03 ###   Best rss: None (since last: 1)
3.352E+03 ###   Best rss: None (since last: 1)
3.354E+03 ###   Best rss: None (since last: 1)
3.356E+03 ###   Best rss: None (since last: 1)
3.358E+03 ###   Best rss: None (since last: 1)
3.360E+03 ###   Best rss: None (since last: 1)
3.361E+03 ###   Best rss: None (since last: 1)
3.363E+03 ###   Best rss: None (since last: 1)
3.365E+03 ###   Best rss: None (since last: 1)
3.367E+03 ###   Best rss: None (since last: 1)
3.369E+03 ###   Best rss: None (since last: 1)
3.370E+03 ###   Best rss: None (since last: 1)
3.372E+03 ###   Best rss: None (since last: 1)
3.374E+03 ###   Best rss: None (since last: 1)
3.376E+03 ###   Best rss: None (since last: 1)
3.378E+03 ###   Best rss: None (since last: 1)
3.379E+03 ###   Best rss: None (since last: 1)
3.381E+03 ###   Best rss: None (since last: 1)
3.383E+03 ###   Best rss: None (since last: 1)
3.385E+03 ###   Best rss: None (since last: 1)
3.387E+03 ###   Best rss: None (since last: 1)
3.389E+03 ###   Best rss: None (since last: 1)
3.390E+03 ###   Best rss: None (since last: 1)
3.392E+03 ###   Best rss: None (since last: 1)
3.394E+03 ###   Best rss: None (since last: 1)
3.396E+03 ###   Best rss: None (since last: 1)
3.398E+03 ###   Best rss: None (since last: 1)
3.399E+03 ###   Best rss: None (since last: 1)
3.401E+03 ###   Best rss: None (since last: 1)
3.403E+03 ###   Best rss: None (since last: 1)
3.405E+03 ###   Best rss: None (since last: 1)
3.407E+03 ###   Best rss: None (since last: 1)
3.409E+03 ###   Best rss: None (since last: 1)
3.410E+03 ###   Best rss: None (since last: 1)
3.412E+03 ###   Best rss: None (since last: 1)
3.414E+03 ###   Best rss: None (since last: 1)
3.416E+03 ###   Best rss: None (since last: 1)
3.418E+03 ###   Best rss: None (since last: 1)
3.420E+03 ###   Best rss: None (since last: 1)
3.422E+03 ###   Best rss: None (since last: 1)
3.423E+03 ###   Best rss: None (since last: 1)
3.425E+03 ###   Best rss: None (since last: 1)
3.427E+03 ###   Best rss: None (since last: 1)
3.429E+03 ###   Best rss: None (since last: 1)
3.431E+03 ###   Best rss: None (since last: 1)
3.433E+03 ###   Best rss: None (since last: 1)
3.435E+03 ###   Best rss: None (since last: 1)
3.436E+03 ###   Best rss: None (since last: 1)
3.438E+03 ###   Best rss: None (since last: 1)
3.440E+03 ###   Best rss: None (since last: 1)
3.442E+03 ###   Best rss: None (since last: 1)
3.444E+03 ###   Best rss: None (since last: 1)
3.446E+03 ###   Best rss: None (since last: 1)
####TIME#############LOG#####################################################
3.447E+03 ###   Best rss: None (since last: 1)
3.449E+03 ###   Best rss: None (since last: 1)
3.451E+03 ###   Best rss: None (since last: 1)
3.453E+03 ###   Best rss: None (since last: 1)
3.455E+03 ###   Best rss: None (since last: 1)
3.456E+03 ###   Best rss: None (since last: 1)
3.458E+03 ###   Best rss: None (since last: 1)
3.460E+03 ###   Best rss: None (since last: 1)
3.462E+03 ###   Best rss: None (since last: 1)
3.464E+03 ###   Best rss: None (since last: 1)
3.465E+03 ###   Best rss: None (since last: 1)
3.467E+03 ###   Best rss: None (since last: 1)
3.469E+03 ###   Best rss: None (since last: 1)
3.471E+03 ###   Best rss: None (since last: 1)
3.473E+03 ###   Best rss: None (since last: 1)
3.475E+03 ###   Best rss: None (since last: 1)
3.476E+03 ###   Best rss: None (since last: 1)
3.478E+03 ###   Best rss: None (since last: 1)
3.480E+03 ###   Best rss: None (since last: 1)
3.482E+03 ###   Best rss: None (since last: 1)
3.484E+03 ###   Best rss: None (since last: 1)
3.485E+03 ###   Best rss: None (since last: 1)
3.487E+03 ###   Best rss: None (since last: 1)
3.489E+03 ###   Best rss: None (since last: 1)
3.491E+03 ###   Best rss: None (since last: 1)
3.493E+03 ###   Best rss: None (since last: 1)
3.495E+03 ###   Best rss: None (since last: 1)
3.497E+03 ###   Best rss: None (since last: 1)
3.499E+03 ###   Best rss: None (since last: 1)
3.501E+03 ###   Best rss: None (since last: 1)
3.503E+03 ###   Best rss: None (since last: 1)
3.505E+03 ###   Best rss: None (since last: 1)
3.507E+03 ###   Best rss: None (since last: 1)
3.509E+03 ###   Best rss: None (since last: 1)
3.511E+03 ###   Best rss: None (since last: 1)
3.512E+03 ###   Best rss: None (since last: 1)
3.514E+03 ###   Best rss: None (since last: 1)
3.516E+03 ###   Best rss: None (since last: 1)
3.518E+03 ###   Best rss: None (since last: 1)
3.520E+03 ###   Best rss: None (since last: 1)
3.521E+03 ###   Best rss: None (since last: 1)
3.523E+03 ###   Best rss: None (since last: 1)
3.525E+03 ###   Best rss: None (since last: 1)
3.527E+03 ###   Best rss: None (since last: 1)
3.529E+03 ###   Best rss: None (since last: 1)
3.530E+03 ###   Best rss: None (since last: 1)
3.532E+03 ###   Best rss: None (since last: 1)
3.534E+03 ###   Best rss: None (since last: 1)
3.536E+03 ###   Best rss: None (since last: 1)
3.538E+03 ###   Best rss: None (since last: 1)
3.539E+03 ###   Best rss: None (since last: 1)
3.541E+03 ###   Best rss: None (since last: 1)
3.543E+03 ###   Best rss: None (since last: 1)
3.545E+03 ###   Best rss: None (since last: 1)
3.547E+03 ###   Best rss: None (since last: 1)
3.549E+03 ###   Best rss: None (since last: 1)
3.550E+03 ###   Best rss: None (since last: 1)
3.552E+03 ###   Best rss: None (since last: 1)
3.554E+03 ###   Best rss: None (since last: 1)
3.556E+03 ###   Best rss: None (since last: 1)
3.558E+03 ###   Best rss: None (since last: 1)
3.559E+03 ###   Best rss: None (since last: 1)
3.561E+03 ###   Best rss: None (since last: 1)
3.563E+03 ###   Best rss: None (since last: 1)
3.565E+03 ###   Best rss: None (since last: 1)
3.567E+03 ###   Best rss: None (since last: 1)
3.568E+03 ###   Best rss: None (since last: 1)
3.570E+03 ###   Best rss: None (since last: 1)
3.572E+03 ###   Best rss: None (since last: 1)
3.574E+03 ###   Best rss: None (since last: 1)
3.576E+03 ###   Best rss: None (since last: 1)
3.578E+03 ###   Best rss: None (since last: 1)
3.579E+03 ###   Best rss: None (since last: 1)
3.581E+03 ###   Best rss: None (since last: 1)
3.583E+03 ###   Best rss: None (since last: 1)
3.585E+03 ###   Best rss: None (since last: 1)
3.587E+03 ###   Best rss: None (since last: 1)
3.589E+03 ###   Best rss: None (since last: 1)
3.590E+03 ###   Best rss: None (since last: 1)
3.592E+03 ###   Best rss: None (since last: 1)
3.594E+03 ###   Best rss: None (since last: 1)
3.596E+03 ###   Best rss: None (since last: 1)
3.598E+03 ###   Best rss: None (since last: 1)
3.600E+03 ###   Best rss: None (since last: 1)
3.602E+03 ###   Best rss: None (since last: 1)
3.604E+03 ###   Best rss: None (since last: 1)
3.606E+03 ###   Best rss: None (since last: 1)
3.607E+03 ###   Best rss: None (since last: 1)
3.609E+03 ###   Best rss: None (since last: 1)
3.611E+03 ###   Best rss: None (since last: 1)
3.613E+03 ###   Best rss: None (since last: 1)
3.615E+03 ###   Best rss: None (since last: 1)
3.616E+03 ###   Best rss: None (since last: 1)
3.618E+03 ###   Best rss: None (since last: 1)
3.620E+03 ###   Best rss: None (since last: 1)
3.622E+03 ###   Best rss: None (since last: 1)
3.624E+03 ###   Best rss: None (since last: 1)
3.626E+03 ###   Best rss: None (since last: 1)
3.627E+03 ###   Best rss: None (since last: 1)
3.629E+03 ###   Best rss: None (since last: 1)
####TIME#############LOG#####################################################
3.631E+03 ###   Best rss: None (since last: 1)
3.633E+03 ###   Best rss: None (since last: 1)
3.635E+03 ###   Best rss: None (since last: 1)
3.637E+03 ###   Best rss: None (since last: 1)
3.638E+03 ###   Best rss: None (since last: 1)
3.640E+03 ###   Best rss: None (since last: 1)
3.642E+03 ###   Best rss: None (since last: 1)
3.645E+03 ###   Best rss: None (since last: 1)
3.646E+03 ###   Best rss: None (since last: 1)
3.648E+03 ###   Best rss: None (since last: 1)
3.650E+03 ###   Best rss: None (since last: 1)
3.652E+03 ###   Best rss: None (since last: 1)
3.654E+03 ###   Best rss: None (since last: 1)
3.655E+03 ###   Best rss: None (since last: 1)
3.657E+03 ###   Best rss: None (since last: 1)
3.659E+03 ###   Best rss: None (since last: 1)
3.661E+03 ###   Best rss: None (since last: 1)
3.663E+03 ###   Best rss: None (since last: 1)
3.664E+03 ###   Best rss: None (since last: 1)
3.666E+03 ###   Best rss: None (since last: 1)
3.668E+03 ###   Best rss: None (since last: 1)
3.670E+03 ###   Best rss: None (since last: 1)
3.672E+03 ###   Best rss: None (since last: 1)
3.674E+03 ###   Best rss: None (since last: 1)
3.675E+03 ###   Best rss: None (since last: 1)
3.677E+03 ###   Best rss: None (since last: 1)
3.679E+03 ###   Best rss: None (since last: 1)
3.681E+03 ###   Best rss: None (since last: 1)
3.683E+03 ###   Best rss: None (since last: 1)
3.684E+03 ###   Best rss: None (since last: 1)
3.686E+03 ###   Best rss: None (since last: 1)
3.688E+03 ###   Best rss: None (since last: 1)
3.690E+03 ###   Best rss: None (since last: 1)
3.692E+03 ###   Best rss: None (since last: 1)
3.693E+03 ###   Best rss: None (since last: 1)
3.695E+03 ###   Best rss: None (since last: 1)
3.697E+03 ###   Best rss: None (since last: 1)
3.699E+03 ###   Best rss: None (since last: 1)
3.701E+03 ###   Best rss: None (since last: 1)
3.703E+03 ###   Best rss: None (since last: 1)
3.706E+03 ###   Best rss: None (since last: 1)
3.706E+03 ###   Fit time: 3704.5300509929657