#############################################################################
6.023E-03 ###   Mon, 05 Jul 2021 16:59:28 +0000
#############################################################################

####TIME#############LOG#####################################################
1.322E-02 ###   Script: /cloud/Code/python/eampa/eampa.py
1.692E-02 ###   Loaded: input.in
#############################################
  Read Input
  Time: 1.868E-02
#############################################
2.043E-02 ###   fit
2.231E-02 ###   a0: 5.0
2.231E-02 ###   b0: 1.0
2.231E-02 ###   bp: 100.0
2.232E-02 ###   config: 0.0001
2.232E-02 ###   e: 1.0
2.232E-02 ###   e0: 25.0
2.232E-02 ###   ec: 1.0
2.232E-02 ###   energy: 20.0
2.232E-02 ###   force: 1.0
2.232E-02 ###   g: 1.0
2.232E-02 ###   negec: 1000.0
2.232E-02 ###   stress: 1.0
2.232E-02 ###   v: 1.0
2.232E-02 ###   
2.403E-02 ###   max: 100.0
2.403E-02 ###   min: 0.1
2.403E-02 ###   scale_exponent: 4.0
2.403E-02 ###   scale_factor: 10.0
2.403E-02 ###   zero_density_factor: 100000000.0
2.403E-02 ###   
2.591E-02 ###   pot_dir: None
2.592E-02 ###   pot_name: None
2.592E-02 ###   results_dir: results
2.592E-02 ###   
2.767E-02 ###   bp_file: bp.dat
2.767E-02 ###   dir: bp
2.767E-02 ###   ec_size: 11
2.768E-02 ###   ec_strain: 0.05
2.768E-02 ###   eos_size: 9
2.768E-02 ###   eos_strain: 0.1
2.768E-02 ###   
2.937E-02 ###   
3.129E-02 ###   1: {'label_id': 1, 'label_text': 'AL', 'atom_count': 32, 'relaxed_energy': -1264.06398979, 'relaxed_energy_unit': 'Ry', 'coh_energy': -3.36, 'coh_energy_unit': 'eV', 'calc_relaxed_dft_ev': -537.454181036, 'calc_coh_ev': -3.36, 'calc_apaev': 534.094181036}
3.129E-02 ###   2: {'label_id': 2, 'label_text': 'FE', 'atom_count': 16, 'relaxed_energy': -5268.188, 'relaxed_energy_unit': 'Ry', 'coh_energy': -4.316, 'coh_energy_unit': 'eV', 'calc_relaxed_dft_ev': -4479.851795407, 'calc_coh_ev': -4.316, 'calc_apaev': 4475.5357954070005}
3.130E-02 ###   3: {'label_id': 3, 'label_text': 'PD', 'atom_count': 32, 'relaxed_energy': -16384.958, 'relaxed_energy_unit': 'Ry', 'coh_energy': -3.91, 'coh_energy_unit': 'eV', 'calc_relaxed_dft_ev': -6966.549363269, 'calc_coh_ev': -3.91, 'calc_apaev': 6962.639363269001}
3.130E-02 ###   
#############################################
  Setup Directories
  Time: 3.323E-02
#############################################
3.493E-02 ###   WD: wd/wd
#############################################
  Memory
  Time: 4.438E-02
#############################################
4.611E-02 ###   EFS 2000000000.0
4.777E-02 ###   config size       255102
4.960E-02 ###   ghost size        3061224
5.137E-02 ###   nl size           25510204
5.310E-02 ###   BP 2000000000.0
5.478E-02 ###   config size       255102
5.654E-02 ###   ghost size        3061224
5.841E-02 ###   nl size           25510204
#############################################
  Potential Load
  Time: 6.032E-02
#############################################
6.264E-02 ###   Potential file: pot/pd.pot
6.444E-02 ###   Loading: pot/pd.pot
1.843E-01 ###   std  configs/ec_8_006.out
1.895E-01 ###   std  configs/ec_4_001.out
1.962E-01 ###   std  configs/config_0001.out
2.021E-01 ###   std  configs/ec_4_006.out
2.077E-01 ###   std  configs/config_0006.out
2.133E-01 ###   std  configs/ec_8_001.out
2.187E-01 ###   std  configs/config_0008.out
2.241E-01 ###   std  configs/fcc_001.dat
2.283E-01 ###   std  configs/ec_7_004.out
2.339E-01 ###   std  configs/ec_3_004.out
2.397E-01 ###   std  configs/ec_3_003.out
2.454E-01 ###   std  configs/ec_7_003.out
2.514E-01 ###   std  configs/ec_6_005.out
2.572E-01 ###   std  configs/ec_2_005.out
2.626E-01 ###   std  configs/ec_2_002.out
2.683E-01 ###   std  configs/ec_6_002.out
2.753E-01 ###   std  configs/eos_001.out
2.809E-01 ###   std  configs/ec_9_007.out
2.886E-01 ###   std  configs/ec_5_007.out
2.953E-01 ###   std  configs/eos_006.out
3.011E-01 ###   std  configs/config_0010.out
3.065E-01 ###   std  configs/ec_1_007.out
3.121E-01 ###   std  configs/ec_3_002.out
3.177E-01 ###   std  configs/ec_7_002.out
3.232E-01 ###   std  configs/ec_7_005.out
3.287E-01 ###   std  configs/ec_3_005.out
3.344E-01 ###   std  configs/config_0009.out
3.401E-01 ###   std  configs/ec_4_007.out
3.455E-01 ###   std  configs/config_0007.out
3.513E-01 ###   std  configs/ec_8_007.out
3.567E-01 ###   std  configs/ec_5_006.out
3.621E-01 ###   std  configs/eos_007.out
3.679E-01 ###   std  configs/ec_1_006.out
3.734E-01 ###   std  configs/ec_9_001.out
3.789E-01 ###   std  configs/ec_1_001.out
3.844E-01 ###   std  configs/ec_9_006.out
3.897E-01 ###   std  configs/ec_5_001.out
3.959E-01 ###   std  configs/ec_2_003.out
4.025E-01 ###   std  configs/ec_6_003.out
4.089E-01 ###   std  configs/ec_6_004.out
4.155E-01 ###   std  configs/ec_2_004.out
4.221E-01 ###   std  configs/eos_003.out
4.283E-01 ###   std  configs/ec_1_002.out
4.347E-01 ###   std  configs/ec_9_005.out
4.412E-01 ###   std  configs/ec_5_002.out
4.476E-01 ###   std  configs/ec_5_005.out
4.533E-01 ###   std  configs/eos_004.out
4.586E-01 ###   std  configs/ec_1_005.out
4.642E-01 ###   std  configs/ec_9_002.out
4.698E-01 ###   std  configs/ec_6_007.out
4.754E-01 ###   std  configs/ec_2_007.out
4.807E-01 ###   std  configs/ec_7_006.out
4.865E-01 ###   std  configs/ec_3_006.out
4.932E-01 ###   std  configs/ec_3_001.out
5.005E-01 ###   std  configs/ec_7_001.out
5.078E-01 ###   std  configs/ec_8_004.out
5.147E-01 ###   std  configs/ec_4_003.out
5.212E-01 ###   std  configs/config_0003.out
5.274E-01 ###   std  configs/ec_4_004.out
5.335E-01 ###   std  configs/config_0004.out
5.398E-01 ###   std  configs/ec_8_003.out
5.457E-01 ###   std  configs/ec_2_001.out
5.523E-01 ###   std  configs/ec_6_001.out
5.579E-01 ###   std  configs/ec_6_006.out
5.637E-01 ###   std  configs/ec_2_006.out
5.691E-01 ###   std  configs/ec_5_004.out
5.754E-01 ###   std  configs/eos_005.out
5.807E-01 ###   std  configs/ec_1_004.out
5.861E-01 ###   std  configs/ec_9_003.out
5.912E-01 ###   std  configs/eos_002.out
5.962E-01 ###   std  configs/ec_1_003.out
6.019E-01 ###   std  configs/ec_9_004.out
6.071E-01 ###   std  configs/ec_5_003.out
6.122E-01 ###   std  configs/ec_4_005.out
6.179E-01 ###   std  configs/config_0005.out
6.232E-01 ###   std  configs/ec_8_002.out
6.282E-01 ###   std  configs/ec_8_005.out
6.337E-01 ###   std  configs/ec_4_002.out
####TIME#############LOG#####################################################
6.411E-01 ###   std  configs/config_0002.out
6.464E-01 ###   std  configs/fcc_002.dat
6.504E-01 ###   std  configs/ec_7_007.out
6.555E-01 ###   std  configs/ec_3_007.out
#############################################
  Potential Fit
  Time: 1.188E+00
#############################################
2.870E+00 ###   BP Allocated Memory
2.870E+00 ###   
2.872E+00 ###   2GB
2.872E+00 ###   
2.874E+00 ###   255102 3061224 25510204
2.874E+00 ###   
7.948E+00 ###   Best rss: None (since last: 1)
1.105E+01 ###   Best rss: None (since last: 1)
1.296E+01 ###   Best rss: None (since last: 1)
1.491E+01 ###   Best rss: None (since last: 1)
1.705E+01 ###   Best rss: None (since last: 1)
1.893E+01 ###   Best rss: None (since last: 1)
2.079E+01 ###   Best rss: None (since last: 1)
2.297E+01 ###   Best rss: None (since last: 1)
2.486E+01 ###   Best rss: None (since last: 1)
2.672E+01 ###   Best rss: None (since last: 1)
2.859E+01 ###   Best rss: None (since last: 1)
3.070E+01 ###   Best rss: None (since last: 1)
3.259E+01 ###   Best rss: None (since last: 1)
3.448E+01 ###   Best rss: None (since last: 1)
3.637E+01 ###   Best rss: None (since last: 1)
3.825E+01 ###   Best rss: None (since last: 1)
4.010E+01 ###   Best rss: None (since last: 1)
4.198E+01 ###   Best rss: None (since last: 1)
4.420E+01 ###   Best rss: None (since last: 1)
4.636E+01 ###   Best rss: None (since last: 1)
4.832E+01 ###   Best rss: None (since last: 1)
5.050E+01 ###   Best rss: None (since last: 1)
5.242E+01 ###   Best rss: None (since last: 1)
5.464E+01 ###   Best rss: None (since last: 1)
5.655E+01 ###   Best rss: None (since last: 1)
5.845E+01 ###   Best rss: None (since last: 1)
6.037E+01 ###   Best rss: None (since last: 1)
6.226E+01 ###   Best rss: None (since last: 1)
6.417E+01 ###   Best rss: None (since last: 1)
6.605E+01 ###   Best rss: None (since last: 1)
6.792E+01 ###   Best rss: None (since last: 1)
6.982E+01 ###   Best rss: None (since last: 1)
7.172E+01 ###   Best rss: None (since last: 1)
7.362E+01 ###   Best rss: None (since last: 1)
7.550E+01 ###   Best rss: None (since last: 1)
7.765E+01 ###   Best rss: None (since last: 1)
7.957E+01 ###   Best rss: None (since last: 1)
8.151E+01 ###   Best rss: None (since last: 1)
8.340E+01 ###   Best rss: None (since last: 1)
8.527E+01 ###   Best rss: None (since last: 1)
8.723E+01 ###   Best rss: None (since last: 1)
8.907E+01 ###   Best rss: None (since last: 1)
9.097E+01 ###   Best rss: None (since last: 1)
9.292E+01 ###   Best rss: None (since last: 1)
9.512E+01 ###   Best rss: None (since last: 1)
9.699E+01 ###   Best rss: None (since last: 1)
9.886E+01 ###   Best rss: None (since last: 1)
1.011E+02 ###   Best rss: None (since last: 1)
1.032E+02 ###   Best rss: None (since last: 1)
1.052E+02 ###   Best rss: None (since last: 1)
1.073E+02 ###   Best rss: None (since last: 1)
1.092E+02 ###   Best rss: None (since last: 1)
1.110E+02 ###   Best rss: None (since last: 1)
1.129E+02 ###   Best rss: None (since last: 1)
1.149E+02 ###   Best rss: None (since last: 1)
1.171E+02 ###   Best rss: None (since last: 1)
1.189E+02 ###   Best rss: None (since last: 1)
1.211E+02 ###   Best rss: None (since last: 1)
1.233E+02 ###   Best rss: None (since last: 1)
1.252E+02 ###   Best rss: None (since last: 1)
1.271E+02 ###   Best rss: None (since last: 1)
1.290E+02 ###   Best rss: None (since last: 1)
1.308E+02 ###   Best rss: None (since last: 1)
1.328E+02 ###   Best rss: None (since last: 1)
1.350E+02 ###   Best rss: None (since last: 1)
1.372E+02 ###   Best rss: None (since last: 1)
1.391E+02 ###   Best rss: None (since last: 1)
1.409E+02 ###   Best rss: None (since last: 1)
1.429E+02 ###   Best rss: None (since last: 1)
1.448E+02 ###   Best rss: None (since last: 1)
1.470E+02 ###   Best rss: None (since last: 1)
1.492E+02 ###   Best rss: None (since last: 1)
1.511E+02 ###   Best rss: None (since last: 1)
1.532E+02 ###   Best rss: None (since last: 1)
1.555E+02 ###   Best rss: None (since last: 1)
1.574E+02 ###   Best rss: None (since last: 1)
1.593E+02 ###   Best rss: None (since last: 1)
1.615E+02 ###   Best rss: None (since last: 1)
1.637E+02 ###   Best rss: None (since last: 1)
1.656E+02 ###   Best rss: None (since last: 1)
1.678E+02 ###   Best rss: None (since last: 1)
1.700E+02 ###   Best rss: None (since last: 1)
1.719E+02 ###   Best rss: None (since last: 1)
1.737E+02 ###   Best rss: None (since last: 1)
1.760E+02 ###   Best rss: None (since last: 1)
1.779E+02 ###   Best rss: None (since last: 1)
1.801E+02 ###   Best rss: None (since last: 1)
1.820E+02 ###   Best rss: None (since last: 1)
1.839E+02 ###   Best rss: None (since last: 1)
1.857E+02 ###   Best rss: None (since last: 1)
1.876E+02 ###   Best rss: None (since last: 1)
1.895E+02 ###   Best rss: None (since last: 1)
1.915E+02 ###   Best rss: None (since last: 1)
####TIME#############LOG#####################################################
1.933E+02 ###   Best rss: None (since last: 1)
1.952E+02 ###   Best rss: None (since last: 1)
1.971E+02 ###   Best rss: None (since last: 1)
1.991E+02 ###   Best rss: None (since last: 1)
2.011E+02 ###   Best rss: None (since last: 1)
2.030E+02 ###   Best rss: None (since last: 1)
2.049E+02 ###   Best rss: None (since last: 1)
2.068E+02 ###   Best rss: None (since last: 1)
2.087E+02 ###   Best rss: None (since last: 1)
2.109E+02 ###   Best rss: None (since last: 1)
2.128E+02 ###   Best rss: None (since last: 1)
2.146E+02 ###   Best rss: None (since last: 1)
2.165E+02 ###   Best rss: None (since last: 1)
2.184E+02 ###   Best rss: None (since last: 1)
2.203E+02 ###   Best rss: None (since last: 1)
2.222E+02 ###   Best rss: None (since last: 1)
2.242E+02 ###   Best rss: None (since last: 1)
2.264E+02 ###   Best rss: None (since last: 1)
2.283E+02 ###   Best rss: None (since last: 1)
2.305E+02 ###   Best rss: None (since last: 1)
2.324E+02 ###   Best rss: None (since last: 1)
2.344E+02 ###   Best rss: None (since last: 1)
2.366E+02 ###   Best rss: None (since last: 1)
2.385E+02 ###   Best rss: None (since last: 1)
2.404E+02 ###   Best rss: None (since last: 1)
2.426E+02 ###   Best rss: None (since last: 1)
2.446E+02 ###   Best rss: None (since last: 1)
2.465E+02 ###   Best rss: None (since last: 1)
2.486E+02 ###   Best rss: None (since last: 1)
2.505E+02 ###   Best rss: None (since last: 1)
2.526E+02 ###   Best rss: None (since last: 1)
2.546E+02 ###   Best rss: None (since last: 1)
2.565E+02 ###   Best rss: None (since last: 1)
2.587E+02 ###   Best rss: None (since last: 1)
2.605E+02 ###   Best rss: None (since last: 1)
2.627E+02 ###   Best rss: None (since last: 1)
2.646E+02 ###   Best rss: None (since last: 1)
2.666E+02 ###   Best rss: None (since last: 1)
2.688E+02 ###   Best rss: None (since last: 1)
2.706E+02 ###   Best rss: None (since last: 1)
2.725E+02 ###   Best rss: None (since last: 1)
2.745E+02 ###   Best rss: None (since last: 1)
2.767E+02 ###   Best rss: None (since last: 1)
2.786E+02 ###   Best rss: None (since last: 1)
2.808E+02 ###   Best rss: None (since last: 1)
2.827E+02 ###   Best rss: None (since last: 1)
2.849E+02 ###   Best rss: None (since last: 1)
2.869E+02 ###   Best rss: None (since last: 1)
2.888E+02 ###   Best rss: None (since last: 1)
2.908E+02 ###   Best rss: None (since last: 1)
2.926E+02 ###   Best rss: None (since last: 1)
2.945E+02 ###   Best rss: None (since last: 1)
2.968E+02 ###   Best rss: None (since last: 1)
2.988E+02 ###   Best rss: None (since last: 1)
3.011E+02 ###   Best rss: None (since last: 1)
3.029E+02 ###   Best rss: None (since last: 1)
3.048E+02 ###   Best rss: None (since last: 1)
3.071E+02 ###   Best rss: None (since last: 1)
3.090E+02 ###   Best rss: None (since last: 1)
3.111E+02 ###   Best rss: None (since last: 1)
3.135E+02 ###   Best rss: None (since last: 1)
3.154E+02 ###   Best rss: None (since last: 1)
3.173E+02 ###   Best rss: None (since last: 1)
3.193E+02 ###   Best rss: None (since last: 1)
3.212E+02 ###   Best rss: None (since last: 1)
3.234E+02 ###   Best rss: None (since last: 1)
3.256E+02 ###   Best rss: None (since last: 1)
3.275E+02 ###   Best rss: None (since last: 1)
3.294E+02 ###   Best rss: None (since last: 1)
3.313E+02 ###   Best rss: None (since last: 1)
3.333E+02 ###   Best rss: None (since last: 1)
3.352E+02 ###   Best rss: None (since last: 1)
3.371E+02 ###   Best rss: None (since last: 1)
3.394E+02 ###   Best rss: None (since last: 1)
3.413E+02 ###   Best rss: None (since last: 1)
3.436E+02 ###   Best rss: None (since last: 1)
3.455E+02 ###   Best rss: None (since last: 1)
3.473E+02 ###   Best rss: None (since last: 1)
3.492E+02 ###   Best rss: None (since last: 1)
3.512E+02 ###   Best rss: None (since last: 1)
3.531E+02 ###   Best rss: None (since last: 1)
3.550E+02 ###   Best rss: None (since last: 1)
3.569E+02 ###   Best rss: None (since last: 1)
3.588E+02 ###   Best rss: None (since last: 1)
3.607E+02 ###   Best rss: None (since last: 1)
3.629E+02 ###   Best rss: None (since last: 1)
3.648E+02 ###   Best rss: None (since last: 1)
3.667E+02 ###   Best rss: None (since last: 1)
3.689E+02 ###   Best rss: None (since last: 1)
3.707E+02 ###   Best rss: None (since last: 1)
3.726E+02 ###   Best rss: None (since last: 1)
3.746E+02 ###   Best rss: None (since last: 1)
3.765E+02 ###   Best rss: None (since last: 1)
3.787E+02 ###   Best rss: None (since last: 1)
3.806E+02 ###   Best rss: None (since last: 1)
3.824E+02 ###   Best rss: None (since last: 1)
3.846E+02 ###   Best rss: None (since last: 1)
3.868E+02 ###   Best rss: None (since last: 1)
3.886E+02 ###   Best rss: None (since last: 1)
3.905E+02 ###   Best rss: None (since last: 1)
####TIME#############LOG#####################################################
3.924E+02 ###   Best rss: None (since last: 1)
3.943E+02 ###   Best rss: None (since last: 1)
3.962E+02 ###   Best rss: None (since last: 1)
3.981E+02 ###   Best rss: None (since last: 1)
4.003E+02 ###   Best rss: None (since last: 1)
4.025E+02 ###   Best rss: None (since last: 1)
4.044E+02 ###   Best rss: None (since last: 1)
4.064E+02 ###   Best rss: None (since last: 1)
4.085E+02 ###   Best rss: None (since last: 1)
4.107E+02 ###   Best rss: None (since last: 1)
4.126E+02 ###   Best rss: None (since last: 1)
4.149E+02 ###   Best rss: None (since last: 1)
4.171E+02 ###   Best rss: None (since last: 1)
4.189E+02 ###   Best rss: None (since last: 1)
4.208E+02 ###   Best rss: None (since last: 1)
4.227E+02 ###   Best rss: None (since last: 1)
4.249E+02 ###   Best rss: None (since last: 1)
4.271E+02 ###   Best rss: None (since last: 1)
4.290E+02 ###   Best rss: None (since last: 1)
4.309E+02 ###   Best rss: None (since last: 1)
4.330E+02 ###   Best rss: None (since last: 1)
4.353E+02 ###   Best rss: None (since last: 1)
4.372E+02 ###   Best rss: None (since last: 1)
4.391E+02 ###   Best rss: None (since last: 1)
4.413E+02 ###   Best rss: None (since last: 1)
4.435E+02 ###   Best rss: None (since last: 1)
4.457E+02 ###   Best rss: None (since last: 1)
4.479E+02 ###   Best rss: None (since last: 1)
4.498E+02 ###   Best rss: None (since last: 1)
4.519E+02 ###   Best rss: None (since last: 1)
4.542E+02 ###   Best rss: None (since last: 1)
4.563E+02 ###   Best rss: None (since last: 1)
4.583E+02 ###   Best rss: None (since last: 1)
4.606E+02 ###   Best rss: None (since last: 1)
4.624E+02 ###   Best rss: None (since last: 1)
4.644E+02 ###   Best rss: None (since last: 1)
4.663E+02 ###   Best rss: None (since last: 1)
4.685E+02 ###   Best rss: None (since last: 1)
4.704E+02 ###   Best rss: None (since last: 1)
4.723E+02 ###   Best rss: None (since last: 1)
4.742E+02 ###   Best rss: None (since last: 1)
4.761E+02 ###   Best rss: None (since last: 1)
4.780E+02 ###   Best rss: None (since last: 1)
4.799E+02 ###   Best rss: None (since last: 1)
4.818E+02 ###   Best rss: None (since last: 1)
4.836E+02 ###   Best rss: None (since last: 1)
4.858E+02 ###   Best rss: None (since last: 1)
4.880E+02 ###   Best rss: None (since last: 1)
4.899E+02 ###   Best rss: None (since last: 1)
4.917E+02 ###   Best rss: None (since last: 1)
4.939E+02 ###   Best rss: None (since last: 1)
4.961E+02 ###   Best rss: None (since last: 1)
4.979E+02 ###   Best rss: None (since last: 1)
4.999E+02 ###   Best rss: None (since last: 1)
5.017E+02 ###   Best rss: None (since last: 1)
5.036E+02 ###   Best rss: None (since last: 1)
5.058E+02 ###   Best rss: None (since last: 1)
5.076E+02 ###   Best rss: None (since last: 1)
5.095E+02 ###   Best rss: None (since last: 1)
5.114E+02 ###   Best rss: None (since last: 1)
5.134E+02 ###   Best rss: None (since last: 1)
5.155E+02 ###   Best rss: None (since last: 1)
5.177E+02 ###   Best rss: None (since last: 1)
5.196E+02 ###   Best rss: None (since last: 1)
5.215E+02 ###   Best rss: None (since last: 1)
5.237E+02 ###   Best rss: None (since last: 1)
5.259E+02 ###   Best rss: None (since last: 1)
5.281E+02 ###   Best rss: None (since last: 1)
5.303E+02 ###   Best rss: None (since last: 1)
5.323E+02 ###   Best rss: None (since last: 1)
5.342E+02 ###   Best rss: None (since last: 1)
5.361E+02 ###   Best rss: None (since last: 1)
5.382E+02 ###   Best rss: None (since last: 1)
5.404E+02 ###   Best rss: None (since last: 1)
5.423E+02 ###   Best rss: None (since last: 1)
5.445E+02 ###   Best rss: None (since last: 1)
5.467E+02 ###   Best rss: None (since last: 1)
5.486E+02 ###   Best rss: None (since last: 1)
5.505E+02 ###   Best rss: None (since last: 1)
5.524E+02 ###   Best rss: None (since last: 1)
5.543E+02 ###   Best rss: None (since last: 1)
5.562E+02 ###   Best rss: None (since last: 1)
5.581E+02 ###   Best rss: None (since last: 1)
5.604E+02 ###   Best rss: None (since last: 1)
5.626E+02 ###   Best rss: None (since last: 1)
5.645E+02 ###   Best rss: None (since last: 1)
5.664E+02 ###   Best rss: None (since last: 1)
5.684E+02 ###   Best rss: None (since last: 1)
5.706E+02 ###   Best rss: None (since last: 1)
5.727E+02 ###   Best rss: None (since last: 1)
5.746E+02 ###   Best rss: None (since last: 1)
5.765E+02 ###   Best rss: None (since last: 1)
5.784E+02 ###   Best rss: None (since last: 1)
5.803E+02 ###   Best rss: None (since last: 1)
5.822E+02 ###   Best rss: None (since last: 1)
5.844E+02 ###   Best rss: None (since last: 1)
5.866E+02 ###   Best rss: None (since last: 1)
5.885E+02 ###   Best rss: None (since last: 1)
5.904E+02 ###   Best rss: None (since last: 1)
5.926E+02 ###   Best rss: None (since last: 1)
####TIME#############LOG#####################################################
5.949E+02 ###   Best rss: None (since last: 1)
5.968E+02 ###   Best rss: None (since last: 1)
5.986E+02 ###   Best rss: None (since last: 1)
6.005E+02 ###   Best rss: None (since last: 1)
6.027E+02 ###   Best rss: None (since last: 1)
6.048E+02 ###   Best rss: None (since last: 1)
6.068E+02 ###   Best rss: None (since last: 1)
6.087E+02 ###   Best rss: None (since last: 1)
6.106E+02 ###   Best rss: None (since last: 1)
6.125E+02 ###   Best rss: None (since last: 1)
6.144E+02 ###   Best rss: None (since last: 1)
6.163E+02 ###   Best rss: None (since last: 1)
6.182E+02 ###   Best rss: None (since last: 1)
6.200E+02 ###   Best rss: None (since last: 1)
6.219E+02 ###   Best rss: None (since last: 1)
6.237E+02 ###   Best rss: None (since last: 1)
6.256E+02 ###   Best rss: None (since last: 1)
6.275E+02 ###   Best rss: None (since last: 1)
6.294E+02 ###   Best rss: None (since last: 1)
6.313E+02 ###   Best rss: None (since last: 1)
6.334E+02 ###   Best rss: None (since last: 1)
6.353E+02 ###   Best rss: None (since last: 1)
6.372E+02 ###   Best rss: None (since last: 1)
6.391E+02 ###   Best rss: None (since last: 1)
6.410E+02 ###   Best rss: None (since last: 1)
6.428E+02 ###   Best rss: None (since last: 1)
6.448E+02 ###   Best rss: None (since last: 1)
6.470E+02 ###   Best rss: None (since last: 1)
6.489E+02 ###   Best rss: None (since last: 1)
6.508E+02 ###   Best rss: None (since last: 1)
6.527E+02 ###   Best rss: None (since last: 1)
6.545E+02 ###   Best rss: None (since last: 1)
6.564E+02 ###   Best rss: None (since last: 1)
6.583E+02 ###   Best rss: None (since last: 1)
6.602E+02 ###   Best rss: None (since last: 1)
6.621E+02 ###   Best rss: None (since last: 1)
6.640E+02 ###   Best rss: None (since last: 1)
6.659E+02 ###   Best rss: None (since last: 1)
6.678E+02 ###   Best rss: None (since last: 1)
6.697E+02 ###   Best rss: None (since last: 1)
6.719E+02 ###   Best rss: None (since last: 1)
6.738E+02 ###   Best rss: None (since last: 1)
6.757E+02 ###   Best rss: None (since last: 1)
6.776E+02 ###   Best rss: None (since last: 1)
6.794E+02 ###   Best rss: None (since last: 1)
6.816E+02 ###   Best rss: None (since last: 1)
6.838E+02 ###   Best rss: None (since last: 1)
6.857E+02 ###   Best rss: None (since last: 1)
6.876E+02 ###   Best rss: None (since last: 1)
6.894E+02 ###   Best rss: None (since last: 1)
6.913E+02 ###   Best rss: None (since last: 1)
6.932E+02 ###   Best rss: None (since last: 1)
6.951E+02 ###   Best rss: None (since last: 1)
6.969E+02 ###   Best rss: None (since last: 1)
6.988E+02 ###   Best rss: None (since last: 1)
7.007E+02 ###   Best rss: None (since last: 1)
7.025E+02 ###   Best rss: None (since last: 1)
7.048E+02 ###   Best rss: None (since last: 1)
7.066E+02 ###   Best rss: None (since last: 1)
7.085E+02 ###   Best rss: None (since last: 1)
7.104E+02 ###   Best rss: None (since last: 1)
7.123E+02 ###   Best rss: None (since last: 1)
7.142E+02 ###   Best rss: None (since last: 1)
7.161E+02 ###   Best rss: None (since last: 1)
7.180E+02 ###   Best rss: None (since last: 1)
7.198E+02 ###   Best rss: None (since last: 1)
7.217E+02 ###   Best rss: None (since last: 1)
7.239E+02 ###   Best rss: None (since last: 1)
7.258E+02 ###   Best rss: None (since last: 1)
7.280E+02 ###   Best rss: None (since last: 1)
7.299E+02 ###   Best rss: None (since last: 1)
7.318E+02 ###   Best rss: None (since last: 1)
7.340E+02 ###   Best rss: None (since last: 1)
7.358E+02 ###   Best rss: None (since last: 1)
7.381E+02 ###   Best rss: None (since last: 1)
7.400E+02 ###   Best rss: None (since last: 1)
7.421E+02 ###   Best rss: None (since last: 1)
7.440E+02 ###   Best rss: None (since last: 1)
7.459E+02 ###   Best rss: None (since last: 1)
7.478E+02 ###   Best rss: None (since last: 1)
7.500E+02 ###   Best rss: None (since last: 1)
7.519E+02 ###   Best rss: None (since last: 1)
7.538E+02 ###   Best rss: None (since last: 1)
7.557E+02 ###   Best rss: None (since last: 1)
7.576E+02 ###   Best rss: None (since last: 1)
7.598E+02 ###   Best rss: None (since last: 1)
7.617E+02 ###   Best rss: None (since last: 1)
7.639E+02 ###   Best rss: None (since last: 1)
7.657E+02 ###   Best rss: None (since last: 1)
7.679E+02 ###   Best rss: None (since last: 1)
7.698E+02 ###   Best rss: None (since last: 1)
7.724E+02 ###   Best rss: None (since last: 1)
7.743E+02 ###   Best rss: None (since last: 1)
7.761E+02 ###   Best rss: None (since last: 1)
7.783E+02 ###   Best rss: None (since last: 1)
7.801E+02 ###   Best rss: None (since last: 1)
7.820E+02 ###   Best rss: None (since last: 1)
7.839E+02 ###   Best rss: None (since last: 1)
7.861E+02 ###   Best rss: None (since last: 1)
7.880E+02 ###   Best rss: None (since last: 1)
####TIME#############LOG#####################################################
7.899E+02 ###   Best rss: None (since last: 1)
7.921E+02 ###   Best rss: None (since last: 1)
7.940E+02 ###   Best rss: None (since last: 1)
7.959E+02 ###   Best rss: None (since last: 1)
7.978E+02 ###   Best rss: None (since last: 1)
7.999E+02 ###   Best rss: None (since last: 1)
8.018E+02 ###   Best rss: None (since last: 1)
8.036E+02 ###   Best rss: None (since last: 1)
8.056E+02 ###   Best rss: None (since last: 1)
8.075E+02 ###   Best rss: None (since last: 1)
8.093E+02 ###   Best rss: None (since last: 1)
8.112E+02 ###   Best rss: None (since last: 1)
8.131E+02 ###   Best rss: None (since last: 1)
8.149E+02 ###   Best rss: None (since last: 1)
8.168E+02 ###   Best rss: None (since last: 1)
8.187E+02 ###   Best rss: None (since last: 1)
8.206E+02 ###   Best rss: None (since last: 1)
8.224E+02 ###   Best rss: None (since last: 1)
8.243E+02 ###   Best rss: None (since last: 1)
8.263E+02 ###   Best rss: None (since last: 1)
8.282E+02 ###   Best rss: None (since last: 1)
8.301E+02 ###   Best rss: None (since last: 1)
8.320E+02 ###   Best rss: None (since last: 1)
8.339E+02 ###   Best rss: None (since last: 1)
8.359E+02 ###   Best rss: None (since last: 1)
8.381E+02 ###   Best rss: None (since last: 1)
8.402E+02 ###   Best rss: None (since last: 1)
8.421E+02 ###   Best rss: None (since last: 1)
8.439E+02 ###   Best rss: None (since last: 1)
8.458E+02 ###   Best rss: None (since last: 1)
8.477E+02 ###   Best rss: None (since last: 1)
8.496E+02 ###   Best rss: None (since last: 1)
8.517E+02 ###   Best rss: None (since last: 1)
8.536E+02 ###   Best rss: None (since last: 1)
8.558E+02 ###   Best rss: None (since last: 1)
8.580E+02 ###   Best rss: None (since last: 1)
8.599E+02 ###   Best rss: None (since last: 1)
8.621E+02 ###   Best rss: None (since last: 1)
8.643E+02 ###   Best rss: None (since last: 1)
8.662E+02 ###   Best rss: None (since last: 1)
8.680E+02 ###   Best rss: None (since last: 1)
8.700E+02 ###   Best rss: None (since last: 1)
8.722E+02 ###   Best rss: None (since last: 1)
8.744E+02 ###   Best rss: None (since last: 1)
8.763E+02 ###   Best rss: None (since last: 1)
8.781E+02 ###   Best rss: None (since last: 1)
8.801E+02 ###   Best rss: None (since last: 1)
8.820E+02 ###   Best rss: None (since last: 1)
8.842E+02 ###   Best rss: None (since last: 1)
8.863E+02 ###   Best rss: None (since last: 1)
8.882E+02 ###   Best rss: None (since last: 1)
8.901E+02 ###   Best rss: None (since last: 1)
8.920E+02 ###   Best rss: None (since last: 1)
8.939E+02 ###   Best rss: None (since last: 1)
8.959E+02 ###   Best rss: None (since last: 1)
8.978E+02 ###   Best rss: None (since last: 1)
9.000E+02 ###   Best rss: None (since last: 1)
9.021E+02 ###   Best rss: None (since last: 1)
9.040E+02 ###   Best rss: None (since last: 1)
9.059E+02 ###   Best rss: None (since last: 1)
9.078E+02 ###   Best rss: None (since last: 1)
9.097E+02 ###   Best rss: None (since last: 1)
9.116E+02 ###   Best rss: None (since last: 1)
9.138E+02 ###   Best rss: None (since last: 1)
9.160E+02 ###   Best rss: None (since last: 1)
9.178E+02 ###   Best rss: None (since last: 1)
9.200E+02 ###   Best rss: None (since last: 1)
9.222E+02 ###   Best rss: None (since last: 1)
9.241E+02 ###   Best rss: None (since last: 1)
9.260E+02 ###   Best rss: None (since last: 1)
9.278E+02 ###   Best rss: None (since last: 1)
9.300E+02 ###   Best rss: None (since last: 1)
9.322E+02 ###   Best rss: None (since last: 1)
9.344E+02 ###   Best rss: None (since last: 1)
9.366E+02 ###   Best rss: None (since last: 1)
9.385E+02 ###   Best rss: None (since last: 1)
9.403E+02 ###   Best rss: None (since last: 1)
9.425E+02 ###   Best rss: None (since last: 1)
9.448E+02 ###   Best rss: None (since last: 1)
9.467E+02 ###   Best rss: None (since last: 1)
9.486E+02 ###   Best rss: None (since last: 1)
9.505E+02 ###   Best rss: None (since last: 1)
9.523E+02 ###   Best rss: None (since last: 1)
9.545E+02 ###   Best rss: None (since last: 1)
9.567E+02 ###   Best rss: None (since last: 1)
9.586E+02 ###   Best rss: None (since last: 1)
9.605E+02 ###   Best rss: None (since last: 1)
9.624E+02 ###   Best rss: None (since last: 1)
9.646E+02 ###   Best rss: None (since last: 1)
9.667E+02 ###   Best rss: None (since last: 1)
9.686E+02 ###   Best rss: None (since last: 1)
9.705E+02 ###   Best rss: None (since last: 1)
9.726E+02 ###   Best rss: None (since last: 1)
9.748E+02 ###   Best rss: None (since last: 1)
9.767E+02 ###   Best rss: None (since last: 1)
9.789E+02 ###   Best rss: None (since last: 1)
9.811E+02 ###   Best rss: None (since last: 1)
9.830E+02 ###   Best rss: None (since last: 1)
9.849E+02 ###   Best rss: None (since last: 1)
9.868E+02 ###   Best rss: None (since last: 1)
####TIME#############LOG#####################################################
9.890E+02 ###   Best rss: None (since last: 1)
9.912E+02 ###   Best rss: None (since last: 1)
9.935E+02 ###   Best rss: None (since last: 1)
9.954E+02 ###   Best rss: None (since last: 1)
9.973E+02 ###   Best rss: None (since last: 1)
9.995E+02 ###   Best rss: None (since last: 1)
1.001E+03 ###   Best rss: None (since last: 1)
1.003E+03 ###   Best rss: None (since last: 1)
1.006E+03 ###   Best rss: None (since last: 1)
1.007E+03 ###   Best rss: None (since last: 1)
1.009E+03 ###   Best rss: None (since last: 1)
1.011E+03 ###   Best rss: None (since last: 1)
1.013E+03 ###   Best rss: None (since last: 1)
1.016E+03 ###   Best rss: None (since last: 1)
1.018E+03 ###   Best rss: None (since last: 1)
1.019E+03 ###   Best rss: None (since last: 1)
1.021E+03 ###   Best rss: None (since last: 1)
1.023E+03 ###   Best rss: None (since last: 1)
1.025E+03 ###   Best rss: None (since last: 1)
1.027E+03 ###   Best rss: None (since last: 1)
1.029E+03 ###   Best rss: None (since last: 1)
1.031E+03 ###   Best rss: None (since last: 1)
1.033E+03 ###   Best rss: None (since last: 1)
1.035E+03 ###   Best rss: None (since last: 1)
1.037E+03 ###   Best rss: None (since last: 1)
1.039E+03 ###   Best rss: None (since last: 1)
1.041E+03 ###   Best rss: None (since last: 1)
1.042E+03 ###   Best rss: None (since last: 1)
1.044E+03 ###   Best rss: None (since last: 1)
1.046E+03 ###   Best rss: None (since last: 1)
1.048E+03 ###   Best rss: None (since last: 1)
1.050E+03 ###   Best rss: None (since last: 1)
1.053E+03 ###   Best rss: None (since last: 1)
1.055E+03 ###   Best rss: None (since last: 1)
1.057E+03 ###   Best rss: None (since last: 1)
1.059E+03 ###   Best rss: None (since last: 1)
1.061E+03 ###   Best rss: None (since last: 1)
1.063E+03 ###   Best rss: None (since last: 1)
1.065E+03 ###   Best rss: None (since last: 1)
1.067E+03 ###   Best rss: None (since last: 1)
1.069E+03 ###   Best rss: None (since last: 1)
1.071E+03 ###   Best rss: None (since last: 1)
1.073E+03 ###   Best rss: None (since last: 1)
1.075E+03 ###   Best rss: None (since last: 1)
1.077E+03 ###   Best rss: None (since last: 1)
1.079E+03 ###   Best rss: None (since last: 1)
1.081E+03 ###   Best rss: None (since last: 1)
1.083E+03 ###   Best rss: None (since last: 1)
1.085E+03 ###   Best rss: None (since last: 1)
1.087E+03 ###   Best rss: None (since last: 1)
1.089E+03 ###   Best rss: None (since last: 1)
1.091E+03 ###   Best rss: None (since last: 1)
1.093E+03 ###   Best rss: None (since last: 1)
1.095E+03 ###   Best rss: None (since last: 1)
1.097E+03 ###   Best rss: None (since last: 1)
1.099E+03 ###   Best rss: None (since last: 1)
1.101E+03 ###   Best rss: None (since last: 1)
1.103E+03 ###   Best rss: None (since last: 1)
1.105E+03 ###   Best rss: None (since last: 1)
1.107E+03 ###   Best rss: None (since last: 1)
1.109E+03 ###   Best rss: None (since last: 1)
1.110E+03 ###   Best rss: None (since last: 1)
1.112E+03 ###   Best rss: None (since last: 1)
1.115E+03 ###   Best rss: None (since last: 1)
1.117E+03 ###   Best rss: None (since last: 1)
1.119E+03 ###   Best rss: None (since last: 1)
1.121E+03 ###   Best rss: None (since last: 1)
1.123E+03 ###   Best rss: None (since last: 1)
1.124E+03 ###   Best rss: None (since last: 1)
1.126E+03 ###   Best rss: None (since last: 1)
1.128E+03 ###   Best rss: None (since last: 1)
1.131E+03 ###   Best rss: None (since last: 1)
1.133E+03 ###   Best rss: None (since last: 1)
1.135E+03 ###   Best rss: None (since last: 1)
1.137E+03 ###   Best rss: None (since last: 1)
1.139E+03 ###   Best rss: None (since last: 1)
1.140E+03 ###   Best rss: None (since last: 1)
1.142E+03 ###   Best rss: None (since last: 1)
1.144E+03 ###   Best rss: None (since last: 1)
1.146E+03 ###   Best rss: None (since last: 1)
1.148E+03 ###   Best rss: None (since last: 1)
1.150E+03 ###   Best rss: None (since last: 1)
1.152E+03 ###   Best rss: None (since last: 1)
1.154E+03 ###   Best rss: None (since last: 1)
1.156E+03 ###   Best rss: None (since last: 1)
1.158E+03 ###   Best rss: None (since last: 1)
1.160E+03 ###   Best rss: None (since last: 1)
1.162E+03 ###   Best rss: None (since last: 1)
1.164E+03 ###   Best rss: None (since last: 1)
1.166E+03 ###   Best rss: None (since last: 1)
1.168E+03 ###   Best rss: None (since last: 1)
1.170E+03 ###   Best rss: None (since last: 1)
1.172E+03 ###   Best rss: None (since last: 1)
1.174E+03 ###   Best rss: None (since last: 1)
1.175E+03 ###   Best rss: None (since last: 1)
1.177E+03 ###   Best rss: None (since last: 1)
1.179E+03 ###   Best rss: None (since last: 1)
1.181E+03 ###   Best rss: None (since last: 1)
1.183E+03 ###   Best rss: None (since last: 1)
1.185E+03 ###   Best rss: None (since last: 1)
####TIME#############LOG#####################################################
1.187E+03 ###   Best rss: None (since last: 1)
1.189E+03 ###   Best rss: None (since last: 1)
1.191E+03 ###   Best rss: None (since last: 1)
1.193E+03 ###   Best rss: None (since last: 1)
1.195E+03 ###   Best rss: None (since last: 1)
1.196E+03 ###   Best rss: None (since last: 1)
1.198E+03 ###   Best rss: None (since last: 1)
1.200E+03 ###   Best rss: None (since last: 1)
1.202E+03 ###   Best rss: None (since last: 1)
1.204E+03 ###   Best rss: None (since last: 1)
1.206E+03 ###   Best rss: None (since last: 1)
1.208E+03 ###   Best rss: None (since last: 1)
1.210E+03 ###   Best rss: None (since last: 1)
1.212E+03 ###   Best rss: None (since last: 1)
1.214E+03 ###   Best rss: None (since last: 1)
1.216E+03 ###   Best rss: None (since last: 1)
1.218E+03 ###   Best rss: None (since last: 1)
1.220E+03 ###   Best rss: None (since last: 1)
1.222E+03 ###   Best rss: None (since last: 1)
1.223E+03 ###   Best rss: None (since last: 1)
1.225E+03 ###   Best rss: None (since last: 1)
1.227E+03 ###   Best rss: None (since last: 1)
1.230E+03 ###   Best rss: None (since last: 1)
1.231E+03 ###   Best rss: None (since last: 1)
1.233E+03 ###   Best rss: None (since last: 1)
1.235E+03 ###   Best rss: None (since last: 1)
1.237E+03 ###   Best rss: None (since last: 1)
1.239E+03 ###   Best rss: None (since last: 1)
1.241E+03 ###   Best rss: None (since last: 1)
1.243E+03 ###   Best rss: None (since last: 1)
1.245E+03 ###   Best rss: None (since last: 1)
1.247E+03 ###   Best rss: None (since last: 1)
1.250E+03 ###   Best rss: None (since last: 1)
1.252E+03 ###   Best rss: None (since last: 1)
1.254E+03 ###   Best rss: None (since last: 1)
1.256E+03 ###   Best rss: None (since last: 1)
1.258E+03 ###   Best rss: None (since last: 1)
1.259E+03 ###   Best rss: None (since last: 1)
1.261E+03 ###   Best rss: None (since last: 1)
1.263E+03 ###   Best rss: None (since last: 1)
1.265E+03 ###   Best rss: None (since last: 1)
1.267E+03 ###   Best rss: None (since last: 1)
1.269E+03 ###   Best rss: None (since last: 1)
1.271E+03 ###   Best rss: None (since last: 1)
1.273E+03 ###   Best rss: None (since last: 1)
1.275E+03 ###   Best rss: None (since last: 1)
1.277E+03 ###   Best rss: None (since last: 1)
1.278E+03 ###   Best rss: None (since last: 1)
1.280E+03 ###   Best rss: None (since last: 1)
1.282E+03 ###   Best rss: None (since last: 1)
1.284E+03 ###   Best rss: None (since last: 1)
1.286E+03 ###   Best rss: None (since last: 1)
1.288E+03 ###   Best rss: None (since last: 1)
1.290E+03 ###   Best rss: None (since last: 1)
1.292E+03 ###   Best rss: None (since last: 1)
1.294E+03 ###   Best rss: None (since last: 1)
1.296E+03 ###   Best rss: None (since last: 1)
1.298E+03 ###   Best rss: None (since last: 1)
1.300E+03 ###   Best rss: None (since last: 1)
1.302E+03 ###   Best rss: None (since last: 1)
1.304E+03 ###   Best rss: None (since last: 1)
1.306E+03 ###   Best rss: None (since last: 1)
1.307E+03 ###   Best rss: None (since last: 1)
1.309E+03 ###   Best rss: None (since last: 1)
1.311E+03 ###   Best rss: None (since last: 1)
1.313E+03 ###   Best rss: None (since last: 1)
1.315E+03 ###   Best rss: None (since last: 1)
1.317E+03 ###   Best rss: None (since last: 1)
1.319E+03 ###   Best rss: None (since last: 1)
1.321E+03 ###   Best rss: None (since last: 1)
1.323E+03 ###   Best rss: None (since last: 1)
1.325E+03 ###   Best rss: None (since last: 1)
1.327E+03 ###   Best rss: None (since last: 1)
1.329E+03 ###   Best rss: None (since last: 1)
1.331E+03 ###   Best rss: None (since last: 1)
1.333E+03 ###   Best rss: None (since last: 1)
1.335E+03 ###   Best rss: None (since last: 1)
1.337E+03 ###   Best rss: None (since last: 1)
1.339E+03 ###   Best rss: None (since last: 1)
1.341E+03 ###   Best rss: None (since last: 1)
1.343E+03 ###   Best rss: None (since last: 1)
1.345E+03 ###   Best rss: None (since last: 1)
1.347E+03 ###   Best rss: None (since last: 1)
1.349E+03 ###   Best rss: None (since last: 1)
1.351E+03 ###   Best rss: None (since last: 1)
1.353E+03 ###   Best rss: None (since last: 1)
1.355E+03 ###   Best rss: None (since last: 1)
1.357E+03 ###   Best rss: None (since last: 1)
1.359E+03 ###   Best rss: None (since last: 1)
1.361E+03 ###   Best rss: None (since last: 1)
1.363E+03 ###   Best rss: None (since last: 1)
1.365E+03 ###   Best rss: None (since last: 1)
1.367E+03 ###   Best rss: None (since last: 1)
1.368E+03 ###   Best rss: None (since last: 1)
1.370E+03 ###   Best rss: None (since last: 1)
1.372E+03 ###   Best rss: None (since last: 1)
1.374E+03 ###   Best rss: None (since last: 1)
1.376E+03 ###   Best rss: None (since last: 1)
1.378E+03 ###   Best rss: None (since last: 1)
1.380E+03 ###   Best rss: None (since last: 1)
####TIME#############LOG#####################################################
1.382E+03 ###   Best rss: None (since last: 1)
1.384E+03 ###   Best rss: None (since last: 1)
1.386E+03 ###   Best rss: None (since last: 1)
1.388E+03 ###   Best rss: None (since last: 1)
1.389E+03 ###   Best rss: None (since last: 1)
1.391E+03 ###   Best rss: None (since last: 1)
1.393E+03 ###   Best rss: None (since last: 1)
1.395E+03 ###   Best rss: None (since last: 1)
1.397E+03 ###   Best rss: None (since last: 1)
1.399E+03 ###   Best rss: None (since last: 1)
1.401E+03 ###   Best rss: None (since last: 1)
1.403E+03 ###   Best rss: None (since last: 1)
1.405E+03 ###   Best rss: None (since last: 1)
1.407E+03 ###   Best rss: None (since last: 1)
1.409E+03 ###   Best rss: None (since last: 1)
1.411E+03 ###   Best rss: None (since last: 1)
1.413E+03 ###   Best rss: None (since last: 1)
1.415E+03 ###   Best rss: None (since last: 1)
1.417E+03 ###   Best rss: None (since last: 1)
1.419E+03 ###   Best rss: None (since last: 1)
1.421E+03 ###   Best rss: None (since last: 1)
1.423E+03 ###   Best rss: None (since last: 1)
1.426E+03 ###   Best rss: None (since last: 1)
1.428E+03 ###   Best rss: None (since last: 1)
1.430E+03 ###   Best rss: None (since last: 1)
1.432E+03 ###   Best rss: None (since last: 1)
1.434E+03 ###   Best rss: None (since last: 1)
1.436E+03 ###   Best rss: None (since last: 1)
1.438E+03 ###   Best rss: None (since last: 1)
1.440E+03 ###   Best rss: None (since last: 1)
1.442E+03 ###   Best rss: None (since last: 1)
1.444E+03 ###   Best rss: None (since last: 1)
1.446E+03 ###   Best rss: None (since last: 1)
1.448E+03 ###   Best rss: None (since last: 1)
1.450E+03 ###   Best rss: None (since last: 1)
1.452E+03 ###   Best rss: None (since last: 1)
1.454E+03 ###   Best rss: None (since last: 1)
1.456E+03 ###   Best rss: None (since last: 1)
1.458E+03 ###   Best rss: None (since last: 1)
1.461E+03 ###   Best rss: None (since last: 1)
1.463E+03 ###   Best rss: None (since last: 1)
1.465E+03 ###   Best rss: None (since last: 1)
1.467E+03 ###   Best rss: None (since last: 1)
1.469E+03 ###   Best rss: None (since last: 1)
1.471E+03 ###   Best rss: None (since last: 1)
1.473E+03 ###   Best rss: None (since last: 1)
1.475E+03 ###   Best rss: None (since last: 1)
1.477E+03 ###   Best rss: None (since last: 1)
1.479E+03 ###   Best rss: None (since last: 1)
1.481E+03 ###   Best rss: None (since last: 1)
1.484E+03 ###   Best rss: None (since last: 1)
1.485E+03 ###   Best rss: None (since last: 1)
1.488E+03 ###   Best rss: None (since last: 1)
1.490E+03 ###   Best rss: None (since last: 1)
1.492E+03 ###   Best rss: None (since last: 1)
1.494E+03 ###   Best rss: None (since last: 1)
1.496E+03 ###   Best rss: None (since last: 1)
1.498E+03 ###   Best rss: None (since last: 1)
1.500E+03 ###   Best rss: None (since last: 1)
1.502E+03 ###   Best rss: None (since last: 1)
1.504E+03 ###   Best rss: None (since last: 1)
1.507E+03 ###   Best rss: None (since last: 1)
1.508E+03 ###   Best rss: None (since last: 1)
1.511E+03 ###   Best rss: None (since last: 1)
1.513E+03 ###   Best rss: None (since last: 1)
1.515E+03 ###   Best rss: None (since last: 1)
1.517E+03 ###   Best rss: None (since last: 1)
1.519E+03 ###   Best rss: None (since last: 1)
1.521E+03 ###   Best rss: None (since last: 1)
1.523E+03 ###   Best rss: None (since last: 1)
1.525E+03 ###   Best rss: None (since last: 1)
1.528E+03 ###   Best rss: None (since last: 1)
1.530E+03 ###   Best rss: None (since last: 1)
1.532E+03 ###   Best rss: None (since last: 1)
1.534E+03 ###   Best rss: None (since last: 1)
1.536E+03 ###   Best rss: None (since last: 1)
1.538E+03 ###   Best rss: None (since last: 1)
1.540E+03 ###   Best rss: None (since last: 1)
1.542E+03 ###   Best rss: None (since last: 1)
1.544E+03 ###   Best rss: None (since last: 1)
1.546E+03 ###   Best rss: None (since last: 1)
1.548E+03 ###   Best rss: None (since last: 1)
1.550E+03 ###   Best rss: None (since last: 1)
1.553E+03 ###   Best rss: None (since last: 1)
1.554E+03 ###   Best rss: None (since last: 1)
1.556E+03 ###   Best rss: None (since last: 1)
1.559E+03 ###   Best rss: None (since last: 1)
1.561E+03 ###   Best rss: None (since last: 1)
1.562E+03 ###   Best rss: None (since last: 1)
1.564E+03 ###   Best rss: None (since last: 1)
1.567E+03 ###   Best rss: None (since last: 1)
1.568E+03 ###   Best rss: None (since last: 1)
1.571E+03 ###   Best rss: None (since last: 1)
1.573E+03 ###   Best rss: None (since last: 1)
1.575E+03 ###   Best rss: None (since last: 1)
1.577E+03 ###   Best rss: None (since last: 1)
1.579E+03 ###   Best rss: None (since last: 1)
1.581E+03 ###   Best rss: None (since last: 1)
1.583E+03 ###   Best rss: None (since last: 1)
1.585E+03 ###   Best rss: None (since last: 1)
####TIME#############LOG#####################################################
1.587E+03 ###   Best rss: None (since last: 1)
1.589E+03 ###   Best rss: None (since last: 1)
1.591E+03 ###   Best rss: None (since last: 1)
1.593E+03 ###   Best rss: None (since last: 1)
1.596E+03 ###   Best rss: None (since last: 1)
1.598E+03 ###   Best rss: None (since last: 1)
1.600E+03 ###   Best rss: None (since last: 1)
1.602E+03 ###   Best rss: None (since last: 1)
1.604E+03 ###   Best rss: None (since last: 1)
1.606E+03 ###   Best rss: None (since last: 1)
1.608E+03 ###   Best rss: None (since last: 1)
1.610E+03 ###   Best rss: None (since last: 1)
1.612E+03 ###   Best rss: None (since last: 1)
1.614E+03 ###   Best rss: None (since last: 1)
1.616E+03 ###   Best rss: None (since last: 1)
1.618E+03 ###   Best rss: None (since last: 1)
1.620E+03 ###   Best rss: None (since last: 1)
1.622E+03 ###   Best rss: None (since last: 1)
1.624E+03 ###   Best rss: None (since last: 1)
1.626E+03 ###   Best rss: None (since last: 1)
1.628E+03 ###   Best rss: None (since last: 1)
1.631E+03 ###   Best rss: None (since last: 1)
1.633E+03 ###   Best rss: None (since last: 1)
1.634E+03 ###   Best rss: None (since last: 1)
1.636E+03 ###   Best rss: None (since last: 1)
1.638E+03 ###   Best rss: None (since last: 1)
1.641E+03 ###   Best rss: None (since last: 1)
1.643E+03 ###   Best rss: None (since last: 1)
1.645E+03 ###   Best rss: None (since last: 1)
1.647E+03 ###   Best rss: None (since last: 1)
1.649E+03 ###   Best rss: None (since last: 1)
1.651E+03 ###   Best rss: None (since last: 1)
1.653E+03 ###   Best rss: None (since last: 1)
1.655E+03 ###   Best rss: None (since last: 1)
1.657E+03 ###   Best rss: None (since last: 1)
1.659E+03 ###   Best rss: None (since last: 1)
1.662E+03 ###   Best rss: None (since last: 1)
1.664E+03 ###   Best rss: None (since last: 1)
1.666E+03 ###   Best rss: None (since last: 1)
1.668E+03 ###   Best rss: None (since last: 1)
1.670E+03 ###   Best rss: None (since last: 1)
1.672E+03 ###   Best rss: None (since last: 1)
1.674E+03 ###   Best rss: None (since last: 1)
1.676E+03 ###   Best rss: None (since last: 1)
1.678E+03 ###   Best rss: None (since last: 1)
1.681E+03 ###   Best rss: None (since last: 1)
1.683E+03 ###   Best rss: None (since last: 1)
1.685E+03 ###   Best rss: None (since last: 1)
1.687E+03 ###   Best rss: None (since last: 1)
1.689E+03 ###   Best rss: None (since last: 1)
1.691E+03 ###   Best rss: None (since last: 1)
1.693E+03 ###   Best rss: None (since last: 1)
1.695E+03 ###   Best rss: None (since last: 1)
1.698E+03 ###   Best rss: None (since last: 1)
1.699E+03 ###   Best rss: None (since last: 1)
1.702E+03 ###   Best rss: None (since last: 1)
1.704E+03 ###   Best rss: None (since last: 1)
1.706E+03 ###   Best rss: None (since last: 1)
1.708E+03 ###   Best rss: None (since last: 1)
1.710E+03 ###   Best rss: None (since last: 1)
1.712E+03 ###   Best rss: None (since last: 1)
1.714E+03 ###   Best rss: None (since last: 1)
1.716E+03 ###   Best rss: None (since last: 1)
1.718E+03 ###   Best rss: None (since last: 1)
1.721E+03 ###   Best rss: None (since last: 1)
1.723E+03 ###   Best rss: None (since last: 1)
1.725E+03 ###   Best rss: None (since last: 1)
1.727E+03 ###   Best rss: None (since last: 1)
1.729E+03 ###   Best rss: None (since last: 1)
1.731E+03 ###   Best rss: None (since last: 1)
1.733E+03 ###   Best rss: None (since last: 1)
1.736E+03 ###   Best rss: None (since last: 1)
1.738E+03 ###   Best rss: None (since last: 1)
1.740E+03 ###   Best rss: None (since last: 1)
1.742E+03 ###   Best rss: None (since last: 1)
1.744E+03 ###   Best rss: None (since last: 1)
1.746E+03 ###   Best rss: None (since last: 1)
1.748E+03 ###   Best rss: None (since last: 1)
1.750E+03 ###   Best rss: None (since last: 1)
1.753E+03 ###   Best rss: None (since last: 1)
1.755E+03 ###   Best rss: None (since last: 1)
1.757E+03 ###   Best rss: None (since last: 1)
1.759E+03 ###   Best rss: None (since last: 1)
1.761E+03 ###   Best rss: None (since last: 1)
1.763E+03 ###   Best rss: None (since last: 1)
1.766E+03 ###   Best rss: None (since last: 1)
1.768E+03 ###   Best rss: None (since last: 1)
1.770E+03 ###   Best rss: None (since last: 1)
1.772E+03 ###   Best rss: None (since last: 1)
1.775E+03 ###   Best rss: None (since last: 1)
1.777E+03 ###   Best rss: None (since last: 1)
1.779E+03 ###   Best rss: None (since last: 1)
1.780E+03 ###   Best rss: None (since last: 1)
1.783E+03 ###   Best rss: None (since last: 1)
1.785E+03 ###   Best rss: None (since last: 1)
1.787E+03 ###   Best rss: None (since last: 1)
1.789E+03 ###   Best rss: None (since last: 1)
1.791E+03 ###   Best rss: None (since last: 1)
1.793E+03 ###   Best rss: None (since last: 1)
1.795E+03 ###   Best rss: None (since last: 1)
####TIME#############LOG#####################################################
1.797E+03 ###   Best rss: None (since last: 1)
1.799E+03 ###   Best rss: None (since last: 1)
1.802E+03 ###   Best rss: None (since last: 1)
1.804E+03 ###   Best rss: None (since last: 1)
1.805E+03 ###   Best rss: None (since last: 1)
1.807E+03 ###   Best rss: None (since last: 1)
1.809E+03 ###   Best rss: None (since last: 1)
1.811E+03 ###   Best rss: None (since last: 1)
1.814E+03 ###   Best rss: None (since last: 1)
1.816E+03 ###   Best rss: None (since last: 1)
1.817E+03 ###   Best rss: None (since last: 1)
1.819E+03 ###   Best rss: None (since last: 1)
1.821E+03 ###   Best rss: None (since last: 1)
1.824E+03 ###   Best rss: None (since last: 1)
1.826E+03 ###   Best rss: None (since last: 1)
1.828E+03 ###   Best rss: None (since last: 1)
1.830E+03 ###   Best rss: None (since last: 1)
1.832E+03 ###   Best rss: None (since last: 1)
1.834E+03 ###   Best rss: None (since last: 1)
1.836E+03 ###   Best rss: None (since last: 1)
1.838E+03 ###   Best rss: None (since last: 1)
1.840E+03 ###   Best rss: None (since last: 1)
1.842E+03 ###   Best rss: None (since last: 1)
1.844E+03 ###   Best rss: None (since last: 1)
1.847E+03 ###   Best rss: None (since last: 1)
1.849E+03 ###   Best rss: None (since last: 1)
1.851E+03 ###   Best rss: None (since last: 1)
1.853E+03 ###   Best rss: None (since last: 1)
1.855E+03 ###   Best rss: None (since last: 1)
1.857E+03 ###   Best rss: None (since last: 1)
1.859E+03 ###   Best rss: None (since last: 1)
1.861E+03 ###   Best rss: None (since last: 1)
1.863E+03 ###   Best rss: None (since last: 1)
1.865E+03 ###   Best rss: None (since last: 1)
1.867E+03 ###   Best rss: None (since last: 1)
1.869E+03 ###   Best rss: None (since last: 1)
1.870E+03 ###   Best rss: None (since last: 1)
1.872E+03 ###   Best rss: None (since last: 1)
1.874E+03 ###   Best rss: None (since last: 1)
1.876E+03 ###   Best rss: None (since last: 1)
1.878E+03 ###   Best rss: None (since last: 1)
1.880E+03 ###   Best rss: None (since last: 1)
1.882E+03 ###   Best rss: None (since last: 1)
1.884E+03 ###   Best rss: None (since last: 1)
1.887E+03 ###   Best rss: None (since last: 1)
1.889E+03 ###   Best rss: None (since last: 1)
1.891E+03 ###   Best rss: None (since last: 1)
1.893E+03 ###   Best rss: None (since last: 1)
1.895E+03 ###   Best rss: None (since last: 1)
1.897E+03 ###   Best rss: None (since last: 1)
1.899E+03 ###   Best rss: None (since last: 1)
1.901E+03 ###   Best rss: None (since last: 1)
1.903E+03 ###   Best rss: None (since last: 1)
1.905E+03 ###   Best rss: None (since last: 1)
1.907E+03 ###   Best rss: None (since last: 1)
1.909E+03 ###   Best rss: None (since last: 1)
1.911E+03 ###   Best rss: None (since last: 1)
1.913E+03 ###   Best rss: None (since last: 1)
1.915E+03 ###   Best rss: None (since last: 1)
