#############################################################################
5.335E-03 ###   Tue, 18 May 2021 22:51:50 +0000
#############################################################################

####TIME#############LOG#####################################################
1.320E-02 ###   Script: /cloud/Code/python/eampa/eampa.py
1.683E-02 ###   Loaded: input.in
#############################################
  Read Input
  Time: 1.846E-02
#############################################
2.011E-02 ###   bp
2.182E-02 ###   a0: 5.0
2.182E-02 ###   b0: 1.0
2.182E-02 ###   bp: 100.0
2.182E-02 ###   config: 0.0001
2.183E-02 ###   e: 1.0
2.183E-02 ###   e0: 5.0
2.183E-02 ###   ec: 1.0
2.183E-02 ###   energy: 20.0
2.183E-02 ###   force: 1.0
2.183E-02 ###   g: 1.0
2.183E-02 ###   negec: 1000.0
2.183E-02 ###   stress: 1.0
2.183E-02 ###   v: 1.0
2.183E-02 ###   
2.348E-02 ###   max: 100.0
2.348E-02 ###   min: 0.1
2.348E-02 ###   scale_exponent: 4.0
2.348E-02 ###   scale_factor: 10.0
2.348E-02 ###   zero_density_factor: 100000000.0
2.348E-02 ###   
2.524E-02 ###   pot_dir: None
2.524E-02 ###   pot_name: None
2.524E-02 ###   results_dir: results
2.525E-02 ###   
2.685E-02 ###   bp_file: bp.dat
2.685E-02 ###   dir: bp
2.685E-02 ###   ec_size: 6
2.685E-02 ###   ec_strain: 0.01
2.686E-02 ###   eos_size: 6
2.686E-02 ###   eos_strain: 0.01
2.686E-02 ###   
2.854E-02 ###   
3.027E-02 ###   1: {'label_id': 1, 'label_text': 'AL', 'atom_count': 32, 'relaxed_energy': -1264.06398979, 'relaxed_energy_unit': 'Ry', 'coh_energy': -3.36, 'coh_energy_unit': 'eV', 'calc_relaxed_dft_ev': -537.454181036, 'calc_coh_ev': -3.36, 'calc_apaev': 534.094181036}
3.028E-02 ###   2: {'label_id': 2, 'label_text': 'FE', 'atom_count': 16, 'relaxed_energy': -5268.188, 'relaxed_energy_unit': 'Ry', 'coh_energy': -4.316, 'coh_energy_unit': 'eV', 'calc_relaxed_dft_ev': -4479.851795407, 'calc_coh_ev': -4.316, 'calc_apaev': 4475.5357954070005}
3.028E-02 ###   3: {'label_id': 3, 'label_text': 'PD', 'atom_count': 32, 'relaxed_energy': -16384.958, 'relaxed_energy_unit': 'Ry', 'coh_energy': -3.91, 'coh_energy_unit': 'eV', 'calc_relaxed_dft_ev': -6966.549363269, 'calc_coh_ev': -3.91, 'calc_apaev': 6962.639363269001}
3.028E-02 ###   
#############################################
  Setup Directories
  Time: 3.199E-02
#############################################
3.360E-02 ###   WD: wd/wd
#############################################
  Memory
  Time: 3.633E-02
#############################################
3.800E-02 ###   EFS 2000000000.0
3.959E-02 ###   config size       255102
4.114E-02 ###   ghost size        3061224
4.286E-02 ###   nl size           25510204
4.462E-02 ###   BP 2000000000.0
4.626E-02 ###   config size       255102
4.784E-02 ###   ghost size        3061224
4.941E-02 ###   nl size           25510204
#############################################
  Potential Load
  Time: 5.103E-02
#############################################
5.368E-02 ###   Potential file: pot/fe/fe.pot
5.537E-02 ###   Loading: pot/fe/fe.pot
4.745E-01 ###   BP Allocated Memory
4.746E-01 ###   
4.767E-01 ###   2GB
4.767E-01 ###   
4.785E-01 ###   255102 3061224 25510204
4.785E-01 ###   

#############################################################################
1.720E+00 ###   Duration: 1.714491605758667
#############################################################################
