/* Converted from PWscf output file */ 
#L_UNITS ang 
#E_UNITS eV 
#S_UNITS GPA 
#F_UNITS EV/ANG 
#ALAT 	   6.84431     // a0 
#X 	   1.00002     0.00000     0.00833     // X 
#Y 	   0.00000     1.05450     0.00000     // Y 
#Z 	   0.00833     0.00000     1.00001     // Z 
#SX 	   0.06650     0.00000    -4.46885     // SX 
#SY 	   0.00000    -0.04229     0.00000     // SY 
#SZ 	   4.46885     0.00000     0.06519     // SZ 
#EPA 	  -4.26021     // Energy per Atom 
#RCUT 	6.5        // Rcut 
FE      0.00000      0.00000      0.00000      0.00000      0.00000      0.00000
FE      0.25000      0.26363      0.00208     -0.00018      0.00095     -0.00169
FE      0.25209      0.00000      0.25208     -0.00009      0.00000     -0.00097
FE      0.00208      0.26363      0.25001     -0.00025     -0.00069      0.00063
FE      0.00417      0.00000      0.50001      0.00000      0.00000      0.00000
FE      0.25417      0.26363      0.50209      0.00057      0.00099      0.00015
FE      0.25625      0.00000      0.75209      0.00023      0.00000     -0.00009
FE      0.00625      0.26363      0.75000      0.00025     -0.00069     -0.00063
FE      0.00000      0.52725      0.00000      0.00000      0.00000      0.00000
FE      0.25000      0.79087      0.00208     -0.00018     -0.00095     -0.00169
FE      0.25209      0.52725      0.25209     -0.00033      0.00000     -0.00051
FE      0.00208      0.79087      0.25001     -0.00025      0.00069      0.00063
FE      0.00417      0.52725      0.50001      0.00000      0.00000      0.00000
FE      0.25417      0.79087      0.50209      0.00057     -0.00099      0.00015
FE      0.25626      0.52725      0.75209      0.00143      0.00000     -0.00033
FE      0.00625      0.79087      0.75000      0.00025      0.00069     -0.00063
FE      0.50001      0.00000      0.00417      0.00000      0.00000      0.00000
FE      0.75002      0.26363      0.00625      0.00018      0.00095      0.00169
FE      0.75210      0.00000      0.25625     -0.00023      0.00000      0.00009
FE      0.50209      0.26362      0.25417     -0.00123      0.00019      0.00011
FE      0.50418      0.00000      0.50417      0.00000      0.00000      0.00000
FE      0.75418      0.26363      0.50626     -0.00057      0.00099     -0.00015
FE      0.75627      0.00000      0.75626      0.00009      0.00000      0.00097
FE      0.50626      0.26362      0.75417      0.00123      0.00019     -0.00011
FE      0.50001      0.52725      0.00417      0.00000      0.00000      0.00000
FE      0.75002      0.79087      0.00625      0.00018     -0.00095      0.00169
FE      0.75210      0.52725      0.25625     -0.00143      0.00000      0.00033
FE      0.50209      0.79087      0.25417     -0.00123     -0.00019      0.00011
FE      0.50418      0.52725      0.50417      0.00000      0.00000      0.00000
FE      0.75418      0.79087      0.50626     -0.00057     -0.00099     -0.00015
FE      0.75627      0.52725      0.75626      0.00033      0.00000      0.00051
FE      0.50626      0.79087      0.75417      0.00123     -0.00019     -0.00011
