/* Converted from PWscf output file */ 
#L_UNITS ang 
#E_UNITS eV 
#S_UNITS GPA 
#F_UNITS EV/ANG 
#ALAT 	   6.84431     // a0 
#X 	   1.00002     0.00703     0.00000     // X 
#Y 	   0.00667     1.05449     0.00000     // Y 
#Z 	   0.00000     0.00000     1.00000     // Z 
#SX 	   0.09406    -2.45413     0.00000     // SX 
#SY 	   2.45413     0.13081     0.00000     // SY 
#SZ 	   0.00000     0.00000     0.02421     // SZ 
#EPA 	  -4.26160     // Energy per Atom 
#RCUT 	6.5        // Rcut 
FE      0.00000      0.00000      0.00000      0.00000      0.00000      0.00000
FE      0.25167      0.26538      0.00000      0.00160      0.00093      0.00000
FE      0.25000      0.00176      0.25000      0.00556      0.00072      0.00437
FE      0.00167      0.26362      0.25000      0.00017     -0.00539     -0.00377
FE      0.00000      0.00000      0.50000      0.00000      0.00000      0.00000
FE      0.25167      0.26539      0.50000      0.00406     -0.01421      0.00000
FE      0.25000      0.00176      0.75000      0.00556      0.00072     -0.00437
FE      0.00167      0.26362      0.75000      0.00017     -0.00539      0.00377
FE      0.00333      0.52724      0.00000      0.00000      0.00000      0.00000
FE      0.25500      0.79262      0.00000      0.00473      0.00346      0.00000
FE      0.25334      0.52900      0.25000     -0.00059     -0.00463      0.00078
FE      0.00500      0.79087      0.25000     -0.00017      0.00539     -0.00377
FE      0.00333      0.52724      0.50000      0.00000      0.00000      0.00000
FE      0.25500      0.79262      0.50000     -0.00137      0.00058      0.00000
FE      0.25334      0.52900      0.75000     -0.00059     -0.00463     -0.00078
FE      0.00500      0.79087      0.75000     -0.00017      0.00539      0.00377
FE      0.50001      0.00351      0.00000      0.00000      0.00000      0.00000
FE      0.75168      0.26890      0.00000     -0.00473     -0.00346      0.00000
FE      0.75001      0.00527      0.25000     -0.00556     -0.00072      0.00437
FE      0.50167      0.26714      0.25000      0.00474      0.00092     -0.00288
FE      0.50001      0.00351      0.50000      0.00000      0.00000      0.00000
FE      0.75168      0.26890      0.50000      0.00137     -0.00058      0.00000
FE      0.75001      0.00527      0.75000     -0.00556     -0.00072     -0.00437
FE      0.50167      0.26714      0.75000      0.00474      0.00092      0.00288
FE      0.50334      0.53076      0.00000      0.00000      0.00000      0.00000
FE      0.75501      0.79614      0.00000     -0.00160     -0.00093      0.00000
FE      0.75334      0.53252      0.25000      0.00059      0.00463      0.00078
FE      0.50501      0.79438      0.25000     -0.00474     -0.00092     -0.00288
FE      0.50334      0.53076      0.50000      0.00000      0.00000      0.00000
FE      0.75501      0.79613      0.50000     -0.00406      0.01421      0.00000
FE      0.75334      0.53252      0.75000      0.00059      0.00463     -0.00078
FE      0.50501      0.79438      0.75000     -0.00474     -0.00092      0.00288
