/* Converted from PWscf output file */ 
#L_UNITS ang 
#E_UNITS eV 
#S_UNITS GPA 
#F_UNITS EV/ANG 
#ALAT 	   7.85004     // a0 
#X 	   1.00001     0.00000     0.00000     // X 
#Y 	   0.00000     1.00417     0.00000     // Y 
#Z 	   0.00000     0.00000     0.99584     // Z 
#SX 	   0.16319     0.00000     0.00000     // SX 
#SY 	   0.00000    -0.14992     0.00000     // SY 
#SZ 	   0.00000     0.00000     0.46376     // SZ 
#EPA 	  -3.90994     // Energy per Atom 
#RCUT 	6.5        // Rcut 
PD      0.00000      0.00000      0.00000      0.00000      0.00000      0.00000
PD      0.25001      0.25105      0.00000     -0.00019      0.00660      0.00000
PD      0.25001      0.00000      0.24896     -0.00160      0.00000      0.00283
PD      0.00000      0.25105      0.24896      0.00000      0.00403      0.00224
PD      0.00000      0.00000      0.49792      0.00000      0.00000      0.00000
PD      0.25001      0.25105      0.49792      0.00002      0.00819      0.00000
PD      0.25001      0.00000      0.74687     -0.00160     -0.00000     -0.00283
PD      0.00000      0.25105      0.74687      0.00000      0.00403     -0.00224
PD      0.00000      0.50209      0.00000      0.00000      0.00000      0.00000
PD      0.25001      0.75312      0.00000     -0.00019     -0.00660      0.00000
PD      0.25001      0.50209      0.24897      0.00116      0.00000      0.00169
PD      0.00000      0.75312      0.24896      0.00000     -0.00403      0.00224
PD      0.00000      0.50209      0.49792      0.00000      0.00000      0.00000
PD      0.25001      0.75312      0.49792      0.00002     -0.00819      0.00000
PD      0.25001      0.50209      0.74687      0.00116     -0.00000     -0.00169
PD      0.00000      0.75312      0.74687      0.00000     -0.00403     -0.00224
PD      0.50000      0.00000      0.00000      0.00000      0.00000      0.00000
PD      0.75000      0.25105      0.00000      0.00019      0.00660      0.00000
PD      0.75000      0.00000      0.24896      0.00160     -0.00000      0.00283
PD      0.50000      0.25105      0.24897      0.00000      0.01113      0.00258
PD      0.50000      0.00000      0.49792      0.00000      0.00000      0.00000
PD      0.74999      0.25105      0.49792     -0.00002      0.00819      0.00000
PD      0.75000      0.00000      0.74687      0.00160      0.00000     -0.00283
PD      0.50000      0.25105      0.74687      0.00000      0.01113     -0.00258
PD      0.50000      0.50209      0.00000      0.00000      0.00000      0.00000
PD      0.75000      0.75312      0.00000      0.00019     -0.00660      0.00000
PD      0.74999      0.50209      0.24897     -0.00116     -0.00000      0.00169
PD      0.50000      0.75312      0.24897      0.00000     -0.01113      0.00258
PD      0.50000      0.50209      0.49792      0.00000      0.00000      0.00000
PD      0.74999      0.75312      0.49792     -0.00002     -0.00819      0.00000
PD      0.74999      0.50209      0.74687     -0.00116      0.00000     -0.00169
PD      0.50000      0.75312      0.74687      0.00000     -0.01113     -0.00258
