/* Converted from PWscf output file */ 
#L_UNITS ang 
#E_UNITS eV 
#S_UNITS GPA 
#F_UNITS EV/ANG 
#ALAT 	   6.84431     // a0 
#X 	   1.00000     0.00000     0.00000     // X 
#Y 	   0.00000     1.05975     0.00000     // Y 
#Z 	   0.00000     0.00000     0.99999     // Z 
#SX 	   0.64270     0.00000     0.00000     // SX 
#SY 	   0.00000    -1.44611     0.00000     // SY 
#SZ 	   0.00000     0.00000    -0.64328     // SZ 
#EPA 	  -4.26412     // Energy per Atom 
#RCUT 	6.5        // Rcut 
FE      0.00000      0.00000      0.00000      0.00000      0.00000      0.00000
FE      0.25000      0.26494      0.00000      0.00151      0.00040      0.00000
FE      0.25000      0.00000      0.24999      0.00096      0.00000      0.00054
FE      0.00000      0.26494      0.25000      0.00000      0.00118     -0.00134
FE      0.00000      0.00000      0.49999      0.00000      0.00000      0.00000
FE      0.25000      0.26494      0.49999      0.00088     -0.00011      0.00000
FE      0.25000      0.00000      0.74999      0.00096      0.00000     -0.00054
FE      0.00000      0.26494      0.74999      0.00000      0.00118      0.00134
FE      0.00000      0.52987      0.00000      0.00000      0.00000      0.00000
FE      0.25000      0.79481      0.00000      0.00151     -0.00040      0.00000
FE      0.25000      0.52987      0.25000      0.00096      0.00000     -0.00065
FE      0.00000      0.79481      0.25000      0.00000     -0.00118     -0.00134
FE      0.00000      0.52987      0.49999      0.00000      0.00000      0.00000
FE      0.25000      0.79480      0.49999      0.00088      0.00011      0.00000
FE      0.25000      0.52987      0.74999      0.00096     -0.00000      0.00065
FE      0.00000      0.79481      0.74999      0.00000     -0.00118      0.00134
FE      0.50000      0.00000      0.00000      0.00000      0.00000      0.00000
FE      0.75000      0.26494      0.00000     -0.00151      0.00040      0.00000
FE      0.75000      0.00000      0.24999     -0.00096      0.00000      0.00054
FE      0.50000      0.26494      0.25000      0.00000      0.00131     -0.00081
FE      0.50000      0.00000      0.49999      0.00000      0.00000      0.00000
FE      0.75000      0.26494      0.49999     -0.00088     -0.00011      0.00000
FE      0.75000      0.00000      0.74999     -0.00096      0.00000     -0.00054
FE      0.50000      0.26494      0.74999      0.00000      0.00131      0.00081
FE      0.50000      0.52987      0.00000      0.00000      0.00000      0.00000
FE      0.75000      0.79481      0.00000     -0.00151     -0.00040      0.00000
FE      0.75000      0.52987      0.25000     -0.00096     -0.00000     -0.00065
FE      0.50000      0.79481      0.25000      0.00000     -0.00131     -0.00081
FE      0.50000      0.52987      0.49999      0.00000      0.00000      0.00000
FE      0.75000      0.79480      0.49999     -0.00088      0.00011      0.00000
FE      0.75000      0.52987      0.74999     -0.00096      0.00000      0.00065
FE      0.50000      0.79481      0.74999      0.00000     -0.00131      0.00081
