#############################################################################
5.787E-03 ###   Mon, 05 Jul 2021 14:53:45 +0000
#############################################################################

####TIME#############LOG#####################################################
1.300E-02 ###   Script: /cloud/Code/python/eampa/eampa.py
1.650E-02 ###   Loaded: input.in
#############################################
  Read Input
  Time: 1.820E-02
#############################################
2.013E-02 ###   fit
2.207E-02 ###   a0: 5.0
2.207E-02 ###   b0: 1.0
2.207E-02 ###   bp: 100.0
2.208E-02 ###   config: 0.0001
2.208E-02 ###   e: 1.0
2.208E-02 ###   e0: 25.0
2.208E-02 ###   ec: 1.0
2.208E-02 ###   energy: 20.0
2.208E-02 ###   force: 1.0
2.208E-02 ###   g: 1.0
2.208E-02 ###   negec: 1000.0
2.208E-02 ###   stress: 1.0
2.208E-02 ###   v: 1.0
2.208E-02 ###   
2.387E-02 ###   max: 100.0
2.388E-02 ###   min: 0.1
2.388E-02 ###   scale_exponent: 4.0
2.388E-02 ###   scale_factor: 10.0
2.388E-02 ###   zero_density_factor: 100000000.0
2.388E-02 ###   
2.566E-02 ###   pot_dir: None
2.566E-02 ###   pot_name: None
2.567E-02 ###   results_dir: results
2.567E-02 ###   
2.739E-02 ###   bp_file: bp.dat
2.739E-02 ###   dir: bp
2.739E-02 ###   ec_size: 11
2.739E-02 ###   ec_strain: 0.05
2.739E-02 ###   eos_size: 9
2.740E-02 ###   eos_strain: 0.1
2.740E-02 ###   
2.914E-02 ###   
3.095E-02 ###   1: {'label_id': 1, 'label_text': 'AL', 'atom_count': 32, 'relaxed_energy': -1264.06398979, 'relaxed_energy_unit': 'Ry', 'coh_energy': -3.36, 'coh_energy_unit': 'eV', 'calc_relaxed_dft_ev': -537.454181036, 'calc_coh_ev': -3.36, 'calc_apaev': 534.094181036}
3.096E-02 ###   2: {'label_id': 2, 'label_text': 'FE', 'atom_count': 16, 'relaxed_energy': -5268.188, 'relaxed_energy_unit': 'Ry', 'coh_energy': -4.316, 'coh_energy_unit': 'eV', 'calc_relaxed_dft_ev': -4479.851795407, 'calc_coh_ev': -4.316, 'calc_apaev': 4475.5357954070005}
3.096E-02 ###   3: {'label_id': 3, 'label_text': 'PD', 'atom_count': 32, 'relaxed_energy': -16384.958, 'relaxed_energy_unit': 'Ry', 'coh_energy': -3.91, 'coh_energy_unit': 'eV', 'calc_relaxed_dft_ev': -6966.549363269, 'calc_coh_ev': -3.91, 'calc_apaev': 6962.639363269001}
3.096E-02 ###   
#############################################
  Setup Directories
  Time: 3.274E-02
#############################################
3.451E-02 ###   WD: wd/wd
#############################################
  Memory
  Time: 3.748E-02
#############################################
3.928E-02 ###   EFS 2000000000.0
4.115E-02 ###   config size       255102
4.299E-02 ###   ghost size        3061224
4.476E-02 ###   nl size           25510204
4.648E-02 ###   BP 2000000000.0
4.818E-02 ###   config size       255102
4.992E-02 ###   ghost size        3061224
5.167E-02 ###   nl size           25510204
#############################################
  Potential Load
  Time: 5.353E-02
#############################################
8.733E-02 ###   Potential file: pot/pd.pot
8.933E-02 ###   Loading: pot/pd.pot
8.902E-01 ###   std  configs/ec_3_005.out
8.958E-01 ###   std  configs/ec_7_005.out
9.008E-01 ###   std  configs/ec_7_002.out
9.063E-01 ###   std  configs/ec_3_002.out
9.117E-01 ###   std  configs/ec_8_007.out
9.170E-01 ###   std  configs/ec_4_007.out
9.223E-01 ###   std  configs/ec_5_001.out
9.277E-01 ###   std  configs/ec_9_006.out
9.332E-01 ###   std  configs/eos_007.out
9.384E-01 ###   std  configs/ec_1_001.out
9.434E-01 ###   std  configs/ec_9_001.out
9.487E-01 ###   std  configs/ec_1_006.out
9.537E-01 ###   std  configs/ec_5_006.out
9.588E-01 ###   std  configs/config_0002.out
9.639E-01 ###   std  configs/config_0005.out
9.689E-01 ###   std  configs/ec_2_004.out
9.741E-01 ###   std  configs/ec_6_004.out
9.793E-01 ###   std  configs/ec_6_003.out
9.846E-01 ###   std  configs/ec_2_003.out
9.902E-01 ###   std  configs/ec_8_001.out
9.954E-01 ###   std  configs/ec_4_006.out
1.000E+00 ###   std  configs/ec_4_001.out
1.006E+00 ###   std  configs/ec_8_006.out
1.011E+00 ###   std  configs/ec_7_003.out
1.016E+00 ###   std  configs/ec_3_003.out
1.021E+00 ###   std  configs/ec_3_004.out
1.027E+00 ###   std  configs/ec_7_004.out
1.032E+00 ###   std  configs/ec_6_002.out
1.037E+00 ###   std  configs/ec_2_002.out
1.042E+00 ###   std  configs/ec_2_005.out
1.048E+00 ###   std  configs/ec_6_005.out
1.053E+00 ###   std  configs/config_0004.out
1.058E+00 ###   std  configs/config_0003.out
1.063E+00 ###   std  configs/ec_1_007.out
1.068E+00 ###   std  configs/eos_001.out
1.073E+00 ###   std  configs/ec_5_007.out
1.079E+00 ###   std  configs/ec_9_007.out
1.084E+00 ###   std  configs/eos_006.out
1.089E+00 ###   std  configs/ec_2_006.out
1.094E+00 ###   std  configs/ec_6_006.out
1.099E+00 ###   std  configs/ec_6_001.out
1.104E+00 ###   std  configs/ec_2_001.out
1.109E+00 ###   std  configs/config_0007.out
1.114E+00 ###   std  configs/config_0009.out
1.120E+00 ###   std  configs/ec_5_003.out
1.125E+00 ###   std  configs/ec_9_004.out
1.130E+00 ###   std  configs/eos_005.out
1.135E+00 ###   std  configs/ec_1_003.out
1.141E+00 ###   std  configs/ec_9_003.out
1.146E+00 ###   std  configs/eos_002.out
1.152E+00 ###   std  configs/ec_1_004.out
1.157E+00 ###   std  configs/ec_5_004.out
1.162E+00 ###   std  configs/ec_4_002.out
1.168E+00 ###   std  configs/ec_8_005.out
1.173E+00 ###   std  configs/ec_8_002.out
1.178E+00 ###   std  configs/ec_4_005.out
1.183E+00 ###   std  configs/ec_3_007.out
1.189E+00 ###   std  configs/ec_7_007.out
1.194E+00 ###   std  configs/ec_9_002.out
1.199E+00 ###   std  configs/ec_1_005.out
1.204E+00 ###   std  configs/eos_003.out
1.209E+00 ###   std  configs/ec_5_005.out
1.214E+00 ###   std  configs/config_0008.out
1.219E+00 ###   std  configs/ec_5_002.out
1.225E+00 ###   std  configs/ec_9_005.out
1.230E+00 ###   std  configs/ec_1_002.out
1.235E+00 ###   std  configs/eos_004.out
1.240E+00 ###   std  configs/config_0006.out
1.246E+00 ###   std  configs/config_0001.out
1.251E+00 ###   std  configs/ec_2_007.out
1.256E+00 ###   std  configs/ec_6_007.out
1.261E+00 ###   std  configs/ec_7_001.out
1.266E+00 ###   std  configs/ec_3_001.out
1.272E+00 ###   std  configs/ec_3_006.out
1.277E+00 ###   std  configs/ec_7_006.out
1.282E+00 ###   std  configs/config_0010.out
1.287E+00 ###   std  configs/ec_8_003.out
1.292E+00 ###   std  configs/ec_4_004.out
####TIME#############LOG#####################################################
1.300E+00 ###   std  configs/ec_4_003.out
1.305E+00 ###   std  configs/ec_8_004.out
#############################################
  Potential Fit
  Time: 1.867E+00
#############################################
3.485E+00 ###   BP Allocated Memory
3.485E+00 ###   
3.487E+00 ###   2GB
3.487E+00 ###   
3.489E+00 ###   255102 3061224 25510204
3.489E+00 ###   
5.311E+00 ###   Best rss: None (since last: 1)
8.202E+00 ###   Best rss: None (since last: 1)
1.026E+01 ###   Best rss: None (since last: 1)
1.229E+01 ###   Best rss: None (since last: 1)
1.458E+01 ###   Best rss: None (since last: 1)
1.689E+01 ###   Best rss: None (since last: 1)
1.887E+01 ###   Best rss: None (since last: 1)
2.090E+01 ###   Best rss: None (since last: 1)
2.295E+01 ###   Best rss: None (since last: 1)
2.495E+01 ###   Best rss: None (since last: 1)
2.725E+01 ###   Best rss: None (since last: 1)
2.929E+01 ###   Best rss: None (since last: 1)
3.135E+01 ###   Best rss: None (since last: 1)
3.339E+01 ###   Best rss: None (since last: 1)
3.541E+01 ###   Best rss: None (since last: 1)
3.740E+01 ###   Best rss: None (since last: 1)
3.939E+01 ###   Best rss: None (since last: 1)
4.130E+01 ###   Best rss: None (since last: 1)
4.347E+01 ###   Best rss: None (since last: 1)
4.555E+01 ###   Best rss: None (since last: 1)
4.739E+01 ###   Best rss: None (since last: 1)
4.953E+01 ###   Best rss: None (since last: 1)
5.141E+01 ###   Best rss: None (since last: 1)
5.360E+01 ###   Best rss: None (since last: 1)
5.574E+01 ###   Best rss: None (since last: 1)
5.764E+01 ###   Best rss: None (since last: 1)
5.963E+01 ###   Best rss: None (since last: 1)
6.152E+01 ###   Best rss: None (since last: 1)
6.338E+01 ###   Best rss: None (since last: 1)
6.524E+01 ###   Best rss: None (since last: 1)
6.709E+01 ###   Best rss: None (since last: 1)
6.898E+01 ###   Best rss: None (since last: 1)
7.091E+01 ###   Best rss: None (since last: 1)
7.280E+01 ###   Best rss: None (since last: 1)
7.470E+01 ###   Best rss: None (since last: 1)
7.683E+01 ###   Best rss: None (since last: 1)
7.868E+01 ###   Best rss: None (since last: 1)
8.054E+01 ###   Best rss: None (since last: 1)
8.241E+01 ###   Best rss: None (since last: 1)
8.427E+01 ###   Best rss: None (since last: 1)
8.650E+01 ###   Best rss: None (since last: 1)
8.850E+01 ###   Best rss: None (since last: 1)
9.047E+01 ###   Best rss: None (since last: 1)
9.240E+01 ###   Best rss: None (since last: 1)
9.470E+01 ###   Best rss: None (since last: 1)
9.661E+01 ###   Best rss: None (since last: 1)
9.876E+01 ###   Best rss: None (since last: 1)
1.008E+02 ###   Best rss: None (since last: 1)
1.029E+02 ###   Best rss: None (since last: 1)
1.049E+02 ###   Best rss: None (since last: 1)
1.068E+02 ###   Best rss: None (since last: 1)
1.088E+02 ###   Best rss: None (since last: 1)
1.108E+02 ###   Best rss: None (since last: 1)
1.129E+02 ###   Best rss: None (since last: 1)
1.149E+02 ###   Best rss: None (since last: 1)
1.169E+02 ###   Best rss: None (since last: 1)
1.188E+02 ###   Best rss: None (since last: 1)
1.212E+02 ###   Best rss: None (since last: 1)
1.232E+02 ###   Best rss: None (since last: 1)
1.252E+02 ###   Best rss: None (since last: 1)
1.272E+02 ###   Best rss: None (since last: 1)
1.292E+02 ###   Best rss: None (since last: 1)
1.311E+02 ###   Best rss: None (since last: 1)
1.332E+02 ###   Best rss: None (since last: 1)
1.353E+02 ###   Best rss: None (since last: 1)
1.372E+02 ###   Best rss: None (since last: 1)
1.395E+02 ###   Best rss: None (since last: 1)
1.415E+02 ###   Best rss: None (since last: 1)
1.435E+02 ###   Best rss: None (since last: 1)
1.455E+02 ###   Best rss: None (since last: 1)
1.475E+02 ###   Best rss: None (since last: 1)
1.494E+02 ###   Best rss: None (since last: 1)
1.514E+02 ###   Best rss: None (since last: 1)
1.535E+02 ###   Best rss: None (since last: 1)
1.555E+02 ###   Best rss: None (since last: 1)
1.574E+02 ###   Best rss: None (since last: 1)
1.594E+02 ###   Best rss: None (since last: 1)
1.614E+02 ###   Best rss: None (since last: 1)
1.638E+02 ###   Best rss: None (since last: 1)
1.658E+02 ###   Best rss: None (since last: 1)
1.677E+02 ###   Best rss: None (since last: 1)
1.700E+02 ###   Best rss: None (since last: 1)
1.720E+02 ###   Best rss: None (since last: 1)
1.743E+02 ###   Best rss: None (since last: 1)
1.764E+02 ###   Best rss: None (since last: 1)
1.784E+02 ###   Best rss: None (since last: 1)
1.803E+02 ###   Best rss: None (since last: 1)
1.826E+02 ###   Best rss: None (since last: 1)
1.846E+02 ###   Best rss: None (since last: 1)
1.866E+02 ###   Best rss: None (since last: 1)
1.889E+02 ###   Best rss: None (since last: 1)
1.909E+02 ###   Best rss: None (since last: 1)
1.929E+02 ###   Best rss: None (since last: 1)
1.949E+02 ###   Best rss: None (since last: 1)
1.969E+02 ###   Best rss: None (since last: 1)
####TIME#############LOG#####################################################
1.991E+02 ###   Best rss: None (since last: 1)
2.011E+02 ###   Best rss: None (since last: 1)
2.034E+02 ###   Best rss: None (since last: 1)
2.054E+02 ###   Best rss: None (since last: 1)
2.074E+02 ###   Best rss: None (since last: 1)
2.093E+02 ###   Best rss: None (since last: 1)
2.112E+02 ###   Best rss: None (since last: 1)
2.132E+02 ###   Best rss: None (since last: 1)
2.156E+02 ###   Best rss: None (since last: 1)
2.176E+02 ###   Best rss: None (since last: 1)
2.195E+02 ###   Best rss: None (since last: 1)
2.218E+02 ###   Best rss: None (since last: 1)
2.237E+02 ###   Best rss: None (since last: 1)
2.257E+02 ###   Best rss: None (since last: 1)
2.277E+02 ###   Best rss: None (since last: 1)
2.297E+02 ###   Best rss: None (since last: 1)
2.316E+02 ###   Best rss: None (since last: 1)
2.336E+02 ###   Best rss: None (since last: 1)
2.356E+02 ###   Best rss: None (since last: 1)
2.376E+02 ###   Best rss: None (since last: 1)
2.400E+02 ###   Best rss: None (since last: 1)
2.420E+02 ###   Best rss: None (since last: 1)
2.439E+02 ###   Best rss: None (since last: 1)
2.459E+02 ###   Best rss: None (since last: 1)
2.479E+02 ###   Best rss: None (since last: 1)
2.500E+02 ###   Best rss: None (since last: 1)
2.519E+02 ###   Best rss: None (since last: 1)
2.539E+02 ###   Best rss: None (since last: 1)
2.559E+02 ###   Best rss: None (since last: 1)
2.579E+02 ###   Best rss: None (since last: 1)
2.602E+02 ###   Best rss: None (since last: 1)
2.622E+02 ###   Best rss: None (since last: 1)
2.642E+02 ###   Best rss: None (since last: 1)
2.661E+02 ###   Best rss: None (since last: 1)
2.684E+02 ###   Best rss: None (since last: 1)
2.704E+02 ###   Best rss: None (since last: 1)
2.723E+02 ###   Best rss: None (since last: 1)
2.746E+02 ###   Best rss: None (since last: 1)
2.766E+02 ###   Best rss: None (since last: 1)
2.790E+02 ###   Best rss: None (since last: 1)
2.813E+02 ###   Best rss: None (since last: 1)
2.833E+02 ###   Best rss: None (since last: 1)
2.856E+02 ###   Best rss: None (since last: 1)
2.876E+02 ###   Best rss: None (since last: 1)
2.896E+02 ###   Best rss: None (since last: 1)
2.919E+02 ###   Best rss: None (since last: 1)
2.941E+02 ###   Best rss: None (since last: 1)
2.961E+02 ###   Best rss: None (since last: 1)
2.984E+02 ###   Best rss: None (since last: 1)
3.006E+02 ###   Best rss: None (since last: 1)
3.026E+02 ###   Best rss: None (since last: 1)
3.045E+02 ###   Best rss: None (since last: 1)
3.065E+02 ###   Best rss: None (since last: 1)
3.089E+02 ###   Best rss: None (since last: 1)
3.108E+02 ###   Best rss: None (since last: 1)
3.130E+02 ###   Best rss: None (since last: 1)
3.149E+02 ###   Best rss: None (since last: 1)
3.171E+02 ###   Best rss: None (since last: 1)
3.194E+02 ###   Best rss: None (since last: 1)
3.213E+02 ###   Best rss: None (since last: 1)
3.231E+02 ###   Best rss: None (since last: 1)
3.252E+02 ###   Best rss: None (since last: 1)
3.274E+02 ###   Best rss: None (since last: 1)
3.293E+02 ###   Best rss: None (since last: 1)
3.312E+02 ###   Best rss: None (since last: 1)
3.331E+02 ###   Best rss: None (since last: 1)
3.352E+02 ###   Best rss: None (since last: 1)
3.374E+02 ###   Best rss: None (since last: 1)
3.393E+02 ###   Best rss: None (since last: 1)
3.412E+02 ###   Best rss: None (since last: 1)
3.430E+02 ###   Best rss: None (since last: 1)
3.451E+02 ###   Best rss: None (since last: 1)
3.474E+02 ###   Best rss: None (since last: 1)
3.495E+02 ###   Best rss: None (since last: 1)
3.517E+02 ###   Best rss: None (since last: 1)
3.539E+02 ###   Best rss: None (since last: 1)
3.561E+02 ###   Best rss: None (since last: 1)
3.580E+02 ###   Best rss: None (since last: 1)
3.598E+02 ###   Best rss: None (since last: 1)
3.620E+02 ###   Best rss: None (since last: 1)
3.641E+02 ###   Best rss: None (since last: 1)
3.663E+02 ###   Best rss: None (since last: 1)
3.684E+02 ###   Best rss: None (since last: 1)
3.703E+02 ###   Best rss: None (since last: 1)
3.722E+02 ###   Best rss: None (since last: 1)
3.743E+02 ###   Best rss: None (since last: 1)
3.766E+02 ###   Best rss: None (since last: 1)
3.784E+02 ###   Best rss: None (since last: 1)
3.803E+02 ###   Best rss: None (since last: 1)
3.821E+02 ###   Best rss: None (since last: 1)
3.843E+02 ###   Best rss: None (since last: 1)
3.865E+02 ###   Best rss: None (since last: 1)
3.884E+02 ###   Best rss: None (since last: 1)
3.903E+02 ###   Best rss: None (since last: 1)
3.924E+02 ###   Best rss: None (since last: 1)
3.946E+02 ###   Best rss: None (since last: 1)
3.965E+02 ###   Best rss: None (since last: 1)
3.984E+02 ###   Best rss: None (since last: 1)
4.005E+02 ###   Best rss: None (since last: 1)
4.024E+02 ###   Best rss: None (since last: 1)
####TIME#############LOG#####################################################
4.047E+02 ###   Best rss: None (since last: 1)
4.068E+02 ###   Best rss: None (since last: 1)
4.086E+02 ###   Best rss: None (since last: 1)
4.105E+02 ###   Best rss: None (since last: 1)
4.124E+02 ###   Best rss: None (since last: 1)
4.143E+02 ###   Best rss: None (since last: 1)
4.161E+02 ###   Best rss: None (since last: 1)
4.180E+02 ###   Best rss: None (since last: 1)
4.199E+02 ###   Best rss: None (since last: 1)
4.217E+02 ###   Best rss: None (since last: 1)
4.236E+02 ###   Best rss: None (since last: 1)
4.255E+02 ###   Best rss: None (since last: 1)
4.273E+02 ###   Best rss: None (since last: 1)
4.292E+02 ###   Best rss: None (since last: 1)
4.311E+02 ###   Best rss: None (since last: 1)
4.330E+02 ###   Best rss: None (since last: 1)
4.349E+02 ###   Best rss: None (since last: 1)
4.367E+02 ###   Best rss: None (since last: 1)
4.385E+02 ###   Best rss: None (since last: 1)
4.404E+02 ###   Best rss: None (since last: 1)
4.423E+02 ###   Best rss: None (since last: 1)
4.442E+02 ###   Best rss: None (since last: 1)
4.461E+02 ###   Best rss: None (since last: 1)
4.480E+02 ###   Best rss: None (since last: 1)
4.498E+02 ###   Best rss: None (since last: 1)
4.517E+02 ###   Best rss: None (since last: 1)
4.536E+02 ###   Best rss: None (since last: 1)
4.555E+02 ###   Best rss: None (since last: 1)
4.574E+02 ###   Best rss: None (since last: 1)
4.592E+02 ###   Best rss: None (since last: 1)
4.611E+02 ###   Best rss: None (since last: 1)
4.630E+02 ###   Best rss: None (since last: 1)
4.649E+02 ###   Best rss: None (since last: 1)
4.667E+02 ###   Best rss: None (since last: 1)
4.685E+02 ###   Best rss: None (since last: 1)
4.704E+02 ###   Best rss: None (since last: 1)
4.722E+02 ###   Best rss: None (since last: 1)
4.741E+02 ###   Best rss: None (since last: 1)
4.759E+02 ###   Best rss: None (since last: 1)
4.778E+02 ###   Best rss: None (since last: 1)
4.796E+02 ###   Best rss: None (since last: 1)
4.815E+02 ###   Best rss: None (since last: 1)
4.833E+02 ###   Best rss: None (since last: 1)
4.852E+02 ###   Best rss: None (since last: 1)
4.874E+02 ###   Best rss: None (since last: 1)
4.895E+02 ###   Best rss: None (since last: 1)
4.913E+02 ###   Best rss: None (since last: 1)
4.932E+02 ###   Best rss: None (since last: 1)
4.950E+02 ###   Best rss: None (since last: 1)
4.972E+02 ###   Best rss: None (since last: 1)
4.990E+02 ###   Best rss: None (since last: 1)
5.012E+02 ###   Best rss: None (since last: 1)
5.030E+02 ###   Best rss: None (since last: 1)
5.050E+02 ###   Best rss: None (since last: 1)
5.069E+02 ###   Best rss: None (since last: 1)
5.088E+02 ###   Best rss: None (since last: 1)
5.106E+02 ###   Best rss: None (since last: 1)
5.125E+02 ###   Best rss: None (since last: 1)
5.144E+02 ###   Best rss: None (since last: 1)
5.163E+02 ###   Best rss: None (since last: 1)
5.182E+02 ###   Best rss: None (since last: 1)
5.201E+02 ###   Best rss: None (since last: 1)
5.220E+02 ###   Best rss: None (since last: 1)
5.238E+02 ###   Best rss: None (since last: 1)
5.257E+02 ###   Best rss: None (since last: 1)
5.276E+02 ###   Best rss: None (since last: 1)
5.295E+02 ###   Best rss: None (since last: 1)
5.313E+02 ###   Best rss: None (since last: 1)
5.332E+02 ###   Best rss: None (since last: 1)
5.350E+02 ###   Best rss: None (since last: 1)
5.370E+02 ###   Best rss: None (since last: 1)
5.389E+02 ###   Best rss: None (since last: 1)
5.407E+02 ###   Best rss: None (since last: 1)
5.429E+02 ###   Best rss: None (since last: 1)
5.452E+02 ###   Best rss: None (since last: 1)
5.471E+02 ###   Best rss: None (since last: 1)
5.490E+02 ###   Best rss: None (since last: 1)
5.508E+02 ###   Best rss: None (since last: 1)
5.527E+02 ###   Best rss: None (since last: 1)
5.546E+02 ###   Best rss: None (since last: 1)
5.566E+02 ###   Best rss: None (since last: 1)
5.585E+02 ###   Best rss: None (since last: 1)
5.603E+02 ###   Best rss: None (since last: 1)
5.621E+02 ###   Best rss: None (since last: 1)
5.641E+02 ###   Best rss: None (since last: 1)
5.660E+02 ###   Best rss: None (since last: 1)
5.679E+02 ###   Best rss: None (since last: 1)
5.698E+02 ###   Best rss: None (since last: 1)
5.717E+02 ###   Best rss: None (since last: 1)
5.740E+02 ###   Best rss: None (since last: 1)
5.759E+02 ###   Best rss: None (since last: 1)
5.782E+02 ###   Best rss: None (since last: 1)
5.805E+02 ###   Best rss: None (since last: 1)
5.823E+02 ###   Best rss: None (since last: 1)
5.842E+02 ###   Best rss: None (since last: 1)
5.861E+02 ###   Best rss: None (since last: 1)
5.880E+02 ###   Best rss: None (since last: 1)
5.899E+02 ###   Best rss: None (since last: 1)
5.917E+02 ###   Best rss: None (since last: 1)
5.936E+02 ###   Best rss: None (since last: 1)
####TIME#############LOG#####################################################
5.954E+02 ###   Best rss: None (since last: 1)
5.976E+02 ###   Best rss: None (since last: 1)
5.995E+02 ###   Best rss: None (since last: 1)
6.017E+02 ###   Best rss: None (since last: 1)
6.038E+02 ###   Best rss: None (since last: 1)
6.060E+02 ###   Best rss: None (since last: 1)
6.082E+02 ###   Best rss: None (since last: 1)
6.101E+02 ###   Best rss: None (since last: 1)
6.119E+02 ###   Best rss: None (since last: 1)
6.138E+02 ###   Best rss: None (since last: 1)
6.157E+02 ###   Best rss: None (since last: 1)
6.176E+02 ###   Best rss: None (since last: 1)
6.195E+02 ###   Best rss: None (since last: 1)
6.213E+02 ###   Best rss: None (since last: 1)
6.232E+02 ###   Best rss: None (since last: 1)
6.253E+02 ###   Best rss: None (since last: 1)
6.276E+02 ###   Best rss: None (since last: 1)
6.295E+02 ###   Best rss: None (since last: 1)
6.313E+02 ###   Best rss: None (since last: 1)
6.334E+02 ###   Best rss: None (since last: 1)
6.356E+02 ###   Best rss: None (since last: 1)
6.375E+02 ###   Best rss: None (since last: 1)
6.394E+02 ###   Best rss: None (since last: 1)
6.413E+02 ###   Best rss: None (since last: 1)
6.435E+02 ###   Best rss: None (since last: 1)
6.456E+02 ###   Best rss: None (since last: 1)
6.475E+02 ###   Best rss: None (since last: 1)
6.494E+02 ###   Best rss: None (since last: 1)
6.513E+02 ###   Best rss: None (since last: 1)
6.531E+02 ###   Best rss: None (since last: 1)
6.550E+02 ###   Best rss: None (since last: 1)
6.568E+02 ###   Best rss: None (since last: 1)
6.591E+02 ###   Best rss: None (since last: 1)
6.612E+02 ###   Best rss: None (since last: 1)
6.631E+02 ###   Best rss: None (since last: 1)
6.652E+02 ###   Best rss: None (since last: 1)
6.674E+02 ###   Best rss: None (since last: 1)
6.694E+02 ###   Best rss: None (since last: 1)
6.712E+02 ###   Best rss: None (since last: 1)
6.731E+02 ###   Best rss: None (since last: 1)
6.752E+02 ###   Best rss: None (since last: 1)
6.774E+02 ###   Best rss: None (since last: 1)
6.792E+02 ###   Best rss: None (since last: 1)
6.811E+02 ###   Best rss: None (since last: 1)
6.833E+02 ###   Best rss: None (since last: 1)
6.855E+02 ###   Best rss: None (since last: 1)
6.873E+02 ###   Best rss: None (since last: 1)
6.895E+02 ###   Best rss: None (since last: 1)
6.916E+02 ###   Best rss: None (since last: 1)
6.935E+02 ###   Best rss: None (since last: 1)
6.953E+02 ###   Best rss: None (since last: 1)
6.972E+02 ###   Best rss: None (since last: 1)
6.993E+02 ###   Best rss: None (since last: 1)
7.015E+02 ###   Best rss: None (since last: 1)
7.034E+02 ###   Best rss: None (since last: 1)
7.056E+02 ###   Best rss: None (since last: 1)
7.077E+02 ###   Best rss: None (since last: 1)
7.095E+02 ###   Best rss: None (since last: 1)
7.117E+02 ###   Best rss: None (since last: 1)
7.140E+02 ###   Best rss: None (since last: 1)
7.159E+02 ###   Best rss: None (since last: 1)
7.177E+02 ###   Best rss: None (since last: 1)
7.195E+02 ###   Best rss: None (since last: 1)
7.214E+02 ###   Best rss: None (since last: 1)
7.235E+02 ###   Best rss: None (since last: 1)
7.258E+02 ###   Best rss: None (since last: 1)
7.276E+02 ###   Best rss: None (since last: 1)
7.295E+02 ###   Best rss: None (since last: 1)
7.313E+02 ###   Best rss: None (since last: 1)
7.331E+02 ###   Best rss: None (since last: 1)
7.351E+02 ###   Best rss: None (since last: 1)
7.369E+02 ###   Best rss: None (since last: 1)
7.388E+02 ###   Best rss: None (since last: 1)
7.406E+02 ###   Best rss: None (since last: 1)
7.424E+02 ###   Best rss: None (since last: 1)
7.446E+02 ###   Best rss: None (since last: 1)
7.468E+02 ###   Best rss: None (since last: 1)
7.487E+02 ###   Best rss: None (since last: 1)
7.505E+02 ###   Best rss: None (since last: 1)
7.524E+02 ###   Best rss: None (since last: 1)
7.547E+02 ###   Best rss: None (since last: 1)
7.569E+02 ###   Best rss: None (since last: 1)
7.589E+02 ###   Best rss: None (since last: 1)
7.607E+02 ###   Best rss: None (since last: 1)
7.626E+02 ###   Best rss: None (since last: 1)
7.645E+02 ###   Best rss: None (since last: 1)
7.663E+02 ###   Best rss: None (since last: 1)
7.683E+02 ###   Best rss: None (since last: 1)
7.705E+02 ###   Best rss: None (since last: 1)
7.726E+02 ###   Best rss: None (since last: 1)
7.745E+02 ###   Best rss: None (since last: 1)
7.763E+02 ###   Best rss: None (since last: 1)
7.782E+02 ###   Best rss: None (since last: 1)
7.803E+02 ###   Best rss: None (since last: 1)
7.825E+02 ###   Best rss: None (since last: 1)
7.844E+02 ###   Best rss: None (since last: 1)
7.862E+02 ###   Best rss: None (since last: 1)
7.881E+02 ###   Best rss: None (since last: 1)
7.899E+02 ###   Best rss: None (since last: 1)
7.921E+02 ###   Best rss: None (since last: 1)
####TIME#############LOG#####################################################
7.940E+02 ###   Best rss: None (since last: 1)
7.959E+02 ###   Best rss: None (since last: 1)
7.977E+02 ###   Best rss: None (since last: 1)
7.996E+02 ###   Best rss: None (since last: 1)
8.014E+02 ###   Best rss: None (since last: 1)
8.033E+02 ###   Best rss: None (since last: 1)
8.052E+02 ###   Best rss: None (since last: 1)
8.071E+02 ###   Best rss: None (since last: 1)
8.090E+02 ###   Best rss: None (since last: 1)
8.109E+02 ###   Best rss: None (since last: 1)
8.131E+02 ###   Best rss: None (since last: 1)
8.149E+02 ###   Best rss: None (since last: 1)
8.171E+02 ###   Best rss: None (since last: 1)
8.190E+02 ###   Best rss: None (since last: 1)
8.208E+02 ###   Best rss: None (since last: 1)
8.231E+02 ###   Best rss: None (since last: 1)
8.250E+02 ###   Best rss: None (since last: 1)
8.269E+02 ###   Best rss: None (since last: 1)
8.289E+02 ###   Best rss: None (since last: 1)
8.307E+02 ###   Best rss: None (since last: 1)
8.328E+02 ###   Best rss: None (since last: 1)
8.348E+02 ###   Best rss: None (since last: 1)
8.369E+02 ###   Best rss: None (since last: 1)
8.395E+02 ###   Best rss: None (since last: 1)
8.415E+02 ###   Best rss: None (since last: 1)
8.437E+02 ###   Best rss: None (since last: 1)
8.456E+02 ###   Best rss: None (since last: 1)
8.479E+02 ###   Best rss: None (since last: 1)
8.499E+02 ###   Best rss: None (since last: 1)
8.518E+02 ###   Best rss: None (since last: 1)
8.538E+02 ###   Best rss: None (since last: 1)
8.558E+02 ###   Best rss: None (since last: 1)
8.577E+02 ###   Best rss: None (since last: 1)
8.596E+02 ###   Best rss: None (since last: 1)
8.615E+02 ###   Best rss: None (since last: 1)
8.634E+02 ###   Best rss: None (since last: 1)
8.653E+02 ###   Best rss: None (since last: 1)
8.672E+02 ###   Best rss: None (since last: 1)
8.691E+02 ###   Best rss: None (since last: 1)
8.710E+02 ###   Best rss: None (since last: 1)
8.728E+02 ###   Best rss: None (since last: 1)
8.751E+02 ###   Best rss: None (since last: 1)
8.770E+02 ###   Best rss: None (since last: 1)
8.792E+02 ###   Best rss: None (since last: 1)
8.811E+02 ###   Best rss: None (since last: 1)
8.830E+02 ###   Best rss: None (since last: 1)
8.849E+02 ###   Best rss: None (since last: 1)
8.871E+02 ###   Best rss: None (since last: 1)
8.890E+02 ###   Best rss: None (since last: 1)
8.911E+02 ###   Best rss: None (since last: 1)
8.930E+02 ###   Best rss: None (since last: 1)
8.949E+02 ###   Best rss: None (since last: 1)
8.971E+02 ###   Best rss: None (since last: 1)
8.990E+02 ###   Best rss: None (since last: 1)
9.008E+02 ###   Best rss: None (since last: 1)
9.027E+02 ###   Best rss: None (since last: 1)
9.046E+02 ###   Best rss: None (since last: 1)
9.069E+02 ###   Best rss: None (since last: 1)
9.089E+02 ###   Best rss: None (since last: 1)
9.111E+02 ###   Best rss: None (since last: 1)
9.131E+02 ###   Best rss: None (since last: 1)
9.150E+02 ###   Best rss: None (since last: 1)
9.170E+02 ###   Best rss: None (since last: 1)
9.190E+02 ###   Best rss: None (since last: 1)
9.213E+02 ###   Best rss: None (since last: 1)
9.232E+02 ###   Best rss: None (since last: 1)
9.254E+02 ###   Best rss: None (since last: 1)
9.273E+02 ###   Best rss: None (since last: 1)
9.295E+02 ###   Best rss: None (since last: 1)
9.315E+02 ###   Best rss: None (since last: 1)
9.334E+02 ###   Best rss: None (since last: 1)
9.356E+02 ###   Best rss: None (since last: 1)
9.375E+02 ###   Best rss: None (since last: 1)
9.394E+02 ###   Best rss: None (since last: 1)
9.416E+02 ###   Best rss: None (since last: 1)
9.435E+02 ###   Best rss: None (since last: 1)
9.454E+02 ###   Best rss: None (since last: 1)
9.473E+02 ###   Best rss: None (since last: 1)
9.492E+02 ###   Best rss: None (since last: 1)
9.511E+02 ###   Best rss: None (since last: 1)
9.530E+02 ###   Best rss: None (since last: 1)
9.548E+02 ###   Best rss: None (since last: 1)
9.566E+02 ###   Best rss: None (since last: 1)
9.585E+02 ###   Best rss: None (since last: 1)
9.604E+02 ###   Best rss: None (since last: 1)
9.623E+02 ###   Best rss: None (since last: 1)
9.641E+02 ###   Best rss: None (since last: 1)
9.660E+02 ###   Best rss: None (since last: 1)
9.678E+02 ###   Best rss: None (since last: 1)
9.697E+02 ###   Best rss: None (since last: 1)
9.716E+02 ###   Best rss: None (since last: 1)
9.735E+02 ###   Best rss: None (since last: 1)
9.757E+02 ###   Best rss: None (since last: 1)
9.776E+02 ###   Best rss: None (since last: 1)
9.795E+02 ###   Best rss: None (since last: 1)
9.817E+02 ###   Best rss: None (since last: 1)
9.836E+02 ###   Best rss: None (since last: 1)
9.858E+02 ###   Best rss: None (since last: 1)
9.877E+02 ###   Best rss: None (since last: 1)
9.895E+02 ###   Best rss: None (since last: 1)
####TIME#############LOG#####################################################
9.915E+02 ###   Best rss: None (since last: 1)
9.937E+02 ###   Best rss: None (since last: 1)
9.956E+02 ###   Best rss: None (since last: 1)
9.975E+02 ###   Best rss: None (since last: 1)
9.994E+02 ###   Best rss: None (since last: 1)
1.001E+03 ###   Best rss: None (since last: 1)
1.003E+03 ###   Best rss: None (since last: 1)
1.005E+03 ###   Best rss: None (since last: 1)
1.007E+03 ###   Best rss: None (since last: 1)
1.009E+03 ###   Best rss: None (since last: 1)
1.011E+03 ###   Best rss: None (since last: 1)
1.013E+03 ###   Best rss: None (since last: 1)
1.015E+03 ###   Best rss: None (since last: 1)
1.017E+03 ###   Best rss: None (since last: 1)
1.019E+03 ###   Best rss: None (since last: 1)
1.021E+03 ###   Best rss: None (since last: 1)
1.023E+03 ###   Best rss: None (since last: 1)
1.025E+03 ###   Best rss: None (since last: 1)
1.027E+03 ###   Best rss: None (since last: 1)
1.028E+03 ###   Best rss: None (since last: 1)
1.030E+03 ###   Best rss: None (since last: 1)
1.032E+03 ###   Best rss: None (since last: 1)
1.034E+03 ###   Best rss: None (since last: 1)
1.036E+03 ###   Best rss: None (since last: 1)
1.038E+03 ###   Best rss: None (since last: 1)
1.040E+03 ###   Best rss: None (since last: 1)
1.042E+03 ###   Best rss: None (since last: 1)
1.044E+03 ###   Best rss: None (since last: 1)
1.045E+03 ###   Best rss: None (since last: 1)
1.047E+03 ###   Best rss: None (since last: 1)
1.049E+03 ###   Best rss: None (since last: 1)
1.051E+03 ###   Best rss: None (since last: 1)
1.053E+03 ###   Best rss: None (since last: 1)
1.055E+03 ###   Best rss: None (since last: 1)
1.057E+03 ###   Best rss: None (since last: 1)
1.059E+03 ###   Best rss: None (since last: 1)
1.061E+03 ###   Best rss: None (since last: 1)
1.063E+03 ###   Best rss: None (since last: 1)
1.065E+03 ###   Best rss: None (since last: 1)
1.067E+03 ###   Best rss: None (since last: 1)
1.069E+03 ###   Best rss: None (since last: 1)
1.071E+03 ###   Best rss: None (since last: 1)
1.072E+03 ###   Best rss: None (since last: 1)
1.074E+03 ###   Best rss: None (since last: 1)
1.076E+03 ###   Best rss: None (since last: 1)
1.078E+03 ###   Best rss: None (since last: 1)
1.080E+03 ###   Best rss: None (since last: 1)
1.082E+03 ###   Best rss: None (since last: 1)
1.084E+03 ###   Best rss: None (since last: 1)
1.086E+03 ###   Best rss: None (since last: 1)
1.088E+03 ###   Best rss: None (since last: 1)
1.090E+03 ###   Best rss: None (since last: 1)
1.092E+03 ###   Best rss: None (since last: 1)
1.094E+03 ###   Best rss: None (since last: 1)
1.096E+03 ###   Best rss: None (since last: 1)
1.098E+03 ###   Best rss: None (since last: 1)
1.100E+03 ###   Best rss: None (since last: 1)
1.102E+03 ###   Best rss: None (since last: 1)
1.104E+03 ###   Best rss: None (since last: 1)
1.106E+03 ###   Best rss: None (since last: 1)
1.108E+03 ###   Best rss: None (since last: 1)
1.110E+03 ###   Best rss: None (since last: 1)
1.112E+03 ###   Best rss: None (since last: 1)
1.114E+03 ###   Best rss: None (since last: 1)
1.116E+03 ###   Best rss: None (since last: 1)
1.118E+03 ###   Best rss: None (since last: 1)
1.121E+03 ###   Best rss: None (since last: 1)
1.123E+03 ###   Best rss: None (since last: 1)
1.124E+03 ###   Best rss: None (since last: 1)
1.126E+03 ###   Best rss: None (since last: 1)
1.128E+03 ###   Best rss: None (since last: 1)
1.130E+03 ###   Best rss: None (since last: 1)
1.132E+03 ###   Best rss: None (since last: 1)
1.134E+03 ###   Best rss: None (since last: 1)
1.137E+03 ###   Best rss: None (since last: 1)
1.139E+03 ###   Best rss: None (since last: 1)
1.141E+03 ###   Best rss: None (since last: 1)
1.142E+03 ###   Best rss: None (since last: 1)
1.144E+03 ###   Best rss: None (since last: 1)
1.147E+03 ###   Best rss: None (since last: 1)
1.149E+03 ###   Best rss: None (since last: 1)
1.151E+03 ###   Best rss: None (since last: 1)
1.152E+03 ###   Best rss: None (since last: 1)
1.155E+03 ###   Best rss: None (since last: 1)
1.157E+03 ###   Best rss: None (since last: 1)
1.159E+03 ###   Best rss: None (since last: 1)
1.161E+03 ###   Best rss: None (since last: 1)
1.163E+03 ###   Best rss: None (since last: 1)
1.166E+03 ###   Best rss: None (since last: 1)
1.167E+03 ###   Best rss: None (since last: 1)
1.169E+03 ###   Best rss: None (since last: 1)
1.171E+03 ###   Best rss: None (since last: 1)
1.173E+03 ###   Best rss: None (since last: 1)
1.176E+03 ###   Best rss: None (since last: 1)
1.178E+03 ###   Best rss: None (since last: 1)
1.180E+03 ###   Best rss: None (since last: 1)
1.182E+03 ###   Best rss: None (since last: 1)
1.184E+03 ###   Best rss: None (since last: 1)
1.186E+03 ###   Best rss: None (since last: 1)
1.188E+03 ###   Best rss: None (since last: 1)
####TIME#############LOG#####################################################
1.190E+03 ###   Best rss: None (since last: 1)
1.192E+03 ###   Best rss: None (since last: 1)
1.194E+03 ###   Best rss: None (since last: 1)
1.196E+03 ###   Best rss: None (since last: 1)
1.198E+03 ###   Best rss: None (since last: 1)
1.200E+03 ###   Best rss: None (since last: 1)
1.202E+03 ###   Best rss: None (since last: 1)
1.204E+03 ###   Best rss: None (since last: 1)
1.206E+03 ###   Best rss: None (since last: 1)
1.208E+03 ###   Best rss: None (since last: 1)
1.210E+03 ###   Best rss: None (since last: 1)
1.212E+03 ###   Best rss: None (since last: 1)
1.214E+03 ###   Best rss: None (since last: 1)
1.216E+03 ###   Best rss: None (since last: 1)
1.218E+03 ###   Best rss: None (since last: 1)
1.220E+03 ###   Best rss: None (since last: 1)
1.222E+03 ###   Best rss: None (since last: 1)
1.224E+03 ###   Best rss: None (since last: 1)
1.227E+03 ###   Best rss: None (since last: 1)
1.229E+03 ###   Best rss: None (since last: 1)
1.231E+03 ###   Best rss: None (since last: 1)
1.233E+03 ###   Best rss: None (since last: 1)
1.235E+03 ###   Best rss: None (since last: 1)
1.237E+03 ###   Best rss: None (since last: 1)
1.239E+03 ###   Best rss: None (since last: 1)
1.241E+03 ###   Best rss: None (since last: 1)
1.243E+03 ###   Best rss: None (since last: 1)
1.245E+03 ###   Best rss: None (since last: 1)
1.247E+03 ###   Best rss: None (since last: 1)
1.249E+03 ###   Best rss: None (since last: 1)
1.251E+03 ###   Best rss: None (since last: 1)
1.253E+03 ###   Best rss: None (since last: 1)
1.255E+03 ###   Best rss: None (since last: 1)
1.257E+03 ###   Best rss: None (since last: 1)
1.259E+03 ###   Best rss: None (since last: 1)
1.261E+03 ###   Best rss: None (since last: 1)
1.263E+03 ###   Best rss: None (since last: 1)
1.265E+03 ###   Best rss: None (since last: 1)
1.267E+03 ###   Best rss: None (since last: 1)
1.269E+03 ###   Best rss: None (since last: 1)
1.271E+03 ###   Best rss: None (since last: 1)
1.273E+03 ###   Best rss: None (since last: 1)
1.275E+03 ###   Best rss: None (since last: 1)
1.277E+03 ###   Best rss: None (since last: 1)
1.279E+03 ###   Best rss: None (since last: 1)
1.282E+03 ###   Best rss: None (since last: 1)
1.283E+03 ###   Best rss: None (since last: 1)
1.286E+03 ###   Best rss: None (since last: 1)
1.288E+03 ###   Best rss: None (since last: 1)
1.290E+03 ###   Best rss: None (since last: 1)
1.292E+03 ###   Best rss: None (since last: 1)
1.293E+03 ###   Best rss: None (since last: 1)
1.296E+03 ###   Best rss: None (since last: 1)
1.298E+03 ###   Best rss: None (since last: 1)
1.300E+03 ###   Best rss: None (since last: 1)
1.302E+03 ###   Best rss: None (since last: 1)
1.304E+03 ###   Best rss: None (since last: 1)
1.306E+03 ###   Best rss: None (since last: 1)
1.308E+03 ###   Best rss: None (since last: 1)
1.310E+03 ###   Best rss: None (since last: 1)
1.312E+03 ###   Best rss: None (since last: 1)
1.314E+03 ###   Best rss: None (since last: 1)
1.316E+03 ###   Best rss: None (since last: 1)
1.318E+03 ###   Best rss: None (since last: 1)
1.320E+03 ###   Best rss: None (since last: 1)
1.322E+03 ###   Best rss: None (since last: 1)
1.324E+03 ###   Best rss: None (since last: 1)
1.326E+03 ###   Best rss: None (since last: 1)
1.328E+03 ###   Best rss: None (since last: 1)
1.330E+03 ###   Best rss: None (since last: 1)
1.332E+03 ###   Best rss: None (since last: 1)
1.334E+03 ###   Best rss: None (since last: 1)
1.336E+03 ###   Best rss: None (since last: 1)
1.338E+03 ###   Best rss: None (since last: 1)
1.340E+03 ###   Best rss: None (since last: 1)
1.342E+03 ###   Best rss: None (since last: 1)
1.344E+03 ###   Best rss: None (since last: 1)
1.346E+03 ###   Best rss: None (since last: 1)
1.348E+03 ###   Best rss: None (since last: 1)
1.351E+03 ###   Best rss: None (since last: 1)
1.353E+03 ###   Best rss: None (since last: 1)
1.355E+03 ###   Best rss: None (since last: 1)
1.357E+03 ###   Best rss: None (since last: 1)
1.359E+03 ###   Best rss: None (since last: 1)
1.361E+03 ###   Best rss: None (since last: 1)
1.363E+03 ###   Best rss: None (since last: 1)
1.365E+03 ###   Best rss: None (since last: 1)
1.367E+03 ###   Best rss: None (since last: 1)
1.369E+03 ###   Best rss: None (since last: 1)
1.371E+03 ###   Best rss: None (since last: 1)
1.373E+03 ###   Best rss: None (since last: 1)
1.375E+03 ###   Best rss: None (since last: 1)
1.377E+03 ###   Best rss: None (since last: 1)
1.379E+03 ###   Best rss: None (since last: 1)
1.381E+03 ###   Best rss: None (since last: 1)
1.382E+03 ###   Best rss: None (since last: 1)
1.384E+03 ###   Best rss: None (since last: 1)
1.386E+03 ###   Best rss: None (since last: 1)
1.388E+03 ###   Best rss: None (since last: 1)
1.390E+03 ###   Best rss: None (since last: 1)
####TIME#############LOG#####################################################
1.392E+03 ###   Best rss: None (since last: 1)
1.394E+03 ###   Best rss: None (since last: 1)
1.396E+03 ###   Best rss: None (since last: 1)
1.398E+03 ###   Best rss: None (since last: 1)
1.400E+03 ###   Best rss: None (since last: 1)
1.402E+03 ###   Best rss: None (since last: 1)
1.404E+03 ###   Best rss: None (since last: 1)
1.406E+03 ###   Best rss: None (since last: 1)
1.408E+03 ###   Best rss: None (since last: 1)
1.410E+03 ###   Best rss: None (since last: 1)
1.412E+03 ###   Best rss: None (since last: 1)
1.414E+03 ###   Best rss: None (since last: 1)
1.415E+03 ###   Best rss: None (since last: 1)
1.417E+03 ###   Best rss: None (since last: 1)
1.419E+03 ###   Best rss: None (since last: 1)
1.421E+03 ###   Best rss: None (since last: 1)
1.423E+03 ###   Best rss: None (since last: 1)
1.425E+03 ###   Best rss: None (since last: 1)
1.427E+03 ###   Best rss: None (since last: 1)
1.429E+03 ###   Best rss: None (since last: 1)
1.430E+03 ###   Best rss: None (since last: 1)
1.432E+03 ###   Best rss: None (since last: 1)
1.435E+03 ###   Best rss: None (since last: 1)
1.437E+03 ###   Best rss: None (since last: 1)
1.439E+03 ###   Best rss: None (since last: 1)
1.441E+03 ###   Best rss: None (since last: 1)
1.443E+03 ###   Best rss: None (since last: 1)
1.445E+03 ###   Best rss: None (since last: 1)
1.447E+03 ###   Best rss: None (since last: 1)
1.449E+03 ###   Best rss: None (since last: 1)
1.451E+03 ###   Best rss: None (since last: 1)
1.453E+03 ###   Best rss: None (since last: 1)
1.455E+03 ###   Best rss: None (since last: 1)
1.457E+03 ###   Best rss: None (since last: 1)
1.459E+03 ###   Best rss: None (since last: 1)
1.460E+03 ###   Best rss: None (since last: 1)
1.463E+03 ###   Best rss: None (since last: 1)
1.464E+03 ###   Best rss: None (since last: 1)
1.466E+03 ###   Best rss: None (since last: 1)
1.469E+03 ###   Best rss: None (since last: 1)
1.471E+03 ###   Best rss: None (since last: 1)
1.472E+03 ###   Best rss: None (since last: 1)
1.475E+03 ###   Best rss: None (since last: 1)
1.477E+03 ###   Best rss: None (since last: 1)
1.479E+03 ###   Best rss: None (since last: 1)
1.481E+03 ###   Best rss: None (since last: 1)
1.483E+03 ###   Best rss: None (since last: 1)
1.485E+03 ###   Best rss: None (since last: 1)
1.486E+03 ###   Best rss: None (since last: 1)
1.489E+03 ###   Best rss: None (since last: 1)
1.491E+03 ###   Best rss: None (since last: 1)
1.493E+03 ###   Best rss: None (since last: 1)
1.495E+03 ###   Best rss: None (since last: 1)
1.497E+03 ###   Best rss: None (since last: 1)
1.499E+03 ###   Best rss: None (since last: 1)
1.501E+03 ###   Best rss: None (since last: 1)
1.502E+03 ###   Best rss: None (since last: 1)
1.504E+03 ###   Best rss: None (since last: 1)
1.506E+03 ###   Best rss: None (since last: 1)
1.508E+03 ###   Best rss: None (since last: 1)
1.510E+03 ###   Best rss: None (since last: 1)
1.512E+03 ###   Best rss: None (since last: 1)
1.514E+03 ###   Best rss: None (since last: 1)
1.516E+03 ###   Best rss: None (since last: 1)
1.518E+03 ###   Best rss: None (since last: 1)
1.520E+03 ###   Best rss: None (since last: 1)
1.523E+03 ###   Best rss: None (since last: 1)
1.524E+03 ###   Best rss: None (since last: 1)
1.526E+03 ###   Best rss: None (since last: 1)
1.528E+03 ###   Best rss: None (since last: 1)
1.530E+03 ###   Best rss: None (since last: 1)
1.532E+03 ###   Best rss: None (since last: 1)
1.534E+03 ###   Best rss: None (since last: 1)
1.536E+03 ###   Best rss: None (since last: 1)
1.538E+03 ###   Best rss: None (since last: 1)
1.540E+03 ###   Best rss: None (since last: 1)
1.541E+03 ###   Best rss: None (since last: 1)
1.543E+03 ###   Best rss: None (since last: 1)
1.545E+03 ###   Best rss: None (since last: 1)
1.547E+03 ###   Best rss: None (since last: 1)
1.549E+03 ###   Best rss: None (since last: 1)
1.551E+03 ###   Best rss: None (since last: 1)
1.553E+03 ###   Best rss: None (since last: 1)
1.555E+03 ###   Best rss: None (since last: 1)
1.556E+03 ###   Best rss: None (since last: 1)
1.558E+03 ###   Best rss: None (since last: 1)
1.560E+03 ###   Best rss: None (since last: 1)
1.562E+03 ###   Best rss: None (since last: 1)
1.564E+03 ###   Best rss: None (since last: 1)
1.566E+03 ###   Best rss: None (since last: 1)
1.568E+03 ###   Best rss: None (since last: 1)
1.570E+03 ###   Best rss: None (since last: 1)
1.571E+03 ###   Best rss: None (since last: 1)
1.573E+03 ###   Best rss: None (since last: 1)
1.575E+03 ###   Best rss: None (since last: 1)
1.577E+03 ###   Best rss: None (since last: 1)
1.579E+03 ###   Best rss: None (since last: 1)
1.581E+03 ###   Best rss: None (since last: 1)
1.583E+03 ###   Best rss: None (since last: 1)
1.585E+03 ###   Best rss: None (since last: 1)
####TIME#############LOG#####################################################
1.587E+03 ###   Best rss: None (since last: 1)
1.589E+03 ###   Best rss: None (since last: 1)
1.591E+03 ###   Best rss: None (since last: 1)
1.593E+03 ###   Best rss: None (since last: 1)
1.595E+03 ###   Best rss: None (since last: 1)
1.597E+03 ###   Best rss: None (since last: 1)
1.598E+03 ###   Best rss: None (since last: 1)
1.601E+03 ###   Best rss: None (since last: 1)
1.602E+03 ###   Best rss: None (since last: 1)
1.605E+03 ###   Best rss: None (since last: 1)
1.607E+03 ###   Best rss: None (since last: 1)
1.608E+03 ###   Best rss: None (since last: 1)
1.610E+03 ###   Best rss: None (since last: 1)
1.612E+03 ###   Best rss: None (since last: 1)
1.614E+03 ###   Best rss: None (since last: 1)
1.616E+03 ###   Best rss: None (since last: 1)
1.618E+03 ###   Best rss: None (since last: 1)
1.620E+03 ###   Best rss: None (since last: 1)
1.622E+03 ###   Best rss: None (since last: 1)
1.624E+03 ###   Best rss: None (since last: 1)
1.626E+03 ###   Best rss: None (since last: 1)
1.628E+03 ###   Best rss: None (since last: 1)
1.631E+03 ###   Best rss: None (since last: 1)
1.632E+03 ###   Best rss: None (since last: 1)
1.634E+03 ###   Best rss: None (since last: 1)
1.636E+03 ###   Best rss: None (since last: 1)
1.638E+03 ###   Best rss: None (since last: 1)
1.640E+03 ###   Best rss: None (since last: 1)
1.642E+03 ###   Best rss: None (since last: 1)
1.644E+03 ###   Best rss: None (since last: 1)
1.646E+03 ###   Best rss: None (since last: 1)
1.648E+03 ###   Best rss: None (since last: 1)
1.650E+03 ###   Best rss: None (since last: 1)
1.652E+03 ###   Best rss: None (since last: 1)
1.654E+03 ###   Best rss: None (since last: 1)
1.656E+03 ###   Best rss: None (since last: 1)
1.657E+03 ###   Best rss: None (since last: 1)
1.659E+03 ###   Best rss: None (since last: 1)
1.661E+03 ###   Best rss: None (since last: 1)
1.663E+03 ###   Best rss: None (since last: 1)
1.666E+03 ###   Best rss: None (since last: 1)
1.667E+03 ###   Best rss: None (since last: 1)
1.670E+03 ###   Best rss: None (since last: 1)
1.672E+03 ###   Best rss: None (since last: 1)
1.674E+03 ###   Best rss: None (since last: 1)
1.676E+03 ###   Best rss: None (since last: 1)
1.678E+03 ###   Best rss: None (since last: 1)
1.679E+03 ###   Best rss: None (since last: 1)
1.681E+03 ###   Best rss: None (since last: 1)
1.683E+03 ###   Best rss: None (since last: 1)
1.685E+03 ###   Best rss: None (since last: 1)
1.688E+03 ###   Best rss: None (since last: 1)
1.690E+03 ###   Best rss: None (since last: 1)
1.692E+03 ###   Best rss: None (since last: 1)
1.694E+03 ###   Best rss: None (since last: 1)
1.696E+03 ###   Best rss: None (since last: 1)
1.698E+03 ###   Best rss: None (since last: 1)
1.700E+03 ###   Best rss: None (since last: 1)
1.702E+03 ###   Best rss: None (since last: 1)
1.704E+03 ###   Best rss: None (since last: 1)
1.707E+03 ###   Best rss: None (since last: 1)
1.709E+03 ###   Best rss: None (since last: 1)
1.711E+03 ###   Best rss: None (since last: 1)
1.712E+03 ###   Best rss: None (since last: 1)
1.714E+03 ###   Best rss: None (since last: 1)
1.717E+03 ###   Best rss: None (since last: 1)
1.719E+03 ###   Best rss: None (since last: 1)
1.720E+03 ###   Best rss: None (since last: 1)
1.722E+03 ###   Best rss: None (since last: 1)
1.724E+03 ###   Best rss: None (since last: 1)
1.726E+03 ###   Best rss: None (since last: 1)
1.728E+03 ###   Best rss: None (since last: 1)
1.730E+03 ###   Best rss: None (since last: 1)
1.732E+03 ###   Best rss: None (since last: 1)
1.734E+03 ###   Best rss: None (since last: 1)
1.736E+03 ###   Best rss: None (since last: 1)
1.738E+03 ###   Best rss: None (since last: 1)
1.739E+03 ###   Best rss: None (since last: 1)
1.741E+03 ###   Best rss: None (since last: 1)
1.743E+03 ###   Best rss: None (since last: 1)
1.745E+03 ###   Best rss: None (since last: 1)
1.747E+03 ###   Best rss: None (since last: 1)
1.749E+03 ###   Best rss: None (since last: 1)
1.751E+03 ###   Best rss: None (since last: 1)
1.753E+03 ###   Best rss: None (since last: 1)
1.754E+03 ###   Best rss: None (since last: 1)
1.757E+03 ###   Best rss: None (since last: 1)
1.759E+03 ###   Best rss: None (since last: 1)
1.760E+03 ###   Best rss: None (since last: 1)
1.762E+03 ###   Best rss: None (since last: 1)
1.764E+03 ###   Best rss: None (since last: 1)
1.766E+03 ###   Best rss: None (since last: 1)
1.768E+03 ###   Best rss: None (since last: 1)
1.770E+03 ###   Best rss: None (since last: 1)
1.772E+03 ###   Best rss: None (since last: 1)
1.774E+03 ###   Best rss: None (since last: 1)
1.775E+03 ###   Best rss: None (since last: 1)
1.777E+03 ###   Best rss: None (since last: 1)
1.779E+03 ###   Best rss: None (since last: 1)
1.782E+03 ###   Best rss: None (since last: 1)
####TIME#############LOG#####################################################
1.784E+03 ###   Best rss: None (since last: 1)
1.786E+03 ###   Best rss: None (since last: 1)
1.788E+03 ###   Best rss: None (since last: 1)
1.789E+03 ###   Best rss: None (since last: 1)
1.791E+03 ###   Best rss: None (since last: 1)
1.793E+03 ###   Best rss: None (since last: 1)
1.795E+03 ###   Best rss: None (since last: 1)
1.797E+03 ###   Best rss: None (since last: 1)
1.799E+03 ###   Best rss: None (since last: 1)
1.801E+03 ###   Best rss: None (since last: 1)
1.803E+03 ###   Best rss: None (since last: 1)
1.805E+03 ###   Best rss: None (since last: 1)
1.807E+03 ###   Best rss: None (since last: 1)
1.809E+03 ###   Best rss: None (since last: 1)
1.811E+03 ###   Best rss: None (since last: 1)
1.813E+03 ###   Best rss: None (since last: 1)
1.815E+03 ###   Best rss: None (since last: 1)
1.817E+03 ###   Best rss: None (since last: 1)
1.819E+03 ###   Best rss: None (since last: 1)
1.822E+03 ###   Best rss: None (since last: 1)
1.824E+03 ###   Best rss: None (since last: 1)
1.826E+03 ###   Best rss: None (since last: 1)
1.828E+03 ###   Best rss: None (since last: 1)
1.830E+03 ###   Best rss: None (since last: 1)
1.832E+03 ###   Best rss: None (since last: 1)
1.834E+03 ###   Best rss: None (since last: 1)
1.836E+03 ###   Best rss: None (since last: 1)
1.838E+03 ###   Best rss: None (since last: 1)
1.840E+03 ###   Best rss: None (since last: 1)
1.842E+03 ###   Best rss: None (since last: 1)
1.844E+03 ###   Best rss: None (since last: 1)
1.846E+03 ###   Best rss: None (since last: 1)
1.848E+03 ###   Best rss: None (since last: 1)
1.851E+03 ###   Best rss: None (since last: 1)
1.853E+03 ###   Best rss: None (since last: 1)
1.855E+03 ###   Best rss: None (since last: 1)
1.857E+03 ###   Best rss: None (since last: 1)
1.859E+03 ###   Best rss: None (since last: 1)
1.861E+03 ###   Best rss: None (since last: 1)
1.863E+03 ###   Best rss: None (since last: 1)
1.865E+03 ###   Best rss: None (since last: 1)
1.867E+03 ###   Best rss: None (since last: 1)
1.869E+03 ###   Best rss: None (since last: 1)
1.871E+03 ###   Best rss: None (since last: 1)
1.873E+03 ###   Best rss: None (since last: 1)
1.875E+03 ###   Best rss: None (since last: 1)
1.877E+03 ###   Best rss: None (since last: 1)
1.879E+03 ###   Best rss: None (since last: 1)
1.881E+03 ###   Best rss: None (since last: 1)
1.883E+03 ###   Best rss: None (since last: 1)
1.884E+03 ###   Best rss: None (since last: 1)
1.886E+03 ###   Best rss: None (since last: 1)
1.889E+03 ###   Best rss: None (since last: 1)
1.890E+03 ###   Best rss: None (since last: 1)
1.892E+03 ###   Best rss: None (since last: 1)
1.895E+03 ###   Best rss: None (since last: 1)
1.897E+03 ###   Best rss: None (since last: 1)
1.899E+03 ###   Best rss: None (since last: 1)
1.901E+03 ###   Best rss: None (since last: 1)
1.903E+03 ###   Best rss: None (since last: 1)
1.905E+03 ###   Best rss: None (since last: 1)
1.907E+03 ###   Best rss: None (since last: 1)
1.909E+03 ###   Best rss: None (since last: 1)
1.911E+03 ###   Best rss: None (since last: 1)
1.913E+03 ###   Best rss: None (since last: 1)
1.915E+03 ###   Best rss: None (since last: 1)
1.917E+03 ###   Best rss: None (since last: 1)
1.919E+03 ###   Best rss: None (since last: 1)
1.921E+03 ###   Best rss: None (since last: 1)
1.923E+03 ###   Best rss: None (since last: 1)
1.925E+03 ###   Best rss: None (since last: 1)
1.927E+03 ###   Best rss: None (since last: 1)
1.929E+03 ###   Best rss: None (since last: 1)
1.931E+03 ###   Best rss: None (since last: 1)
1.933E+03 ###   Best rss: None (since last: 1)
1.935E+03 ###   Best rss: None (since last: 1)
1.937E+03 ###   Best rss: None (since last: 1)
1.939E+03 ###   Best rss: None (since last: 1)
1.941E+03 ###   Best rss: None (since last: 1)
1.943E+03 ###   Best rss: None (since last: 1)
1.945E+03 ###   Best rss: None (since last: 1)
1.947E+03 ###   Best rss: None (since last: 1)
1.949E+03 ###   Best rss: None (since last: 1)
1.951E+03 ###   Best rss: None (since last: 1)
1.953E+03 ###   Best rss: None (since last: 1)
1.955E+03 ###   Best rss: None (since last: 1)
1.957E+03 ###   Best rss: None (since last: 1)
1.959E+03 ###   Best rss: None (since last: 1)
1.961E+03 ###   Best rss: None (since last: 1)
1.963E+03 ###   Best rss: None (since last: 1)
1.965E+03 ###   Best rss: None (since last: 1)
1.967E+03 ###   Best rss: None (since last: 1)
1.969E+03 ###   Best rss: None (since last: 1)
1.971E+03 ###   Best rss: None (since last: 1)
1.973E+03 ###   Best rss: None (since last: 1)
1.974E+03 ###   Best rss: None (since last: 1)
1.976E+03 ###   Best rss: None (since last: 1)
1.978E+03 ###   Best rss: None (since last: 1)
1.980E+03 ###   Best rss: None (since last: 1)
1.982E+03 ###   Best rss: None (since last: 1)
####TIME#############LOG#####################################################
1.984E+03 ###   Best rss: None (since last: 1)
1.986E+03 ###   Best rss: None (since last: 1)
1.988E+03 ###   Best rss: None (since last: 1)
1.990E+03 ###   Best rss: None (since last: 1)
1.992E+03 ###   Best rss: None (since last: 1)
1.993E+03 ###   Best rss: None (since last: 1)
1.995E+03 ###   Best rss: None (since last: 1)
1.998E+03 ###   Best rss: None (since last: 1)
2.000E+03 ###   Best rss: None (since last: 1)
2.002E+03 ###   Best rss: None (since last: 1)
2.004E+03 ###   Best rss: None (since last: 1)
2.006E+03 ###   Best rss: None (since last: 1)
2.008E+03 ###   Best rss: None (since last: 1)
2.009E+03 ###   Best rss: None (since last: 1)
2.011E+03 ###   Best rss: None (since last: 1)
2.014E+03 ###   Best rss: None (since last: 1)
2.016E+03 ###   Best rss: None (since last: 1)
2.018E+03 ###   Best rss: None (since last: 1)
2.020E+03 ###   Best rss: None (since last: 1)
2.022E+03 ###   Best rss: None (since last: 1)
2.024E+03 ###   Best rss: None (since last: 1)
2.026E+03 ###   Best rss: None (since last: 1)
2.028E+03 ###   Best rss: None (since last: 1)
2.030E+03 ###   Best rss: None (since last: 1)
2.031E+03 ###   Best rss: None (since last: 1)
2.033E+03 ###   Best rss: None (since last: 1)
2.036E+03 ###   Best rss: None (since last: 1)
2.037E+03 ###   Best rss: None (since last: 1)
2.039E+03 ###   Best rss: None (since last: 1)
2.041E+03 ###   Best rss: None (since last: 1)
2.043E+03 ###   Best rss: None (since last: 1)
2.045E+03 ###   Best rss: None (since last: 1)
2.047E+03 ###   Best rss: None (since last: 1)
2.049E+03 ###   Best rss: None (since last: 1)
2.051E+03 ###   Best rss: None (since last: 1)
2.052E+03 ###   Best rss: None (since last: 1)
2.054E+03 ###   Best rss: None (since last: 1)
2.056E+03 ###   Best rss: None (since last: 1)
2.058E+03 ###   Best rss: None (since last: 1)
2.061E+03 ###   Best rss: None (since last: 1)
2.062E+03 ###   Best rss: None (since last: 1)
2.064E+03 ###   Best rss: None (since last: 1)
2.066E+03 ###   Best rss: None (since last: 1)
2.068E+03 ###   Best rss: None (since last: 1)
2.070E+03 ###   Best rss: None (since last: 1)
2.072E+03 ###   Best rss: None (since last: 1)
2.074E+03 ###   Best rss: None (since last: 1)
2.076E+03 ###   Best rss: None (since last: 1)
2.078E+03 ###   Best rss: None (since last: 1)
2.080E+03 ###   Best rss: None (since last: 1)
2.082E+03 ###   Best rss: None (since last: 1)
2.084E+03 ###   Best rss: None (since last: 1)
2.086E+03 ###   Best rss: None (since last: 1)
2.088E+03 ###   Best rss: None (since last: 1)
2.090E+03 ###   Best rss: None (since last: 1)
2.092E+03 ###   Best rss: None (since last: 1)
2.094E+03 ###   Best rss: None (since last: 1)
2.096E+03 ###   Best rss: None (since last: 1)
2.097E+03 ###   Best rss: None (since last: 1)
2.100E+03 ###   Best rss: None (since last: 1)
2.102E+03 ###   Best rss: None (since last: 1)
2.103E+03 ###   Best rss: None (since last: 1)
2.105E+03 ###   Best rss: None (since last: 1)
2.108E+03 ###   Best rss: None (since last: 1)
2.109E+03 ###   Best rss: None (since last: 1)
2.111E+03 ###   Best rss: None (since last: 1)
2.113E+03 ###   Best rss: None (since last: 1)
2.115E+03 ###   Best rss: None (since last: 1)
2.117E+03 ###   Best rss: None (since last: 1)
2.119E+03 ###   Best rss: None (since last: 1)
2.121E+03 ###   Best rss: None (since last: 1)
2.123E+03 ###   Best rss: None (since last: 1)
2.125E+03 ###   Best rss: None (since last: 1)
2.127E+03 ###   Best rss: None (since last: 1)
2.129E+03 ###   Best rss: None (since last: 1)
2.131E+03 ###   Best rss: None (since last: 1)
2.133E+03 ###   Best rss: None (since last: 1)
2.135E+03 ###   Best rss: None (since last: 1)
2.137E+03 ###   Best rss: None (since last: 1)
2.139E+03 ###   Best rss: None (since last: 1)
2.142E+03 ###   Best rss: None (since last: 1)
2.143E+03 ###   Best rss: None (since last: 1)
2.146E+03 ###   Best rss: None (since last: 1)
2.148E+03 ###   Best rss: None (since last: 1)
2.150E+03 ###   Best rss: None (since last: 1)
2.152E+03 ###   Best rss: None (since last: 1)
2.154E+03 ###   Best rss: None (since last: 1)
2.155E+03 ###   Best rss: None (since last: 1)
2.157E+03 ###   Best rss: None (since last: 1)
2.160E+03 ###   Best rss: None (since last: 1)
2.161E+03 ###   Best rss: None (since last: 1)
2.163E+03 ###   Best rss: None (since last: 1)
2.165E+03 ###   Best rss: None (since last: 1)
2.167E+03 ###   Best rss: None (since last: 1)
2.169E+03 ###   Best rss: None (since last: 1)
2.171E+03 ###   Best rss: None (since last: 1)
2.173E+03 ###   Best rss: None (since last: 1)
2.175E+03 ###   Best rss: None (since last: 1)
2.177E+03 ###   Best rss: None (since last: 1)
2.179E+03 ###   Best rss: None (since last: 1)
####TIME#############LOG#####################################################
2.180E+03 ###   Best rss: None (since last: 1)
2.182E+03 ###   Best rss: None (since last: 1)
2.184E+03 ###   Best rss: None (since last: 1)
2.186E+03 ###   Best rss: None (since last: 1)
2.188E+03 ###   Best rss: None (since last: 1)
2.190E+03 ###   Best rss: None (since last: 1)
2.192E+03 ###   Best rss: None (since last: 1)
2.194E+03 ###   Best rss: None (since last: 1)
2.196E+03 ###   Best rss: None (since last: 1)
2.198E+03 ###   Best rss: None (since last: 1)
2.200E+03 ###   Best rss: None (since last: 1)
2.202E+03 ###   Best rss: None (since last: 1)
2.203E+03 ###   Best rss: None (since last: 1)
2.205E+03 ###   Best rss: None (since last: 1)
2.207E+03 ###   Best rss: None (since last: 1)
2.209E+03 ###   Best rss: None (since last: 1)
2.211E+03 ###   Best rss: None (since last: 1)
2.213E+03 ###   Best rss: None (since last: 1)
2.215E+03 ###   Best rss: None (since last: 1)
2.217E+03 ###   Best rss: None (since last: 1)
2.219E+03 ###   Best rss: None (since last: 1)
2.221E+03 ###   Best rss: None (since last: 1)
2.223E+03 ###   Best rss: None (since last: 1)
2.225E+03 ###   Best rss: None (since last: 1)
2.226E+03 ###   Best rss: None (since last: 1)
2.228E+03 ###   Best rss: None (since last: 1)
2.230E+03 ###   Best rss: None (since last: 1)
2.232E+03 ###   Best rss: None (since last: 1)
2.234E+03 ###   Best rss: None (since last: 1)
2.236E+03 ###   Best rss: None (since last: 1)
2.238E+03 ###   Best rss: None (since last: 1)
2.240E+03 ###   Best rss: None (since last: 1)
2.242E+03 ###   Best rss: None (since last: 1)
2.244E+03 ###   Best rss: None (since last: 1)
2.246E+03 ###   Best rss: None (since last: 1)
2.248E+03 ###   Best rss: None (since last: 1)
2.250E+03 ###   Best rss: None (since last: 1)
2.252E+03 ###   Best rss: None (since last: 1)
2.254E+03 ###   Best rss: None (since last: 1)
2.256E+03 ###   Best rss: None (since last: 1)
2.258E+03 ###   Best rss: None (since last: 1)
2.260E+03 ###   Best rss: None (since last: 1)
2.262E+03 ###   Best rss: None (since last: 1)
2.264E+03 ###   Best rss: None (since last: 1)
2.266E+03 ###   Best rss: None (since last: 1)
2.267E+03 ###   Best rss: None (since last: 1)
2.269E+03 ###   Best rss: None (since last: 1)
2.271E+03 ###   Best rss: None (since last: 1)
2.273E+03 ###   Best rss: None (since last: 1)
2.275E+03 ###   Best rss: None (since last: 1)
2.277E+03 ###   Best rss: None (since last: 1)
2.279E+03 ###   Best rss: None (since last: 1)
2.281E+03 ###   Best rss: None (since last: 1)
2.283E+03 ###   Best rss: None (since last: 1)
2.284E+03 ###   Best rss: None (since last: 1)
2.286E+03 ###   Best rss: None (since last: 1)
2.288E+03 ###   Best rss: None (since last: 1)
2.290E+03 ###   Best rss: None (since last: 1)
2.292E+03 ###   Best rss: None (since last: 1)
2.294E+03 ###   Best rss: None (since last: 1)
2.296E+03 ###   Best rss: None (since last: 1)
2.298E+03 ###   Best rss: None (since last: 1)
2.300E+03 ###   Best rss: None (since last: 1)
2.302E+03 ###   Best rss: None (since last: 1)
2.303E+03 ###   Best rss: None (since last: 1)
2.305E+03 ###   Best rss: None (since last: 1)
2.307E+03 ###   Best rss: None (since last: 1)
2.309E+03 ###   Best rss: None (since last: 1)
2.311E+03 ###   Best rss: None (since last: 1)
2.313E+03 ###   Best rss: None (since last: 1)
2.315E+03 ###   Best rss: None (since last: 1)
2.317E+03 ###   Best rss: None (since last: 1)
2.319E+03 ###   Best rss: None (since last: 1)
2.321E+03 ###   Best rss: None (since last: 1)
2.323E+03 ###   Best rss: None (since last: 1)
2.325E+03 ###   Best rss: None (since last: 1)
2.327E+03 ###   Best rss: None (since last: 1)
2.328E+03 ###   Best rss: None (since last: 1)
2.330E+03 ###   Best rss: None (since last: 1)
2.332E+03 ###   Best rss: None (since last: 1)
2.334E+03 ###   Best rss: None (since last: 1)
2.336E+03 ###   Best rss: None (since last: 1)
2.338E+03 ###   Best rss: None (since last: 1)
2.340E+03 ###   Best rss: None (since last: 1)
2.342E+03 ###   Best rss: None (since last: 1)
2.344E+03 ###   Best rss: None (since last: 1)
2.345E+03 ###   Best rss: None (since last: 1)
2.347E+03 ###   Best rss: None (since last: 1)
2.349E+03 ###   Best rss: None (since last: 1)
2.351E+03 ###   Best rss: None (since last: 1)
2.353E+03 ###   Best rss: None (since last: 1)
2.355E+03 ###   Best rss: None (since last: 1)
2.357E+03 ###   Best rss: None (since last: 1)
2.359E+03 ###   Best rss: None (since last: 1)
2.361E+03 ###   Best rss: None (since last: 1)
2.362E+03 ###   Best rss: None (since last: 1)
2.364E+03 ###   Best rss: None (since last: 1)
2.366E+03 ###   Best rss: None (since last: 1)
2.368E+03 ###   Best rss: None (since last: 1)
2.370E+03 ###   Best rss: None (since last: 1)
####TIME#############LOG#####################################################
2.372E+03 ###   Best rss: None (since last: 1)
2.374E+03 ###   Best rss: None (since last: 1)
2.376E+03 ###   Best rss: None (since last: 1)
2.378E+03 ###   Best rss: None (since last: 1)
2.380E+03 ###   Best rss: None (since last: 1)
2.382E+03 ###   Best rss: None (since last: 1)
2.384E+03 ###   Best rss: None (since last: 1)
2.385E+03 ###   Best rss: None (since last: 1)
2.387E+03 ###   Best rss: None (since last: 1)
2.389E+03 ###   Best rss: None (since last: 1)
2.391E+03 ###   Best rss: None (since last: 1)
2.393E+03 ###   Best rss: None (since last: 1)
2.395E+03 ###   Best rss: None (since last: 1)
2.397E+03 ###   Best rss: None (since last: 1)
2.399E+03 ###   Best rss: None (since last: 1)
2.401E+03 ###   Best rss: None (since last: 1)
2.403E+03 ###   Best rss: None (since last: 1)
2.405E+03 ###   Best rss: None (since last: 1)
2.406E+03 ###   Best rss: None (since last: 1)
2.408E+03 ###   Best rss: None (since last: 1)
2.410E+03 ###   Best rss: None (since last: 1)
2.412E+03 ###   Best rss: None (since last: 1)
2.414E+03 ###   Best rss: None (since last: 1)
2.416E+03 ###   Best rss: None (since last: 1)
2.418E+03 ###   Best rss: None (since last: 1)
2.420E+03 ###   Best rss: None (since last: 1)
2.422E+03 ###   Best rss: None (since last: 1)
2.424E+03 ###   Best rss: None (since last: 1)
2.426E+03 ###   Best rss: None (since last: 1)
2.428E+03 ###   Best rss: None (since last: 1)
2.429E+03 ###   Best rss: None (since last: 1)
2.431E+03 ###   Best rss: None (since last: 1)
2.433E+03 ###   Best rss: None (since last: 1)
2.435E+03 ###   Best rss: None (since last: 1)
2.437E+03 ###   Best rss: None (since last: 1)
2.439E+03 ###   Best rss: None (since last: 1)
2.441E+03 ###   Best rss: None (since last: 1)
2.443E+03 ###   Best rss: None (since last: 1)
2.445E+03 ###   Best rss: None (since last: 1)
2.447E+03 ###   Best rss: None (since last: 1)
2.448E+03 ###   Best rss: None (since last: 1)
2.450E+03 ###   Best rss: None (since last: 1)
2.452E+03 ###   Best rss: None (since last: 1)
2.454E+03 ###   Best rss: None (since last: 1)
2.456E+03 ###   Best rss: None (since last: 1)
2.458E+03 ###   Best rss: None (since last: 1)
2.460E+03 ###   Best rss: None (since last: 1)
2.462E+03 ###   Best rss: None (since last: 1)
2.464E+03 ###   Best rss: None (since last: 1)
2.465E+03 ###   Best rss: None (since last: 1)
2.467E+03 ###   Best rss: None (since last: 1)
2.469E+03 ###   Best rss: None (since last: 1)
2.471E+03 ###   Best rss: None (since last: 1)
2.473E+03 ###   Best rss: None (since last: 1)
2.475E+03 ###   Best rss: None (since last: 1)
2.477E+03 ###   Best rss: None (since last: 1)
2.479E+03 ###   Best rss: None (since last: 1)
2.481E+03 ###   Best rss: None (since last: 1)
2.483E+03 ###   Best rss: None (since last: 1)
2.484E+03 ###   Best rss: None (since last: 1)
2.486E+03 ###   Best rss: None (since last: 1)
2.488E+03 ###   Best rss: None (since last: 1)
2.490E+03 ###   Best rss: None (since last: 1)
2.492E+03 ###   Best rss: None (since last: 1)
2.494E+03 ###   Best rss: None (since last: 1)
2.496E+03 ###   Best rss: None (since last: 1)
2.498E+03 ###   Best rss: None (since last: 1)
2.500E+03 ###   Best rss: None (since last: 1)
2.502E+03 ###   Best rss: None (since last: 1)
2.504E+03 ###   Best rss: None (since last: 1)
2.505E+03 ###   Best rss: None (since last: 1)
2.507E+03 ###   Best rss: None (since last: 1)
2.509E+03 ###   Best rss: None (since last: 1)
2.511E+03 ###   Best rss: None (since last: 1)
2.513E+03 ###   Best rss: None (since last: 1)
2.515E+03 ###   Best rss: None (since last: 1)
2.517E+03 ###   Best rss: None (since last: 1)
2.519E+03 ###   Best rss: None (since last: 1)
2.521E+03 ###   Best rss: None (since last: 1)
2.523E+03 ###   Best rss: None (since last: 1)
2.525E+03 ###   Best rss: None (since last: 1)
2.526E+03 ###   Best rss: None (since last: 1)
2.528E+03 ###   Best rss: None (since last: 1)
2.530E+03 ###   Best rss: None (since last: 1)
2.532E+03 ###   Best rss: None (since last: 1)
2.534E+03 ###   Best rss: None (since last: 1)
2.536E+03 ###   Best rss: None (since last: 1)
2.538E+03 ###   Best rss: None (since last: 1)
2.540E+03 ###   Best rss: None (since last: 1)
2.542E+03 ###   Best rss: None (since last: 1)
2.544E+03 ###   Best rss: None (since last: 1)
2.545E+03 ###   Best rss: None (since last: 1)
2.547E+03 ###   Best rss: None (since last: 1)
2.549E+03 ###   Best rss: None (since last: 1)
2.551E+03 ###   Best rss: None (since last: 1)
2.553E+03 ###   Best rss: None (since last: 1)
2.555E+03 ###   Best rss: None (since last: 1)
2.557E+03 ###   Best rss: None (since last: 1)
2.559E+03 ###   Best rss: None (since last: 1)
2.561E+03 ###   Best rss: None (since last: 1)
####TIME#############LOG#####################################################
2.563E+03 ###   Best rss: None (since last: 1)
2.565E+03 ###   Best rss: None (since last: 1)
2.567E+03 ###   Best rss: None (since last: 1)
2.569E+03 ###   Best rss: None (since last: 1)
2.570E+03 ###   Best rss: None (since last: 1)
2.572E+03 ###   Best rss: None (since last: 1)
2.574E+03 ###   Best rss: None (since last: 1)
2.576E+03 ###   Best rss: None (since last: 1)
2.578E+03 ###   Best rss: None (since last: 1)
2.580E+03 ###   Best rss: None (since last: 1)
2.582E+03 ###   Best rss: None (since last: 1)
2.584E+03 ###   Best rss: None (since last: 1)
2.586E+03 ###   Best rss: None (since last: 1)
2.587E+03 ###   Best rss: None (since last: 1)
2.589E+03 ###   Best rss: None (since last: 1)
2.591E+03 ###   Best rss: None (since last: 1)
2.593E+03 ###   Best rss: None (since last: 1)
2.595E+03 ###   Best rss: None (since last: 1)
2.597E+03 ###   Best rss: None (since last: 1)
2.599E+03 ###   Best rss: None (since last: 1)
2.601E+03 ###   Best rss: None (since last: 1)
2.603E+03 ###   Best rss: None (since last: 1)
2.605E+03 ###   Best rss: None (since last: 1)
2.607E+03 ###   Best rss: None (since last: 1)
2.608E+03 ###   Best rss: None (since last: 1)
2.610E+03 ###   Best rss: None (since last: 1)
2.612E+03 ###   Best rss: None (since last: 1)
2.614E+03 ###   Best rss: None (since last: 1)
2.616E+03 ###   Best rss: None (since last: 1)
2.618E+03 ###   Best rss: None (since last: 1)
2.620E+03 ###   Best rss: None (since last: 1)
2.622E+03 ###   Best rss: None (since last: 1)
2.624E+03 ###   Best rss: None (since last: 1)
2.626E+03 ###   Best rss: None (since last: 1)
2.628E+03 ###   Best rss: None (since last: 1)
2.629E+03 ###   Best rss: None (since last: 1)
2.631E+03 ###   Best rss: None (since last: 1)
2.633E+03 ###   Best rss: None (since last: 1)
2.635E+03 ###   Best rss: None (since last: 1)
2.637E+03 ###   Best rss: None (since last: 1)
2.639E+03 ###   Best rss: None (since last: 1)
2.641E+03 ###   Best rss: None (since last: 1)
2.643E+03 ###   Best rss: None (since last: 1)
2.645E+03 ###   Best rss: None (since last: 1)
2.646E+03 ###   Best rss: None (since last: 1)
2.648E+03 ###   Best rss: None (since last: 1)
2.650E+03 ###   Best rss: None (since last: 1)
2.652E+03 ###   Best rss: None (since last: 1)
2.654E+03 ###   Best rss: None (since last: 1)
2.656E+03 ###   Best rss: None (since last: 1)
2.658E+03 ###   Best rss: None (since last: 1)
2.660E+03 ###   Best rss: None (since last: 1)
2.662E+03 ###   Best rss: None (since last: 1)
2.663E+03 ###   Best rss: None (since last: 1)
2.665E+03 ###   Best rss: None (since last: 1)
2.667E+03 ###   Best rss: None (since last: 1)
2.669E+03 ###   Best rss: None (since last: 1)
2.671E+03 ###   Best rss: None (since last: 1)
2.673E+03 ###   Best rss: None (since last: 1)
2.675E+03 ###   Best rss: None (since last: 1)
2.677E+03 ###   Best rss: None (since last: 1)
2.679E+03 ###   Best rss: None (since last: 1)
2.681E+03 ###   Best rss: None (since last: 1)
2.683E+03 ###   Best rss: None (since last: 1)
2.684E+03 ###   Best rss: None (since last: 1)
2.686E+03 ###   Best rss: None (since last: 1)
2.688E+03 ###   Best rss: None (since last: 1)
2.690E+03 ###   Best rss: None (since last: 1)
2.692E+03 ###   Best rss: None (since last: 1)
2.694E+03 ###   Best rss: None (since last: 1)
2.696E+03 ###   Best rss: None (since last: 1)
2.698E+03 ###   Best rss: None (since last: 1)
2.700E+03 ###   Best rss: None (since last: 1)
2.702E+03 ###   Best rss: None (since last: 1)
2.704E+03 ###   Best rss: None (since last: 1)
2.706E+03 ###   Best rss: None (since last: 1)
2.707E+03 ###   Best rss: None (since last: 1)
2.709E+03 ###   Best rss: None (since last: 1)
2.711E+03 ###   Best rss: None (since last: 1)
2.713E+03 ###   Best rss: None (since last: 1)
2.715E+03 ###   Best rss: None (since last: 1)
2.717E+03 ###   Best rss: None (since last: 1)
2.719E+03 ###   Best rss: None (since last: 1)
2.721E+03 ###   Best rss: None (since last: 1)
2.723E+03 ###   Best rss: None (since last: 1)
2.725E+03 ###   Best rss: None (since last: 1)
2.727E+03 ###   Best rss: None (since last: 1)
2.729E+03 ###   Best rss: None (since last: 1)
2.730E+03 ###   Best rss: None (since last: 1)
2.732E+03 ###   Best rss: None (since last: 1)
2.734E+03 ###   Best rss: None (since last: 1)
2.736E+03 ###   Best rss: None (since last: 1)
2.738E+03 ###   Best rss: None (since last: 1)
2.740E+03 ###   Best rss: None (since last: 1)
2.742E+03 ###   Best rss: None (since last: 1)
2.744E+03 ###   Best rss: None (since last: 1)
2.746E+03 ###   Best rss: None (since last: 1)
2.748E+03 ###   Best rss: None (since last: 1)
2.749E+03 ###   Best rss: None (since last: 1)
2.751E+03 ###   Best rss: None (since last: 1)
####TIME#############LOG#####################################################
2.753E+03 ###   Best rss: None (since last: 1)
2.755E+03 ###   Best rss: None (since last: 1)
2.757E+03 ###   Best rss: None (since last: 1)
2.759E+03 ###   Best rss: None (since last: 1)
2.761E+03 ###   Best rss: None (since last: 1)
2.763E+03 ###   Best rss: None (since last: 1)
2.765E+03 ###   Best rss: None (since last: 1)
2.766E+03 ###   Best rss: None (since last: 1)
2.768E+03 ###   Best rss: None (since last: 1)
2.770E+03 ###   Best rss: None (since last: 1)
2.772E+03 ###   Best rss: None (since last: 1)
2.774E+03 ###   Best rss: None (since last: 1)
2.776E+03 ###   Best rss: None (since last: 1)
2.778E+03 ###   Best rss: None (since last: 1)
2.780E+03 ###   Best rss: None (since last: 1)
2.782E+03 ###   Best rss: None (since last: 1)
2.784E+03 ###   Best rss: None (since last: 1)
2.786E+03 ###   Best rss: None (since last: 1)
2.788E+03 ###   Best rss: None (since last: 1)
2.790E+03 ###   Best rss: None (since last: 1)
2.792E+03 ###   Best rss: None (since last: 1)
2.794E+03 ###   Best rss: None (since last: 1)
2.796E+03 ###   Best rss: None (since last: 1)
2.798E+03 ###   Best rss: None (since last: 1)
2.800E+03 ###   Best rss: None (since last: 1)
2.802E+03 ###   Best rss: None (since last: 1)
2.805E+03 ###   Best rss: None (since last: 1)
2.807E+03 ###   Best rss: None (since last: 1)
2.809E+03 ###   Best rss: None (since last: 1)
2.811E+03 ###   Best rss: None (since last: 1)
2.813E+03 ###   Best rss: None (since last: 1)
2.815E+03 ###   Best rss: None (since last: 1)
2.817E+03 ###   Best rss: None (since last: 1)
2.819E+03 ###   Best rss: None (since last: 1)
2.821E+03 ###   Best rss: None (since last: 1)
2.823E+03 ###   Best rss: None (since last: 1)
2.825E+03 ###   Best rss: None (since last: 1)
2.827E+03 ###   Best rss: None (since last: 1)
2.830E+03 ###   Best rss: None (since last: 1)
2.832E+03 ###   Best rss: None (since last: 1)
2.834E+03 ###   Best rss: None (since last: 1)
2.836E+03 ###   Best rss: None (since last: 1)
2.838E+03 ###   Best rss: None (since last: 1)
2.840E+03 ###   Best rss: None (since last: 1)
2.843E+03 ###   Best rss: None (since last: 1)
2.845E+03 ###   Best rss: None (since last: 1)
2.847E+03 ###   Best rss: None (since last: 1)
2.849E+03 ###   Best rss: None (since last: 1)
2.851E+03 ###   Best rss: None (since last: 1)
2.853E+03 ###   Best rss: None (since last: 1)
2.855E+03 ###   Best rss: None (since last: 1)
2.857E+03 ###   Best rss: None (since last: 1)
2.859E+03 ###   Best rss: None (since last: 1)
2.862E+03 ###   Best rss: None (since last: 1)
2.864E+03 ###   Best rss: None (since last: 1)
2.866E+03 ###   Best rss: None (since last: 1)
2.868E+03 ###   Best rss: None (since last: 1)
2.870E+03 ###   Best rss: None (since last: 1)
2.873E+03 ###   Best rss: None (since last: 1)
2.875E+03 ###   Best rss: None (since last: 1)
2.877E+03 ###   Best rss: None (since last: 1)
2.879E+03 ###   Best rss: None (since last: 1)
2.881E+03 ###   Best rss: None (since last: 1)
2.883E+03 ###   Best rss: None (since last: 1)
2.886E+03 ###   Best rss: None (since last: 1)
2.888E+03 ###   Best rss: None (since last: 1)
2.890E+03 ###   Best rss: None (since last: 1)
2.892E+03 ###   Best rss: None (since last: 1)
2.894E+03 ###   Best rss: None (since last: 1)
2.897E+03 ###   Best rss: None (since last: 1)
2.899E+03 ###   Best rss: None (since last: 1)
2.901E+03 ###   Best rss: None (since last: 1)
2.903E+03 ###   Best rss: None (since last: 1)
2.905E+03 ###   Best rss: None (since last: 1)
2.907E+03 ###   Best rss: None (since last: 1)
2.910E+03 ###   Best rss: None (since last: 1)
2.912E+03 ###   Best rss: None (since last: 1)
2.914E+03 ###   Best rss: None (since last: 1)
2.916E+03 ###   Best rss: None (since last: 1)
2.919E+03 ###   Best rss: None (since last: 1)
2.921E+03 ###   Best rss: None (since last: 1)
2.923E+03 ###   Best rss: None (since last: 1)
2.925E+03 ###   Best rss: None (since last: 1)
2.927E+03 ###   Best rss: None (since last: 1)
2.929E+03 ###   Best rss: None (since last: 1)
2.932E+03 ###   Best rss: None (since last: 1)
2.934E+03 ###   Best rss: None (since last: 1)
2.936E+03 ###   Best rss: None (since last: 1)
2.938E+03 ###   Best rss: None (since last: 1)
2.940E+03 ###   Best rss: None (since last: 1)
2.942E+03 ###   Best rss: None (since last: 1)
2.944E+03 ###   Best rss: None (since last: 1)
2.946E+03 ###   Best rss: None (since last: 1)
2.948E+03 ###   Best rss: None (since last: 1)
2.950E+03 ###   Best rss: None (since last: 1)
2.952E+03 ###   Best rss: None (since last: 1)
2.955E+03 ###   Best rss: None (since last: 1)
2.957E+03 ###   Best rss: None (since last: 1)
2.959E+03 ###   Best rss: None (since last: 1)
2.962E+03 ###   Best rss: None (since last: 1)
####TIME#############LOG#####################################################
2.964E+03 ###   Best rss: None (since last: 1)
2.966E+03 ###   Best rss: None (since last: 1)
2.970E+03 ###   Best rss: None (since last: 1)
2.972E+03 ###   Best rss: None (since last: 1)
2.975E+03 ###   Best rss: None (since last: 1)
2.977E+03 ###   Best rss: None (since last: 1)
2.979E+03 ###   Best rss: None (since last: 1)
2.981E+03 ###   Best rss: None (since last: 1)
2.983E+03 ###   Best rss: None (since last: 1)
2.985E+03 ###   Best rss: None (since last: 1)
2.987E+03 ###   Best rss: None (since last: 1)
2.989E+03 ###   Best rss: None (since last: 1)
2.991E+03 ###   Best rss: None (since last: 1)
2.993E+03 ###   Best rss: None (since last: 1)
2.996E+03 ###   Best rss: None (since last: 1)
2.998E+03 ###   Best rss: None (since last: 1)
3.000E+03 ###   Best rss: None (since last: 1)
3.002E+03 ###   Best rss: None (since last: 1)
3.003E+03 ###   Best rss: None (since last: 1)
3.005E+03 ###   Best rss: None (since last: 1)
3.007E+03 ###   Best rss: None (since last: 1)
3.009E+03 ###   Best rss: None (since last: 1)
3.012E+03 ###   Best rss: None (since last: 1)
3.014E+03 ###   Best rss: None (since last: 1)
3.016E+03 ###   Best rss: None (since last: 1)
3.018E+03 ###   Best rss: None (since last: 1)
3.020E+03 ###   Best rss: None (since last: 1)
3.022E+03 ###   Best rss: None (since last: 1)
3.025E+03 ###   Best rss: None (since last: 1)
3.027E+03 ###   Best rss: None (since last: 1)
3.029E+03 ###   Best rss: None (since last: 1)
3.032E+03 ###   Best rss: None (since last: 1)
3.034E+03 ###   Best rss: None (since last: 1)
3.036E+03 ###   Best rss: None (since last: 1)
3.038E+03 ###   Best rss: None (since last: 1)
3.040E+03 ###   Best rss: None (since last: 1)
3.043E+03 ###   Best rss: None (since last: 1)
3.045E+03 ###   Best rss: None (since last: 1)
3.047E+03 ###   Best rss: None (since last: 1)
3.049E+03 ###   Best rss: None (since last: 1)
3.051E+03 ###   Best rss: None (since last: 1)
3.053E+03 ###   Best rss: None (since last: 1)
3.055E+03 ###   Best rss: None (since last: 1)
3.057E+03 ###   Best rss: None (since last: 1)
3.060E+03 ###   Best rss: None (since last: 1)
3.062E+03 ###   Best rss: None (since last: 1)
3.064E+03 ###   Best rss: None (since last: 1)
3.066E+03 ###   Best rss: None (since last: 1)
3.068E+03 ###   Best rss: None (since last: 1)
3.070E+03 ###   Best rss: None (since last: 1)
3.072E+03 ###   Best rss: None (since last: 1)
3.074E+03 ###   Best rss: None (since last: 1)
3.076E+03 ###   Best rss: None (since last: 1)
3.078E+03 ###   Best rss: None (since last: 1)
3.081E+03 ###   Best rss: None (since last: 1)
3.083E+03 ###   Best rss: None (since last: 1)
3.085E+03 ###   Best rss: None (since last: 1)
3.087E+03 ###   Best rss: None (since last: 1)
3.089E+03 ###   Best rss: None (since last: 1)
3.091E+03 ###   Best rss: None (since last: 1)
3.093E+03 ###   Best rss: None (since last: 1)
3.095E+03 ###   Best rss: None (since last: 1)
3.097E+03 ###   Best rss: None (since last: 1)
3.099E+03 ###   Best rss: None (since last: 1)
3.101E+03 ###   Best rss: None (since last: 1)
3.103E+03 ###   Best rss: None (since last: 1)
3.105E+03 ###   Best rss: None (since last: 1)
3.107E+03 ###   Best rss: None (since last: 1)
3.109E+03 ###   Best rss: None (since last: 1)
3.111E+03 ###   Best rss: None (since last: 1)
3.113E+03 ###   Best rss: None (since last: 1)
3.115E+03 ###   Best rss: None (since last: 1)
3.117E+03 ###   Best rss: None (since last: 1)
3.120E+03 ###   Best rss: None (since last: 1)
3.122E+03 ###   Best rss: None (since last: 1)
3.124E+03 ###   Best rss: None (since last: 1)
3.126E+03 ###   Best rss: None (since last: 1)
3.128E+03 ###   Best rss: None (since last: 1)
3.131E+03 ###   Best rss: None (since last: 1)
3.133E+03 ###   Best rss: None (since last: 1)
3.135E+03 ###   Best rss: None (since last: 1)
3.137E+03 ###   Best rss: None (since last: 1)
3.139E+03 ###   Best rss: None (since last: 1)
3.140E+03 ###   Best rss: None (since last: 1)
3.143E+03 ###   Best rss: None (since last: 1)
3.145E+03 ###   Best rss: None (since last: 1)
3.147E+03 ###   Best rss: None (since last: 1)
3.149E+03 ###   Best rss: None (since last: 1)
3.151E+03 ###   Best rss: None (since last: 1)
3.153E+03 ###   Best rss: None (since last: 1)
3.155E+03 ###   Best rss: None (since last: 1)
3.157E+03 ###   Best rss: None (since last: 1)
3.159E+03 ###   Best rss: None (since last: 1)
3.161E+03 ###   Best rss: None (since last: 1)
3.163E+03 ###   Best rss: None (since last: 1)
3.165E+03 ###   Best rss: None (since last: 1)
3.167E+03 ###   Best rss: None (since last: 1)
3.169E+03 ###   Best rss: None (since last: 1)
3.171E+03 ###   Best rss: None (since last: 1)
3.173E+03 ###   Best rss: None (since last: 1)
####TIME#############LOG#####################################################
3.175E+03 ###   Best rss: None (since last: 1)
3.177E+03 ###   Best rss: None (since last: 1)
3.179E+03 ###   Best rss: None (since last: 1)
3.181E+03 ###   Best rss: None (since last: 1)
3.183E+03 ###   Best rss: None (since last: 1)
3.184E+03 ###   Best rss: None (since last: 1)
3.186E+03 ###   Best rss: None (since last: 1)
3.188E+03 ###   Best rss: None (since last: 1)
3.190E+03 ###   Best rss: None (since last: 1)
3.192E+03 ###   Best rss: None (since last: 1)
3.194E+03 ###   Best rss: None (since last: 1)
3.196E+03 ###   Best rss: None (since last: 1)
3.198E+03 ###   Best rss: None (since last: 1)
3.200E+03 ###   Best rss: None (since last: 1)
3.202E+03 ###   Best rss: None (since last: 1)
3.204E+03 ###   Best rss: None (since last: 1)
3.206E+03 ###   Best rss: None (since last: 1)
3.207E+03 ###   Best rss: None (since last: 1)
3.209E+03 ###   Best rss: None (since last: 1)
3.211E+03 ###   Best rss: None (since last: 1)
3.213E+03 ###   Best rss: None (since last: 1)
3.215E+03 ###   Best rss: None (since last: 1)
3.217E+03 ###   Best rss: None (since last: 1)
3.219E+03 ###   Best rss: None (since last: 1)
3.221E+03 ###   Best rss: None (since last: 1)
3.223E+03 ###   Best rss: None (since last: 1)
3.225E+03 ###   Best rss: None (since last: 1)
3.227E+03 ###   Best rss: None (since last: 1)
3.229E+03 ###   Best rss: None (since last: 1)
3.231E+03 ###   Best rss: None (since last: 1)
3.233E+03 ###   Best rss: None (since last: 1)
3.235E+03 ###   Best rss: None (since last: 1)
3.237E+03 ###   Best rss: None (since last: 1)
3.239E+03 ###   Best rss: None (since last: 1)
3.241E+03 ###   Best rss: None (since last: 1)
3.243E+03 ###   Best rss: None (since last: 1)
3.245E+03 ###   Best rss: None (since last: 1)
3.247E+03 ###   Best rss: None (since last: 1)
3.249E+03 ###   Best rss: None (since last: 1)
3.251E+03 ###   Best rss: None (since last: 1)
3.253E+03 ###   Best rss: None (since last: 1)
3.255E+03 ###   Best rss: None (since last: 1)
3.257E+03 ###   Best rss: None (since last: 1)
3.259E+03 ###   Best rss: None (since last: 1)
3.261E+03 ###   Best rss: None (since last: 1)
3.262E+03 ###   Best rss: None (since last: 1)
3.264E+03 ###   Best rss: None (since last: 1)
3.266E+03 ###   Best rss: None (since last: 1)
3.268E+03 ###   Best rss: None (since last: 1)
3.270E+03 ###   Best rss: None (since last: 1)
3.272E+03 ###   Best rss: None (since last: 1)
3.274E+03 ###   Best rss: None (since last: 1)
3.276E+03 ###   Best rss: None (since last: 1)
3.278E+03 ###   Best rss: None (since last: 1)
3.280E+03 ###   Best rss: None (since last: 1)
3.282E+03 ###   Best rss: None (since last: 1)
3.284E+03 ###   Best rss: None (since last: 1)
3.286E+03 ###   Best rss: None (since last: 1)
3.288E+03 ###   Best rss: None (since last: 1)
3.290E+03 ###   Best rss: None (since last: 1)
3.292E+03 ###   Best rss: None (since last: 1)
3.294E+03 ###   Best rss: None (since last: 1)
3.297E+03 ###   Best rss: None (since last: 1)
3.299E+03 ###   Best rss: None (since last: 1)
3.301E+03 ###   Best rss: None (since last: 1)
3.303E+03 ###   Best rss: None (since last: 1)
3.305E+03 ###   Best rss: None (since last: 1)
3.307E+03 ###   Best rss: None (since last: 1)
3.309E+03 ###   Best rss: None (since last: 1)
3.311E+03 ###   Best rss: None (since last: 1)
3.313E+03 ###   Best rss: None (since last: 1)
3.315E+03 ###   Best rss: None (since last: 1)
3.317E+03 ###   Best rss: None (since last: 1)
3.319E+03 ###   Best rss: None (since last: 1)
3.321E+03 ###   Best rss: None (since last: 1)
3.323E+03 ###   Best rss: None (since last: 1)
3.325E+03 ###   Best rss: None (since last: 1)
3.327E+03 ###   Best rss: None (since last: 1)
3.329E+03 ###   Best rss: None (since last: 1)
3.331E+03 ###   Best rss: None (since last: 1)
3.333E+03 ###   Best rss: None (since last: 1)
3.335E+03 ###   Best rss: None (since last: 1)
3.337E+03 ###   Best rss: None (since last: 1)
3.339E+03 ###   Best rss: None (since last: 1)
3.341E+03 ###   Best rss: None (since last: 1)
3.343E+03 ###   Best rss: None (since last: 1)
3.345E+03 ###   Best rss: None (since last: 1)
3.347E+03 ###   Best rss: None (since last: 1)
3.349E+03 ###   Best rss: None (since last: 1)
3.351E+03 ###   Best rss: None (since last: 1)
3.354E+03 ###   Best rss: None (since last: 1)
3.356E+03 ###   Best rss: None (since last: 1)
3.358E+03 ###   Best rss: None (since last: 1)
3.360E+03 ###   Best rss: None (since last: 1)
3.362E+03 ###   Best rss: None (since last: 1)
3.365E+03 ###   Best rss: None (since last: 1)
3.367E+03 ###   Best rss: None (since last: 1)
3.369E+03 ###   Best rss: None (since last: 1)
3.371E+03 ###   Best rss: None (since last: 1)
3.373E+03 ###   Best rss: None (since last: 1)
####TIME#############LOG#####################################################
3.375E+03 ###   Best rss: None (since last: 1)
3.378E+03 ###   Best rss: None (since last: 1)
3.380E+03 ###   Best rss: None (since last: 1)
3.382E+03 ###   Best rss: None (since last: 1)
3.384E+03 ###   Best rss: None (since last: 1)
3.386E+03 ###   Best rss: None (since last: 1)
3.388E+03 ###   Best rss: None (since last: 1)
3.391E+03 ###   Best rss: None (since last: 1)
3.393E+03 ###   Best rss: None (since last: 1)
3.395E+03 ###   Best rss: None (since last: 1)
3.397E+03 ###   Best rss: None (since last: 1)
3.399E+03 ###   Best rss: None (since last: 1)
3.401E+03 ###   Best rss: None (since last: 1)
3.404E+03 ###   Best rss: None (since last: 1)
3.406E+03 ###   Best rss: None (since last: 1)
3.408E+03 ###   Best rss: None (since last: 1)
3.410E+03 ###   Best rss: None (since last: 1)
3.412E+03 ###   Best rss: None (since last: 1)
3.414E+03 ###   Best rss: None (since last: 1)
3.416E+03 ###   Best rss: None (since last: 1)
3.419E+03 ###   Best rss: None (since last: 1)
3.421E+03 ###   Best rss: None (since last: 1)
3.423E+03 ###   Best rss: None (since last: 1)
3.425E+03 ###   Best rss: None (since last: 1)
3.427E+03 ###   Best rss: None (since last: 1)
3.429E+03 ###   Best rss: None (since last: 1)
3.432E+03 ###   Best rss: None (since last: 1)
3.434E+03 ###   Best rss: None (since last: 1)
3.436E+03 ###   Best rss: None (since last: 1)
3.438E+03 ###   Best rss: None (since last: 1)
3.440E+03 ###   Best rss: None (since last: 1)
3.442E+03 ###   Best rss: None (since last: 1)
3.445E+03 ###   Best rss: None (since last: 1)
3.447E+03 ###   Best rss: None (since last: 1)
3.449E+03 ###   Best rss: None (since last: 1)
3.452E+03 ###   Best rss: None (since last: 1)
3.454E+03 ###   Best rss: None (since last: 1)
3.456E+03 ###   Best rss: None (since last: 1)
3.458E+03 ###   Best rss: None (since last: 1)
3.461E+03 ###   Best rss: None (since last: 1)
3.463E+03 ###   Best rss: None (since last: 1)
3.465E+03 ###   Best rss: None (since last: 1)
3.468E+03 ###   Best rss: None (since last: 1)
3.470E+03 ###   Best rss: None (since last: 1)
3.472E+03 ###   Best rss: None (since last: 1)
3.474E+03 ###   Best rss: None (since last: 1)
3.476E+03 ###   Best rss: None (since last: 1)
3.478E+03 ###   Best rss: None (since last: 1)
3.481E+03 ###   Best rss: None (since last: 1)
3.483E+03 ###   Best rss: None (since last: 1)
3.485E+03 ###   Best rss: None (since last: 1)
3.487E+03 ###   Best rss: None (since last: 1)
3.489E+03 ###   Best rss: None (since last: 1)
3.491E+03 ###   Best rss: None (since last: 1)
3.493E+03 ###   Best rss: None (since last: 1)
3.495E+03 ###   Best rss: None (since last: 1)
3.497E+03 ###   Best rss: None (since last: 1)
3.499E+03 ###   Best rss: None (since last: 1)
3.502E+03 ###   Best rss: None (since last: 1)
3.504E+03 ###   Best rss: None (since last: 1)
3.506E+03 ###   Best rss: None (since last: 1)
3.508E+03 ###   Best rss: None (since last: 1)
3.510E+03 ###   Best rss: None (since last: 1)
3.512E+03 ###   Best rss: None (since last: 1)
3.514E+03 ###   Best rss: None (since last: 1)
3.516E+03 ###   Best rss: None (since last: 1)
3.518E+03 ###   Best rss: None (since last: 1)
3.521E+03 ###   Best rss: None (since last: 1)
3.523E+03 ###   Best rss: None (since last: 1)
3.525E+03 ###   Best rss: None (since last: 1)
3.527E+03 ###   Best rss: None (since last: 1)
3.529E+03 ###   Best rss: None (since last: 1)
3.531E+03 ###   Best rss: None (since last: 1)
3.533E+03 ###   Best rss: None (since last: 1)
3.535E+03 ###   Best rss: None (since last: 1)
3.537E+03 ###   Best rss: None (since last: 1)
3.540E+03 ###   Best rss: None (since last: 1)
3.542E+03 ###   Best rss: None (since last: 1)
3.544E+03 ###   Best rss: None (since last: 1)
3.546E+03 ###   Best rss: None (since last: 1)
3.548E+03 ###   Best rss: None (since last: 1)
3.550E+03 ###   Best rss: None (since last: 1)
3.552E+03 ###   Best rss: None (since last: 1)
3.554E+03 ###   Best rss: None (since last: 1)
3.556E+03 ###   Best rss: None (since last: 1)
3.559E+03 ###   Best rss: None (since last: 1)
3.561E+03 ###   Best rss: None (since last: 1)
3.563E+03 ###   Best rss: None (since last: 1)
3.565E+03 ###   Best rss: None (since last: 1)
3.567E+03 ###   Best rss: None (since last: 1)
3.569E+03 ###   Best rss: None (since last: 1)
3.571E+03 ###   Best rss: None (since last: 1)
3.574E+03 ###   Best rss: None (since last: 1)
3.576E+03 ###   Best rss: None (since last: 1)
3.578E+03 ###   Best rss: None (since last: 1)
3.580E+03 ###   Best rss: None (since last: 1)
3.582E+03 ###   Best rss: None (since last: 1)
3.584E+03 ###   Best rss: None (since last: 1)
3.586E+03 ###   Best rss: None (since last: 1)
3.588E+03 ###   Best rss: None (since last: 1)
####TIME#############LOG#####################################################
3.590E+03 ###   Best rss: None (since last: 1)
3.593E+03 ###   Best rss: None (since last: 1)
3.595E+03 ###   Best rss: None (since last: 1)
3.597E+03 ###   Best rss: None (since last: 1)
3.599E+03 ###   Best rss: None (since last: 1)
3.601E+03 ###   Best rss: None (since last: 1)
3.603E+03 ###   Best rss: None (since last: 1)
3.605E+03 ###   Best rss: None (since last: 1)
3.607E+03 ###   Best rss: None (since last: 1)
3.609E+03 ###   Best rss: None (since last: 1)
3.611E+03 ###   Best rss: None (since last: 1)
3.613E+03 ###   Best rss: None (since last: 1)
3.615E+03 ###   Best rss: None (since last: 1)
3.617E+03 ###   Best rss: None (since last: 1)
3.619E+03 ###   Best rss: None (since last: 1)
3.621E+03 ###   Best rss: None (since last: 1)
3.623E+03 ###   Best rss: None (since last: 1)
3.625E+03 ###   Best rss: None (since last: 1)
3.627E+03 ###   Best rss: None (since last: 1)
3.629E+03 ###   Best rss: None (since last: 1)
3.632E+03 ###   Best rss: None (since last: 1)
3.634E+03 ###   Best rss: None (since last: 1)
3.636E+03 ###   Best rss: None (since last: 1)
3.638E+03 ###   Best rss: None (since last: 1)
3.640E+03 ###   Best rss: None (since last: 1)
3.642E+03 ###   Best rss: None (since last: 1)
3.644E+03 ###   Best rss: None (since last: 1)
3.646E+03 ###   Best rss: None (since last: 1)
3.648E+03 ###   Best rss: None (since last: 1)
3.650E+03 ###   Best rss: None (since last: 1)
3.652E+03 ###   Best rss: None (since last: 1)
3.654E+03 ###   Best rss: None (since last: 1)
3.656E+03 ###   Best rss: None (since last: 1)
3.658E+03 ###   Best rss: None (since last: 1)
3.660E+03 ###   Best rss: None (since last: 1)
3.662E+03 ###   Best rss: None (since last: 1)
3.664E+03 ###   Best rss: None (since last: 1)
3.667E+03 ###   Best rss: None (since last: 1)
3.669E+03 ###   Best rss: None (since last: 1)
3.671E+03 ###   Best rss: None (since last: 1)
3.673E+03 ###   Best rss: None (since last: 1)
3.675E+03 ###   Best rss: None (since last: 1)
3.677E+03 ###   Best rss: None (since last: 1)
3.679E+03 ###   Best rss: None (since last: 1)
3.681E+03 ###   Best rss: None (since last: 1)
3.683E+03 ###   Best rss: None (since last: 1)
3.685E+03 ###   Best rss: None (since last: 1)
3.687E+03 ###   Best rss: None (since last: 1)
3.689E+03 ###   Best rss: None (since last: 1)
3.691E+03 ###   Best rss: None (since last: 1)
3.693E+03 ###   Best rss: None (since last: 1)
3.695E+03 ###   Best rss: None (since last: 1)
3.698E+03 ###   Best rss: None (since last: 1)
3.700E+03 ###   Best rss: None (since last: 1)
3.702E+03 ###   Best rss: None (since last: 1)
3.704E+03 ###   Best rss: None (since last: 1)
3.706E+03 ###   Best rss: None (since last: 1)
3.708E+03 ###   Best rss: None (since last: 1)
3.710E+03 ###   Best rss: None (since last: 1)
3.712E+03 ###   Best rss: None (since last: 1)
3.714E+03 ###   Best rss: None (since last: 1)
3.716E+03 ###   Best rss: None (since last: 1)
3.718E+03 ###   Best rss: None (since last: 1)
3.721E+03 ###   Best rss: None (since last: 1)
3.723E+03 ###   Best rss: None (since last: 1)
3.725E+03 ###   Best rss: None (since last: 1)
3.727E+03 ###   Best rss: None (since last: 1)
3.729E+03 ###   Best rss: None (since last: 1)
3.731E+03 ###   Best rss: None (since last: 1)
3.733E+03 ###   Best rss: None (since last: 1)
3.735E+03 ###   Best rss: None (since last: 1)
3.736E+03 ###   Best rss: None (since last: 1)
3.738E+03 ###   Best rss: None (since last: 1)
3.740E+03 ###   Best rss: None (since last: 1)
3.742E+03 ###   Best rss: None (since last: 1)
3.744E+03 ###   Best rss: None (since last: 1)
3.746E+03 ###   Best rss: None (since last: 1)
3.748E+03 ###   Best rss: None (since last: 1)
3.750E+03 ###   Best rss: None (since last: 1)
3.752E+03 ###   Best rss: None (since last: 1)
3.754E+03 ###   Best rss: None (since last: 1)
3.756E+03 ###   Best rss: None (since last: 1)
3.758E+03 ###   Best rss: None (since last: 1)
3.760E+03 ###   Best rss: None (since last: 1)
3.762E+03 ###   Best rss: None (since last: 1)
3.764E+03 ###   Best rss: None (since last: 1)
3.766E+03 ###   Best rss: None (since last: 1)
3.768E+03 ###   Best rss: None (since last: 1)
3.770E+03 ###   Best rss: None (since last: 1)
3.772E+03 ###   Best rss: None (since last: 1)
3.774E+03 ###   Best rss: None (since last: 1)
3.775E+03 ###   Best rss: None (since last: 1)
3.777E+03 ###   Best rss: None (since last: 1)
3.779E+03 ###   Best rss: None (since last: 1)
3.781E+03 ###   Best rss: None (since last: 1)
3.783E+03 ###   Best rss: None (since last: 1)
3.785E+03 ###   Best rss: None (since last: 1)
3.787E+03 ###   Best rss: None (since last: 1)
3.789E+03 ###   Best rss: None (since last: 1)
3.791E+03 ###   Best rss: None (since last: 1)
####TIME#############LOG#####################################################
3.793E+03 ###   Best rss: None (since last: 1)
3.795E+03 ###   Best rss: None (since last: 1)
3.797E+03 ###   Best rss: None (since last: 1)
3.799E+03 ###   Best rss: None (since last: 1)
3.801E+03 ###   Best rss: None (since last: 1)
3.803E+03 ###   Best rss: None (since last: 1)
3.805E+03 ###   Best rss: None (since last: 1)
3.807E+03 ###   Best rss: None (since last: 1)
3.809E+03 ###   Best rss: None (since last: 1)
3.811E+03 ###   Best rss: None (since last: 1)
3.813E+03 ###   Best rss: None (since last: 1)
3.815E+03 ###   Best rss: None (since last: 1)
3.817E+03 ###   Best rss: None (since last: 1)
3.819E+03 ###   Best rss: None (since last: 1)
3.821E+03 ###   Best rss: None (since last: 1)
3.823E+03 ###   Best rss: None (since last: 1)
3.825E+03 ###   Best rss: None (since last: 1)
3.826E+03 ###   Best rss: None (since last: 1)
3.828E+03 ###   Best rss: None (since last: 1)
3.830E+03 ###   Best rss: None (since last: 1)
3.832E+03 ###   Best rss: None (since last: 1)
3.834E+03 ###   Best rss: None (since last: 1)
3.836E+03 ###   Best rss: None (since last: 1)
3.838E+03 ###   Best rss: None (since last: 1)
3.840E+03 ###   Best rss: None (since last: 1)
3.842E+03 ###   Best rss: None (since last: 1)
3.844E+03 ###   Best rss: None (since last: 1)
3.846E+03 ###   Best rss: None (since last: 1)
3.848E+03 ###   Best rss: None (since last: 1)
3.850E+03 ###   Best rss: None (since last: 1)
3.852E+03 ###   Best rss: None (since last: 1)
3.854E+03 ###   Best rss: None (since last: 1)
3.856E+03 ###   Best rss: None (since last: 1)
3.858E+03 ###   Best rss: None (since last: 1)
3.860E+03 ###   Best rss: None (since last: 1)
3.862E+03 ###   Best rss: None (since last: 1)
3.864E+03 ###   Best rss: None (since last: 1)
3.866E+03 ###   Best rss: None (since last: 1)
3.868E+03 ###   Best rss: None (since last: 1)
3.870E+03 ###   Best rss: None (since last: 1)
3.872E+03 ###   Best rss: None (since last: 1)
3.874E+03 ###   Best rss: None (since last: 1)
3.877E+03 ###   Best rss: None (since last: 1)
3.877E+03 ###   Fit time: 3875.105382204056