#############################################################################
5.328E-03 ###   Thu, 24 Jun 2021 19:58:58 +0000
#############################################################################

####TIME#############LOG#####################################################
1.256E-02 ###   Script: /cloud/Code/python/eampa/eampa.py
1.614E-02 ###   Loaded: input.in
#############################################
  Read Input
  Time: 1.787E-02
#############################################
1.957E-02 ###   e
2.135E-02 ###   a0: 5.0
2.136E-02 ###   b0: 1.0
2.136E-02 ###   bp: 100.0
2.136E-02 ###   config: 0.0001
2.136E-02 ###   e: 1.0
2.136E-02 ###   e0: 25.0
2.136E-02 ###   ec: 1.0
2.136E-02 ###   energy: 20.0
2.136E-02 ###   force: 1.0
2.136E-02 ###   g: 1.0
2.136E-02 ###   negec: 1000.0
2.137E-02 ###   stress: 1.0
2.137E-02 ###   v: 1.0
2.137E-02 ###   
2.315E-02 ###   max: 100.0
2.315E-02 ###   min: 0.1
2.315E-02 ###   scale_exponent: 4.0
2.316E-02 ###   scale_factor: 10.0
2.316E-02 ###   zero_density_factor: 100000000.0
2.316E-02 ###   
2.497E-02 ###   pot_dir: None
2.498E-02 ###   pot_name: None
2.498E-02 ###   results_dir: results
2.498E-02 ###   
2.739E-02 ###   bp_file: bp.dat
2.740E-02 ###   dir: bp
2.740E-02 ###   ec_size: 6
2.740E-02 ###   ec_strain: 0.05
2.740E-02 ###   eos_size: 6
2.740E-02 ###   eos_strain: 0.1
2.740E-02 ###   
2.932E-02 ###   
3.123E-02 ###   1: {'label_id': 1, 'label_text': 'AL', 'atom_count': 32, 'relaxed_energy': -1264.06398979, 'relaxed_energy_unit': 'Ry', 'coh_energy': -3.36, 'coh_energy_unit': 'eV', 'calc_relaxed_dft_ev': -537.454181036, 'calc_coh_ev': -3.36, 'calc_apaev': 534.094181036}
3.123E-02 ###   2: {'label_id': 2, 'label_text': 'FE', 'atom_count': 16, 'relaxed_energy': -5268.188, 'relaxed_energy_unit': 'Ry', 'coh_energy': -4.316, 'coh_energy_unit': 'eV', 'calc_relaxed_dft_ev': -4479.851795407, 'calc_coh_ev': -4.316, 'calc_apaev': 4475.5357954070005}
3.124E-02 ###   3: {'label_id': 3, 'label_text': 'PD', 'atom_count': 32, 'relaxed_energy': -16384.958, 'relaxed_energy_unit': 'Ry', 'coh_energy': -3.91, 'coh_energy_unit': 'eV', 'calc_relaxed_dft_ev': -6966.549363269, 'calc_coh_ev': -3.91, 'calc_apaev': 6962.639363269001}
3.124E-02 ###   
#############################################
  Setup Directories
  Time: 3.299E-02
#############################################
3.471E-02 ###   WD: wd/wd
#############################################
  Memory
  Time: 3.755E-02
#############################################
3.933E-02 ###   EFS 6000000000.0
4.105E-02 ###   config size       765306
4.275E-02 ###   ghost size        9183673
4.454E-02 ###   nl size           76530612
4.630E-02 ###   BP 6000000000.0
4.801E-02 ###   config size       255102
4.971E-02 ###   ghost size        3061224
5.142E-02 ###   nl size           25510204
#############################################
  Potential Load
  Time: 5.317E-02
#############################################
5.545E-02 ###   Potential file: pot/pd.pot
5.731E-02 ###   Loading: pot/pd.pot
8.313E-02 ###   std  configs/dumbell_interstitial_09.dat
9.347E-02 ###   std  configs/dumbell_interstitial_07.dat
1.027E-01 ###   std  configs/dumbell_interstitial_10.dat
1.119E-01 ###   std  configs/dumbell_interstitial_06.dat
1.211E-01 ###   std  configs/dumbell_interstitial_01.dat
1.306E-01 ###   std  configs/dumbell_interstitial_08.dat
1.399E-01 ###   std  configs/dumbell_interstitial_02.dat
1.511E-01 ###   std  configs/dumbell_interstitial_05.dat
1.605E-01 ###   std  configs/dumbell_interstitial_04.dat
1.698E-01 ###   std  configs/dumbell_interstitial_03.dat
