#############################################################################
5.495E-03 ###   Wed, 07 Jul 2021 20:00:46 +0000
#############################################################################

####TIME#############LOG#####################################################
1.268E-02 ###   Script: /cloud/Code/python/eampa/eampa.py
3.168E-01 ###   Loaded: input.in
#############################################
  Read Input
  Time: 3.187E-01
#############################################
3.205E-01 ###   fit
3.223E-01 ###   a0: 5.0
3.223E-01 ###   b0: 1.0
3.223E-01 ###   bp: 100.0
3.223E-01 ###   config: 0.0001
3.223E-01 ###   e: 1.0
3.223E-01 ###   e0: 25.0
3.223E-01 ###   ec: 1.0
3.223E-01 ###   energy: 20.0
3.223E-01 ###   force: 1.0
3.223E-01 ###   g: 1.0
3.223E-01 ###   negec: 1000.0
3.223E-01 ###   stress: 1.0
3.223E-01 ###   v: 1.0
3.223E-01 ###   
3.249E-01 ###   max: 100.0
3.249E-01 ###   min: 0.1
3.249E-01 ###   scale_exponent: 4.0
3.249E-01 ###   scale_factor: 10.0
3.249E-01 ###   zero_density_factor: 100000000.0
3.249E-01 ###   
3.275E-01 ###   pot_dir: None
3.275E-01 ###   pot_name: None
3.275E-01 ###   results_dir: results
3.275E-01 ###   
3.293E-01 ###   bp_file: bp.dat
3.293E-01 ###   dir: bp
3.293E-01 ###   ec_size: 11
3.293E-01 ###   ec_strain: 0.05
3.293E-01 ###   eos_size: 9
3.293E-01 ###   eos_strain: 0.1
3.293E-01 ###   
3.311E-01 ###   
3.329E-01 ###   1: {'label_id': 1, 'label_text': 'AL', 'atom_count': 32, 'relaxed_energy': -1264.06398979, 'relaxed_energy_unit': 'Ry', 'coh_energy': -3.36, 'coh_energy_unit': 'eV', 'calc_relaxed_dft_ev': -537.454181036, 'calc_coh_ev': -3.36, 'calc_apaev': 534.094181036}
3.329E-01 ###   2: {'label_id': 2, 'label_text': 'FE', 'atom_count': 16, 'relaxed_energy': -5268.188, 'relaxed_energy_unit': 'Ry', 'coh_energy': -4.316, 'coh_energy_unit': 'eV', 'calc_relaxed_dft_ev': -4479.851795407, 'calc_coh_ev': -4.316, 'calc_apaev': 4475.5357954070005}
3.329E-01 ###   3: {'label_id': 3, 'label_text': 'PD', 'atom_count': 32, 'relaxed_energy': -16384.958, 'relaxed_energy_unit': 'Ry', 'coh_energy': -3.91, 'coh_energy_unit': 'eV', 'calc_relaxed_dft_ev': -6966.549363269, 'calc_coh_ev': -3.91, 'calc_apaev': 6962.639363269001}
3.329E-01 ###   
#############################################
  Setup Directories
  Time: 3.347E-01
#############################################
3.364E-01 ###   WD: wd/wd
#############################################
  Memory
  Time: 3.394E-01
#############################################
3.411E-01 ###   EFS 2000000000.0
3.428E-01 ###   config size       255102
3.445E-01 ###   ghost size        3061224
3.464E-01 ###   nl size           25510204
3.482E-01 ###   BP 2000000000.0
3.498E-01 ###   config size       255102
3.516E-01 ###   ghost size        3061224
3.533E-01 ###   nl size           25510204
#############################################
  Potential Load
  Time: 3.551E-01
#############################################
3.578E-01 ###   Potential file: pot/fe.pot
3.597E-01 ###   Loading: pot/fe.pot
7.058E+00 ###   std  configs/fcc/ec_1_006.out
7.564E+00 ###   std  configs/fcc/ec_9_001.out
8.031E+00 ###   std  configs/fcc/ec_5_006.out
8.459E+00 ###   std  configs/fcc/ec_5_001.out
8.888E+00 ###   std  configs/fcc/ec_1_001.out
8.981E+00 ###   std  configs/fcc/ec_9_006.out
8.991E+00 ###   std  configs/fcc/eos_003.out
9.080E+00 ###   std  configs/fcc/eos_004.out
9.129E+00 ###   std  configs/fcc/ec_6_003.out
9.179E+00 ###   std  configs/fcc/ec_2_003.out
9.341E+00 ###   std  configs/fcc/ec_2_004.out
9.349E+00 ###   std  configs/fcc/ec_6_004.out
9.457E+00 ###   std  configs/fcc/ec_7_002.out
9.603E+00 ###   std  configs/fcc/ec_3_002.out
9.767E+00 ###   std  configs/fcc/ec_3_005.out
9.774E+00 ###   std  configs/fcc/ec_7_005.out
9.780E+00 ###   std  configs/fcc/ec_4_007.out
1.013E+01 ###   std  configs/fcc/ec_8_007.out
1.030E+01 ###   std  configs/fcc/ec_2_005.out
1.058E+01 ###   std  configs/fcc/ec_6_005.out
1.108E+01 ###   std  configs/fcc/ec_6_002.out
1.159E+01 ###   std  configs/fcc/ec_2_002.out
1.202E+01 ###   std  configs/fcc/eos_005.out
1.232E+01 ###   std  configs/fcc/eos_002.out
1.242E+01 ###   std  configs/fcc/ec_9_007.out
1.247E+01 ###   std  configs/fcc/ec_1_007.out
1.247E+01 ###   std  configs/fcc/ec_5_007.out
1.276E+01 ###   std  configs/fcc/ec_4_001.out
1.311E+01 ###   std  configs/fcc/ec_8_006.out
1.323E+01 ###   std  configs/fcc/ec_8_001.out
1.334E+01 ###   std  configs/fcc/ec_4_006.out
1.369E+01 ###   std  configs/fcc/coords_256_fe.dat
1.379E+01 ###   std  configs/fcc/ec_3_004.out
1.396E+01 ###   std  configs/fcc/ec_7_004.out
1.432E+01 ###   std  configs/fcc/ec_7_003.out
1.448E+01 ###   std  configs/fcc/ec_3_003.out
1.465E+01 ###   std  configs/fcc/ec_8_002.out
1.483E+01 ###   std  configs/fcc/ec_4_005.out
1.485E+01 ###   std  configs/fcc/ec_4_002.out
1.500E+01 ###   std  configs/fcc/coords_256_fe2.dat
1.504E+01 ###   std  configs/fcc/ec_8_005.out
1.519E+01 ###   std  configs/fcc/ec_3_007.out
1.519E+01 ###   std  configs/fcc/ec_7_007.out
1.520E+01 ###   std  configs/fcc/ec_6_001.out
1.529E+01 ###   std  configs/fcc/ec_2_001.out
1.541E+01 ###   std  configs/fcc/ec_2_006.out
1.546E+01 ###   std  configs/fcc/ec_6_006.out
1.552E+01 ###   std  configs/fcc/eos_001.out
1.553E+01 ###   std  configs/fcc/eos_006.out
1.553E+01 ###   std  configs/fcc/ec_1_004.out
1.559E+01 ###   std  configs/fcc/ec_9_003.out
1.560E+01 ###   std  configs/fcc/ec_5_004.out
1.561E+01 ###   std  configs/fcc/ec_5_003.out
1.571E+01 ###   std  configs/fcc/ec_1_003.out
1.571E+01 ###   std  configs/fcc/ec_9_004.out
1.572E+01 ###   std  configs/fcc/ec_3_006.out
1.572E+01 ###   std  configs/fcc/ec_7_006.out
1.598E+01 ###   std  configs/fcc/ec_7_001.out
1.599E+01 ###   std  configs/fcc/ec_3_001.out
1.599E+01 ###   std  configs/fcc/ec_4_003.out
1.602E+01 ###   std  configs/fcc/ec_8_004.out
1.603E+01 ###   std  configs/fcc/ec_8_003.out
1.607E+01 ###   std  configs/fcc/ec_4_004.out
1.608E+01 ###   std  configs/fcc/ec_5_002.out
1.608E+01 ###   std  configs/fcc/ec_1_002.out
1.609E+01 ###   std  configs/fcc/ec_9_005.out
1.626E+01 ###   std  configs/fcc/fe_config_0001.out
1.669E+01 ###   std  configs/fcc/ec_1_005.out
1.685E+01 ###   std  configs/fcc/ec_9_002.out
1.691E+01 ###   std  configs/fcc/ec_5_005.out
1.730E+01 ###   std  configs/fcc/eos_007.out
1.772E+01 ###   std  configs/fcc/ec_2_007.out
1.815E+01 ###   std  configs/fcc/ec_6_007.out
#############################################
  Potential Fit
  Time: 1.991E+01
#############################################
2.149E+01 ###   BP Allocated Memory
2.149E+01 ###   
2.169E+01 ###   2GB
2.169E+01 ###   
2.177E+01 ###   255102 3061224 25510204
2.177E+01 ###   
2.396E+01 ###   Best rss: None (since last: 1)
2.852E+01 ###   Best rss: None (since last: 1)
####TIME#############LOG#####################################################
3.156E+01 ###   Best rss: None (since last: 1)
3.406E+01 ###   Best rss: None (since last: 1)
3.696E+01 ###   Best rss: None (since last: 1)
3.940E+01 ###   Best rss: None (since last: 1)
4.179E+01 ###   Best rss: None (since last: 1)
4.422E+01 ###   Best rss: None (since last: 1)
4.687E+01 ###   Best rss: None (since last: 1)
4.935E+01 ###   Best rss: None (since last: 1)
5.183E+01 ###   Best rss: None (since last: 1)
5.427E+01 ###   Best rss: None (since last: 1)
5.786E+01 ###   Best rss: None (since last: 1)
6.033E+01 ###   Best rss: None (since last: 1)
6.270E+01 ###   Best rss: None (since last: 1)
6.504E+01 ###   Best rss: None (since last: 1)
6.740E+01 ###   Best rss: None (since last: 1)
6.984E+01 ###   Best rss: None (since last: 1)
7.226E+01 ###   Best rss: None (since last: 1)
7.473E+01 ###   Best rss: None (since last: 1)
7.752E+01 ###   Best rss: None (since last: 1)
7.989E+01 ###   Best rss: None (since last: 1)
8.222E+01 ###   Best rss: None (since last: 1)
8.448E+01 ###   Best rss: None (since last: 1)
8.691E+01 ###   Best rss: None (since last: 1)
8.928E+01 ###   Best rss: None (since last: 1)
9.172E+01 ###   Best rss: None (since last: 1)
9.419E+01 ###   Best rss: None (since last: 1)
9.659E+01 ###   Best rss: None (since last: 1)
9.909E+01 ###   Best rss: None (since last: 1)
1.014E+02 ###   Best rss: None (since last: 1)
1.042E+02 ###   Best rss: None (since last: 1)
1.067E+02 ###   Best rss: None (since last: 1)
1.091E+02 ###   Best rss: None (since last: 1)
1.114E+02 ###   Best rss: None (since last: 1)
1.137E+02 ###   Best rss: None (since last: 1)
1.160E+02 ###   Best rss: None (since last: 1)
1.185E+02 ###   Best rss: None (since last: 1)
1.210E+02 ###   Best rss: None (since last: 1)
1.234E+02 ###   Best rss: None (since last: 1)
1.258E+02 ###   Best rss: None (since last: 1)
1.284E+02 ###   Best rss: None (since last: 1)
1.309E+02 ###   Best rss: None (since last: 1)
1.333E+02 ###   Best rss: None (since last: 1)
1.356E+02 ###   Best rss: None (since last: 1)
1.380E+02 ###   Best rss: None (since last: 1)
1.403E+02 ###   Best rss: None (since last: 1)
1.426E+02 ###   Best rss: None (since last: 1)
1.449E+02 ###   Best rss: None (since last: 1)
1.472E+02 ###   Best rss: None (since last: 1)
1.496E+02 ###   Best rss: None (since last: 1)
1.522E+02 ###   Best rss: None (since last: 1)
1.546E+02 ###   Best rss: None (since last: 1)
1.570E+02 ###   Best rss: None (since last: 1)
1.594E+02 ###   Best rss: None (since last: 1)
1.616E+02 ###   Best rss: None (since last: 1)
1.639E+02 ###   Best rss: None (since last: 1)
1.662E+02 ###   Best rss: None (since last: 1)
1.685E+02 ###   Best rss: None (since last: 1)
1.708E+02 ###   Best rss: None (since last: 1)
1.735E+02 ###   Best rss: None (since last: 1)
1.761E+02 ###   Best rss: None (since last: 1)
1.785E+02 ###   Best rss: None (since last: 1)
1.809E+02 ###   Best rss: None (since last: 1)
1.836E+02 ###   Best rss: None (since last: 1)
1.861E+02 ###   Best rss: None (since last: 1)
1.884E+02 ###   Best rss: None (since last: 1)
1.908E+02 ###   Best rss: None (since last: 1)
1.932E+02 ###   Best rss: None (since last: 1)
1.957E+02 ###   Best rss: None (since last: 1)
1.982E+02 ###   Best rss: None (since last: 1)
2.026E+02 ###   Best rss: None (since last: 1)
2.049E+02 ###   Best rss: None (since last: 1)
2.077E+02 ###   Best rss: None (since last: 1)
2.100E+02 ###   Best rss: None (since last: 1)
2.129E+02 ###   Best rss: None (since last: 1)
2.155E+02 ###   Best rss: None (since last: 1)
2.180E+02 ###   Best rss: None (since last: 1)
2.204E+02 ###   Best rss: None (since last: 1)
2.228E+02 ###   Best rss: None (since last: 1)
2.256E+02 ###   Best rss: None (since last: 1)
2.280E+02 ###   Best rss: None (since last: 1)
2.306E+02 ###   Best rss: None (since last: 1)
2.331E+02 ###   Best rss: None (since last: 1)
2.355E+02 ###   Best rss: None (since last: 1)
2.380E+02 ###   Best rss: None (since last: 1)
2.404E+02 ###   Best rss: None (since last: 1)
2.429E+02 ###   Best rss: None (since last: 1)
2.452E+02 ###   Best rss: None (since last: 1)
2.475E+02 ###   Best rss: None (since last: 1)
2.498E+02 ###   Best rss: None (since last: 1)
2.520E+02 ###   Best rss: None (since last: 1)
2.542E+02 ###   Best rss: None (since last: 1)
2.564E+02 ###   Best rss: None (since last: 1)
2.585E+02 ###   Best rss: None (since last: 1)
2.607E+02 ###   Best rss: None (since last: 1)
2.629E+02 ###   Best rss: None (since last: 1)
2.651E+02 ###   Best rss: None (since last: 1)
2.673E+02 ###   Best rss: None (since last: 1)
2.695E+02 ###   Best rss: None (since last: 1)
2.717E+02 ###   Best rss: None (since last: 1)
2.740E+02 ###   Best rss: None (since last: 1)
####TIME#############LOG#####################################################
2.762E+02 ###   Best rss: None (since last: 1)
2.784E+02 ###   Best rss: None (since last: 1)
2.805E+02 ###   Best rss: None (since last: 1)
2.827E+02 ###   Best rss: None (since last: 1)
2.850E+02 ###   Best rss: None (since last: 1)
2.872E+02 ###   Best rss: None (since last: 1)
2.893E+02 ###   Best rss: None (since last: 1)
2.915E+02 ###   Best rss: None (since last: 1)
2.938E+02 ###   Best rss: None (since last: 1)
2.961E+02 ###   Best rss: None (since last: 1)
2.986E+02 ###   Best rss: None (since last: 1)
3.013E+02 ###   Best rss: None (since last: 1)
3.037E+02 ###   Best rss: None (since last: 1)
3.060E+02 ###   Best rss: None (since last: 1)
3.084E+02 ###   Best rss: None (since last: 1)
3.108E+02 ###   Best rss: None (since last: 1)
3.131E+02 ###   Best rss: None (since last: 1)
3.154E+02 ###   Best rss: None (since last: 1)
3.181E+02 ###   Best rss: None (since last: 1)
3.205E+02 ###   Best rss: None (since last: 1)
3.229E+02 ###   Best rss: None (since last: 1)
3.251E+02 ###   Best rss: None (since last: 1)
3.273E+02 ###   Best rss: None (since last: 1)
3.295E+02 ###   Best rss: None (since last: 1)
3.317E+02 ###   Best rss: None (since last: 1)
3.339E+02 ###   Best rss: None (since last: 1)
3.361E+02 ###   Best rss: None (since last: 1)
3.384E+02 ###   Best rss: None (since last: 1)
3.406E+02 ###   Best rss: None (since last: 1)
3.429E+02 ###   Best rss: None (since last: 1)
3.451E+02 ###   Best rss: None (since last: 1)
3.473E+02 ###   Best rss: None (since last: 1)
3.495E+02 ###   Best rss: None (since last: 1)
3.517E+02 ###   Best rss: None (since last: 1)
3.539E+02 ###   Best rss: None (since last: 1)
3.561E+02 ###   Best rss: None (since last: 1)
3.583E+02 ###   Best rss: None (since last: 1)
3.604E+02 ###   Best rss: None (since last: 1)
3.626E+02 ###   Best rss: None (since last: 1)
3.648E+02 ###   Best rss: None (since last: 1)
3.671E+02 ###   Best rss: None (since last: 1)
3.692E+02 ###   Best rss: None (since last: 1)
3.714E+02 ###   Best rss: None (since last: 1)
3.737E+02 ###   Best rss: None (since last: 1)
3.759E+02 ###   Best rss: None (since last: 1)
3.781E+02 ###   Best rss: None (since last: 1)
3.802E+02 ###   Best rss: None (since last: 1)
3.823E+02 ###   Best rss: None (since last: 1)
3.846E+02 ###   Best rss: None (since last: 1)
3.868E+02 ###   Best rss: None (since last: 1)
3.891E+02 ###   Best rss: None (since last: 1)
3.912E+02 ###   Best rss: None (since last: 1)
3.934E+02 ###   Best rss: None (since last: 1)
3.956E+02 ###   Best rss: None (since last: 1)
3.978E+02 ###   Best rss: None (since last: 1)
4.000E+02 ###   Best rss: None (since last: 1)
4.021E+02 ###   Best rss: None (since last: 1)
4.043E+02 ###   Best rss: None (since last: 1)
4.065E+02 ###   Best rss: None (since last: 1)
4.087E+02 ###   Best rss: None (since last: 1)
4.109E+02 ###   Best rss: None (since last: 1)
4.131E+02 ###   Best rss: None (since last: 1)
4.152E+02 ###   Best rss: None (since last: 1)
4.173E+02 ###   Best rss: None (since last: 1)
4.195E+02 ###   Best rss: None (since last: 1)
4.217E+02 ###   Best rss: None (since last: 1)
4.238E+02 ###   Best rss: None (since last: 1)
4.260E+02 ###   Best rss: None (since last: 1)
4.282E+02 ###   Best rss: None (since last: 1)
4.305E+02 ###   Best rss: None (since last: 1)
4.327E+02 ###   Best rss: None (since last: 1)
4.348E+02 ###   Best rss: None (since last: 1)
4.370E+02 ###   Best rss: None (since last: 1)
4.392E+02 ###   Best rss: None (since last: 1)
4.414E+02 ###   Best rss: None (since last: 1)
4.436E+02 ###   Best rss: None (since last: 1)
4.458E+02 ###   Best rss: None (since last: 1)
4.480E+02 ###   Best rss: None (since last: 1)
4.502E+02 ###   Best rss: None (since last: 1)
4.525E+02 ###   Best rss: None (since last: 1)
4.547E+02 ###   Best rss: None (since last: 1)
4.569E+02 ###   Best rss: None (since last: 1)
4.591E+02 ###   Best rss: None (since last: 1)
4.612E+02 ###   Best rss: None (since last: 1)
4.634E+02 ###   Best rss: None (since last: 1)
4.656E+02 ###   Best rss: None (since last: 1)
4.677E+02 ###   Best rss: None (since last: 1)
4.698E+02 ###   Best rss: None (since last: 1)
4.719E+02 ###   Best rss: None (since last: 1)
4.741E+02 ###   Best rss: None (since last: 1)
4.763E+02 ###   Best rss: None (since last: 1)
4.784E+02 ###   Best rss: None (since last: 1)
4.806E+02 ###   Best rss: None (since last: 1)
4.827E+02 ###   Best rss: None (since last: 1)
4.849E+02 ###   Best rss: None (since last: 1)
4.871E+02 ###   Best rss: None (since last: 1)
4.893E+02 ###   Best rss: None (since last: 1)
4.915E+02 ###   Best rss: None (since last: 1)
4.936E+02 ###   Best rss: None (since last: 1)
4.959E+02 ###   Best rss: None (since last: 1)
####TIME#############LOG#####################################################
4.980E+02 ###   Best rss: None (since last: 1)
5.002E+02 ###   Best rss: None (since last: 1)
5.023E+02 ###   Best rss: None (since last: 1)
5.044E+02 ###   Best rss: None (since last: 1)
5.066E+02 ###   Best rss: None (since last: 1)
5.089E+02 ###   Best rss: None (since last: 1)
5.111E+02 ###   Best rss: None (since last: 1)
5.132E+02 ###   Best rss: None (since last: 1)
5.154E+02 ###   Best rss: None (since last: 1)
5.176E+02 ###   Best rss: None (since last: 1)
5.198E+02 ###   Best rss: None (since last: 1)
5.220E+02 ###   Best rss: None (since last: 1)
5.241E+02 ###   Best rss: None (since last: 1)
5.262E+02 ###   Best rss: None (since last: 1)
5.283E+02 ###   Best rss: None (since last: 1)
5.304E+02 ###   Best rss: None (since last: 1)
5.326E+02 ###   Best rss: None (since last: 1)
5.347E+02 ###   Best rss: None (since last: 1)
5.368E+02 ###   Best rss: None (since last: 1)
5.390E+02 ###   Best rss: None (since last: 1)
5.412E+02 ###   Best rss: None (since last: 1)
5.434E+02 ###   Best rss: None (since last: 1)
5.456E+02 ###   Best rss: None (since last: 1)
5.477E+02 ###   Best rss: None (since last: 1)
5.499E+02 ###   Best rss: None (since last: 1)
5.520E+02 ###   Best rss: None (since last: 1)
5.542E+02 ###   Best rss: None (since last: 1)
5.563E+02 ###   Best rss: None (since last: 1)
5.585E+02 ###   Best rss: None (since last: 1)
5.607E+02 ###   Best rss: None (since last: 1)
5.629E+02 ###   Best rss: None (since last: 1)
5.652E+02 ###   Best rss: None (since last: 1)
5.675E+02 ###   Best rss: None (since last: 1)
5.696E+02 ###   Best rss: None (since last: 1)
5.718E+02 ###   Best rss: None (since last: 1)
5.740E+02 ###   Best rss: None (since last: 1)
5.762E+02 ###   Best rss: None (since last: 1)
5.784E+02 ###   Best rss: None (since last: 1)
5.805E+02 ###   Best rss: None (since last: 1)
5.827E+02 ###   Best rss: None (since last: 1)
5.849E+02 ###   Best rss: None (since last: 1)
5.870E+02 ###   Best rss: None (since last: 1)
5.892E+02 ###   Best rss: None (since last: 1)
5.913E+02 ###   Best rss: None (since last: 1)
5.936E+02 ###   Best rss: None (since last: 1)
5.959E+02 ###   Best rss: None (since last: 1)
5.982E+02 ###   Best rss: None (since last: 1)
6.005E+02 ###   Best rss: None (since last: 1)
6.027E+02 ###   Best rss: None (since last: 1)
6.051E+02 ###   Best rss: None (since last: 1)
6.073E+02 ###   Best rss: None (since last: 1)
6.095E+02 ###   Best rss: None (since last: 1)
6.117E+02 ###   Best rss: None (since last: 1)
6.139E+02 ###   Best rss: None (since last: 1)
6.161E+02 ###   Best rss: None (since last: 1)
6.184E+02 ###   Best rss: None (since last: 1)
6.206E+02 ###   Best rss: None (since last: 1)
6.228E+02 ###   Best rss: None (since last: 1)
6.250E+02 ###   Best rss: None (since last: 1)
6.273E+02 ###   Best rss: None (since last: 1)
6.294E+02 ###   Best rss: None (since last: 1)
6.317E+02 ###   Best rss: None (since last: 1)
6.338E+02 ###   Best rss: None (since last: 1)
6.360E+02 ###   Best rss: None (since last: 1)
6.383E+02 ###   Best rss: None (since last: 1)
6.404E+02 ###   Best rss: None (since last: 1)
6.426E+02 ###   Best rss: None (since last: 1)
6.447E+02 ###   Best rss: None (since last: 1)
6.469E+02 ###   Best rss: None (since last: 1)
6.491E+02 ###   Best rss: None (since last: 1)
6.513E+02 ###   Best rss: None (since last: 1)
6.534E+02 ###   Best rss: None (since last: 1)
6.555E+02 ###   Best rss: None (since last: 1)
6.577E+02 ###   Best rss: None (since last: 1)
6.600E+02 ###   Best rss: None (since last: 1)
6.622E+02 ###   Best rss: None (since last: 1)
6.643E+02 ###   Best rss: None (since last: 1)
6.664E+02 ###   Best rss: None (since last: 1)
6.687E+02 ###   Best rss: None (since last: 1)
6.709E+02 ###   Best rss: None (since last: 1)
6.731E+02 ###   Best rss: None (since last: 1)
6.752E+02 ###   Best rss: None (since last: 1)
6.776E+02 ###   Best rss: None (since last: 1)
6.800E+02 ###   Best rss: None (since last: 1)
6.822E+02 ###   Best rss: None (since last: 1)
6.844E+02 ###   Best rss: None (since last: 1)
6.866E+02 ###   Best rss: None (since last: 1)
6.888E+02 ###   Best rss: None (since last: 1)
6.910E+02 ###   Best rss: None (since last: 1)
6.932E+02 ###   Best rss: None (since last: 1)
6.954E+02 ###   Best rss: None (since last: 1)
6.975E+02 ###   Best rss: None (since last: 1)
6.997E+02 ###   Best rss: None (since last: 1)
7.019E+02 ###   Best rss: None (since last: 1)
7.041E+02 ###   Best rss: None (since last: 1)
7.062E+02 ###   Best rss: None (since last: 1)
7.084E+02 ###   Best rss: None (since last: 1)
7.106E+02 ###   Best rss: None (since last: 1)
7.128E+02 ###   Best rss: None (since last: 1)
7.150E+02 ###   Best rss: None (since last: 1)
####TIME#############LOG#####################################################
7.171E+02 ###   Best rss: None (since last: 1)
7.194E+02 ###   Best rss: None (since last: 1)
7.216E+02 ###   Best rss: None (since last: 1)
7.238E+02 ###   Best rss: None (since last: 1)
7.261E+02 ###   Best rss: None (since last: 1)
7.283E+02 ###   Best rss: None (since last: 1)
7.306E+02 ###   Best rss: None (since last: 1)
7.329E+02 ###   Best rss: None (since last: 1)
7.350E+02 ###   Best rss: None (since last: 1)
7.371E+02 ###   Best rss: None (since last: 1)
7.393E+02 ###   Best rss: None (since last: 1)
7.415E+02 ###   Best rss: None (since last: 1)
7.437E+02 ###   Best rss: None (since last: 1)
7.460E+02 ###   Best rss: None (since last: 1)
7.482E+02 ###   Best rss: None (since last: 1)
7.504E+02 ###   Best rss: None (since last: 1)
7.526E+02 ###   Best rss: None (since last: 1)
7.552E+02 ###   Best rss: None (since last: 1)
7.575E+02 ###   Best rss: None (since last: 1)
7.597E+02 ###   Best rss: None (since last: 1)
7.619E+02 ###   Best rss: None (since last: 1)
7.642E+02 ###   Best rss: None (since last: 1)
7.663E+02 ###   Best rss: None (since last: 1)
7.685E+02 ###   Best rss: None (since last: 1)
7.707E+02 ###   Best rss: None (since last: 1)
7.729E+02 ###   Best rss: None (since last: 1)
7.751E+02 ###   Best rss: None (since last: 1)
7.773E+02 ###   Best rss: None (since last: 1)
7.795E+02 ###   Best rss: None (since last: 1)
7.816E+02 ###   Best rss: None (since last: 1)
7.838E+02 ###   Best rss: None (since last: 1)
7.860E+02 ###   Best rss: None (since last: 1)
7.882E+02 ###   Best rss: None (since last: 1)
7.903E+02 ###   Best rss: None (since last: 1)
7.925E+02 ###   Best rss: None (since last: 1)
7.947E+02 ###   Best rss: None (since last: 1)
7.970E+02 ###   Best rss: None (since last: 1)
7.991E+02 ###   Best rss: None (since last: 1)
8.013E+02 ###   Best rss: None (since last: 1)
8.035E+02 ###   Best rss: None (since last: 1)
8.057E+02 ###   Best rss: None (since last: 1)
8.079E+02 ###   Best rss: None (since last: 1)
8.102E+02 ###   Best rss: None (since last: 1)
8.124E+02 ###   Best rss: None (since last: 1)
8.146E+02 ###   Best rss: None (since last: 1)
8.169E+02 ###   Best rss: None (since last: 1)
8.191E+02 ###   Best rss: None (since last: 1)
8.212E+02 ###   Best rss: None (since last: 1)
8.234E+02 ###   Best rss: None (since last: 1)
8.256E+02 ###   Best rss: None (since last: 1)
8.278E+02 ###   Best rss: None (since last: 1)
8.300E+02 ###   Best rss: None (since last: 1)
8.321E+02 ###   Best rss: None (since last: 1)
8.343E+02 ###   Best rss: None (since last: 1)
8.365E+02 ###   Best rss: None (since last: 1)
8.388E+02 ###   Best rss: None (since last: 1)
8.410E+02 ###   Best rss: None (since last: 1)
8.432E+02 ###   Best rss: None (since last: 1)
8.454E+02 ###   Best rss: None (since last: 1)
8.476E+02 ###   Best rss: None (since last: 1)
8.498E+02 ###   Best rss: None (since last: 1)
8.519E+02 ###   Best rss: None (since last: 1)
8.541E+02 ###   Best rss: None (since last: 1)
8.562E+02 ###   Best rss: None (since last: 1)
8.584E+02 ###   Best rss: None (since last: 1)
8.606E+02 ###   Best rss: None (since last: 1)
8.628E+02 ###   Best rss: None (since last: 1)
8.649E+02 ###   Best rss: None (since last: 1)
8.671E+02 ###   Best rss: None (since last: 1)
8.693E+02 ###   Best rss: None (since last: 1)
8.715E+02 ###   Best rss: None (since last: 1)
8.737E+02 ###   Best rss: None (since last: 1)
8.759E+02 ###   Best rss: None (since last: 1)
8.781E+02 ###   Best rss: None (since last: 1)
8.804E+02 ###   Best rss: None (since last: 1)
8.825E+02 ###   Best rss: None (since last: 1)
8.847E+02 ###   Best rss: None (since last: 1)
8.869E+02 ###   Best rss: None (since last: 1)
8.891E+02 ###   Best rss: None (since last: 1)
8.914E+02 ###   Best rss: None (since last: 1)
8.936E+02 ###   Best rss: None (since last: 1)
8.957E+02 ###   Best rss: None (since last: 1)
8.979E+02 ###   Best rss: None (since last: 1)
9.001E+02 ###   Best rss: None (since last: 1)
9.023E+02 ###   Best rss: None (since last: 1)
9.045E+02 ###   Best rss: None (since last: 1)
9.067E+02 ###   Best rss: None (since last: 1)
9.088E+02 ###   Best rss: None (since last: 1)
9.111E+02 ###   Best rss: None (since last: 1)
9.133E+02 ###   Best rss: None (since last: 1)
9.155E+02 ###   Best rss: None (since last: 1)
9.177E+02 ###   Best rss: None (since last: 1)
9.199E+02 ###   Best rss: None (since last: 1)
9.221E+02 ###   Best rss: None (since last: 1)
9.243E+02 ###   Best rss: None (since last: 1)
9.265E+02 ###   Best rss: None (since last: 1)
9.287E+02 ###   Best rss: None (since last: 1)
9.310E+02 ###   Best rss: None (since last: 1)
9.332E+02 ###   Best rss: None (since last: 1)
9.355E+02 ###   Best rss: None (since last: 1)
####TIME#############LOG#####################################################
9.376E+02 ###   Best rss: None (since last: 1)
9.398E+02 ###   Best rss: None (since last: 1)
9.420E+02 ###   Best rss: None (since last: 1)
9.442E+02 ###   Best rss: None (since last: 1)
9.464E+02 ###   Best rss: None (since last: 1)
9.487E+02 ###   Best rss: None (since last: 1)
9.508E+02 ###   Best rss: None (since last: 1)
9.530E+02 ###   Best rss: None (since last: 1)
9.552E+02 ###   Best rss: None (since last: 1)
9.575E+02 ###   Best rss: None (since last: 1)
9.597E+02 ###   Best rss: None (since last: 1)
9.619E+02 ###   Best rss: None (since last: 1)
9.641E+02 ###   Best rss: None (since last: 1)
9.663E+02 ###   Best rss: None (since last: 1)
9.685E+02 ###   Best rss: None (since last: 1)
9.707E+02 ###   Best rss: None (since last: 1)
9.729E+02 ###   Best rss: None (since last: 1)
9.752E+02 ###   Best rss: None (since last: 1)
9.774E+02 ###   Best rss: None (since last: 1)
9.796E+02 ###   Best rss: None (since last: 1)
9.818E+02 ###   Best rss: None (since last: 1)
9.839E+02 ###   Best rss: None (since last: 1)
9.861E+02 ###   Best rss: None (since last: 1)
9.884E+02 ###   Best rss: None (since last: 1)
9.908E+02 ###   Best rss: None (since last: 1)
9.930E+02 ###   Best rss: None (since last: 1)
9.951E+02 ###   Best rss: None (since last: 1)
9.973E+02 ###   Best rss: None (since last: 1)
9.995E+02 ###   Best rss: None (since last: 1)
1.002E+03 ###   Best rss: None (since last: 1)
1.004E+03 ###   Best rss: None (since last: 1)
1.006E+03 ###   Best rss: None (since last: 1)
1.008E+03 ###   Best rss: None (since last: 1)
1.011E+03 ###   Best rss: None (since last: 1)
1.013E+03 ###   Best rss: None (since last: 1)
1.015E+03 ###   Best rss: None (since last: 1)
1.017E+03 ###   Best rss: None (since last: 1)
1.019E+03 ###   Best rss: None (since last: 1)
1.022E+03 ###   Best rss: None (since last: 1)
1.024E+03 ###   Best rss: None (since last: 1)
1.026E+03 ###   Best rss: None (since last: 1)
1.028E+03 ###   Best rss: None (since last: 1)
1.030E+03 ###   Best rss: None (since last: 1)
1.033E+03 ###   Best rss: None (since last: 1)
1.035E+03 ###   Best rss: None (since last: 1)
1.037E+03 ###   Best rss: None (since last: 1)
1.039E+03 ###   Best rss: None (since last: 1)
1.041E+03 ###   Best rss: None (since last: 1)
1.044E+03 ###   Best rss: None (since last: 1)
1.046E+03 ###   Best rss: None (since last: 1)
1.048E+03 ###   Best rss: None (since last: 1)
1.050E+03 ###   Best rss: None (since last: 1)
1.052E+03 ###   Best rss: None (since last: 1)
1.054E+03 ###   Best rss: None (since last: 1)
1.057E+03 ###   Best rss: None (since last: 1)
1.059E+03 ###   Best rss: None (since last: 1)
1.061E+03 ###   Best rss: None (since last: 1)
1.063E+03 ###   Best rss: None (since last: 1)
1.065E+03 ###   Best rss: None (since last: 1)
1.067E+03 ###   Best rss: None (since last: 1)
1.070E+03 ###   Best rss: None (since last: 1)
1.072E+03 ###   Best rss: None (since last: 1)
1.074E+03 ###   Best rss: None (since last: 1)
1.076E+03 ###   Best rss: None (since last: 1)
1.078E+03 ###   Best rss: None (since last: 1)
1.080E+03 ###   Best rss: None (since last: 1)
1.082E+03 ###   Best rss: None (since last: 1)
1.084E+03 ###   Best rss: None (since last: 1)
1.087E+03 ###   Best rss: None (since last: 1)
1.089E+03 ###   Best rss: None (since last: 1)
1.091E+03 ###   Best rss: None (since last: 1)
1.093E+03 ###   Best rss: None (since last: 1)
1.095E+03 ###   Best rss: None (since last: 1)
1.097E+03 ###   Best rss: None (since last: 1)
1.100E+03 ###   Best rss: None (since last: 1)
1.102E+03 ###   Best rss: None (since last: 1)
1.104E+03 ###   Best rss: None (since last: 1)
1.106E+03 ###   Best rss: None (since last: 1)
1.108E+03 ###   Best rss: None (since last: 1)
1.111E+03 ###   Best rss: None (since last: 1)
1.113E+03 ###   Best rss: None (since last: 1)
1.116E+03 ###   Best rss: None (since last: 1)
1.118E+03 ###   Best rss: None (since last: 1)
1.120E+03 ###   Best rss: None (since last: 1)
1.122E+03 ###   Best rss: None (since last: 1)
1.125E+03 ###   Best rss: None (since last: 1)
1.127E+03 ###   Best rss: None (since last: 1)
1.129E+03 ###   Best rss: None (since last: 1)
1.131E+03 ###   Best rss: None (since last: 1)
1.133E+03 ###   Best rss: None (since last: 1)
1.136E+03 ###   Best rss: None (since last: 1)
1.138E+03 ###   Best rss: None (since last: 1)
1.140E+03 ###   Best rss: None (since last: 1)
1.142E+03 ###   Best rss: None (since last: 1)
1.144E+03 ###   Best rss: None (since last: 1)
1.147E+03 ###   Best rss: None (since last: 1)
1.149E+03 ###   Best rss: None (since last: 1)
1.151E+03 ###   Best rss: None (since last: 1)
1.153E+03 ###   Best rss: None (since last: 1)
1.156E+03 ###   Best rss: None (since last: 1)
####TIME#############LOG#####################################################
1.158E+03 ###   Best rss: None (since last: 1)
1.160E+03 ###   Best rss: None (since last: 1)
1.162E+03 ###   Best rss: None (since last: 1)
1.164E+03 ###   Best rss: None (since last: 1)
1.167E+03 ###   Best rss: None (since last: 1)
1.169E+03 ###   Best rss: None (since last: 1)
1.171E+03 ###   Best rss: None (since last: 1)
1.173E+03 ###   Best rss: None (since last: 1)
1.175E+03 ###   Best rss: None (since last: 1)
1.178E+03 ###   Best rss: None (since last: 1)
1.180E+03 ###   Best rss: None (since last: 1)
1.182E+03 ###   Best rss: None (since last: 1)
1.184E+03 ###   Best rss: None (since last: 1)
1.186E+03 ###   Best rss: None (since last: 1)
1.188E+03 ###   Best rss: None (since last: 1)
1.190E+03 ###   Best rss: None (since last: 1)
1.193E+03 ###   Best rss: None (since last: 1)
1.195E+03 ###   Best rss: None (since last: 1)
1.197E+03 ###   Best rss: None (since last: 1)
1.199E+03 ###   Best rss: None (since last: 1)
1.201E+03 ###   Best rss: None (since last: 1)
1.203E+03 ###   Best rss: None (since last: 1)
1.206E+03 ###   Best rss: None (since last: 1)
1.208E+03 ###   Best rss: None (since last: 1)
1.210E+03 ###   Best rss: None (since last: 1)
1.212E+03 ###   Best rss: None (since last: 1)
1.214E+03 ###   Best rss: None (since last: 1)
1.217E+03 ###   Best rss: None (since last: 1)
1.219E+03 ###   Best rss: None (since last: 1)
1.221E+03 ###   Best rss: None (since last: 1)
1.223E+03 ###   Best rss: None (since last: 1)
1.225E+03 ###   Best rss: None (since last: 1)
1.227E+03 ###   Best rss: None (since last: 1)
1.230E+03 ###   Best rss: None (since last: 1)
1.232E+03 ###   Best rss: None (since last: 1)
1.234E+03 ###   Best rss: None (since last: 1)
1.236E+03 ###   Best rss: None (since last: 1)
1.239E+03 ###   Best rss: None (since last: 1)
1.241E+03 ###   Best rss: None (since last: 1)
1.243E+03 ###   Best rss: None (since last: 1)
1.245E+03 ###   Best rss: None (since last: 1)
1.247E+03 ###   Best rss: None (since last: 1)
1.250E+03 ###   Best rss: None (since last: 1)
1.252E+03 ###   Best rss: None (since last: 1)
1.254E+03 ###   Best rss: None (since last: 1)
1.256E+03 ###   Best rss: None (since last: 1)
1.258E+03 ###   Best rss: None (since last: 1)
1.261E+03 ###   Best rss: None (since last: 1)
1.263E+03 ###   Best rss: None (since last: 1)
1.265E+03 ###   Best rss: None (since last: 1)
1.267E+03 ###   Best rss: None (since last: 1)
1.270E+03 ###   Best rss: None (since last: 1)
1.272E+03 ###   Best rss: None (since last: 1)
1.274E+03 ###   Best rss: None (since last: 1)
1.276E+03 ###   Best rss: None (since last: 1)
1.279E+03 ###   Best rss: None (since last: 1)
1.281E+03 ###   Best rss: None (since last: 1)
1.283E+03 ###   Best rss: None (since last: 1)
1.285E+03 ###   Best rss: None (since last: 1)
1.287E+03 ###   Best rss: None (since last: 1)
1.289E+03 ###   Best rss: None (since last: 1)
1.292E+03 ###   Best rss: None (since last: 1)
1.294E+03 ###   Best rss: None (since last: 1)
1.296E+03 ###   Best rss: None (since last: 1)
1.298E+03 ###   Best rss: None (since last: 1)
1.300E+03 ###   Best rss: None (since last: 1)
1.302E+03 ###   Best rss: None (since last: 1)
1.304E+03 ###   Best rss: None (since last: 1)
1.307E+03 ###   Best rss: None (since last: 1)
1.309E+03 ###   Best rss: None (since last: 1)
1.311E+03 ###   Best rss: None (since last: 1)
1.313E+03 ###   Best rss: None (since last: 1)
1.315E+03 ###   Best rss: None (since last: 1)
1.317E+03 ###   Best rss: None (since last: 1)
1.319E+03 ###   Best rss: None (since last: 1)
1.321E+03 ###   Best rss: None (since last: 1)
1.324E+03 ###   Best rss: None (since last: 1)
1.326E+03 ###   Best rss: None (since last: 1)
1.328E+03 ###   Best rss: None (since last: 1)
1.330E+03 ###   Best rss: None (since last: 1)
1.332E+03 ###   Best rss: None (since last: 1)
1.334E+03 ###   Best rss: None (since last: 1)
1.337E+03 ###   Best rss: None (since last: 1)
1.339E+03 ###   Best rss: None (since last: 1)
1.341E+03 ###   Best rss: None (since last: 1)
1.343E+03 ###   Best rss: None (since last: 1)
1.345E+03 ###   Best rss: None (since last: 1)
1.348E+03 ###   Best rss: None (since last: 1)
1.350E+03 ###   Best rss: None (since last: 1)
1.352E+03 ###   Best rss: None (since last: 1)
1.354E+03 ###   Best rss: None (since last: 1)
1.356E+03 ###   Best rss: None (since last: 1)
1.358E+03 ###   Best rss: None (since last: 1)
1.361E+03 ###   Best rss: None (since last: 1)
1.363E+03 ###   Best rss: None (since last: 1)
1.365E+03 ###   Best rss: None (since last: 1)
1.367E+03 ###   Best rss: None (since last: 1)
1.369E+03 ###   Best rss: None (since last: 1)
1.371E+03 ###   Best rss: None (since last: 1)
1.374E+03 ###   Best rss: None (since last: 1)
####TIME#############LOG#####################################################
1.376E+03 ###   Best rss: None (since last: 1)
1.378E+03 ###   Best rss: None (since last: 1)
1.380E+03 ###   Best rss: None (since last: 1)
1.382E+03 ###   Best rss: None (since last: 1)
1.384E+03 ###   Best rss: None (since last: 1)
1.386E+03 ###   Best rss: None (since last: 1)
1.389E+03 ###   Best rss: None (since last: 1)
1.391E+03 ###   Best rss: None (since last: 1)
1.393E+03 ###   Best rss: None (since last: 1)
1.395E+03 ###   Best rss: None (since last: 1)
1.397E+03 ###   Best rss: None (since last: 1)
1.399E+03 ###   Best rss: None (since last: 1)
1.402E+03 ###   Best rss: None (since last: 1)
1.404E+03 ###   Best rss: None (since last: 1)
1.406E+03 ###   Best rss: None (since last: 1)
1.408E+03 ###   Best rss: None (since last: 1)
1.411E+03 ###   Best rss: None (since last: 1)
1.413E+03 ###   Best rss: None (since last: 1)
1.415E+03 ###   Best rss: None (since last: 1)
1.417E+03 ###   Best rss: None (since last: 1)
1.420E+03 ###   Best rss: None (since last: 1)
1.422E+03 ###   Best rss: None (since last: 1)
1.424E+03 ###   Best rss: None (since last: 1)
1.426E+03 ###   Best rss: None (since last: 1)
1.429E+03 ###   Best rss: None (since last: 1)
1.431E+03 ###   Best rss: None (since last: 1)
1.433E+03 ###   Best rss: None (since last: 1)
1.435E+03 ###   Best rss: None (since last: 1)
1.437E+03 ###   Best rss: None (since last: 1)
1.440E+03 ###   Best rss: None (since last: 1)
1.442E+03 ###   Best rss: None (since last: 1)
1.444E+03 ###   Best rss: None (since last: 1)
1.447E+03 ###   Best rss: None (since last: 1)
1.449E+03 ###   Best rss: None (since last: 1)
1.451E+03 ###   Best rss: None (since last: 1)
1.453E+03 ###   Best rss: None (since last: 1)
1.456E+03 ###   Best rss: None (since last: 1)
1.458E+03 ###   Best rss: None (since last: 1)
1.460E+03 ###   Best rss: None (since last: 1)
1.463E+03 ###   Best rss: None (since last: 1)
1.465E+03 ###   Best rss: None (since last: 1)
1.467E+03 ###   Best rss: None (since last: 1)
1.470E+03 ###   Best rss: None (since last: 1)
1.472E+03 ###   Best rss: None (since last: 1)
1.474E+03 ###   Best rss: None (since last: 1)
1.477E+03 ###   Best rss: None (since last: 1)
1.479E+03 ###   Best rss: None (since last: 1)
1.481E+03 ###   Best rss: None (since last: 1)
1.484E+03 ###   Best rss: None (since last: 1)
1.486E+03 ###   Best rss: None (since last: 1)
1.488E+03 ###   Best rss: None (since last: 1)
1.490E+03 ###   Best rss: None (since last: 1)
1.493E+03 ###   Best rss: None (since last: 1)
1.495E+03 ###   Best rss: None (since last: 1)
1.497E+03 ###   Best rss: None (since last: 1)
1.499E+03 ###   Best rss: None (since last: 1)
1.502E+03 ###   Best rss: None (since last: 1)
1.504E+03 ###   Best rss: None (since last: 1)
1.506E+03 ###   Best rss: None (since last: 1)
1.508E+03 ###   Best rss: None (since last: 1)
1.510E+03 ###   Best rss: None (since last: 1)
1.513E+03 ###   Best rss: None (since last: 1)
1.515E+03 ###   Best rss: None (since last: 1)
1.518E+03 ###   Best rss: None (since last: 1)
1.520E+03 ###   Best rss: None (since last: 1)
1.522E+03 ###   Best rss: None (since last: 1)
1.524E+03 ###   Best rss: None (since last: 1)
1.527E+03 ###   Best rss: None (since last: 1)
1.529E+03 ###   Best rss: None (since last: 1)
1.531E+03 ###   Best rss: None (since last: 1)
1.534E+03 ###   Best rss: None (since last: 1)
1.536E+03 ###   Best rss: None (since last: 1)
1.538E+03 ###   Best rss: None (since last: 1)
1.540E+03 ###   Best rss: None (since last: 1)
1.543E+03 ###   Best rss: None (since last: 1)
1.545E+03 ###   Best rss: None (since last: 1)
1.547E+03 ###   Best rss: None (since last: 1)
1.549E+03 ###   Best rss: None (since last: 1)
1.551E+03 ###   Best rss: None (since last: 1)
1.554E+03 ###   Best rss: None (since last: 1)
1.556E+03 ###   Best rss: None (since last: 1)
1.558E+03 ###   Best rss: None (since last: 1)
1.561E+03 ###   Best rss: None (since last: 1)
1.563E+03 ###   Best rss: None (since last: 1)
1.565E+03 ###   Best rss: None (since last: 1)
1.567E+03 ###   Best rss: None (since last: 1)
1.569E+03 ###   Best rss: None (since last: 1)
1.571E+03 ###   Best rss: None (since last: 1)
1.574E+03 ###   Best rss: None (since last: 1)
1.576E+03 ###   Best rss: None (since last: 1)
1.578E+03 ###   Best rss: None (since last: 1)
1.580E+03 ###   Best rss: None (since last: 1)
1.582E+03 ###   Best rss: None (since last: 1)
1.584E+03 ###   Best rss: None (since last: 1)
1.587E+03 ###   Best rss: None (since last: 1)
1.589E+03 ###   Best rss: None (since last: 1)
1.591E+03 ###   Best rss: None (since last: 1)
1.593E+03 ###   Best rss: None (since last: 1)
1.595E+03 ###   Best rss: None (since last: 1)
1.598E+03 ###   Best rss: None (since last: 1)
####TIME#############LOG#####################################################
1.600E+03 ###   Best rss: None (since last: 1)
1.602E+03 ###   Best rss: None (since last: 1)
1.604E+03 ###   Best rss: None (since last: 1)
1.606E+03 ###   Best rss: None (since last: 1)
1.608E+03 ###   Best rss: None (since last: 1)
1.611E+03 ###   Best rss: None (since last: 1)
1.613E+03 ###   Best rss: None (since last: 1)
1.615E+03 ###   Best rss: None (since last: 1)
1.617E+03 ###   Best rss: None (since last: 1)
1.619E+03 ###   Best rss: None (since last: 1)
1.621E+03 ###   Best rss: None (since last: 1)
1.624E+03 ###   Best rss: None (since last: 1)
1.626E+03 ###   Best rss: None (since last: 1)
1.628E+03 ###   Best rss: None (since last: 1)
1.630E+03 ###   Best rss: None (since last: 1)
1.632E+03 ###   Best rss: None (since last: 1)
1.635E+03 ###   Best rss: None (since last: 1)
1.637E+03 ###   Best rss: None (since last: 1)
1.639E+03 ###   Best rss: None (since last: 1)
1.642E+03 ###   Best rss: None (since last: 1)
1.644E+03 ###   Best rss: None (since last: 1)
1.646E+03 ###   Best rss: None (since last: 1)
1.649E+03 ###   Best rss: None (since last: 1)
1.651E+03 ###   Best rss: None (since last: 1)
1.653E+03 ###   Best rss: None (since last: 1)
1.655E+03 ###   Best rss: None (since last: 1)
1.658E+03 ###   Best rss: None (since last: 1)
1.660E+03 ###   Best rss: None (since last: 1)
1.662E+03 ###   Best rss: None (since last: 1)
1.665E+03 ###   Best rss: None (since last: 1)
1.667E+03 ###   Best rss: None (since last: 1)
1.669E+03 ###   Best rss: None (since last: 1)
1.672E+03 ###   Best rss: None (since last: 1)
1.674E+03 ###   Best rss: None (since last: 1)
1.676E+03 ###   Best rss: None (since last: 1)
1.678E+03 ###   Best rss: None (since last: 1)
1.681E+03 ###   Best rss: None (since last: 1)
1.684E+03 ###   Best rss: None (since last: 1)
1.686E+03 ###   Best rss: None (since last: 1)
1.688E+03 ###   Best rss: None (since last: 1)
1.691E+03 ###   Best rss: None (since last: 1)
1.693E+03 ###   Best rss: None (since last: 1)
1.695E+03 ###   Best rss: None (since last: 1)
1.698E+03 ###   Best rss: None (since last: 1)
1.700E+03 ###   Best rss: None (since last: 1)
1.702E+03 ###   Best rss: None (since last: 1)
1.704E+03 ###   Best rss: None (since last: 1)
1.707E+03 ###   Best rss: None (since last: 1)
1.709E+03 ###   Best rss: None (since last: 1)
1.711E+03 ###   Best rss: None (since last: 1)
1.713E+03 ###   Best rss: None (since last: 1)
1.715E+03 ###   Best rss: None (since last: 1)
1.718E+03 ###   Best rss: None (since last: 1)
1.720E+03 ###   Best rss: None (since last: 1)
1.722E+03 ###   Best rss: None (since last: 1)
1.725E+03 ###   Best rss: None (since last: 1)
1.727E+03 ###   Best rss: None (since last: 1)
1.729E+03 ###   Best rss: None (since last: 1)
1.731E+03 ###   Best rss: None (since last: 1)
1.734E+03 ###   Best rss: None (since last: 1)
1.736E+03 ###   Best rss: None (since last: 1)
1.739E+03 ###   Best rss: None (since last: 1)
1.741E+03 ###   Best rss: None (since last: 1)
1.743E+03 ###   Best rss: None (since last: 1)
1.746E+03 ###   Best rss: None (since last: 1)
1.748E+03 ###   Best rss: None (since last: 1)
1.750E+03 ###   Best rss: None (since last: 1)
1.753E+03 ###   Best rss: None (since last: 1)
1.755E+03 ###   Best rss: None (since last: 1)
1.758E+03 ###   Best rss: None (since last: 1)
1.760E+03 ###   Best rss: None (since last: 1)
1.762E+03 ###   Best rss: None (since last: 1)
1.765E+03 ###   Best rss: None (since last: 1)
1.767E+03 ###   Best rss: None (since last: 1)
1.769E+03 ###   Best rss: None (since last: 1)
1.771E+03 ###   Best rss: None (since last: 1)
1.774E+03 ###   Best rss: None (since last: 1)
1.776E+03 ###   Best rss: None (since last: 1)
1.778E+03 ###   Best rss: None (since last: 1)
1.780E+03 ###   Best rss: None (since last: 1)
1.782E+03 ###   Best rss: None (since last: 1)
1.785E+03 ###   Best rss: None (since last: 1)
1.787E+03 ###   Best rss: None (since last: 1)
1.789E+03 ###   Best rss: None (since last: 1)
1.791E+03 ###   Best rss: None (since last: 1)
1.793E+03 ###   Best rss: None (since last: 1)
1.796E+03 ###   Best rss: None (since last: 1)
1.798E+03 ###   Best rss: None (since last: 1)
1.800E+03 ###   Best rss: None (since last: 1)
1.802E+03 ###   Best rss: None (since last: 1)
1.804E+03 ###   Best rss: None (since last: 1)
1.807E+03 ###   Best rss: None (since last: 1)
1.809E+03 ###   Best rss: None (since last: 1)
1.811E+03 ###   Best rss: None (since last: 1)
1.813E+03 ###   Best rss: None (since last: 1)
1.815E+03 ###   Best rss: None (since last: 1)
1.818E+03 ###   Best rss: None (since last: 1)
1.820E+03 ###   Best rss: None (since last: 1)
1.822E+03 ###   Best rss: None (since last: 1)
1.824E+03 ###   Best rss: None (since last: 1)
####TIME#############LOG#####################################################
1.826E+03 ###   Best rss: None (since last: 1)
1.829E+03 ###   Best rss: None (since last: 1)
1.831E+03 ###   Best rss: None (since last: 1)
1.833E+03 ###   Best rss: None (since last: 1)
1.835E+03 ###   Best rss: None (since last: 1)
1.838E+03 ###   Best rss: None (since last: 1)
1.840E+03 ###   Best rss: None (since last: 1)
1.842E+03 ###   Best rss: None (since last: 1)
1.845E+03 ###   Best rss: None (since last: 1)
1.847E+03 ###   Best rss: None (since last: 1)
1.850E+03 ###   Best rss: None (since last: 1)
1.852E+03 ###   Best rss: None (since last: 1)
1.854E+03 ###   Best rss: None (since last: 1)
1.857E+03 ###   Best rss: None (since last: 1)
1.859E+03 ###   Best rss: None (since last: 1)
1.862E+03 ###   Best rss: None (since last: 1)
1.864E+03 ###   Best rss: None (since last: 1)
1.867E+03 ###   Best rss: None (since last: 1)
1.869E+03 ###   Best rss: None (since last: 1)
1.871E+03 ###   Best rss: None (since last: 1)
1.873E+03 ###   Best rss: None (since last: 1)
1.876E+03 ###   Best rss: None (since last: 1)
1.878E+03 ###   Best rss: None (since last: 1)
1.880E+03 ###   Best rss: None (since last: 1)
1.883E+03 ###   Best rss: None (since last: 1)
1.885E+03 ###   Best rss: None (since last: 1)
1.887E+03 ###   Best rss: None (since last: 1)
1.890E+03 ###   Best rss: None (since last: 1)
1.893E+03 ###   Best rss: None (since last: 1)
1.895E+03 ###   Best rss: None (since last: 1)
1.898E+03 ###   Best rss: None (since last: 1)
1.900E+03 ###   Best rss: None (since last: 1)
1.903E+03 ###   Best rss: None (since last: 1)
1.906E+03 ###   Best rss: None (since last: 1)
1.908E+03 ###   Best rss: None (since last: 1)
1.910E+03 ###   Best rss: None (since last: 1)
1.913E+03 ###   Best rss: None (since last: 1)
1.916E+03 ###   Best rss: None (since last: 1)
1.918E+03 ###   Best rss: None (since last: 1)
1.921E+03 ###   Best rss: None (since last: 1)
1.923E+03 ###   Best rss: None (since last: 1)
1.926E+03 ###   Best rss: None (since last: 1)
1.928E+03 ###   Best rss: None (since last: 1)
1.930E+03 ###   Best rss: None (since last: 1)
1.933E+03 ###   Best rss: None (since last: 1)
1.935E+03 ###   Best rss: None (since last: 1)
1.937E+03 ###   Best rss: None (since last: 1)
1.940E+03 ###   Best rss: None (since last: 1)
1.942E+03 ###   Best rss: None (since last: 1)
1.944E+03 ###   Best rss: None (since last: 1)
1.946E+03 ###   Best rss: None (since last: 1)
1.949E+03 ###   Best rss: None (since last: 1)
1.951E+03 ###   Best rss: None (since last: 1)
1.953E+03 ###   Best rss: None (since last: 1)
1.955E+03 ###   Best rss: None (since last: 1)
1.958E+03 ###   Best rss: None (since last: 1)
1.960E+03 ###   Best rss: None (since last: 1)
1.962E+03 ###   Best rss: None (since last: 1)
1.964E+03 ###   Best rss: None (since last: 1)
1.967E+03 ###   Best rss: None (since last: 1)
1.969E+03 ###   Best rss: None (since last: 1)
1.971E+03 ###   Best rss: None (since last: 1)
1.973E+03 ###   Best rss: None (since last: 1)
1.975E+03 ###   Best rss: None (since last: 1)
1.978E+03 ###   Best rss: None (since last: 1)
1.980E+03 ###   Best rss: None (since last: 1)
1.982E+03 ###   Best rss: None (since last: 1)
1.984E+03 ###   Best rss: None (since last: 1)
1.987E+03 ###   Best rss: None (since last: 1)
1.989E+03 ###   Best rss: None (since last: 1)
1.992E+03 ###   Best rss: None (since last: 1)
1.994E+03 ###   Best rss: None (since last: 1)
1.996E+03 ###   Best rss: None (since last: 1)
1.998E+03 ###   Best rss: None (since last: 1)
2.001E+03 ###   Best rss: None (since last: 1)
2.003E+03 ###   Best rss: None (since last: 1)
2.005E+03 ###   Best rss: None (since last: 1)
2.007E+03 ###   Best rss: None (since last: 1)
2.010E+03 ###   Best rss: None (since last: 1)
2.012E+03 ###   Best rss: None (since last: 1)
2.014E+03 ###   Best rss: None (since last: 1)
2.016E+03 ###   Best rss: None (since last: 1)
2.018E+03 ###   Best rss: None (since last: 1)
2.021E+03 ###   Best rss: None (since last: 1)
2.023E+03 ###   Best rss: None (since last: 1)
2.025E+03 ###   Best rss: None (since last: 1)
2.027E+03 ###   Best rss: None (since last: 1)
2.029E+03 ###   Best rss: None (since last: 1)
2.032E+03 ###   Best rss: None (since last: 1)
2.034E+03 ###   Best rss: None (since last: 1)
2.036E+03 ###   Best rss: None (since last: 1)
2.038E+03 ###   Best rss: None (since last: 1)
2.040E+03 ###   Best rss: None (since last: 1)
2.042E+03 ###   Best rss: None (since last: 1)
2.045E+03 ###   Best rss: None (since last: 1)
2.047E+03 ###   Best rss: None (since last: 1)
2.049E+03 ###   Best rss: None (since last: 1)
2.053E+03 ###   Best rss: None (since last: 1)
2.053E+03 ###   Fit time: 2032.9319846630096