#############################################################################
5.621E-03 ###   Thu, 08 Jul 2021 22:03:35 +0000
#############################################################################

####TIME#############LOG#####################################################
1.294E-02 ###   Script: /cloud/Code/python/eampa/eampa.py
2.819E-02 ###   Loaded: input.in
#############################################
  Read Input
  Time: 3.011E-02
#############################################
3.192E-02 ###   e
3.375E-02 ###   a0: 5.0
3.376E-02 ###   b0: 1.0
3.376E-02 ###   bp: 100.0
3.376E-02 ###   config: 0.0001
3.376E-02 ###   e: 1.0
3.376E-02 ###   e0: 25.0
3.376E-02 ###   ec: 1.0
3.376E-02 ###   energy: 20.0
3.377E-02 ###   force: 1.0
3.377E-02 ###   g: 1.0
3.377E-02 ###   negec: 1000.0
3.377E-02 ###   stress: 1.0
3.377E-02 ###   v: 1.0
3.377E-02 ###   
3.567E-02 ###   max: 100.0
3.568E-02 ###   min: 0.1
3.568E-02 ###   scale_exponent: 4.0
3.568E-02 ###   scale_factor: 10.0
3.568E-02 ###   zero_density_factor: 100000000.0
3.568E-02 ###   
3.756E-02 ###   pot_dir: None
3.757E-02 ###   pot_name: None
3.757E-02 ###   results_dir: results
3.757E-02 ###   
3.939E-02 ###   bp_file: bp.dat
3.940E-02 ###   dir: bp
3.940E-02 ###   ec_size: 6
3.940E-02 ###   ec_strain: 0.05
3.940E-02 ###   eos_size: 6
3.940E-02 ###   eos_strain: 0.1
3.940E-02 ###   
4.121E-02 ###   
4.301E-02 ###   1: {'label_id': 1, 'label_text': 'AL', 'atom_count': 32, 'relaxed_energy': -1264.06398979, 'relaxed_energy_unit': 'Ry', 'coh_energy': -3.36, 'coh_energy_unit': 'eV', 'calc_relaxed_dft_ev': -537.454181036, 'calc_coh_ev': -3.36, 'calc_apaev': 534.094181036}
4.302E-02 ###   2: {'label_id': 2, 'label_text': 'FE', 'atom_count': 16, 'relaxed_energy': -5268.188, 'relaxed_energy_unit': 'Ry', 'coh_energy': -4.316, 'coh_energy_unit': 'eV', 'calc_relaxed_dft_ev': -4479.851795407, 'calc_coh_ev': -4.316, 'calc_apaev': 4475.5357954070005}
4.302E-02 ###   3: {'label_id': 3, 'label_text': 'PD', 'atom_count': 32, 'relaxed_energy': -16384.958, 'relaxed_energy_unit': 'Ry', 'coh_energy': -3.91, 'coh_energy_unit': 'eV', 'calc_relaxed_dft_ev': -6966.549363269, 'calc_coh_ev': -3.91, 'calc_apaev': 6962.639363269001}
4.302E-02 ###   
#############################################
  Setup Directories
  Time: 4.494E-02
#############################################
4.669E-02 ###   WD: wd/wd
#############################################
  Memory
  Time: 5.653E-02
#############################################
5.853E-02 ###   EFS 6000000000.0
6.034E-02 ###   config size       765306
6.212E-02 ###   ghost size        9183673
6.392E-02 ###   nl size           76530612
6.573E-02 ###   BP 6000000000.0
6.750E-02 ###   config size       255102
6.925E-02 ###   ghost size        3061224
7.103E-02 ###   nl size           25510204
#############################################
  Potential Load
  Time: 7.276E-02
#############################################
7.504E-02 ###   Potential file: pot/pd.pot
7.682E-02 ###   Loading: pot/pd.pot
1.963E+00 ###   std  configs/0134.dat
1.977E+00 ###   std  configs/0555.dat
1.989E+00 ###   std  configs/0223.dat
2.001E+00 ###   std  configs/0584.dat
2.014E+00 ###   std  configs/0307.dat
2.026E+00 ###   std  configs/0010.dat
2.038E+00 ###   std  configs/0471.dat
2.050E+00 ###   std  configs/0148.dat
2.064E+00 ###   std  configs/0529.dat
2.077E+00 ###   std  configs/0199.dat
2.090E+00 ###   std  configs/0300.dat
2.104E+00 ###   std  configs/0017.dat
2.116E+00 ###   std  configs/0476.dat
2.128E+00 ###   std  configs/0289.dat
2.141E+00 ###   std  configs/0258.dat
2.153E+00 ###   std  configs/0133.dat
2.166E+00 ###   std  configs/0552.dat
2.178E+00 ###   std  configs/0583.dat
2.193E+00 ###   std  configs/0224.dat
2.205E+00 ###   std  configs/0019.dat
2.217E+00 ###   std  configs/0478.dat
2.231E+00 ###   std  configs/0141.dat
2.242E+00 ###   std  configs/0287.dat
2.255E+00 ###   std  configs/0520.dat
2.267E+00 ###   std  configs/0256.dat
2.279E+00 ###   std  configs/0190.dat
2.291E+00 ###   std  configs/0372.dat
2.303E+00 ###   std  configs/0065.dat
2.315E+00 ###   std  configs/0404.dat
2.327E+00 ###   std  configs/0375.dat
2.339E+00 ###   std  configs/0062.dat
2.351E+00 ###   std  configs/0403.dat
2.363E+00 ###   std  configs/0309.dat
2.375E+00 ###   std  configs/0146.dat
2.389E+00 ###   std  configs/0527.dat
2.400E+00 ###   std  configs/0280.dat
2.412E+00 ###   std  configs/0251.dat
2.424E+00 ###   std  configs/0197.dat
2.436E+00 ###   std  configs/0436.dat
2.448E+00 ###   std  configs/0391.dat
2.460E+00 ###   std  configs/0057.dat
2.473E+00 ###   std  configs/0086.dat
2.489E+00 ###   std  configs/0340.dat
2.503E+00 ###   std  configs/0218.dat
2.516E+00 ###   std  configs/0264.dat
2.529E+00 ###   std  configs/0512.dat
2.541E+00 ###   std  configs/0173.dat
2.554E+00 ###   std  configs/0263.dat
2.567E+00 ###   std  configs/0515.dat
2.580E+00 ###   std  configs/0174.dat
2.593E+00 ###   std  configs/0396.dat
2.605E+00 ###   std  configs/0431.dat
2.618E+00 ###   std  configs/0050.dat
2.631E+00 ###   std  configs/0081.dat
2.643E+00 ###   std  configs/0347.dat
2.655E+00 ###   std  configs/0569.dat
2.669E+00 ###   std  configs/0108.dat
2.681E+00 ###   std  configs/0443.dat
2.693E+00 ###   std  configs/0022.dat
2.708E+00 ###   std  configs/0492.dat
2.720E+00 ###   std  configs/0335.dat
2.732E+00 ###   std  configs/0398.dat
2.745E+00 ###   std  configs/0349.dat
2.757E+00 ###   std  configs/0211.dat
2.771E+00 ###   std  configs/0567.dat
2.785E+00 ###   std  configs/0106.dat
2.798E+00 ###   std  configs/0438.dat
2.810E+00 ###   std  configs/0059.dat
2.822E+00 ###   std  configs/0088.dat
2.835E+00 ###   std  configs/0216.dat
2.847E+00 ###   std  configs/0560.dat
2.859E+00 ###   std  configs/0101.dat
2.872E+00 ###   std  configs/0444.dat
2.889E+00 ###   std  configs/0025.dat
2.905E+00 ###   std  configs/0332.dat
2.922E+00 ###   std  configs/0495.dat
2.937E+00 ###   std  configs/0571.dat
2.952E+00 ###   std  configs/0110.dat
####TIME#############LOG#####################################################
2.966E+00 ###   std  configs/0207.dat
2.978E+00 ###   std  configs/0099.dat
2.989E+00 ###   std  configs/0429.dat
3.002E+00 ###   std  configs/0048.dat
3.013E+00 ###   std  configs/0484.dat
3.025E+00 ###   std  configs/0323.dat
3.037E+00 ###   std  configs/0455.dat
3.049E+00 ###   std  configs/0034.dat
3.061E+00 ###   std  configs/0324.dat
3.076E+00 ###   std  configs/0483.dat
3.088E+00 ###   std  configs/0452.dat
3.100E+00 ###   std  configs/0033.dat
3.112E+00 ###   std  configs/0576.dat
3.124E+00 ###   std  configs/0117.dat
3.136E+00 ###   std  configs/0200.dat
3.148E+00 ###   std  configs/0358.dat
3.161E+00 ###   std  configs/0389.dat
3.173E+00 ###   std  configs/0504.dat
3.185E+00 ###   std  configs/0165.dat
3.197E+00 ###   std  configs/0272.dat
3.209E+00 ###   std  configs/0578.dat
3.221E+00 ###   std  configs/0119.dat
3.234E+00 ###   std  configs/0090.dat
3.248E+00 ###   std  configs/0356.dat
3.262E+00 ###   std  configs/0420.dat
3.275E+00 ###   std  configs/0387.dat
3.288E+00 ###   std  configs/0041.dat
3.300E+00 ###   std  configs/0209.dat
3.315E+00 ###   std  configs/0097.dat
3.327E+00 ###   std  configs/0351.dat
3.339E+00 ###   std  configs/0380.dat
3.351E+00 ###   std  configs/0427.dat
3.365E+00 ###   std  configs/0046.dat
3.379E+00 ###   std  configs/0503.dat
3.392E+00 ###   std  configs/0162.dat
3.408E+00 ###   std  configs/0275.dat
3.422E+00 ###   std  configs/0073.dat
3.435E+00 ###   std  configs/0412.dat
3.448E+00 ###   std  configs/0364.dat
3.460E+00 ###   std  configs/0240.dat
3.472E+00 ###   std  configs/0186.dat
3.484E+00 ###   std  configs/0157.dat
3.496E+00 ###   std  configs/0291.dat
3.508E+00 ###   std  configs/0536.dat
3.520E+00 ###   std  configs/0318.dat
3.532E+00 ###   std  configs/0247.dat
3.544E+00 ###   std  configs/0181.dat
3.556E+00 ###   std  configs/0150.dat
3.568E+00 ###   std  configs/0531.dat
3.579E+00 ###   std  configs/0296.dat
3.591E+00 ###   std  configs/0008.dat
3.603E+00 ###   std  configs/0469.dat
3.615E+00 ###   std  configs/0074.dat
3.626E+00 ###   std  configs/0415.dat
3.638E+00 ###   std  configs/0363.dat
3.650E+00 ###   std  configs/0249.dat
3.662E+00 ###   std  configs/0298.dat
3.674E+00 ###   std  configs/0006.dat
3.686E+00 ###   std  configs/0467.dat
3.698E+00 ###   std  configs/0311.dat
3.710E+00 ###   std  configs/0235.dat
3.722E+00 ###   std  configs/0592.dat
3.734E+00 ###   std  configs/0122.dat
3.746E+00 ###   std  configs/0543.dat
3.758E+00 ###   std  configs/0595.dat
3.770E+00 ###   std  configs/0232.dat
3.782E+00 ###   std  configs/0125.dat
3.793E+00 ###   std  configs/0544.dat
3.805E+00 ###   std  configs/0188.dat
3.818E+00 ###   std  configs/0159.dat
3.830E+00 ###   std  configs/0538.dat
3.842E+00 ###   std  configs/0001.dat
3.854E+00 ###   std  configs/0460.dat
3.866E+00 ###   std  configs/0316.dat
3.878E+00 ###   std  configs/0439.dat
3.890E+00 ###   std  configs/0058.dat
3.901E+00 ###   std  configs/0089.dat
3.914E+00 ###   std  configs/0217.dat
3.926E+00 ###   std  configs/0561.dat
3.941E+00 ###   std  configs/0100.dat
3.953E+00 ###   std  configs/0445.dat
3.965E+00 ###   std  configs/0024.dat
3.977E+00 ###   std  configs/0494.dat
3.989E+00 ###   std  configs/0333.dat
4.001E+00 ###   std  configs/0442.dat
4.013E+00 ###   std  configs/0023.dat
4.024E+00 ###   std  configs/0334.dat
4.036E+00 ###   std  configs/0493.dat
4.053E+00 ###   std  configs/0399.dat
4.067E+00 ###   std  configs/0348.dat
4.081E+00 ###   std  configs/0210.dat
4.093E+00 ###   std  configs/0566.dat
4.105E+00 ###   std  configs/0107.dat
4.121E+00 ###   std  configs/0262.dat
4.134E+00 ###   std  configs/0514.dat
4.146E+00 ###   std  configs/0175.dat
4.159E+00 ###   std  configs/0430.dat
4.171E+00 ###   std  configs/0397.dat
4.183E+00 ###   std  configs/0051.dat
4.195E+00 ###   std  configs/0080.dat
####TIME#############LOG#####################################################
4.209E+00 ###   std  configs/0346.dat
4.220E+00 ###   std  configs/0568.dat
4.232E+00 ###   std  configs/0109.dat
4.244E+00 ###   std  configs/0390.dat
4.256E+00 ###   std  configs/0437.dat
4.268E+00 ###   std  configs/0056.dat
4.280E+00 ###   std  configs/0087.dat
4.293E+00 ###   std  configs/0341.dat
4.305E+00 ###   std  configs/0219.dat
4.317E+00 ###   std  configs/0265.dat
4.329E+00 ###   std  configs/0513.dat
4.340E+00 ###   std  configs/0172.dat
4.352E+00 ###   std  configs/0374.dat
4.364E+00 ###   std  configs/0063.dat
4.376E+00 ###   std  configs/0402.dat
4.388E+00 ###   std  configs/0308.dat
4.399E+00 ###   std  configs/0147.dat
4.411E+00 ###   std  configs/0281.dat
4.423E+00 ###   std  configs/0526.dat
4.435E+00 ###   std  configs/0250.dat
4.445E+00 ###   std  configs/0196.dat
4.456E+00 ###   std  configs/0018.dat
4.468E+00 ###   std  configs/0479.dat
4.480E+00 ###   std  configs/0140.dat
4.492E+00 ###   std  configs/0521.dat
4.506E+00 ###   std  configs/0286.dat
4.518E+00 ###   std  configs/0257.dat
4.531E+00 ###   std  configs/0191.dat
4.542E+00 ###   std  configs/0373.dat
4.555E+00 ###   std  configs/0064.dat
4.566E+00 ###   std  configs/0405.dat
4.578E+00 ###   std  configs/0301.dat
4.590E+00 ###   std  configs/0016.dat
4.602E+00 ###   std  configs/0477.dat
4.614E+00 ###   std  configs/0288.dat
4.626E+00 ###   std  configs/0259.dat
4.638E+00 ###   std  configs/0132.dat
4.650E+00 ###   std  configs/0553.dat
4.662E+00 ###   std  configs/0225.dat
4.674E+00 ###   std  configs/0582.dat
4.686E+00 ###   std  configs/0135.dat
4.698E+00 ###   std  configs/0554.dat
4.710E+00 ###   std  configs/0585.dat
4.722E+00 ###   std  configs/0222.dat
4.734E+00 ###   std  configs/0306.dat
4.746E+00 ###   std  configs/0011.dat
4.758E+00 ###   std  configs/0470.dat
4.770E+00 ###   std  configs/0149.dat
4.782E+00 ###   std  configs/0528.dat
4.794E+00 ###   std  configs/0198.dat
4.806E+00 ###   std  configs/0233.dat
4.818E+00 ###   std  configs/0594.dat
4.830E+00 ###   std  configs/0124.dat
4.842E+00 ###   std  configs/0545.dat
4.854E+00 ###   std  configs/0189.dat
4.866E+00 ###   std  configs/0158.dat
4.878E+00 ###   std  configs/0539.dat
4.890E+00 ###   std  configs/0000.dat
4.900E+00 ###   std  configs/0461.dat
4.911E+00 ###   std  configs/0317.dat
4.923E+00 ###   std  configs/0248.dat
4.936E+00 ###   std  configs/0299.dat
4.948E+00 ###   std  configs/0007.dat
4.960E+00 ###   std  configs/0466.dat
4.971E+00 ###   std  configs/0310.dat
4.983E+00 ###   std  configs/0593.dat
4.995E+00 ###   std  configs/0234.dat
5.007E+00 ###   std  configs/0123.dat
5.019E+00 ###   std  configs/0542.dat
5.031E+00 ###   std  configs/0246.dat
5.044E+00 ###   std  configs/0180.dat
5.058E+00 ###   std  configs/0151.dat
5.072E+00 ###   std  configs/0297.dat
5.085E+00 ###   std  configs/0530.dat
5.097E+00 ###   std  configs/0009.dat
5.109E+00 ###   std  configs/0468.dat
5.122E+00 ###   std  configs/0075.dat
5.134E+00 ###   std  configs/0414.dat
5.147E+00 ###   std  configs/0362.dat
5.160E+00 ###   std  configs/0072.dat
5.172E+00 ###   std  configs/0413.dat
5.185E+00 ###   std  configs/0365.dat
5.197E+00 ###   std  configs/0241.dat
5.209E+00 ###   std  configs/0187.dat
5.221E+00 ###   std  configs/0156.dat
5.234E+00 ###   std  configs/0537.dat
5.246E+00 ###   std  configs/0290.dat
5.259E+00 ###   std  configs/0319.dat
5.271E+00 ###   std  configs/0208.dat
5.283E+00 ###   std  configs/0096.dat
5.296E+00 ###   std  configs/0350.dat
5.308E+00 ###   std  configs/0426.dat
5.320E+00 ###   std  configs/0381.dat
5.331E+00 ###   std  configs/0047.dat
5.343E+00 ###   std  configs/0502.dat
5.355E+00 ###   std  configs/0163.dat
5.367E+00 ###   std  configs/0274.dat
5.379E+00 ###   std  configs/0505.dat
5.392E+00 ###   std  configs/0164.dat
5.404E+00 ###   std  configs/0273.dat
####TIME#############LOG#####################################################
5.418E+00 ###   std  configs/0579.dat
5.429E+00 ###   std  configs/0118.dat
5.441E+00 ###   std  configs/0091.dat
5.453E+00 ###   std  configs/0357.dat
5.465E+00 ###   std  configs/0386.dat
5.478E+00 ###   std  configs/0421.dat
5.490E+00 ###   std  configs/0040.dat
5.502E+00 ###   std  configs/0482.dat
5.514E+00 ###   std  configs/0325.dat
5.526E+00 ###   std  configs/0453.dat
5.538E+00 ###   std  configs/0032.dat
5.550E+00 ###   std  configs/0577.dat
5.562E+00 ###   std  configs/0116.dat
5.574E+00 ###   std  configs/0201.dat
5.586E+00 ###   std  configs/0359.dat
5.597E+00 ###   std  configs/0388.dat
5.609E+00 ###   std  configs/0570.dat
5.622E+00 ###   std  configs/0111.dat
5.636E+00 ###   std  configs/0206.dat
5.648E+00 ###   std  configs/0098.dat
5.660E+00 ###   std  configs/0428.dat
5.672E+00 ###   std  configs/0049.dat
5.683E+00 ###   std  configs/0322.dat
5.696E+00 ###   std  configs/0485.dat
5.708E+00 ###   std  configs/0454.dat
5.720E+00 ###   std  configs/0035.dat
5.732E+00 ###   std  configs/0465.dat
5.744E+00 ###   std  configs/0004.dat
5.755E+00 ###   std  configs/0313.dat
5.767E+00 ###   std  configs/0590.dat
5.779E+00 ###   std  configs/0237.dat
5.791E+00 ###   std  configs/0541.dat
5.803E+00 ###   std  configs/0120.dat
5.815E+00 ###   std  configs/0419.dat
5.827E+00 ###   std  configs/0078.dat
5.838E+00 ###   std  configs/0230.dat
5.850E+00 ###   std  configs/0597.dat
5.862E+00 ###   std  configs/0546.dat
5.874E+00 ###   std  configs/0127.dat
5.886E+00 ###   std  configs/0368.dat
5.898E+00 ###   std  configs/0462.dat
5.910E+00 ###   std  configs/0003.dat
5.921E+00 ###   std  configs/0314.dat
5.934E+00 ###   std  configs/0599.dat
5.946E+00 ###   std  configs/0548.dat
5.958E+00 ###   std  configs/0129.dat
5.970E+00 ###   std  configs/0410.dat
5.981E+00 ###   std  configs/0071.dat
5.993E+00 ###   std  configs/0366.dat
6.005E+00 ###   std  configs/0184.dat
6.017E+00 ###   std  configs/0242.dat
6.029E+00 ###   std  configs/0534.dat
6.041E+00 ###   std  configs/0293.dat
6.053E+00 ###   std  configs/0155.dat
6.065E+00 ###   std  configs/0183.dat
6.077E+00 ###   std  configs/0245.dat
6.089E+00 ###   std  configs/0294.dat
6.101E+00 ###   std  configs/0533.dat
6.113E+00 ###   std  configs/0152.dat
6.125E+00 ###   std  configs/0239.dat
6.137E+00 ###   std  configs/0417.dat
6.149E+00 ###   std  configs/0076.dat
6.161E+00 ###   std  configs/0361.dat
6.173E+00 ###   std  configs/0167.dat
6.185E+00 ###   std  configs/0506.dat
6.197E+00 ###   std  configs/0270.dat
6.209E+00 ###   std  configs/0328.dat
6.221E+00 ###   std  configs/0354.dat
6.233E+00 ###   std  configs/0092.dat
6.245E+00 ###   std  configs/0043.dat
6.257E+00 ###   std  configs/0385.dat
6.269E+00 ###   std  configs/0422.dat
6.281E+00 ###   std  configs/0353.dat
6.293E+00 ###   std  configs/0095.dat
6.304E+00 ###   std  configs/0044.dat
6.316E+00 ###   std  configs/0425.dat
6.328E+00 ###   std  configs/0382.dat
6.340E+00 ###   std  configs/0160.dat
6.352E+00 ###   std  configs/0501.dat
6.364E+00 ###   std  configs/0277.dat
6.376E+00 ###   std  configs/0488.dat
6.388E+00 ###   std  configs/0038.dat
6.400E+00 ###   std  configs/0459.dat
6.412E+00 ###   std  configs/0112.dat
6.424E+00 ###   std  configs/0573.dat
6.436E+00 ###   std  configs/0205.dat
6.448E+00 ###   std  configs/0279.dat
6.461E+00 ###   std  configs/0321.dat
6.473E+00 ###   std  configs/0486.dat
6.485E+00 ###   std  configs/0036.dat
6.498E+00 ###   std  configs/0457.dat
6.509E+00 ###   std  configs/0169.dat
6.521E+00 ###   std  configs/0508.dat
6.533E+00 ###   std  configs/0481.dat
6.545E+00 ###   std  configs/0326.dat
6.556E+00 ###   std  configs/0031.dat
6.568E+00 ###   std  configs/0450.dat
6.581E+00 ###   std  configs/0115.dat
6.593E+00 ###   std  configs/0574.dat
6.604E+00 ###   std  configs/0202.dat
####TIME#############LOG#####################################################
6.618E+00 ###   std  configs/0020.dat
6.630E+00 ###   std  configs/0441.dat
6.642E+00 ###   std  configs/0337.dat
6.654E+00 ###   std  configs/0490.dat
6.666E+00 ###   std  configs/0178.dat
6.678E+00 ###   std  configs/0519.dat
6.690E+00 ###   std  configs/0213.dat
6.702E+00 ###   std  configs/0104.dat
6.714E+00 ###   std  configs/0565.dat
6.726E+00 ###   std  configs/0214.dat
6.738E+00 ###   std  configs/0103.dat
6.750E+00 ###   std  configs/0562.dat
6.762E+00 ###   std  configs/0027.dat
6.774E+00 ###   std  configs/0446.dat
6.785E+00 ###   std  configs/0497.dat
6.797E+00 ###   std  configs/0330.dat
6.809E+00 ###   std  configs/0268.dat
6.821E+00 ###   std  configs/0055.dat
6.833E+00 ###   std  configs/0393.dat
6.845E+00 ###   std  configs/0434.dat
6.856E+00 ###   std  configs/0342.dat
6.869E+00 ###   std  configs/0084.dat
6.885E+00 ###   std  configs/0029.dat
6.901E+00 ###   std  configs/0448.dat
6.919E+00 ###   std  configs/0499.dat
6.943E+00 ###   std  configs/0266.dat
6.959E+00 ###   std  configs/0171.dat
6.970E+00 ###   std  configs/0510.dat
6.982E+00 ###   std  configs/0339.dat
6.994E+00 ###   std  configs/0261.dat
7.006E+00 ###   std  configs/0600.dat
7.017E+00 ###   std  configs/0176.dat
7.029E+00 ###   std  configs/0517.dat
7.041E+00 ###   std  configs/0052.dat
7.053E+00 ###   std  configs/0433.dat
7.065E+00 ###   std  configs/0394.dat
7.077E+00 ###   std  configs/0345.dat
7.089E+00 ###   std  configs/0083.dat
7.104E+00 ###   std  configs/0522.dat
7.117E+00 ###   std  configs/0285.dat
7.129E+00 ###   std  configs/0143.dat
7.141E+00 ###   std  configs/0192.dat
7.153E+00 ###   std  configs/0254.dat
7.165E+00 ###   std  configs/0370.dat
7.177E+00 ###   std  configs/0406.dat
7.188E+00 ###   std  configs/0067.dat
7.200E+00 ###   std  configs/0228.dat
7.213E+00 ###   std  configs/0377.dat
7.225E+00 ###   std  configs/0401.dat
7.237E+00 ###   std  configs/0060.dat
7.248E+00 ###   std  configs/0559.dat
7.264E+00 ###   std  configs/0138.dat
7.276E+00 ###   std  configs/0588.dat
7.288E+00 ###   std  configs/0282.dat
7.300E+00 ###   std  configs/0525.dat
7.312E+00 ###   std  configs/0144.dat
7.324E+00 ###   std  configs/0195.dat
7.336E+00 ###   std  configs/0253.dat
7.349E+00 ###   std  configs/0379.dat
7.361E+00 ###   std  configs/0557.dat
7.373E+00 ###   std  configs/0136.dat
7.384E+00 ###   std  configs/0586.dat
7.396E+00 ###   std  configs/0221.dat
7.408E+00 ###   std  configs/0305.dat
7.420E+00 ###   std  configs/0473.dat
7.432E+00 ###   std  configs/0012.dat
7.444E+00 ###   std  configs/0302.dat
7.456E+00 ###   std  configs/0474.dat
7.468E+00 ###   std  configs/0015.dat
7.479E+00 ###   std  configs/0408.dat
7.491E+00 ###   std  configs/0069.dat
7.503E+00 ###   std  configs/0550.dat
7.516E+00 ###   std  configs/0131.dat
7.528E+00 ###   std  configs/0226.dat
7.539E+00 ###   std  configs/0581.dat
7.551E+00 ###   std  configs/0168.dat
7.563E+00 ###   std  configs/0509.dat
7.575E+00 ###   std  configs/0327.dat
7.586E+00 ###   std  configs/0480.dat
7.599E+00 ###   std  configs/0030.dat
7.611E+00 ###   std  configs/0451.dat
7.623E+00 ###   std  configs/0114.dat
7.634E+00 ###   std  configs/0575.dat
7.646E+00 ###   std  configs/0203.dat
7.658E+00 ###   std  configs/0113.dat
7.670E+00 ###   std  configs/0572.dat
7.682E+00 ###   std  configs/0204.dat
7.694E+00 ###   std  configs/0278.dat
7.705E+00 ###   std  configs/0487.dat
7.717E+00 ###   std  configs/0320.dat
7.729E+00 ###   std  configs/0037.dat
7.741E+00 ###   std  configs/0456.dat
7.753E+00 ###   std  configs/0352.dat
7.765E+00 ###   std  configs/0094.dat
7.777E+00 ###   std  configs/0045.dat
7.789E+00 ###   std  configs/0383.dat
7.801E+00 ###   std  configs/0424.dat
7.813E+00 ###   std  configs/0161.dat
7.825E+00 ###   std  configs/0500.dat
7.836E+00 ###   std  configs/0276.dat
####TIME#############LOG#####################################################
7.850E+00 ###   std  configs/0489.dat
7.861E+00 ###   std  configs/0039.dat
7.874E+00 ###   std  configs/0458.dat
7.886E+00 ###   std  configs/0166.dat
7.898E+00 ###   std  configs/0507.dat
7.911E+00 ###   std  configs/0271.dat
7.924E+00 ###   std  configs/0329.dat
7.937E+00 ###   std  configs/0355.dat
7.952E+00 ###   std  configs/0093.dat
7.964E+00 ###   std  configs/0042.dat
7.975E+00 ###   std  configs/0423.dat
7.988E+00 ###   std  configs/0384.dat
8.000E+00 ###   std  configs/0182.dat
8.012E+00 ###   std  configs/0244.dat
8.023E+00 ###   std  configs/0532.dat
8.035E+00 ###   std  configs/0295.dat
8.047E+00 ###   std  configs/0153.dat
8.059E+00 ###   std  configs/0238.dat
8.070E+00 ###   std  configs/0416.dat
8.083E+00 ###   std  configs/0077.dat
8.094E+00 ###   std  configs/0360.dat
8.106E+00 ###   std  configs/0598.dat
8.118E+00 ###   std  configs/0549.dat
8.130E+00 ###   std  configs/0128.dat
8.142E+00 ###   std  configs/0411.dat
8.153E+00 ###   std  configs/0070.dat
8.165E+00 ###   std  configs/0367.dat
8.177E+00 ###   std  configs/0185.dat
8.189E+00 ###   std  configs/0243.dat
8.200E+00 ###   std  configs/0292.dat
8.212E+00 ###   std  configs/0535.dat
8.225E+00 ###   std  configs/0154.dat
8.237E+00 ###   std  configs/0596.dat
8.248E+00 ###   std  configs/0231.dat
8.261E+00 ###   std  configs/0547.dat
8.272E+00 ###   std  configs/0126.dat
8.284E+00 ###   std  configs/0369.dat
8.296E+00 ###   std  configs/0463.dat
8.307E+00 ###   std  configs/0002.dat
8.319E+00 ###   std  configs/0315.dat
8.332E+00 ###   std  configs/0464.dat
8.344E+00 ###   std  configs/0005.dat
8.355E+00 ###   std  configs/0312.dat
8.367E+00 ###   std  configs/0236.dat
8.379E+00 ###   std  configs/0591.dat
8.390E+00 ###   std  configs/0540.dat
8.403E+00 ###   std  configs/0121.dat
8.414E+00 ###   std  configs/0418.dat
8.426E+00 ###   std  configs/0079.dat
8.438E+00 ###   std  configs/0303.dat
8.450E+00 ###   std  configs/0475.dat
8.462E+00 ###   std  configs/0014.dat
8.474E+00 ###   std  configs/0409.dat
8.486E+00 ###   std  configs/0068.dat
8.498E+00 ###   std  configs/0551.dat
8.509E+00 ###   std  configs/0130.dat
8.521E+00 ###   std  configs/0580.dat
8.534E+00 ###   std  configs/0227.dat
8.547E+00 ###   std  configs/0378.dat
8.559E+00 ###   std  configs/0556.dat
8.571E+00 ###   std  configs/0137.dat
8.582E+00 ###   std  configs/0220.dat
8.594E+00 ###   std  configs/0587.dat
8.606E+00 ###   std  configs/0304.dat
8.618E+00 ###   std  configs/0472.dat
8.630E+00 ###   std  configs/0013.dat
8.641E+00 ###   std  configs/0376.dat
8.654E+00 ###   std  configs/0400.dat
8.667E+00 ###   std  configs/0061.dat
8.679E+00 ###   std  configs/0558.dat
8.691E+00 ###   std  configs/0139.dat
8.703E+00 ###   std  configs/0589.dat
8.715E+00 ###   std  configs/0524.dat
8.727E+00 ###   std  configs/0283.dat
8.739E+00 ###   std  configs/0145.dat
8.751E+00 ###   std  configs/0194.dat
8.763E+00 ###   std  configs/0252.dat
8.774E+00 ###   std  configs/0284.dat
8.786E+00 ###   std  configs/0523.dat
8.798E+00 ###   std  configs/0142.dat
8.810E+00 ###   std  configs/0193.dat
8.822E+00 ###   std  configs/0255.dat
8.834E+00 ###   std  configs/0371.dat
8.846E+00 ###   std  configs/0407.dat
8.858E+00 ###   std  configs/0066.dat
8.870E+00 ###   std  configs/0229.dat
8.885E+00 ###   std  configs/0338.dat
8.897E+00 ###   std  configs/0260.dat
8.909E+00 ###   std  configs/0177.dat
8.921E+00 ###   std  configs/0516.dat
8.933E+00 ###   std  configs/0053.dat
8.946E+00 ###   std  configs/0395.dat
8.958E+00 ###   std  configs/0432.dat
8.970E+00 ###   std  configs/0344.dat
8.982E+00 ###   std  configs/0082.dat
8.994E+00 ###   std  configs/0054.dat
9.006E+00 ###   std  configs/0435.dat
9.018E+00 ###   std  configs/0392.dat
9.029E+00 ###   std  configs/0343.dat
9.042E+00 ###   std  configs/0085.dat
####TIME#############LOG#####################################################
9.056E+00 ###   std  configs/0028.dat
9.070E+00 ###   std  configs/0449.dat
9.082E+00 ###   std  configs/0498.dat
9.099E+00 ###   std  configs/0267.dat
9.116E+00 ###   std  configs/0170.dat
9.135E+00 ###   std  configs/0511.dat
9.149E+00 ###   std  configs/0215.dat
9.163E+00 ###   std  configs/0102.dat
9.176E+00 ###   std  configs/0563.dat
9.188E+00 ###   std  configs/0026.dat
9.200E+00 ###   std  configs/0447.dat
9.212E+00 ###   std  configs/0331.dat
9.224E+00 ###   std  configs/0496.dat
9.237E+00 ###   std  configs/0269.dat
9.249E+00 ###   std  configs/0021.dat
9.262E+00 ###   std  configs/0440.dat
9.275E+00 ###   std  configs/0491.dat
9.287E+00 ###   std  configs/0336.dat
9.302E+00 ###   std  configs/0179.dat
9.317E+00 ###   std  configs/0518.dat
9.334E+00 ###   std  configs/0212.dat
9.347E+00 ###   std  configs/0105.dat
9.362E+00 ###   std  configs/0564.dat
