/* Converted from PWscf output file */ 
#L_UNITS ang 
#E_UNITS eV 
#S_UNITS GPA 
#F_UNITS EV/ANG 
#ALAT 	   7.85004     // a0 
#X 	   1.00000     0.00000     0.00000     // X 
#Y 	   0.00000     1.00417     0.00000     // Y 
#Z 	   0.00000     0.00000     1.00000     // Z 
#SX 	   0.45326     0.00000     0.00000     // SX 
#SY 	   0.00000    -0.75572     0.00000     // SY 
#SZ 	   0.00000     0.00000    -0.45326     // SZ 
#EPA 	  -3.91052     // Energy per Atom 
#RCUT 	6.5        // Rcut 
PD      0.00000      0.00000      0.00000      0.00000      0.00000      0.00000
PD      0.25000      0.25105      0.00000     -0.00011      0.00661      0.00000
PD      0.25000      0.00000      0.25000     -0.00080      0.00000     -0.00080
PD      0.00000      0.25105      0.25000      0.00000      0.00661     -0.00011
PD      0.00000      0.00000      0.50000      0.00000      0.00000      0.00000
PD      0.25001      0.25105      0.50000      0.00114      0.01110     -0.00000
PD      0.25000      0.00000      0.74999     -0.00080      0.00000      0.00080
PD      0.00000      0.25105      0.74999      0.00000      0.00661      0.00011
PD      0.00000      0.50208      0.00000      0.00000      0.00000      0.00000
PD      0.25000      0.75312      0.00000     -0.00011     -0.00661      0.00000
PD      0.25001      0.50208      0.25001      0.00157      0.00000      0.00157
PD      0.00000      0.75312      0.25000      0.00000     -0.00661     -0.00011
PD      0.00000      0.50208      0.50000      0.00000      0.00000      0.00000
PD      0.25001      0.75311      0.50000      0.00114     -0.01110      0.00000
PD      0.25001      0.50208      0.74999      0.00157      0.00000     -0.00157
PD      0.00000      0.75312      0.74999      0.00000     -0.00661      0.00011
PD      0.50000      0.00000      0.00000      0.00000      0.00000     -0.00000
PD      0.75000      0.25105      0.00000      0.00011      0.00661     -0.00000
PD      0.75000      0.00000      0.25000      0.00080      0.00000     -0.00080
PD      0.50000      0.25105      0.25001      0.00000      0.01110      0.00114
PD      0.50000      0.00000      0.50000      0.00000     -0.00000      0.00000
PD      0.74999      0.25105      0.50000     -0.00114      0.01110      0.00000
PD      0.75000      0.00000      0.74999      0.00080      0.00000      0.00080
PD      0.50000      0.25105      0.74999      0.00000      0.01110     -0.00114
PD      0.50000      0.50208      0.00000      0.00000      0.00000     -0.00000
PD      0.75000      0.75312      0.00000      0.00011     -0.00661      0.00000
PD      0.74999      0.50208      0.25001     -0.00157      0.00000      0.00157
PD      0.50000      0.75311      0.25001      0.00000     -0.01110      0.00114
PD      0.50000      0.50208      0.50000      0.00000      0.00000      0.00000
PD      0.74999      0.75311      0.50000     -0.00114     -0.01110     -0.00000
PD      0.74999      0.50208      0.74999     -0.00157      0.00000     -0.00157
PD      0.50000      0.75311      0.74999      0.00000     -0.01110     -0.00114
