/* Converted from PWscf output file */ 
#L_UNITS ang 
#E_UNITS eV 
#S_UNITS GPA 
#F_UNITS EV/ANG 
#ALAT 	   7.85004     // a0 
#X 	   1.00000     0.00250     0.00000     // X 
#Y 	   0.00250     1.00000     0.00000     // Y 
#Z 	   0.00000     0.00000     1.00000     // Z 
#SX 	   0.17034    -0.45545     0.00000     // SX 
#SY 	   0.45545     0.17034     0.00000     // SY 
#SZ 	   0.00000     0.00000     0.15896     // SZ 
#EPA 	  -3.90996     // Energy per Atom 
#RCUT 	6.5        // Rcut 
PD      0.00000      0.00000      0.00000      0.00000      0.00000      0.00000
PD      0.25063      0.25063      0.00000      0.00161      0.00161      0.00000
PD      0.25000      0.00063      0.25000      0.00151     -0.00025     -0.00045
PD      0.00063      0.25000      0.25000     -0.00025      0.00151     -0.00045
PD      0.00000      0.00000      0.50000      0.00000      0.00000      0.00000
PD      0.25064      0.25064      0.50000      0.00224      0.00224      0.00000
PD      0.25000      0.00063      0.75000      0.00151     -0.00025      0.00045
PD      0.00063      0.25000      0.75000     -0.00025      0.00151      0.00045
PD      0.00125      0.50000      0.00000      0.00000      0.00000      0.00000
PD      0.25188      0.75062      0.00000      0.00187     -0.00187      0.00000
PD      0.25126      0.50063      0.25001      0.00215      0.00073     -0.00049
PD      0.00187      0.75000      0.25000      0.00025     -0.00151     -0.00045
PD      0.00125      0.50000      0.50000      0.00000      0.00000      0.00000
PD      0.25189      0.75061      0.50000      0.00209     -0.00209      0.00000
PD      0.25126      0.50063      0.74999      0.00215      0.00073      0.00049
PD      0.00187      0.75000      0.75000      0.00025     -0.00151      0.00045
PD      0.50000      0.00125      0.00000      0.00000      0.00000      0.00000
PD      0.75062      0.25188      0.00000     -0.00187      0.00187      0.00000
PD      0.75000      0.00187      0.25000     -0.00151      0.00025     -0.00045
PD      0.50063      0.25126      0.25001      0.00073      0.00215     -0.00049
PD      0.50000      0.00125      0.50000      0.00000      0.00000      0.00000
PD      0.75061      0.25189      0.50000     -0.00209      0.00209      0.00000
PD      0.75000      0.00187      0.75000     -0.00151      0.00025      0.00045
PD      0.50063      0.25126      0.74999      0.00073      0.00215      0.00049
PD      0.50125      0.50125      0.00000      0.00000      0.00000      0.00000
PD      0.75187      0.75187      0.00000     -0.00161     -0.00161      0.00000
PD      0.75124      0.50188      0.25001     -0.00215     -0.00073     -0.00049
PD      0.50188      0.75124      0.25001     -0.00073     -0.00215     -0.00049
PD      0.50125      0.50125      0.50000      0.00000      0.00000      0.00000
PD      0.75186      0.75186      0.50000     -0.00224     -0.00224      0.00000
PD      0.75124      0.50188      0.74999     -0.00215     -0.00073      0.00049
PD      0.50188      0.75124      0.74999     -0.00073     -0.00215      0.00049
