#############################################################################
1.076E-02 ###   Sat, 06 Mar 2021 11:30:52 +0000
#############################################################################

####TIME#############LOG#####################################################
2.969E-02 ###   Script: /cloud/Code/python/eampa/eampa.py
4.619E-02 ###   Loaded: input.in
#############################################
  Read Input
  Time: 5.240E-02
#############################################
5.714E-02 ###   efs
6.200E-02 ###   a0: 25.0
6.202E-02 ###   b0: 1.0
6.203E-02 ###   bp: 1000.0
6.203E-02 ###   config: 1.7
6.203E-02 ###   e: 1.0
6.203E-02 ###   e0: 25.0
6.203E-02 ###   ec: 1.0
6.203E-02 ###   energy: 1.2
6.203E-02 ###   force: 1.5
6.204E-02 ###   g: 1.0
6.204E-02 ###   negec: 1000.0
6.204E-02 ###   stress: 1.3
6.204E-02 ###   v: 1.0
6.204E-02 ###   
6.648E-02 ###   max: 100.0
6.649E-02 ###   min: 0.1
6.649E-02 ###   scale_exponent: 4.0
6.649E-02 ###   scale_factor: 10.0
6.649E-02 ###   zero_density_factor: 100000000.0
6.649E-02 ###   
7.115E-02 ###   pot_dir: None
7.115E-02 ###   pot_name: None
7.116E-02 ###   results_dir: results
7.116E-02 ###   
7.464E-02 ###   bp_file: bp.dat
7.465E-02 ###   dir: bp
7.465E-02 ###   ec_size: 6
7.465E-02 ###   ec_strain: 0.001
7.465E-02 ###   eos_size: 6
7.465E-02 ###   eos_strain: 0.001
7.465E-02 ###   
7.772E-02 ###   FE1: FE
7.773E-02 ###   FE2: FE
7.773E-02 ###   FE3: FE
7.773E-02 ###   FE4: FE
7.773E-02 ###   PD: PD
7.773E-02 ###   
8.170E-02 ###   1: {'label_id': 1, 'label_text': 'AL', 'atom_count': 32, 'relaxed_energy': -1264.06398979, 'relaxed_energy_unit': 'Ry', 'coh_energy': -3.36, 'coh_energy_unit': 'eV', 'calc_relaxed_dft_ev': -537.454181036, 'calc_coh_ev': -3.36, 'calc_apaev': 534.094181036}
8.171E-02 ###   2: {'label_id': 2, 'label_text': 'FE', 'atom_count': 16, 'relaxed_energy': -5268.188, 'relaxed_energy_unit': 'Ry', 'coh_energy': -4.316, 'coh_energy_unit': 'eV', 'calc_relaxed_dft_ev': -4479.851795407, 'calc_coh_ev': -4.316, 'calc_apaev': 4475.5357954070005}
8.171E-02 ###   3: {'label_id': 3, 'label_text': 'PD', 'atom_count': 32, 'relaxed_energy': -16384.958, 'relaxed_energy_unit': 'Ry', 'coh_energy': -3.91, 'coh_energy_unit': 'eV', 'calc_relaxed_dft_ev': -6966.549363269, 'calc_coh_ev': -3.91, 'calc_apaev': 6962.639363269001}
8.171E-02 ###   
#############################################
  Setup Directories
  Time: 8.652E-02
#############################################
9.164E-02 ###   WD: wd/wd
9.730E-02 ###   wd   wd/wd
1.032E-01 ###   input   wd/wd/input
1.094E-01 ###   output   wd/wd/output
1.145E-01 ###   results   wd/wd/results
1.192E-01 ###   plots   wd/wd/plots
1.233E-01 ###   configs   wd/wd/configs
1.288E-01 ###   fitting   wd/wd/fitting
1.342E-01 ###   fitting_generations   wd/wd/fitting/generations
1.399E-01 ###   fitting_finished   wd/wd/fitting/finished
#############################################
  Memory
  Time: 1.445E-01
#############################################
1.491E-01 ###   EFS 2000000000.0
1.536E-01 ###   config size       255102
1.571E-01 ###   ghost size        3061224
1.606E-01 ###   nl size           25510204
1.643E-01 ###   BP 2000000000.0
1.687E-01 ###   config size       255102
1.733E-01 ###   ghost size        3061224
1.778E-01 ###   nl size           25510204
#############################################
  Potential Load
  Time: 1.825E-01
#############################################
1.885E-01 ###   Potential file: pot/fe_pd/fe_pd.pot
1.930E-01 ###   Loading: pot/fe_pd/fe_pd.pot
2.014E-01 ###   Load zbl
1.728E+00 ###   std  configs/coords_256_pd.dat
1.737E+00 ###   std  configs/coords_256_fepd.dat
1.745E+00 ###   std  configs/coords_256_fe.dat

#############################################################################
2.323E+00 ###   Duration: 2.3100578784942627
#############################################################################
