/* Converted from PWscf output file */ 
#L_UNITS ang 
#E_UNITS eV 
#S_UNITS GPA 
#F_UNITS EV/ANG 
#ALAT 	   7.85004     // a0 
#X 	   1.00000     0.00083     0.00000     // X 
#Y 	   0.00083     1.00000     0.00000     // Y 
#Z 	   0.00000     0.00000     1.00000     // Z 
#SX 	   0.16057    -0.15546     0.00000     // SX 
#SY 	   0.15546     0.16057     0.00000     // SY 
#SZ 	   0.00000     0.00000     0.15852     // SZ 
#EPA 	  -3.91005     // Energy per Atom 
#RCUT 	6.5        // Rcut 
PD      0.00000      0.00000      0.00000      0.00000      0.00000      0.00000
PD      0.25021      0.25021      0.00000      0.00164      0.00164      0.00000
PD      0.25000      0.00021      0.25000      0.00153     -0.00021     -0.00047
PD      0.00021      0.25000      0.25000     -0.00021      0.00153     -0.00047
PD      0.00000      0.00000      0.50000      0.00000      0.00000      0.00000
PD      0.25022      0.25022      0.50000      0.00229      0.00229      0.00000
PD      0.25000      0.00021      0.75000      0.00153     -0.00021      0.00047
PD      0.00021      0.25000      0.75000     -0.00021      0.00153      0.00047
PD      0.00042      0.50000      0.00000      0.00000      0.00000      0.00000
PD      0.25063      0.75020      0.00000      0.00186     -0.00186      0.00000
PD      0.25043      0.50021      0.25001      0.00224      0.00066     -0.00047
PD      0.00063      0.75000      0.25000      0.00021     -0.00153     -0.00047
PD      0.00042      0.50000      0.50000      0.00000      0.00000      0.00000
PD      0.25064      0.75020      0.50000      0.00219     -0.00219      0.00000
PD      0.25043      0.50021      0.74999      0.00224      0.00066      0.00047
PD      0.00063      0.75000      0.75000      0.00021     -0.00153      0.00047
PD      0.50000      0.00042      0.00000      0.00000      0.00000      0.00000
PD      0.75020      0.25063      0.00000     -0.00186      0.00186      0.00000
PD      0.75000      0.00063      0.25000     -0.00153      0.00021     -0.00047
PD      0.50021      0.25043      0.25001      0.00066      0.00224     -0.00047
PD      0.50000      0.00042      0.50000      0.00000      0.00000      0.00000
PD      0.75020      0.25064      0.50000     -0.00219      0.00219      0.00000
PD      0.75000      0.00063      0.75000     -0.00153      0.00021      0.00047
PD      0.50021      0.25043      0.74999      0.00066      0.00224      0.00047
PD      0.50042      0.50042      0.00000      0.00000      0.00000      0.00000
PD      0.75062      0.75062      0.00000     -0.00164     -0.00164      0.00000
PD      0.75040      0.50062      0.25001     -0.00224     -0.00066     -0.00047
PD      0.50062      0.75040      0.25001     -0.00066     -0.00224     -0.00047
PD      0.50042      0.50042      0.50000      0.00000      0.00000      0.00000
PD      0.75061      0.75061      0.50000     -0.00229     -0.00229      0.00000
PD      0.75040      0.50062      0.74999     -0.00224     -0.00066      0.00047
PD      0.50062      0.75040      0.74999     -0.00066     -0.00224      0.00047
