/* Converted from PWscf output file */ 
#L_UNITS ang 
#E_UNITS eV 
#S_UNITS GPA 
#F_UNITS EV/ANG 
#ALAT 	   7.85004     // a0 
#X 	   1.00083     0.00000     0.00000     // X 
#Y 	   0.00000     1.00000     0.00000     // Y 
#Z 	   0.00000     0.00000     0.99917     // Z 
#SX 	   0.10938     0.00000     0.00000     // SX 
#SY 	   0.00000     0.17763     0.00000     // SY 
#SZ 	   0.00000     0.00000     0.23465     // SZ 
#EPA 	  -3.91005     // Energy per Atom 
#RCUT 	6.5        // Rcut 
PD      0.00000      0.00000      0.00000      0.00000      0.00000      0.00000
PD      0.25021      0.25000      0.00000      0.00086      0.00635      0.00000
PD      0.25021      0.00000      0.24980     -0.00071      0.00000     -0.00174
PD      0.00000      0.25000      0.24980      0.00000      0.00507     -0.00134
PD      0.00000      0.00000      0.49958      0.00000      0.00000      0.00000
PD      0.25022      0.25001      0.49958      0.00170      0.00870      0.00000
PD      0.25021      0.00000      0.74937     -0.00071     -0.00000      0.00174
PD      0.00000      0.25000      0.74937      0.00000      0.00507      0.00134
PD      0.00000      0.50000      0.00000      0.00000      0.00000      0.00000
PD      0.25021      0.75000      0.00000      0.00086     -0.00635      0.00000
PD      0.25022      0.50000      0.24980      0.00348      0.00000     -0.00034
PD      0.00000      0.75000      0.24980      0.00000     -0.00507     -0.00134
PD      0.00000      0.50000      0.49958      0.00000      0.00000      0.00000
PD      0.25022      0.74999      0.49958      0.00170     -0.00870      0.00000
PD      0.25022      0.50000      0.74936      0.00348      0.00000      0.00034
PD      0.00000      0.75000      0.74937      0.00000     -0.00507      0.00134
PD      0.50042      0.00000      0.00000      0.00000      0.00000      0.00000
PD      0.75062      0.25000      0.00000     -0.00086      0.00635      0.00000
PD      0.75062      0.00000      0.24980      0.00071     -0.00000     -0.00174
PD      0.50042      0.25001      0.24980      0.00000      0.01062     -0.00031
PD      0.50042      0.00000      0.49958      0.00000      0.00000      0.00000
PD      0.75061      0.25001      0.49958     -0.00170      0.00870      0.00000
PD      0.75062      0.00000      0.74937      0.00071      0.00000      0.00174
PD      0.50042      0.25001      0.74936      0.00000      0.01062      0.00031
PD      0.50042      0.50000      0.00000      0.00000      0.00000      0.00000
PD      0.75062      0.75000      0.00000     -0.00086     -0.00635      0.00000
PD      0.75061      0.50000      0.24980     -0.00348      0.00000     -0.00034
PD      0.50042      0.74999      0.24980      0.00000     -0.01062     -0.00031
PD      0.50042      0.50000      0.49958      0.00000      0.00000      0.00000
PD      0.75061      0.74999      0.49958     -0.00170     -0.00870      0.00000
PD      0.75061      0.50000      0.74936     -0.00348      0.00000      0.00034
PD      0.50042      0.74999      0.74936      0.00000     -0.01062      0.00031
