/* Converted from PWscf output file */ 
#L_UNITS ang 
#E_UNITS eV 
#S_UNITS GPA 
#F_UNITS EV/ANG 
#ALAT 	   7.85004     // a0 
#X 	   0.99833     0.00000     0.00000     // X 
#Y 	   0.00000     0.99833     0.00000     // Y 
#Z 	   0.00000     0.00000     0.99833     // Z 
#SX 	   0.97973     0.00000     0.00000     // SX 
#SY 	   0.00000     0.97973     0.00000     // SY 
#SZ 	   0.00000     0.00000     0.97973     // SZ 
#EPA 	  -3.90907     // Energy per Atom 
#RCUT 	6.5        // Rcut 
PD      0.00000      0.00000      0.00000      0.00000      0.00000      0.00000
PD      0.24959      0.24959      0.00000      0.00151      0.00151      0.00000
PD      0.24959      0.00000      0.24959      0.00151      0.00000      0.00151
PD      0.00000      0.24959      0.24959      0.00000      0.00151      0.00151
PD      0.00000      0.00000      0.49917      0.00000      0.00000      0.00000
PD      0.24959      0.24959      0.49917      0.00330      0.00330      0.00000
PD      0.24959      0.00000      0.74875      0.00151      0.00000     -0.00151
PD      0.00000      0.24959      0.74875      0.00000      0.00151     -0.00151
PD      0.00000      0.49917      0.00000      0.00000      0.00000      0.00000
PD      0.24959      0.74875      0.00000      0.00151     -0.00151     -0.00000
PD      0.24959      0.49917      0.24959      0.00330      0.00000      0.00330
PD      0.00000      0.74875      0.24959      0.00000     -0.00151      0.00151
PD      0.00000      0.49917      0.49917      0.00000      0.00000      0.00000
PD      0.24959      0.74874      0.49917      0.00330     -0.00330     -0.00000
PD      0.24959      0.49917      0.74874      0.00330     -0.00000     -0.00330
PD      0.00000      0.74875      0.74875      0.00000     -0.00151     -0.00151
PD      0.49917      0.00000      0.00000      0.00000      0.00000     -0.00000
PD      0.74875      0.24959      0.00000     -0.00151      0.00151     -0.00000
PD      0.74875      0.00000      0.24959     -0.00151     -0.00000      0.00151
PD      0.49917      0.24959      0.24959     -0.00000      0.00330      0.00330
PD      0.49917      0.00000      0.49917      0.00000      0.00000      0.00000
PD      0.74874      0.24959      0.49917     -0.00330      0.00330     -0.00000
PD      0.74875      0.00000      0.74875     -0.00151      0.00000     -0.00151
PD      0.49917      0.24959      0.74874      0.00000      0.00330     -0.00330
PD      0.49917      0.49917      0.00000      0.00000      0.00000      0.00000
PD      0.74875      0.74875      0.00000     -0.00151     -0.00151      0.00000
PD      0.74874      0.49917      0.24959     -0.00330     -0.00000      0.00330
PD      0.49917      0.74874      0.24959     -0.00000     -0.00330      0.00330
PD      0.49917      0.49917      0.49917      0.00000      0.00000      0.00000
PD      0.74874      0.74874      0.49917     -0.00330     -0.00330      0.00000
PD      0.74874      0.49917      0.74874     -0.00330      0.00000     -0.00330
PD      0.49917      0.74874      0.74874     -0.00000     -0.00330     -0.00330
