#############################################################################
5.468E-03 ###   Wed, 30 Jun 2021 18:05:49 +0000
#############################################################################

####TIME#############LOG#####################################################
1.255E-02 ###   Script: /cloud/Code/python/eampa/eampa.py
3.121E-02 ###   Loaded: input.in
#############################################
  Read Input
  Time: 3.307E-02
#############################################
3.480E-02 ###   e
3.661E-02 ###   a0: 5.0
3.662E-02 ###   b0: 1.0
3.662E-02 ###   bp: 100.0
3.662E-02 ###   config: 0.0001
3.662E-02 ###   e: 1.0
3.662E-02 ###   e0: 25.0
3.662E-02 ###   ec: 1.0
3.662E-02 ###   energy: 20.0
3.662E-02 ###   force: 1.0
3.662E-02 ###   g: 1.0
3.662E-02 ###   negec: 1000.0
3.663E-02 ###   stress: 1.0
3.663E-02 ###   v: 1.0
3.663E-02 ###   
3.846E-02 ###   max: 100.0
3.847E-02 ###   min: 0.1
3.847E-02 ###   scale_exponent: 4.0
3.847E-02 ###   scale_factor: 10.0
3.847E-02 ###   zero_density_factor: 100000000.0
3.848E-02 ###   
4.033E-02 ###   pot_dir: None
4.034E-02 ###   pot_name: None
4.034E-02 ###   results_dir: results
4.034E-02 ###   
4.203E-02 ###   bp_file: bp.dat
4.203E-02 ###   dir: bp
4.203E-02 ###   ec_size: 6
4.203E-02 ###   ec_strain: 0.05
4.204E-02 ###   eos_size: 6
4.204E-02 ###   eos_strain: 0.1
4.204E-02 ###   
4.373E-02 ###   
4.554E-02 ###   1: {'label_id': 1, 'label_text': 'AL', 'atom_count': 32, 'relaxed_energy': -1264.06398979, 'relaxed_energy_unit': 'Ry', 'coh_energy': -3.36, 'coh_energy_unit': 'eV', 'calc_relaxed_dft_ev': -537.454181036, 'calc_coh_ev': -3.36, 'calc_apaev': 534.094181036}
4.554E-02 ###   2: {'label_id': 2, 'label_text': 'FE', 'atom_count': 16, 'relaxed_energy': -5268.188, 'relaxed_energy_unit': 'Ry', 'coh_energy': -4.316, 'coh_energy_unit': 'eV', 'calc_relaxed_dft_ev': -4479.851795407, 'calc_coh_ev': -4.316, 'calc_apaev': 4475.5357954070005}
4.555E-02 ###   3: {'label_id': 3, 'label_text': 'PD', 'atom_count': 32, 'relaxed_energy': -16384.958, 'relaxed_energy_unit': 'Ry', 'coh_energy': -3.91, 'coh_energy_unit': 'eV', 'calc_relaxed_dft_ev': -6966.549363269, 'calc_coh_ev': -3.91, 'calc_apaev': 6962.639363269001}
4.555E-02 ###   
#############################################
  Setup Directories
  Time: 4.729E-02
#############################################
4.898E-02 ###   WD: wd/wd
#############################################
  Memory
  Time: 5.860E-02
#############################################
6.045E-02 ###   EFS 6000000000.0
6.222E-02 ###   config size       765306
6.393E-02 ###   ghost size        9183673
6.560E-02 ###   nl size           76530612
6.734E-02 ###   BP 6000000000.0
6.902E-02 ###   config size       255102
7.076E-02 ###   ghost size        3061224
7.250E-02 ###   nl size           25510204
#############################################
  Potential Load
  Time: 7.425E-02
#############################################
7.648E-02 ###   Potential file: pot/pd.pot
7.821E-02 ###   Loading: pot/pd.pot
3.993E+00 ###   std  configs/0368.dat
4.005E+00 ###   std  configs/0546.dat
4.019E+00 ###   std  configs/0127.dat
4.031E+00 ###   std  configs/0597.dat
4.045E+00 ###   std  configs/0230.dat
4.056E+00 ###   std  configs/0314.dat
4.068E+00 ###   std  configs/0462.dat
4.080E+00 ###   std  configs/0003.dat
4.092E+00 ###   std  configs/0313.dat
4.104E+00 ###   std  configs/0465.dat
4.115E+00 ###   std  configs/0004.dat
4.127E+00 ###   std  configs/0419.dat
4.139E+00 ###   std  configs/0078.dat
4.153E+00 ###   std  configs/0541.dat
4.165E+00 ###   std  configs/0120.dat
4.176E+00 ###   std  configs/0237.dat
4.188E+00 ###   std  configs/0590.dat
4.200E+00 ###   std  configs/0533.dat
4.212E+00 ###   std  configs/0294.dat
4.224E+00 ###   std  configs/0152.dat
4.236E+00 ###   std  configs/0183.dat
4.247E+00 ###   std  configs/0245.dat
4.259E+00 ###   std  configs/0361.dat
4.271E+00 ###   std  configs/0417.dat
4.284E+00 ###   std  configs/0076.dat
4.295E+00 ###   std  configs/0239.dat
4.307E+00 ###   std  configs/0366.dat
4.319E+00 ###   std  configs/0410.dat
4.331E+00 ###   std  configs/0071.dat
4.343E+00 ###   std  configs/0548.dat
4.356E+00 ###   std  configs/0129.dat
4.367E+00 ###   std  configs/0599.dat
4.379E+00 ###   std  configs/0293.dat
4.391E+00 ###   std  configs/0534.dat
4.404E+00 ###   std  configs/0155.dat
4.416E+00 ###   std  configs/0184.dat
4.428E+00 ###   std  configs/0242.dat
4.440E+00 ###   std  configs/0044.dat
4.452E+00 ###   std  configs/0382.dat
4.464E+00 ###   std  configs/0425.dat
4.475E+00 ###   std  configs/0353.dat
4.487E+00 ###   std  configs/0095.dat
4.499E+00 ###   std  configs/0038.dat
4.512E+00 ###   std  configs/0459.dat
4.524E+00 ###   std  configs/0488.dat
4.536E+00 ###   std  configs/0277.dat
4.547E+00 ###   std  configs/0160.dat
4.559E+00 ###   std  configs/0501.dat
4.571E+00 ###   std  configs/0328.dat
4.583E+00 ###   std  configs/0270.dat
4.595E+00 ###   std  configs/0167.dat
4.607E+00 ###   std  configs/0506.dat
4.619E+00 ###   std  configs/0043.dat
4.630E+00 ###   std  configs/0422.dat
4.642E+00 ###   std  configs/0385.dat
4.654E+00 ###   std  configs/0354.dat
4.665E+00 ###   std  configs/0092.dat
4.677E+00 ###   std  configs/0031.dat
4.689E+00 ###   std  configs/0450.dat
4.701E+00 ###   std  configs/0326.dat
4.713E+00 ###   std  configs/0481.dat
4.726E+00 ###   std  configs/0169.dat
4.738E+00 ###   std  configs/0508.dat
4.749E+00 ###   std  configs/0202.dat
4.761E+00 ###   std  configs/0115.dat
4.773E+00 ###   std  configs/0574.dat
4.785E+00 ###   std  configs/0205.dat
4.796E+00 ###   std  configs/0112.dat
4.808E+00 ###   std  configs/0573.dat
4.821E+00 ###   std  configs/0036.dat
4.836E+00 ###   std  configs/0457.dat
4.853E+00 ###   std  configs/0486.dat
4.869E+00 ###   std  configs/0321.dat
4.884E+00 ###   std  configs/0279.dat
4.896E+00 ###   std  configs/0103.dat
4.907E+00 ###   std  configs/0562.dat
4.919E+00 ###   std  configs/0214.dat
4.931E+00 ###   std  configs/0268.dat
####TIME#############LOG#####################################################
4.944E+00 ###   std  configs/0330.dat
4.956E+00 ###   std  configs/0497.dat
4.968E+00 ###   std  configs/0027.dat
4.981E+00 ###   std  configs/0446.dat
4.992E+00 ###   std  configs/0178.dat
5.004E+00 ###   std  configs/0519.dat
5.016E+00 ###   std  configs/0490.dat
5.028E+00 ###   std  configs/0337.dat
5.040E+00 ###   std  configs/0020.dat
5.052E+00 ###   std  configs/0441.dat
5.064E+00 ###   std  configs/0104.dat
5.076E+00 ###   std  configs/0565.dat
5.088E+00 ###   std  configs/0213.dat
5.100E+00 ###   std  configs/0176.dat
5.112E+00 ###   std  configs/0517.dat
5.124E+00 ###   std  configs/0261.dat
5.136E+00 ###   std  configs/0600.dat
5.146E+00 ###   std  configs/0339.dat
5.158E+00 ###   std  configs/0345.dat
5.170E+00 ###   std  configs/0083.dat
5.182E+00 ###   std  configs/0052.dat
5.193E+00 ###   std  configs/0394.dat
5.205E+00 ###   std  configs/0433.dat
5.217E+00 ###   std  configs/0342.dat
5.230E+00 ###   std  configs/0084.dat
5.242E+00 ###   std  configs/0055.dat
5.253E+00 ###   std  configs/0434.dat
5.265E+00 ###   std  configs/0393.dat
5.277E+00 ###   std  configs/0171.dat
5.288E+00 ###   std  configs/0510.dat
5.300E+00 ###   std  configs/0266.dat
5.312E+00 ###   std  configs/0499.dat
5.324E+00 ###   std  configs/0029.dat
5.335E+00 ###   std  configs/0448.dat
5.347E+00 ###   std  configs/0588.dat
5.359E+00 ###   std  configs/0559.dat
5.370E+00 ###   std  configs/0138.dat
5.382E+00 ###   std  configs/0401.dat
5.394E+00 ###   std  configs/0060.dat
5.406E+00 ###   std  configs/0377.dat
5.418E+00 ###   std  configs/0195.dat
5.430E+00 ###   std  configs/0253.dat
5.442E+00 ###   std  configs/0525.dat
5.454E+00 ###   std  configs/0282.dat
5.465E+00 ###   std  configs/0144.dat
5.477E+00 ###   std  configs/0192.dat
5.489E+00 ###   std  configs/0254.dat
5.501E+00 ###   std  configs/0285.dat
5.513E+00 ###   std  configs/0522.dat
5.525E+00 ###   std  configs/0143.dat
5.537E+00 ###   std  configs/0228.dat
5.548E+00 ###   std  configs/0406.dat
5.560E+00 ###   std  configs/0067.dat
5.572E+00 ###   std  configs/0370.dat
5.584E+00 ###   std  configs/0474.dat
5.596E+00 ###   std  configs/0015.dat
5.608E+00 ###   std  configs/0302.dat
5.619E+00 ###   std  configs/0581.dat
5.631E+00 ###   std  configs/0226.dat
5.643E+00 ###   std  configs/0550.dat
5.655E+00 ###   std  configs/0131.dat
5.667E+00 ###   std  configs/0408.dat
5.679E+00 ###   std  configs/0069.dat
5.691E+00 ###   std  configs/0221.dat
5.702E+00 ###   std  configs/0586.dat
5.714E+00 ###   std  configs/0557.dat
5.726E+00 ###   std  configs/0136.dat
5.738E+00 ###   std  configs/0379.dat
5.750E+00 ###   std  configs/0473.dat
5.761E+00 ###   std  configs/0012.dat
5.773E+00 ###   std  configs/0305.dat
5.785E+00 ###   std  configs/0204.dat
5.797E+00 ###   std  configs/0113.dat
5.810E+00 ###   std  configs/0572.dat
5.821E+00 ###   std  configs/0037.dat
5.833E+00 ###   std  configs/0456.dat
5.846E+00 ###   std  configs/0320.dat
5.858E+00 ###   std  configs/0487.dat
5.870E+00 ###   std  configs/0278.dat
5.882E+00 ###   std  configs/0030.dat
5.894E+00 ###   std  configs/0451.dat
5.906E+00 ###   std  configs/0480.dat
5.918E+00 ###   std  configs/0327.dat
5.931E+00 ###   std  configs/0168.dat
5.943E+00 ###   std  configs/0509.dat
5.954E+00 ###   std  configs/0203.dat
5.966E+00 ###   std  configs/0114.dat
5.978E+00 ###   std  configs/0575.dat
5.989E+00 ###   std  configs/0329.dat
6.001E+00 ###   std  configs/0271.dat
6.014E+00 ###   std  configs/0166.dat
6.025E+00 ###   std  configs/0507.dat
6.037E+00 ###   std  configs/0042.dat
6.049E+00 ###   std  configs/0384.dat
6.061E+00 ###   std  configs/0423.dat
6.073E+00 ###   std  configs/0355.dat
6.085E+00 ###   std  configs/0093.dat
6.098E+00 ###   std  configs/0045.dat
6.110E+00 ###   std  configs/0424.dat
6.121E+00 ###   std  configs/0383.dat
####TIME#############LOG#####################################################
6.135E+00 ###   std  configs/0352.dat
6.147E+00 ###   std  configs/0094.dat
6.159E+00 ###   std  configs/0039.dat
6.171E+00 ###   std  configs/0458.dat
6.183E+00 ###   std  configs/0489.dat
6.195E+00 ###   std  configs/0276.dat
6.207E+00 ###   std  configs/0161.dat
6.219E+00 ###   std  configs/0500.dat
6.230E+00 ###   std  configs/0367.dat
6.242E+00 ###   std  configs/0411.dat
6.254E+00 ###   std  configs/0070.dat
6.266E+00 ###   std  configs/0549.dat
6.278E+00 ###   std  configs/0128.dat
6.289E+00 ###   std  configs/0598.dat
6.301E+00 ###   std  configs/0535.dat
6.313E+00 ###   std  configs/0292.dat
6.325E+00 ###   std  configs/0154.dat
6.337E+00 ###   std  configs/0185.dat
6.348E+00 ###   std  configs/0243.dat
6.360E+00 ###   std  configs/0295.dat
6.372E+00 ###   std  configs/0532.dat
6.384E+00 ###   std  configs/0153.dat
6.396E+00 ###   std  configs/0182.dat
6.407E+00 ###   std  configs/0244.dat
6.419E+00 ###   std  configs/0360.dat
6.431E+00 ###   std  configs/0416.dat
6.443E+00 ###   std  configs/0077.dat
6.456E+00 ###   std  configs/0238.dat
6.467E+00 ###   std  configs/0312.dat
6.479E+00 ###   std  configs/0464.dat
6.491E+00 ###   std  configs/0005.dat
6.503E+00 ###   std  configs/0418.dat
6.515E+00 ###   std  configs/0079.dat
6.526E+00 ###   std  configs/0540.dat
6.538E+00 ###   std  configs/0121.dat
6.550E+00 ###   std  configs/0591.dat
6.562E+00 ###   std  configs/0236.dat
6.574E+00 ###   std  configs/0369.dat
6.585E+00 ###   std  configs/0547.dat
6.597E+00 ###   std  configs/0126.dat
6.609E+00 ###   std  configs/0231.dat
6.621E+00 ###   std  configs/0596.dat
6.632E+00 ###   std  configs/0315.dat
6.644E+00 ###   std  configs/0463.dat
6.656E+00 ###   std  configs/0002.dat
6.668E+00 ###   std  configs/0587.dat
6.679E+00 ###   std  configs/0220.dat
6.691E+00 ###   std  configs/0556.dat
6.703E+00 ###   std  configs/0137.dat
6.715E+00 ###   std  configs/0378.dat
6.726E+00 ###   std  configs/0472.dat
6.738E+00 ###   std  configs/0013.dat
6.750E+00 ###   std  configs/0304.dat
6.762E+00 ###   std  configs/0475.dat
6.774E+00 ###   std  configs/0014.dat
6.786E+00 ###   std  configs/0303.dat
6.798E+00 ###   std  configs/0227.dat
6.810E+00 ###   std  configs/0580.dat
6.828E+00 ###   std  configs/0551.dat
6.843E+00 ###   std  configs/0130.dat
6.857E+00 ###   std  configs/0409.dat
6.870E+00 ###   std  configs/0068.dat
6.882E+00 ###   std  configs/0193.dat
6.894E+00 ###   std  configs/0255.dat
6.906E+00 ###   std  configs/0523.dat
6.917E+00 ###   std  configs/0284.dat
6.929E+00 ###   std  configs/0142.dat
6.941E+00 ###   std  configs/0229.dat
6.953E+00 ###   std  configs/0407.dat
6.965E+00 ###   std  configs/0066.dat
6.976E+00 ###   std  configs/0371.dat
6.988E+00 ###   std  configs/0589.dat
7.000E+00 ###   std  configs/0558.dat
7.011E+00 ###   std  configs/0139.dat
7.023E+00 ###   std  configs/0400.dat
7.035E+00 ###   std  configs/0061.dat
7.046E+00 ###   std  configs/0376.dat
7.058E+00 ###   std  configs/0194.dat
7.070E+00 ###   std  configs/0252.dat
7.082E+00 ###   std  configs/0283.dat
7.094E+00 ###   std  configs/0524.dat
7.105E+00 ###   std  configs/0145.dat
7.117E+00 ###   std  configs/0343.dat
7.129E+00 ###   std  configs/0085.dat
7.141E+00 ###   std  configs/0054.dat
7.153E+00 ###   std  configs/0392.dat
7.165E+00 ###   std  configs/0435.dat
7.177E+00 ###   std  configs/0170.dat
7.189E+00 ###   std  configs/0511.dat
7.201E+00 ###   std  configs/0267.dat
7.213E+00 ###   std  configs/0498.dat
7.224E+00 ###   std  configs/0028.dat
7.236E+00 ###   std  configs/0449.dat
7.248E+00 ###   std  configs/0177.dat
7.260E+00 ###   std  configs/0516.dat
7.272E+00 ###   std  configs/0260.dat
7.284E+00 ###   std  configs/0338.dat
7.296E+00 ###   std  configs/0344.dat
7.307E+00 ###   std  configs/0082.dat
7.319E+00 ###   std  configs/0053.dat
####TIME#############LOG#####################################################
7.332E+00 ###   std  configs/0432.dat
7.344E+00 ###   std  configs/0395.dat
7.356E+00 ###   std  configs/0179.dat
7.368E+00 ###   std  configs/0518.dat
7.379E+00 ###   std  configs/0336.dat
7.392E+00 ###   std  configs/0491.dat
7.404E+00 ###   std  configs/0021.dat
7.416E+00 ###   std  configs/0440.dat
7.428E+00 ###   std  configs/0105.dat
7.440E+00 ###   std  configs/0564.dat
7.452E+00 ###   std  configs/0212.dat
7.464E+00 ###   std  configs/0102.dat
7.475E+00 ###   std  configs/0563.dat
7.487E+00 ###   std  configs/0215.dat
7.499E+00 ###   std  configs/0269.dat
7.511E+00 ###   std  configs/0496.dat
7.523E+00 ###   std  configs/0331.dat
7.535E+00 ###   std  configs/0026.dat
7.547E+00 ###   std  configs/0447.dat
7.559E+00 ###   std  configs/0258.dat
7.571E+00 ###   std  configs/0289.dat
7.583E+00 ###   std  configs/0017.dat
7.595E+00 ###   std  configs/0476.dat
7.606E+00 ###   std  configs/0300.dat
7.618E+00 ###   std  configs/0224.dat
7.630E+00 ###   std  configs/0583.dat
7.642E+00 ###   std  configs/0133.dat
7.654E+00 ###   std  configs/0552.dat
7.665E+00 ###   std  configs/0584.dat
7.677E+00 ###   std  configs/0223.dat
7.689E+00 ###   std  configs/0134.dat
7.701E+00 ###   std  configs/0555.dat
7.712E+00 ###   std  configs/0199.dat
7.725E+00 ###   std  configs/0148.dat
7.737E+00 ###   std  configs/0529.dat
7.749E+00 ###   std  configs/0010.dat
7.761E+00 ###   std  configs/0471.dat
7.773E+00 ###   std  configs/0307.dat
7.785E+00 ###   std  configs/0062.dat
7.796E+00 ###   std  configs/0403.dat
7.808E+00 ###   std  configs/0375.dat
7.821E+00 ###   std  configs/0251.dat
7.833E+00 ###   std  configs/0197.dat
7.844E+00 ###   std  configs/0146.dat
7.856E+00 ###   std  configs/0280.dat
7.867E+00 ###   std  configs/0527.dat
7.879E+00 ###   std  configs/0309.dat
7.890E+00 ###   std  configs/0256.dat
7.902E+00 ###   std  configs/0190.dat
7.914E+00 ###   std  configs/0141.dat
7.926E+00 ###   std  configs/0520.dat
7.938E+00 ###   std  configs/0287.dat
7.950E+00 ###   std  configs/0019.dat
7.962E+00 ###   std  configs/0478.dat
7.973E+00 ###   std  configs/0065.dat
7.986E+00 ###   std  configs/0404.dat
7.997E+00 ###   std  configs/0372.dat
8.009E+00 ###   std  configs/0515.dat
8.021E+00 ###   std  configs/0174.dat
8.033E+00 ###   std  configs/0263.dat
8.045E+00 ###   std  configs/0569.dat
8.057E+00 ###   std  configs/0108.dat
8.068E+00 ###   std  configs/0081.dat
8.080E+00 ###   std  configs/0347.dat
8.092E+00 ###   std  configs/0431.dat
8.104E+00 ###   std  configs/0396.dat
8.116E+00 ###   std  configs/0050.dat
8.127E+00 ###   std  configs/0218.dat
8.140E+00 ###   std  configs/0086.dat
8.151E+00 ###   std  configs/0340.dat
8.163E+00 ###   std  configs/0391.dat
8.175E+00 ###   std  configs/0436.dat
8.187E+00 ###   std  configs/0057.dat
8.199E+00 ###   std  configs/0512.dat
8.211E+00 ###   std  configs/0173.dat
8.223E+00 ###   std  configs/0264.dat
8.235E+00 ###   std  configs/0560.dat
8.246E+00 ###   std  configs/0101.dat
8.258E+00 ###   std  configs/0216.dat
8.270E+00 ###   std  configs/0088.dat
8.282E+00 ###   std  configs/0438.dat
8.293E+00 ###   std  configs/0059.dat
8.305E+00 ###   std  configs/0495.dat
8.317E+00 ###   std  configs/0332.dat
8.328E+00 ###   std  configs/0444.dat
8.340E+00 ###   std  configs/0025.dat
8.352E+00 ###   std  configs/0335.dat
8.363E+00 ###   std  configs/0492.dat
8.375E+00 ###   std  configs/0443.dat
8.387E+00 ###   std  configs/0022.dat
8.399E+00 ###   std  configs/0567.dat
8.411E+00 ###   std  configs/0106.dat
8.424E+00 ###   std  configs/0211.dat
8.437E+00 ###   std  configs/0349.dat
8.449E+00 ###   std  configs/0398.dat
8.463E+00 ###   std  configs/0452.dat
8.475E+00 ###   std  configs/0033.dat
8.487E+00 ###   std  configs/0483.dat
8.499E+00 ###   std  configs/0324.dat
8.512E+00 ###   std  configs/0389.dat
####TIME#############LOG#####################################################
8.526E+00 ###   std  configs/0358.dat
8.538E+00 ###   std  configs/0200.dat
8.549E+00 ###   std  configs/0576.dat
8.561E+00 ###   std  configs/0117.dat
8.573E+00 ###   std  configs/0429.dat
8.585E+00 ###   std  configs/0048.dat
8.597E+00 ###   std  configs/0099.dat
8.609E+00 ###   std  configs/0207.dat
8.620E+00 ###   std  configs/0571.dat
8.632E+00 ###   std  configs/0110.dat
8.644E+00 ###   std  configs/0455.dat
8.656E+00 ###   std  configs/0034.dat
8.667E+00 ###   std  configs/0323.dat
8.679E+00 ###   std  configs/0484.dat
8.691E+00 ###   std  configs/0427.dat
8.702E+00 ###   std  configs/0380.dat
8.714E+00 ###   std  configs/0046.dat
8.726E+00 ###   std  configs/0097.dat
8.738E+00 ###   std  configs/0351.dat
8.750E+00 ###   std  configs/0209.dat
8.762E+00 ###   std  configs/0275.dat
8.774E+00 ###   std  configs/0503.dat
8.786E+00 ###   std  configs/0162.dat
8.798E+00 ###   std  configs/0272.dat
8.810E+00 ###   std  configs/0504.dat
8.821E+00 ###   std  configs/0165.dat
8.834E+00 ###   std  configs/0387.dat
8.851E+00 ###   std  configs/0420.dat
8.867E+00 ###   std  configs/0041.dat
8.883E+00 ###   std  configs/0090.dat
8.895E+00 ###   std  configs/0356.dat
8.907E+00 ###   std  configs/0578.dat
8.919E+00 ###   std  configs/0119.dat
8.931E+00 ###   std  configs/0008.dat
8.943E+00 ###   std  configs/0469.dat
8.955E+00 ###   std  configs/0150.dat
8.967E+00 ###   std  configs/0296.dat
8.978E+00 ###   std  configs/0531.dat
8.991E+00 ###   std  configs/0247.dat
9.002E+00 ###   std  configs/0181.dat
9.016E+00 ###   std  configs/0363.dat
9.029E+00 ###   std  configs/0074.dat
9.042E+00 ###   std  configs/0415.dat
9.054E+00 ###   std  configs/0364.dat
9.065E+00 ###   std  configs/0073.dat
9.094E+00 ###   std  configs/0412.dat
9.106E+00 ###   std  configs/0318.dat
9.118E+00 ###   std  configs/0157.dat
9.129E+00 ###   std  configs/0536.dat
9.141E+00 ###   std  configs/0291.dat
9.153E+00 ###   std  configs/0240.dat
9.165E+00 ###   std  configs/0186.dat
9.176E+00 ###   std  configs/0125.dat
9.188E+00 ###   std  configs/0544.dat
9.200E+00 ###   std  configs/0232.dat
9.212E+00 ###   std  configs/0595.dat
9.224E+00 ###   std  configs/0316.dat
9.236E+00 ###   std  configs/0001.dat
9.247E+00 ###   std  configs/0460.dat
9.259E+00 ###   std  configs/0159.dat
9.271E+00 ###   std  configs/0538.dat
9.283E+00 ###   std  configs/0188.dat
9.294E+00 ###   std  configs/0311.dat
9.306E+00 ###   std  configs/0006.dat
9.318E+00 ###   std  configs/0467.dat
9.330E+00 ###   std  configs/0298.dat
9.341E+00 ###   std  configs/0249.dat
9.353E+00 ###   std  configs/0122.dat
9.365E+00 ###   std  configs/0543.dat
9.377E+00 ###   std  configs/0592.dat
9.388E+00 ###   std  configs/0235.dat
9.400E+00 ###   std  configs/0493.dat
9.411E+00 ###   std  configs/0334.dat
9.423E+00 ###   std  configs/0442.dat
9.435E+00 ###   std  configs/0023.dat
9.447E+00 ###   std  configs/0566.dat
9.460E+00 ###   std  configs/0107.dat
9.472E+00 ###   std  configs/0210.dat
9.484E+00 ###   std  configs/0348.dat
9.496E+00 ###   std  configs/0399.dat
9.508E+00 ###   std  configs/0561.dat
9.520E+00 ###   std  configs/0100.dat
9.531E+00 ###   std  configs/0217.dat
9.543E+00 ###   std  configs/0089.dat
9.555E+00 ###   std  configs/0439.dat
9.567E+00 ###   std  configs/0058.dat
9.578E+00 ###   std  configs/0333.dat
9.590E+00 ###   std  configs/0494.dat
9.602E+00 ###   std  configs/0445.dat
9.614E+00 ###   std  configs/0024.dat
9.625E+00 ###   std  configs/0219.dat
9.637E+00 ###   std  configs/0087.dat
9.649E+00 ###   std  configs/0341.dat
9.660E+00 ###   std  configs/0437.dat
9.673E+00 ###   std  configs/0390.dat
9.685E+00 ###   std  configs/0056.dat
9.701E+00 ###   std  configs/0513.dat
9.716E+00 ###   std  configs/0172.dat
9.730E+00 ###   std  configs/0265.dat
9.742E+00 ###   std  configs/0514.dat
####TIME#############LOG#####################################################
9.756E+00 ###   std  configs/0175.dat
9.768E+00 ###   std  configs/0262.dat
9.780E+00 ###   std  configs/0568.dat
9.792E+00 ###   std  configs/0109.dat
9.804E+00 ###   std  configs/0080.dat
9.815E+00 ###   std  configs/0346.dat
9.828E+00 ###   std  configs/0397.dat
9.839E+00 ###   std  configs/0430.dat
9.851E+00 ###   std  configs/0051.dat
9.863E+00 ###   std  configs/0257.dat
9.875E+00 ###   std  configs/0191.dat
9.887E+00 ###   std  configs/0140.dat
9.900E+00 ###   std  configs/0286.dat
9.912E+00 ###   std  configs/0521.dat
9.924E+00 ###   std  configs/0018.dat
9.937E+00 ###   std  configs/0479.dat
9.949E+00 ###   std  configs/0064.dat
9.965E+00 ###   std  configs/0405.dat
9.978E+00 ###   std  configs/0373.dat
9.991E+00 ###   std  configs/0063.dat
1.000E+01 ###   std  configs/0402.dat
1.002E+01 ###   std  configs/0374.dat
1.003E+01 ###   std  configs/0250.dat
1.004E+01 ###   std  configs/0196.dat
1.005E+01 ###   std  configs/0147.dat
1.006E+01 ###   std  configs/0526.dat
1.007E+01 ###   std  configs/0281.dat
1.009E+01 ###   std  configs/0308.dat
1.010E+01 ###   std  configs/0222.dat
1.011E+01 ###   std  configs/0585.dat
1.012E+01 ###   std  configs/0135.dat
1.014E+01 ###   std  configs/0554.dat
1.015E+01 ###   std  configs/0198.dat
1.016E+01 ###   std  configs/0149.dat
1.017E+01 ###   std  configs/0528.dat
1.018E+01 ###   std  configs/0011.dat
1.020E+01 ###   std  configs/0470.dat
1.021E+01 ###   std  configs/0306.dat
1.022E+01 ###   std  configs/0259.dat
1.023E+01 ###   std  configs/0288.dat
1.025E+01 ###   std  configs/0016.dat
1.026E+01 ###   std  configs/0477.dat
1.027E+01 ###   std  configs/0301.dat
1.028E+01 ###   std  configs/0582.dat
1.029E+01 ###   std  configs/0225.dat
1.031E+01 ###   std  configs/0132.dat
1.032E+01 ###   std  configs/0553.dat
1.033E+01 ###   std  configs/0310.dat
1.034E+01 ###   std  configs/0007.dat
1.036E+01 ###   std  configs/0466.dat
1.037E+01 ###   std  configs/0299.dat
1.038E+01 ###   std  configs/0248.dat
1.039E+01 ###   std  configs/0123.dat
1.041E+01 ###   std  configs/0542.dat
1.042E+01 ###   std  configs/0234.dat
1.044E+01 ###   std  configs/0593.dat
1.045E+01 ###   std  configs/0124.dat
1.046E+01 ###   std  configs/0545.dat
1.048E+01 ###   std  configs/0594.dat
1.049E+01 ###   std  configs/0233.dat
1.050E+01 ###   std  configs/0317.dat
1.051E+01 ###   std  configs/0000.dat
1.052E+01 ###   std  configs/0461.dat
1.054E+01 ###   std  configs/0158.dat
1.055E+01 ###   std  configs/0539.dat
1.056E+01 ###   std  configs/0189.dat
1.057E+01 ###   std  configs/0365.dat
1.058E+01 ###   std  configs/0072.dat
1.060E+01 ###   std  configs/0413.dat
1.061E+01 ###   std  configs/0319.dat
1.062E+01 ###   std  configs/0156.dat
1.063E+01 ###   std  configs/0290.dat
1.064E+01 ###   std  configs/0537.dat
1.066E+01 ###   std  configs/0241.dat
1.067E+01 ###   std  configs/0187.dat
1.068E+01 ###   std  configs/0009.dat
1.069E+01 ###   std  configs/0468.dat
1.070E+01 ###   std  configs/0151.dat
1.072E+01 ###   std  configs/0530.dat
1.073E+01 ###   std  configs/0297.dat
1.074E+01 ###   std  configs/0246.dat
1.075E+01 ###   std  configs/0180.dat
1.077E+01 ###   std  configs/0362.dat
1.078E+01 ###   std  configs/0075.dat
1.079E+01 ###   std  configs/0414.dat
1.080E+01 ###   std  configs/0273.dat
1.081E+01 ###   std  configs/0505.dat
1.083E+01 ###   std  configs/0164.dat
1.084E+01 ###   std  configs/0421.dat
1.085E+01 ###   std  configs/0386.dat
1.086E+01 ###   std  configs/0040.dat
1.087E+01 ###   std  configs/0091.dat
1.088E+01 ###   std  configs/0357.dat
1.090E+01 ###   std  configs/0579.dat
1.091E+01 ###   std  configs/0118.dat
1.092E+01 ###   std  configs/0381.dat
1.093E+01 ###   std  configs/0426.dat
1.094E+01 ###   std  configs/0047.dat
1.096E+01 ###   std  configs/0096.dat
1.097E+01 ###   std  configs/0350.dat
####TIME#############LOG#####################################################
1.098E+01 ###   std  configs/0208.dat
1.099E+01 ###   std  configs/0274.dat
1.101E+01 ###   std  configs/0502.dat
1.102E+01 ###   std  configs/0163.dat
1.103E+01 ###   std  configs/0428.dat
1.104E+01 ###   std  configs/0049.dat
1.105E+01 ###   std  configs/0098.dat
1.107E+01 ###   std  configs/0206.dat
1.108E+01 ###   std  configs/0570.dat
1.109E+01 ###   std  configs/0111.dat
1.111E+01 ###   std  configs/0454.dat
1.112E+01 ###   std  configs/0035.dat
1.114E+01 ###   std  configs/0485.dat
1.115E+01 ###   std  configs/0322.dat
1.116E+01 ###   std  configs/0453.dat
1.117E+01 ###   std  configs/0032.dat
1.118E+01 ###   std  configs/0325.dat
1.120E+01 ###   std  configs/0482.dat
1.121E+01 ###   std  configs/0388.dat
1.122E+01 ###   std  configs/0359.dat
1.123E+01 ###   std  configs/0201.dat
1.124E+01 ###   std  configs/0577.dat
1.126E+01 ###   std  configs/0116.dat
