/* Converted from PWscf output file */ 
#L_UNITS ang 
#E_UNITS eV 
#S_UNITS GPA 
#F_UNITS EV/ANG 
#ALAT 	   6.84431     // a0 
#X 	   1.00000     0.00000     0.00000     // X 
#Y 	   0.00000     1.06150     0.00000     // Y 
#Z 	   0.00000     0.00000     0.99999     // Z 
#SX 	   0.93787     0.00000     0.00000     // SX 
#SY 	   0.00000    -2.02012     0.00000     // SY 
#SZ 	   0.00000     0.00000    -0.93845     // SZ 
#EPA 	  -4.26449     // Energy per Atom 
#RCUT 	6.5        // Rcut 
FE      0.00000      0.00000      0.00000      0.00000      0.00000      0.00000
FE      0.25000      0.26538      0.00000     -0.00045     -0.00118      0.00000
FE      0.25000      0.00000      0.24999     -0.00047      0.00000      0.00202
FE      0.00000      0.26538      0.25000      0.00000     -0.00102     -0.00070
FE      0.00000      0.00000      0.49999      0.00000      0.00000      0.00000
FE      0.25000      0.26538      0.49999     -0.00094     -0.00216      0.00000
FE      0.25000      0.00000      0.74999     -0.00047     -0.00000     -0.00202
FE      0.00000      0.26538      0.74999      0.00000     -0.00102      0.00070
FE      0.00000      0.53075      0.00000      0.00000      0.00000      0.00000
FE      0.25000      0.79613      0.00000     -0.00045      0.00118      0.00000
FE      0.25000      0.53075      0.25000     -0.00122     -0.00000      0.00055
FE      0.00000      0.79613      0.25000      0.00000      0.00102     -0.00070
FE      0.00000      0.53075      0.49999      0.00000      0.00000      0.00000
FE      0.25000      0.79612      0.49999     -0.00094      0.00216      0.00000
FE      0.25000      0.53075      0.74999     -0.00122      0.00000     -0.00055
FE      0.00000      0.79613      0.74999      0.00000      0.00102      0.00070
FE      0.50000      0.00000      0.00000      0.00000      0.00000      0.00000
FE      0.75000      0.26538      0.00000      0.00045     -0.00118      0.00000
FE      0.75000      0.00000      0.24999      0.00047     -0.00000      0.00202
FE      0.50000      0.26538      0.25000      0.00000     -0.00026      0.00007
FE      0.50000      0.00000      0.49999      0.00000      0.00000      0.00000
FE      0.75000      0.26538      0.49999      0.00094     -0.00216      0.00000
FE      0.75000      0.00000      0.74999      0.00047      0.00000     -0.00202
FE      0.50000      0.26538      0.74999      0.00000     -0.00026     -0.00007
FE      0.50000      0.53075      0.00000      0.00000      0.00000      0.00000
FE      0.75000      0.79613      0.00000      0.00045      0.00118      0.00000
FE      0.75000      0.53075      0.25000      0.00122      0.00000      0.00055
FE      0.50000      0.79613      0.25000      0.00000      0.00026      0.00007
FE      0.50000      0.53075      0.49999      0.00000      0.00000      0.00000
FE      0.75000      0.79612      0.49999      0.00094      0.00216      0.00000
FE      0.75000      0.53075      0.74999      0.00122     -0.00000     -0.00055
FE      0.50000      0.79613      0.74999      0.00000      0.00026     -0.00007
