/* Converted from PWscf output file */ 
#L_UNITS ang 
#E_UNITS eV 
#S_UNITS GPA 
#F_UNITS EV/ANG 
#ALAT 	   6.84431     // a0 
#X 	   1.00167     0.00000     0.00000     // X 
#Y 	   0.00000     1.05447     0.00000     // Y 
#Z 	   0.00000     0.00000     0.99999     // Z 
#SX 	   0.61441     0.00000     0.00000     // SX 
#SY 	   0.00000    -0.23173     0.00000     // SY 
#SZ 	   0.00000     0.00000    -0.40761     // SZ 
#EPA 	  -4.26319     // Energy per Atom 
#RCUT 	6.5        // Rcut 
FE      0.00000      0.00000      0.00000      0.00000      0.00000      0.00000
FE      0.25041      0.26362      0.00000     -0.00083      0.00065      0.00000
FE      0.25041      0.00000      0.24999      0.00027     -0.00000     -0.00038
FE      0.00000      0.26362      0.25000      0.00000     -0.00122      0.00015
FE      0.00000      0.00000      0.49999      0.00000      0.00000      0.00000
FE      0.25042      0.26362      0.49999     -0.00033      0.00016      0.00000
FE      0.25041      0.00000      0.74999      0.00027      0.00000      0.00038
FE      0.00000      0.26362      0.74999      0.00000     -0.00122     -0.00015
FE      0.00000      0.52724      0.00000      0.00000      0.00000      0.00000
FE      0.25041      0.79085      0.00000     -0.00083     -0.00065      0.00000
FE      0.25042      0.52724      0.25000     -0.00006      0.00000      0.00004
FE      0.00000      0.79085      0.25000      0.00000      0.00122      0.00015
FE      0.00000      0.52724      0.49999      0.00000      0.00000      0.00000
FE      0.25042      0.79085      0.49999     -0.00033     -0.00016      0.00000
FE      0.25042      0.52724      0.74999     -0.00006     -0.00000     -0.00004
FE      0.00000      0.79085      0.74999      0.00000      0.00122     -0.00015
FE      0.50083      0.00000      0.00000      0.00000      0.00000      0.00000
FE      0.75125      0.26362      0.00000      0.00083      0.00065      0.00000
FE      0.75125      0.00000      0.24999     -0.00027      0.00000     -0.00038
FE      0.50083      0.26362      0.25000      0.00000      0.00017      0.00031
FE      0.50083      0.00000      0.49999      0.00000      0.00000      0.00000
FE      0.75125      0.26362      0.49999      0.00033      0.00016      0.00000
FE      0.75125      0.00000      0.74999     -0.00027     -0.00000      0.00038
FE      0.50083      0.26362      0.74999      0.00000      0.00017     -0.00031
FE      0.50083      0.52724      0.00000      0.00000      0.00000      0.00000
FE      0.75125      0.79085      0.00000      0.00083     -0.00065      0.00000
FE      0.75125      0.52724      0.25000      0.00006     -0.00000      0.00004
FE      0.50083      0.79086      0.25000      0.00000     -0.00017      0.00031
FE      0.50083      0.52724      0.49999      0.00000      0.00000      0.00000
FE      0.75125      0.79085      0.49999      0.00033     -0.00016      0.00000
FE      0.75125      0.52724      0.74999      0.00006      0.00000     -0.00004
FE      0.50083      0.79086      0.74999      0.00000     -0.00017     -0.00031
