#############################################################################
9.409E-03 ###   Fri, 12 Mar 2021 16:01:46 +0000
#############################################################################

####TIME#############LOG#####################################################
2.612E-02 ###   Script: /cloud/Code/python/eampa/eampa.py
3.141E-02 ###   Loaded: input.in
#############################################
  Read Input
  Time: 3.547E-02
#############################################
3.987E-02 ###   rss
4.310E-02 ###   a0: 25.0
4.311E-02 ###   b0: 1.0
4.311E-02 ###   bp: 1000.0
4.311E-02 ###   config: 1.7
4.311E-02 ###   e: 1.0
4.311E-02 ###   e0: 25.0
4.311E-02 ###   ec: 1.0
4.312E-02 ###   energy: 1.2
4.312E-02 ###   force: 1.5
4.312E-02 ###   g: 1.0
4.312E-02 ###   negec: 1000.0
4.312E-02 ###   stress: 1.3
4.312E-02 ###   v: 1.0
4.312E-02 ###   
4.705E-02 ###   max: 100.0
4.705E-02 ###   min: 0.1
4.706E-02 ###   scale_exponent: 4.0
4.706E-02 ###   scale_factor: 10.0
4.706E-02 ###   zero_density_factor: 100000000.0
4.706E-02 ###   
5.278E-02 ###   pot_dir: None
5.280E-02 ###   pot_name: None
5.280E-02 ###   results_dir: results
5.280E-02 ###   
6.026E-02 ###   bp_file: bp.dat
6.027E-02 ###   dir: bp
6.027E-02 ###   ec_size: 6
6.027E-02 ###   ec_strain: 0.001
6.027E-02 ###   eos_size: 6
6.028E-02 ###   eos_strain: 0.001
6.028E-02 ###   
6.916E-02 ###   FE1: FE
6.918E-02 ###   FE2: FE
6.918E-02 ###   FE3: FE
6.918E-02 ###   FE4: FE
6.918E-02 ###   
8.159E-02 ###   1: {'label_id': 1, 'label_text': 'AL', 'atom_count': 32, 'relaxed_energy': -1264.06398979, 'relaxed_energy_unit': 'Ry', 'coh_energy': -3.36, 'coh_energy_unit': 'eV', 'calc_relaxed_dft_ev': -537.454181036, 'calc_coh_ev': -3.36, 'calc_apaev': 534.094181036}
8.161E-02 ###   2: {'label_id': 2, 'label_text': 'FE', 'atom_count': 16, 'relaxed_energy': -5268.188, 'relaxed_energy_unit': 'Ry', 'coh_energy': -4.316, 'coh_energy_unit': 'eV', 'calc_relaxed_dft_ev': -4479.851795407, 'calc_coh_ev': -4.316, 'calc_apaev': 4475.5357954070005}
8.161E-02 ###   3: {'label_id': 3, 'label_text': 'PD', 'atom_count': 32, 'relaxed_energy': -16384.958, 'relaxed_energy_unit': 'Ry', 'coh_energy': -3.91, 'coh_energy_unit': 'eV', 'calc_relaxed_dft_ev': -6966.549363269, 'calc_coh_ev': -3.91, 'calc_apaev': 6962.639363269001}
8.161E-02 ###   
#############################################
  Setup Directories
  Time: 8.425E-02
#############################################
8.675E-02 ###   WD: wd/wd
8.970E-02 ###   wd   wd/wd
9.267E-02 ###   input   wd/wd/input
9.564E-02 ###   output   wd/wd/output
9.864E-02 ###   results   wd/wd/results
1.017E-01 ###   plots   wd/wd/plots
1.061E-01 ###   configs   wd/wd/configs
1.109E-01 ###   fitting   wd/wd/fitting
1.139E-01 ###   fitting_generations   wd/wd/fitting/generations
1.169E-01 ###   fitting_finished   wd/wd/fitting/finished
#############################################
  Memory
  Time: 1.194E-01
#############################################
1.220E-01 ###   EFS 2000000000.0
1.244E-01 ###   config size       255102
1.268E-01 ###   ghost size        3061224
1.292E-01 ###   nl size           25510204
1.316E-01 ###   BP 2000000000.0
1.341E-01 ###   config size       255102
1.365E-01 ###   ghost size        3061224
1.389E-01 ###   nl size           25510204
#############################################
  Potential Load
  Time: 1.420E-01
#############################################
1.485E-01 ###   Potential file: pot/fe/fe.pot
1.546E-01 ###   Loading: pot/fe/fe.pot
1.606E-01 ###   Load zbl
9.497E-01 ###   std  configs/coords_256_fe.dat
1.481E+00 ###   BP Allocated Memory
1.481E+00 ###   
1.483E+00 ###   2GB
1.483E+00 ###   
1.486E+00 ###   255102 3061224 25510204
1.486E+00 ###   
1.963E+00 ###   Best rss: None (since last: 1)
