/* Converted from PWscf output file */ 
#L_UNITS ang 
#E_UNITS eV 
#S_UNITS GPA 
#F_UNITS EV/ANG 
#ALAT 	   7.85004     // a0 
#X 	   1.00000     0.00000     0.00000     // X 
#Y 	   0.00000     1.00333     0.00000     // Y 
#Z 	   0.00000     0.00000     1.00000     // Z 
#SX 	   0.32857     0.00000     0.00000     // SX 
#SY 	   0.00000    -0.56978     0.00000     // SY 
#SZ 	   0.00000     0.00000    -0.32857     // SZ 
#EPA 	  -3.91046     // Energy per Atom 
#RCUT 	6.5        // Rcut 
PD      0.00000      0.00000      0.00000      0.00000      0.00000      0.00000
PD      0.25000      0.25084      0.00000     -0.00010      0.00657     -0.00000
PD      0.25000      0.00000      0.25000     -0.00079     -0.00000     -0.00079
PD      0.00000      0.25084      0.25000      0.00000      0.00657     -0.00010
PD      0.00000      0.00000      0.50000      0.00000      0.00000     -0.00000
PD      0.25001      0.25084      0.50000      0.00112      0.01100     -0.00000
PD      0.25000      0.00000      0.74999     -0.00079     -0.00000      0.00079
PD      0.00000      0.25084      0.74999     -0.00000      0.00657      0.00010
PD      0.00000      0.50167      0.00000      0.00000      0.00000      0.00000
PD      0.25000      0.75250      0.00000     -0.00010     -0.00657     -0.00000
PD      0.25001      0.50167      0.25001      0.00154      0.00000      0.00154
PD      0.00000      0.75250      0.25000      0.00000     -0.00657     -0.00010
PD      0.00000      0.50167      0.50000      0.00000      0.00000      0.00000
PD      0.25001      0.75249      0.50000      0.00112     -0.01100      0.00000
PD      0.25001      0.50167      0.74999      0.00154      0.00000     -0.00154
PD      0.00000      0.75250      0.74999      0.00000     -0.00657      0.00010
PD      0.50000      0.00000      0.00000      0.00000     -0.00000      0.00000
PD      0.75000      0.25084      0.00000      0.00010      0.00657      0.00000
PD      0.75000      0.00000      0.25000      0.00079     -0.00000     -0.00079
PD      0.50000      0.25084      0.25001     -0.00000      0.01100      0.00112
PD      0.50000      0.00000      0.50000      0.00000      0.00000      0.00000
PD      0.74999      0.25084      0.50000     -0.00112      0.01100      0.00000
PD      0.75000      0.00000      0.74999      0.00079      0.00000      0.00079
PD      0.50000      0.25084      0.74999      0.00000      0.01100     -0.00112
PD      0.50000      0.50167      0.00000      0.00000      0.00000      0.00000
PD      0.75000      0.75250      0.00000      0.00010     -0.00657     -0.00000
PD      0.74999      0.50167      0.25001     -0.00154      0.00000      0.00154
PD      0.50000      0.75249      0.25001      0.00000     -0.01100      0.00112
PD      0.50000      0.50167      0.50000      0.00000      0.00000      0.00000
PD      0.74999      0.75249      0.50000     -0.00112     -0.01100     -0.00000
PD      0.74999      0.50167      0.74999     -0.00154      0.00000     -0.00154
PD      0.50000      0.75249      0.74999     -0.00000     -0.01100     -0.00112
