#############################################################################
5.412E-03 ###   Thu, 24 Jun 2021 19:57:44 +0000
#############################################################################

####TIME#############LOG#####################################################
1.254E-02 ###   Script: /cloud/Code/python/eampa/eampa.py
1.602E-02 ###   Loaded: input.in
#############################################
  Read Input
  Time: 1.771E-02
#############################################
1.947E-02 ###   e
2.121E-02 ###   a0: 5.0
2.121E-02 ###   b0: 1.0
2.121E-02 ###   bp: 100.0
2.122E-02 ###   config: 0.0001
2.122E-02 ###   e: 1.0
2.122E-02 ###   e0: 25.0
2.122E-02 ###   ec: 1.0
2.122E-02 ###   energy: 20.0
2.122E-02 ###   force: 1.0
2.122E-02 ###   g: 1.0
2.122E-02 ###   negec: 1000.0
2.122E-02 ###   stress: 1.0
2.122E-02 ###   v: 1.0
2.122E-02 ###   
2.296E-02 ###   max: 100.0
2.296E-02 ###   min: 0.1
2.296E-02 ###   scale_exponent: 4.0
2.296E-02 ###   scale_factor: 10.0
2.297E-02 ###   zero_density_factor: 100000000.0
2.297E-02 ###   
2.470E-02 ###   pot_dir: None
2.471E-02 ###   pot_name: None
2.471E-02 ###   results_dir: results
2.471E-02 ###   
2.640E-02 ###   bp_file: bp.dat
2.641E-02 ###   dir: bp
2.641E-02 ###   ec_size: 6
2.641E-02 ###   ec_strain: 0.05
2.641E-02 ###   eos_size: 6
2.641E-02 ###   eos_strain: 0.1
2.641E-02 ###   
2.824E-02 ###   
3.009E-02 ###   1: {'label_id': 1, 'label_text': 'AL', 'atom_count': 32, 'relaxed_energy': -1264.06398979, 'relaxed_energy_unit': 'Ry', 'coh_energy': -3.36, 'coh_energy_unit': 'eV', 'calc_relaxed_dft_ev': -537.454181036, 'calc_coh_ev': -3.36, 'calc_apaev': 534.094181036}
3.009E-02 ###   2: {'label_id': 2, 'label_text': 'FE', 'atom_count': 16, 'relaxed_energy': -5268.188, 'relaxed_energy_unit': 'Ry', 'coh_energy': -4.316, 'coh_energy_unit': 'eV', 'calc_relaxed_dft_ev': -4479.851795407, 'calc_coh_ev': -4.316, 'calc_apaev': 4475.5357954070005}
3.010E-02 ###   3: {'label_id': 3, 'label_text': 'PD', 'atom_count': 32, 'relaxed_energy': -16384.958, 'relaxed_energy_unit': 'Ry', 'coh_energy': -3.91, 'coh_energy_unit': 'eV', 'calc_relaxed_dft_ev': -6966.549363269, 'calc_coh_ev': -3.91, 'calc_apaev': 6962.639363269001}
3.010E-02 ###   
#############################################
  Setup Directories
  Time: 3.190E-02
#############################################
3.402E-02 ###   WD: wd/wd
#############################################
  Memory
  Time: 3.698E-02
#############################################
3.869E-02 ###   EFS 6000000000.0
4.038E-02 ###   config size       765306
4.205E-02 ###   ghost size        9183673
4.377E-02 ###   nl size           76530612
4.547E-02 ###   BP 6000000000.0
4.715E-02 ###   config size       255102
4.893E-02 ###   ghost size        3061224
5.081E-02 ###   nl size           25510204
#############################################
  Potential Load
  Time: 5.260E-02
#############################################
5.488E-02 ###   Potential file: pot/pd.pot
5.659E-02 ###   Loading: pot/pd.pot
8.501E-02 ###   std  configs/dumbell_interstitial_01.dat
9.402E-02 ###   std  configs/dumbell_interstitial_06.dat
1.032E-01 ###   std  configs/dumbell_interstitial_08.dat
1.123E-01 ###   std  configs/dumbell_interstitial_10.dat
1.216E-01 ###   std  configs/dumbell_interstitial_09.dat
1.310E-01 ###   std  configs/dumbell_interstitial_07.dat
1.402E-01 ###   std  configs/expanded.dat
1.495E-01 ###   std  configs/no_defects.dat
1.590E-01 ###   std  configs/dumbell_interstitial_03.dat
1.682E-01 ###   std  configs/dumbell_interstitial_04.dat
1.774E-01 ###   std  configs/dumbell_interstitial_05.dat
1.869E-01 ###   std  configs/dumbell_interstitial_02.dat
