/* Converted from PWscf output file */ 
#L_UNITS ang 
#E_UNITS eV 
#S_UNITS GPA 
#F_UNITS EV/ANG 
#ALAT 	   6.84431     // a0 
#X 	   1.00167     0.00000     0.00000     // X 
#Y 	   0.00000     1.05272     0.00000     // Y 
#Z 	   0.00000     0.00000     0.99999     // Z 
#SX 	   0.37961     0.00000     0.00000     // SX 
#SY 	   0.00000     0.27811     0.00000     // SY 
#SZ 	   0.00000     0.00000    -0.16902     // SZ 
#EPA 	  -4.26259     // Energy per Atom 
#RCUT 	6.5        // Rcut 
FE      0.00000      0.00000      0.00000      0.00000      0.00000      0.00000
FE      0.25041      0.26318      0.00000     -0.00084      0.00130      0.00000
FE      0.25041      0.00000      0.24999      0.00123      0.00000     -0.00065
FE      0.00000      0.26318      0.25000      0.00000     -0.00243      0.00011
FE      0.00000      0.00000      0.49999      0.00000      0.00000      0.00000
FE      0.25042      0.26318      0.49999      0.00009      0.00019      0.00000
FE      0.25041      0.00000      0.74999      0.00123     -0.00000      0.00065
FE      0.00000      0.26318      0.74999      0.00000     -0.00243     -0.00011
FE      0.00000      0.52636      0.00000      0.00000      0.00000      0.00000
FE      0.25041      0.78954      0.00000     -0.00084     -0.00130      0.00000
FE      0.25042      0.52636      0.25000     -0.00000      0.00000     -0.00009
FE      0.00000      0.78954      0.25000      0.00000      0.00243      0.00011
FE      0.00000      0.52636      0.49999      0.00000      0.00000      0.00000
FE      0.25042      0.78953      0.49999      0.00009     -0.00019      0.00000
FE      0.25042      0.52636      0.74999     -0.00000      0.00000      0.00009
FE      0.00000      0.78954      0.74999      0.00000      0.00243     -0.00011
FE      0.50083      0.00000      0.00000      0.00000      0.00000      0.00000
FE      0.75125      0.26318      0.00000      0.00084      0.00130      0.00000
FE      0.75125      0.00000      0.24999     -0.00123     -0.00000     -0.00065
FE      0.50083      0.26318      0.25000      0.00000      0.00026     -0.00001
FE      0.50083      0.00000      0.49999      0.00000      0.00000      0.00000
FE      0.75125      0.26318      0.49999     -0.00009      0.00019      0.00000
FE      0.75125      0.00000      0.74999     -0.00123      0.00000      0.00065
FE      0.50083      0.26318      0.74999      0.00000      0.00026      0.00001
FE      0.50083      0.52636      0.00000      0.00000      0.00000      0.00000
FE      0.75125      0.78954      0.00000      0.00084     -0.00130      0.00000
FE      0.75125      0.52636      0.25000      0.00000      0.00000     -0.00009
FE      0.50083      0.78954      0.25000      0.00000     -0.00026     -0.00001
FE      0.50083      0.52636      0.49999      0.00000      0.00000      0.00000
FE      0.75125      0.78953      0.49999     -0.00009     -0.00019      0.00000
FE      0.75125      0.52636      0.74999      0.00000      0.00000      0.00009
FE      0.50083      0.78954      0.74999      0.00000     -0.00026      0.00001
