/* Converted from PWscf output file */ 
#L_UNITS ang 
#E_UNITS eV 
#S_UNITS GPA 
#F_UNITS EV/ANG 
#ALAT 	   6.84431     // a0 
#X 	   1.00002     0.00000     0.00000     // X 
#Y 	   0.00000     1.06152     0.00000     // Y 
#Z 	   0.00000     0.00000     0.99333     // Z 
#SX 	   0.75222     0.00000     0.00000     // SX 
#SY 	   0.00000    -1.15283     0.00000     // SY 
#SZ 	   0.00000     0.00000     1.52413     // SZ 
#EPA 	  -4.26211     // Energy per Atom 
#RCUT 	6.5        // Rcut 
FE      0.00000      0.00000      0.00000      0.00000      0.00000      0.00000
FE      0.25000      0.26538      0.00000      0.00118     -0.00036      0.00000
FE      0.25000      0.00000      0.24833      0.00235      0.00000      0.00232
FE      0.00000      0.26538      0.24834      0.00000     -0.00139     -0.00316
FE      0.00000      0.00000      0.49667      0.00000      0.00000      0.00000
FE      0.25000      0.26539      0.49667      0.00043     -0.00296      0.00000
FE      0.25000      0.00000      0.74500      0.00235      0.00000     -0.00232
FE      0.00000      0.26538      0.74500      0.00000     -0.00139      0.00316
FE      0.00000      0.53076      0.00000      0.00000      0.00000      0.00000
FE      0.25000      0.79614      0.00000      0.00118      0.00036      0.00000
FE      0.25000      0.53076      0.24834     -0.00040      0.00000     -0.00024
FE      0.00000      0.79614      0.24834      0.00000      0.00139     -0.00316
FE      0.00000      0.53076      0.49667      0.00000      0.00000      0.00000
FE      0.25000      0.79613      0.49667      0.00043      0.00296      0.00000
FE      0.25000      0.53076      0.74500     -0.00040     -0.00000      0.00024
FE      0.00000      0.79614      0.74500      0.00000      0.00139      0.00316
FE      0.50001      0.00000      0.00000      0.00000      0.00000      0.00000
FE      0.75001      0.26538      0.00000     -0.00118     -0.00036      0.00000
FE      0.75001      0.00000      0.24833     -0.00235      0.00000      0.00232
FE      0.50001      0.26538      0.24834      0.00000      0.00145     -0.00161
FE      0.50001      0.00000      0.49667      0.00000      0.00000      0.00000
FE      0.75001      0.26539      0.49667     -0.00043     -0.00296      0.00000
FE      0.75001      0.00000      0.74500     -0.00235      0.00000     -0.00232
FE      0.50001      0.26538      0.74500      0.00000      0.00145      0.00161
FE      0.50001      0.53076      0.00000      0.00000      0.00000      0.00000
FE      0.75001      0.79614      0.00000     -0.00118      0.00036      0.00000
FE      0.75001      0.53076      0.24834      0.00040     -0.00000     -0.00024
FE      0.50001      0.79614      0.24834      0.00000     -0.00145     -0.00161
FE      0.50001      0.53076      0.49667      0.00000      0.00000      0.00000
FE      0.75001      0.79613      0.49667     -0.00043      0.00296      0.00000
FE      0.75001      0.53076      0.74500      0.00040      0.00000      0.00024
FE      0.50001      0.79614      0.74500      0.00000     -0.00145      0.00161
