#############################################################################
2.633E-02 ###   Fri, 02 Apr 2021 16:14:50 +0000
#############################################################################

####TIME#############LOG#####################################################
4.874E-02 ###   Script: /cloud/Code/python/eampa/eampa.py
5.618E-02 ###   Loaded: input.in
#############################################
  Read Input
  Time: 6.132E-02
#############################################
6.588E-02 ###   fit
6.997E-02 ###   a0: 5.0
6.997E-02 ###   b0: 1.0
6.997E-02 ###   bp: 1000.0
6.997E-02 ###   config: 1.7
6.997E-02 ###   e: 1.0
6.997E-02 ###   e0: 5.0
6.998E-02 ###   ec: 1.0
6.998E-02 ###   energy: 1.2
6.998E-02 ###   force: 1.5
6.998E-02 ###   g: 1.0
6.998E-02 ###   negec: 1000.0
6.998E-02 ###   stress: 1.3
6.998E-02 ###   v: 1.0
6.998E-02 ###   
7.467E-02 ###   max: 100.0
7.467E-02 ###   min: 0.1
7.468E-02 ###   scale_exponent: 4.0
7.468E-02 ###   scale_factor: 10.0
7.468E-02 ###   zero_density_factor: 100000000.0
7.468E-02 ###   
7.933E-02 ###   pot_dir: None
7.934E-02 ###   pot_name: None
7.934E-02 ###   results_dir: results
7.934E-02 ###   
8.418E-02 ###   bp_file: bp.dat
8.420E-02 ###   dir: bp
8.420E-02 ###   ec_size: 6
8.421E-02 ###   ec_strain: 0.01
8.421E-02 ###   eos_size: 6
8.421E-02 ###   eos_strain: 0.01
8.421E-02 ###   
9.063E-02 ###   
9.552E-02 ###   1: {'label_id': 1, 'label_text': 'AL', 'atom_count': 32, 'relaxed_energy': -1264.06398979, 'relaxed_energy_unit': 'Ry', 'coh_energy': -3.36, 'coh_energy_unit': 'eV', 'calc_relaxed_dft_ev': -537.454181036, 'calc_coh_ev': -3.36, 'calc_apaev': 534.094181036}
9.552E-02 ###   2: {'label_id': 2, 'label_text': 'FE', 'atom_count': 16, 'relaxed_energy': -5268.188, 'relaxed_energy_unit': 'Ry', 'coh_energy': -4.316, 'coh_energy_unit': 'eV', 'calc_relaxed_dft_ev': -4479.851795407, 'calc_coh_ev': -4.316, 'calc_apaev': 4475.5357954070005}
9.552E-02 ###   3: {'label_id': 3, 'label_text': 'PD', 'atom_count': 32, 'relaxed_energy': -16384.958, 'relaxed_energy_unit': 'Ry', 'coh_energy': -3.91, 'coh_energy_unit': 'eV', 'calc_relaxed_dft_ev': -6966.549363269, 'calc_coh_ev': -3.91, 'calc_apaev': 6962.639363269001}
9.552E-02 ###   
#############################################
  Setup Directories
  Time: 1.025E-01
#############################################
1.076E-01 ###   WD: wd/wd
#############################################
  Memory
  Time: 1.134E-01
#############################################
1.181E-01 ###   EFS 2000000000.0
1.228E-01 ###   config size       255102
1.270E-01 ###   ghost size        3061224
1.322E-01 ###   nl size           25510204
1.370E-01 ###   BP 2000000000.0
1.436E-01 ###   config size       255102
1.481E-01 ###   ghost size        3061224
1.529E-01 ###   nl size           25510204
#############################################
  Potential Load
  Time: 1.579E-01
#############################################
1.656E-01 ###   Potential file: pot/al/al.pot
1.696E-01 ###   Loading: pot/al/al.pot
1.779E-01 ###   Load zbl
1.041E+00 ###   std  configs/coords_256_al_02.dat
1.049E+00 ###   std  configs/coords_256_al_01.dat
