#############################################################################
5.614E-03 ###   Fri, 14 May 2021 21:39:48 +0000
#############################################################################

####TIME#############LOG#####################################################
1.305E-02 ###   Script: /cloud/Code/python/eampa/eampa.py
1.757E-02 ###   Loaded: input.in
#############################################
  Read Input
  Time: 1.962E-02
#############################################
2.153E-02 ###   rss
2.348E-02 ###   a0: 5.0
2.349E-02 ###   b0: 1.0
2.349E-02 ###   bp: 100.0
2.350E-02 ###   config: 0.0001
2.350E-02 ###   e: 1.0
2.350E-02 ###   e0: 5.0
2.350E-02 ###   ec: 1.0
2.350E-02 ###   energy: 20.0
2.350E-02 ###   force: 1.0
2.351E-02 ###   g: 1.0
2.351E-02 ###   negec: 1000.0
2.351E-02 ###   stress: 1.0
2.351E-02 ###   v: 1.0
2.351E-02 ###   
2.541E-02 ###   max: 100.0
2.542E-02 ###   min: 0.1
2.542E-02 ###   scale_exponent: 4.0
2.542E-02 ###   scale_factor: 10.0
2.542E-02 ###   zero_density_factor: 100000000.0
2.542E-02 ###   
2.750E-02 ###   pot_dir: None
2.751E-02 ###   pot_name: None
2.751E-02 ###   results_dir: results
2.751E-02 ###   
3.030E-02 ###   bp_file: bp.dat
3.031E-02 ###   dir: bp
3.031E-02 ###   ec_size: 6
3.031E-02 ###   ec_strain: 0.01
3.031E-02 ###   eos_size: 6
3.031E-02 ###   eos_strain: 0.01
3.031E-02 ###   
3.230E-02 ###   
3.426E-02 ###   1: {'label_id': 1, 'label_text': 'AL', 'atom_count': 32, 'relaxed_energy': -1264.06398979, 'relaxed_energy_unit': 'Ry', 'coh_energy': -3.36, 'coh_energy_unit': 'eV', 'calc_relaxed_dft_ev': -537.454181036, 'calc_coh_ev': -3.36, 'calc_apaev': 534.094181036}
3.427E-02 ###   2: {'label_id': 2, 'label_text': 'FE', 'atom_count': 16, 'relaxed_energy': -5268.188, 'relaxed_energy_unit': 'Ry', 'coh_energy': -4.316, 'coh_energy_unit': 'eV', 'calc_relaxed_dft_ev': -4479.851795407, 'calc_coh_ev': -4.316, 'calc_apaev': 4475.5357954070005}
3.427E-02 ###   3: {'label_id': 3, 'label_text': 'PD', 'atom_count': 32, 'relaxed_energy': -16384.958, 'relaxed_energy_unit': 'Ry', 'coh_energy': -3.91, 'coh_energy_unit': 'eV', 'calc_relaxed_dft_ev': -6966.549363269, 'calc_coh_ev': -3.91, 'calc_apaev': 6962.639363269001}
3.428E-02 ###   
#############################################
  Setup Directories
  Time: 3.610E-02
#############################################
3.807E-02 ###   WD: wd/wd
#############################################
  Memory
  Time: 4.102E-02
#############################################
4.283E-02 ###   EFS 2000000000.0
4.455E-02 ###   config size       255102
4.644E-02 ###   ghost size        3061224
4.828E-02 ###   nl size           25510204
5.279E-02 ###   BP 2000000000.0
5.471E-02 ###   config size       255102
5.658E-02 ###   ghost size        3061224
5.841E-02 ###   nl size           25510204
#############################################
  Potential Load
  Time: 6.027E-02
#############################################
6.313E-02 ###   Potential file: pot/fe/fe.pot
6.503E-02 ###   Loading: pot/fe/fe.pot
1.940E-01 ###   std  configs/ec_8_005.out
2.015E-01 ###   std  configs/ec_4_002.out
2.080E-01 ###   std  configs/ec_4_005.out
2.157E-01 ###   std  configs/ec_8_002.out
2.235E-01 ###   std  configs/ec_7_007.out
2.306E-01 ###   std  configs/ec_3_007.out
2.379E-01 ###   std  configs/ec_6_006.out
2.448E-01 ###   std  configs/ec_2_006.out
2.521E-01 ###   std  configs/ec_2_001.out
2.591E-01 ###   std  configs/ec_6_001.out
2.668E-01 ###   std  configs/eos_003.out
2.745E-01 ###   std  configs/eos_004.out
2.824E-01 ###   std  configs/ec_9_004.out
2.902E-01 ###   std  configs/ec_1_003.out
2.976E-01 ###   std  configs/ec_5_003.out
3.052E-01 ###   std  configs/ec_5_004.out
3.127E-01 ###   std  configs/ec_9_003.out
3.203E-01 ###   std  configs/ec_1_004.out
3.272E-01 ###   std  configs/ec_3_001.out
3.364E-01 ###   std  configs/ec_7_001.out
3.437E-01 ###   std  configs/ec_7_006.out
3.513E-01 ###   std  configs/ec_3_006.out
3.584E-01 ###   std  configs/ec_4_004.out
3.680E-01 ###   std  configs/ec_8_003.out
3.741E-01 ###   std  configs/ec_8_004.out
3.816E-01 ###   std  configs/ec_4_003.out
3.895E-01 ###   std  configs/ec_5_005.out
4.006E-01 ###   std  configs/ec_9_002.out
4.084E-01 ###   std  configs/ec_1_005.out
4.168E-01 ###   std  configs/ec_9_005.out
4.254E-01 ###   std  configs/ec_1_002.out
4.364E-01 ###   std  configs/ec_5_002.out
4.446E-01 ###   std  configs/eos_005.out
4.545E-01 ###   std  configs/eos_002.out
4.630E-01 ###   std  configs/ec_6_007.out
4.710E-01 ###   std  configs/ec_2_007.out
4.812E-01 ###   std  configs/ec_9_006.out
4.918E-01 ###   std  configs/ec_1_001.out
5.005E-01 ###   std  configs/ec_5_001.out
5.092E-01 ###   std  configs/ec_5_006.out
5.169E-01 ###   std  configs/ec_9_001.out
5.249E-01 ###   std  configs/ec_1_006.out
5.327E-01 ###   std  configs/eos_001.out
5.410E-01 ###   std  configs/eos_006.out
5.483E-01 ###   std  configs/ec_6_004.out
5.562E-01 ###   std  configs/ec_2_004.out
5.638E-01 ###   std  configs/ec_2_003.out
5.714E-01 ###   std  configs/ec_6_003.out
5.791E-01 ###   std  configs/ec_7_005.out
5.871E-01 ###   std  configs/ec_3_005.out
5.951E-01 ###   std  configs/ec_3_002.out
6.043E-01 ###   std  configs/ec_7_002.out
6.120E-01 ###   std  configs/ec_8_007.out
6.204E-01 ###   std  configs/ec_4_007.out
6.280E-01 ###   std  configs/ec_2_002.out
6.364E-01 ###   std  configs/ec_6_002.out
6.444E-01 ###   std  configs/ec_6_005.out
6.539E-01 ###   std  configs/ec_2_005.out
6.616E-01 ###   std  configs/eos_007.out
6.696E-01 ###   std  configs/ec_5_007.out
6.788E-01 ###   std  configs/ec_1_007.out
6.869E-01 ###   std  configs/ec_9_007.out
6.947E-01 ###   std  configs/ec_4_006.out
7.062E-01 ###   std  configs/ec_8_001.out
7.165E-01 ###   std  configs/fe_config_0001.out
7.243E-01 ###   std  configs/coords_256_fe.dat
7.299E-01 ###   std  configs/ec_8_006.out
7.381E-01 ###   std  configs/ec_4_001.out
7.491E-01 ###   std  configs/ec_3_003.out
7.568E-01 ###   std  configs/ec_7_003.out
7.646E-01 ###   std  configs/ec_7_004.out
7.763E-01 ###   std  configs/ec_3_004.out
1.978E+00 ###   BP Allocated Memory
1.978E+00 ###   
1.981E+00 ###   2GB
1.981E+00 ###   
1.983E+00 ###   255102 3061224 25510204
1.983E+00 ###   
3.082E+00 ###   Best rss: None (since last: 1)
