#############################################################################
1.784E-02 ###   Mon, 29 Mar 2021 20:38:11 +0000
#############################################################################

####TIME#############LOG#####################################################
4.138E-02 ###   Script: /cloud/Code/python/eampa/eampa.py
5.234E-02 ###   Loaded: input.in
#############################################
  Read Input
  Time: 6.029E-02
#############################################
7.203E-02 ###   efs
7.746E-02 ###   a0: 25.0
7.748E-02 ###   b0: 1.0
7.748E-02 ###   bp: 1000.0
7.748E-02 ###   config: 1.7
7.748E-02 ###   e: 1.0
7.749E-02 ###   e0: 25.0
7.749E-02 ###   ec: 1.0
7.749E-02 ###   energy: 1.2
7.749E-02 ###   force: 1.5
7.749E-02 ###   g: 1.0
7.749E-02 ###   negec: 1000.0
7.749E-02 ###   stress: 1.3
7.750E-02 ###   v: 1.0
7.750E-02 ###   
8.134E-02 ###   max: 100.0
8.136E-02 ###   min: 0.1
8.136E-02 ###   scale_exponent: 4.0
8.136E-02 ###   scale_factor: 10.0
8.136E-02 ###   zero_density_factor: 100000000.0
8.136E-02 ###   
8.765E-02 ###   pot_dir: None
8.767E-02 ###   pot_name: None
8.767E-02 ###   results_dir: results
8.768E-02 ###   
9.357E-02 ###   bp_file: bp.dat
9.360E-02 ###   dir: bp
9.360E-02 ###   ec_size: 6
9.360E-02 ###   ec_strain: 0.01
9.360E-02 ###   eos_size: 6
9.360E-02 ###   eos_strain: 0.01
9.361E-02 ###   
9.832E-02 ###   FE1: FE
9.834E-02 ###   FE2: FE
9.834E-02 ###   FE3: FE
9.834E-02 ###   FE4: FE
9.834E-02 ###   PD: PD
9.835E-02 ###   
1.238E-01 ###   1: {'label_id': 1, 'label_text': 'AL', 'atom_count': 32, 'relaxed_energy': -1264.06398979, 'relaxed_energy_unit': 'Ry', 'coh_energy': -3.36, 'coh_energy_unit': 'eV', 'calc_relaxed_dft_ev': -537.454181036, 'calc_coh_ev': -3.36, 'calc_apaev': 534.094181036}
1.239E-01 ###   2: {'label_id': 2, 'label_text': 'FE', 'atom_count': 16, 'relaxed_energy': -5268.188, 'relaxed_energy_unit': 'Ry', 'coh_energy': -4.316, 'coh_energy_unit': 'eV', 'calc_relaxed_dft_ev': -4479.851795407, 'calc_coh_ev': -4.316, 'calc_apaev': 4475.5357954070005}
1.239E-01 ###   3: {'label_id': 3, 'label_text': 'PD', 'atom_count': 32, 'relaxed_energy': -16384.958, 'relaxed_energy_unit': 'Ry', 'coh_energy': -3.91, 'coh_energy_unit': 'eV', 'calc_relaxed_dft_ev': -6966.549363269, 'calc_coh_ev': -3.91, 'calc_apaev': 6962.639363269001}
1.239E-01 ###   
#############################################
  Setup Directories
  Time: 1.320E-01
#############################################
1.371E-01 ###   WD: wd/wd
#############################################
  Memory
  Time: 1.450E-01
#############################################
1.491E-01 ###   EFS 2000000000.0
1.552E-01 ###   config size       255102
1.592E-01 ###   ghost size        3061224
1.646E-01 ###   nl size           25510204
1.698E-01 ###   BP 2000000000.0
1.750E-01 ###   config size       255102
1.802E-01 ###   ghost size        3061224
1.897E-01 ###   nl size           25510204
#############################################
  Potential Load
  Time: 1.941E-01
#############################################
2.001E-01 ###   Potential file: pot/al/al.pot
2.062E-01 ###   Loading: pot/al/al.pot
2.155E-01 ###   Load zbl
1.440E+00 ###   std  configs/coords_256_al_02.dat
1.448E+00 ###   std  configs/coords_256_al_01.dat

#############################################################################
2.066E+00 ###   Duration: 2.054354667663574
#############################################################################
