/* Converted from PWscf output file */ 
#L_UNITS ang 
#E_UNITS eV 
#S_UNITS GPA 
#F_UNITS EV/ANG 
#ALAT 	   6.84431     // a0 
#X 	   1.00000     0.00000     0.00000     // X 
#Y 	   0.00000     1.05447     0.00000     // Y 
#Z 	   0.00000     0.00000     1.00499     // Z 
#SX 	   1.25448     0.00000     0.00000     // SX 
#SY 	   0.00000    -0.70030     0.00000     // SY 
#SZ 	   0.00000     0.00000    -1.86991     // SZ 
#EPA 	  -4.26405     // Energy per Atom 
#RCUT 	6.5        // Rcut 
FE      0.00000      0.00000      0.00000      0.00000      0.00000      0.00000
FE      0.25000      0.26362      0.00000      0.00118     -0.00016      0.00000
FE      0.25000      0.00000      0.25124      0.00200      0.00000      0.00226
FE      0.00000      0.26362      0.25125      0.00000     -0.00122     -0.00146
FE      0.00000      0.00000      0.50249      0.00000      0.00000      0.00000
FE      0.25000      0.26362      0.50249      0.00086     -0.00238      0.00000
FE      0.25000      0.00000      0.75374      0.00200      0.00000     -0.00226
FE      0.00000      0.26362      0.75374      0.00000     -0.00122      0.00146
FE      0.00000      0.52724      0.00000      0.00000      0.00000      0.00000
FE      0.25000      0.79085      0.00000      0.00118      0.00016      0.00000
FE      0.25000      0.52724      0.25125      0.00041      0.00000      0.00044
FE      0.00000      0.79085      0.25125      0.00000      0.00122     -0.00146
FE      0.00000      0.52724      0.50249      0.00000      0.00000      0.00000
FE      0.25000      0.79085      0.50249      0.00086      0.00238      0.00000
FE      0.25000      0.52724      0.75374      0.00041     -0.00000     -0.00044
FE      0.00000      0.79085      0.75374      0.00000      0.00122      0.00146
FE      0.50000      0.00000      0.00000      0.00000      0.00000      0.00000
FE      0.75000      0.26362      0.00000     -0.00118     -0.00016      0.00000
FE      0.75000      0.00000      0.25124     -0.00200      0.00000      0.00226
FE      0.50000      0.26362      0.25125      0.00000      0.00104     -0.00055
FE      0.50000      0.00000      0.50249      0.00000      0.00000      0.00000
FE      0.75000      0.26362      0.50249     -0.00086     -0.00238      0.00000
FE      0.75000      0.00000      0.75374     -0.00200      0.00000     -0.00226
FE      0.50000      0.26362      0.75374      0.00000      0.00104      0.00055
FE      0.50000      0.52724      0.00000      0.00000      0.00000      0.00000
FE      0.75000      0.79085      0.00000     -0.00118      0.00016      0.00000
FE      0.75000      0.52724      0.25125     -0.00041     -0.00000      0.00044
FE      0.50000      0.79086      0.25125      0.00000     -0.00104     -0.00055
FE      0.50000      0.52724      0.50249      0.00000      0.00000      0.00000
FE      0.75000      0.79085      0.50249     -0.00086      0.00238      0.00000
FE      0.75000      0.52724      0.75374     -0.00041      0.00000     -0.00044
FE      0.50000      0.79086      0.75374      0.00000     -0.00104      0.00055
