#############################################################################
7.759E-02 ###   Sun, 10 Jan 2021 05:50:48 +0000
#############################################################################

####TIME#############LOG#####################################################
2.134E-01 ###   Script: /cloud/Code/python/eampa/eampa.py
2.495E-01 ###   Loaded: input.in
#############################################
  Read Input
  Time: 2.814E-01
#############################################
3.154E-01 ###   rss
3.500E-01 ###   a0: 10.0
3.500E-01 ###   b0: 1.0
3.500E-01 ###   bp: 100000.0
3.500E-01 ###   config: 1.7
3.500E-01 ###   e: 1.0
3.500E-01 ###   e0: 1.0
3.500E-01 ###   ec: 50.0
3.500E-01 ###   energy: 1.2
3.500E-01 ###   force: 1.5
3.500E-01 ###   g: 1.0
3.501E-01 ###   negec: 1000.0
3.501E-01 ###   stress: 1.3
3.501E-01 ###   v: 1.0
3.501E-01 ###   
3.832E-01 ###   max: 0.8
3.832E-01 ###   min: 0.2
3.832E-01 ###   scale_exponent: 4.0
3.832E-01 ###   scale_factor: 10.0
3.832E-01 ###   zero_density_factor: 100000000.0
3.832E-01 ###   
4.172E-01 ###   cycles: 1
4.172E-01 ###   enhance_every: 300
4.172E-01 ###   enhance_top: 4
4.172E-01 ###   exct_every: 5
4.172E-01 ###   exct_factor: 0.6
4.172E-01 ###   exct_top_bias: 0.5
4.172E-01 ###   exct_var: 0.1
4.172E-01 ###   fresh_size: 4
4.172E-01 ###   fresh_we: 2.0
4.172E-01 ###   fresh_ws: 0.1
4.172E-01 ###   gen_var_factor: 0.95
4.172E-01 ###   gens: 1
4.172E-01 ###   mutate_chance: 0.05
4.172E-01 ###   mutate_scale: 2.0
4.172E-01 ###   no_clone_var: 0.05
4.172E-01 ###   no_clones: True
4.172E-01 ###   oversized_parameters: [2.0, 0.25, 0.5, 0.5, 0.5]
4.172E-01 ###   pool_size: 1000000
4.172E-01 ###   pop_size: 10
4.172E-01 ###   rescale_default: 0.6
4.172E-01 ###   rescale_density: 0
4.172E-01 ###   rescale_max: 0.9
4.172E-01 ###   rescale_min: 0.3
4.172E-01 ###   sa_loops_i: 3
4.172E-01 ###   sa_loops_t: 2
4.172E-01 ###   sa_step: 0.01
4.172E-01 ###   sa_step_factor: 0.25
4.172E-01 ###   sa_temp_end: 0.01
4.173E-01 ###   sa_temp_start: 10.0
4.173E-01 ###   sane_fraction: 0.95
4.173E-01 ###   sane_seeds_a: 1000
4.173E-01 ###   sane_seeds_b: 50000
4.173E-01 ###   spline_cycles: 0
4.173E-01 ###   spline_gens: 4
4.173E-01 ###   start_random: 5
4.173E-01 ###   top_parameters: 100
4.173E-01 ###   wide_end: 15.0
4.173E-01 ###   wide_start: 0.4
4.173E-01 ###   
4.517E-01 ###   pot_dir: None
4.518E-01 ###   pot_name: None
4.518E-01 ###   results_dir: results
4.518E-01 ###   
4.851E-01 ###   bp_file: bp.dat
4.851E-01 ###   dir: bp
4.851E-01 ###   ec_size: 6
4.851E-01 ###   ec_strain: 0.001
4.851E-01 ###   eos_size: 6
4.851E-01 ###   eos_strain: 0.001
4.851E-01 ###   
5.190E-01 ###   FE1: FE
5.190E-01 ###   FE2: FE
5.190E-01 ###   FE3: FE
5.190E-01 ###   FE4: FE
5.190E-01 ###   
5.531E-01 ###   1: {'label_id': 1, 'label_text': 'AL', 'atom_count': 32, 'relaxed_energy': -1264.06398979, 'relaxed_energy_unit': 'Ry', 'coh_energy': -3.36, 'coh_energy_unit': 'eV', 'calc_relaxed_dft_ev': -537.454181036, 'calc_coh_ev': -3.36, 'calc_apaev': 534.094181036}
5.531E-01 ###   2: {'label_id': 2, 'label_text': 'FE', 'atom_count': 16, 'relaxed_energy': -5268.188, 'relaxed_energy_unit': 'Ry', 'coh_energy': -4.316, 'coh_energy_unit': 'eV', 'calc_relaxed_dft_ev': -4479.851795407, 'calc_coh_ev': -4.316, 'calc_apaev': 4475.5357954070005}
5.531E-01 ###   3: {'label_id': 3, 'label_text': 'PD', 'atom_count': 32, 'relaxed_energy': -16384.958, 'relaxed_energy_unit': 'Ry', 'coh_energy': -3.91, 'coh_energy_unit': 'eV', 'calc_relaxed_dft_ev': -6966.549363269, 'calc_coh_ev': -3.91, 'calc_apaev': 6962.639363269001}
5.531E-01 ###   
#############################################
  Setup Directories
  Time: 5.866E-01
#############################################
6.208E-01 ###   WD: wd/wd
6.551E-01 ###   wd   wd/wd
7.000E-01 ###   input   wd/wd/input
7.341E-01 ###   output   wd/wd/output
7.680E-01 ###   results   wd/wd/results
8.130E-01 ###   plots   wd/wd/plots
8.469E-01 ###   configs   wd/wd/configs
8.811E-01 ###   fitting   wd/wd/fitting
9.156E-01 ###   fitting_generations   wd/wd/fitting/generations
9.487E-01 ###   fitting_finished   wd/wd/fitting/finished
#############################################
  Memory
  Time: 9.824E-01
#############################################
1.016E+00 ###   EFS 2000000000.0
1.050E+00 ###   config size       255102
1.084E+00 ###   ghost size        3061224
1.120E+00 ###   nl size           25510204
1.152E+00 ###   BP 2000000000.0
1.186E+00 ###   config size       255102
1.221E+00 ###   ghost size        3061224
1.254E+00 ###   nl size           25510204
#############################################
  Potential Load
  Time: 1.287E+00
#############################################
1.323E+00 ###   Potential file: pot/fe5/fe.pot
1.355E+00 ###   Loading: pot/fe5/fe.pot
1.393E+00 ###   Load zbl
2.822E+00 ###   std  configs/coords_256_fe.dat
3.655E+00 ###   BP Allocated Memory
3.655E+00 ###   
3.707E+00 ###   2GB
3.707E+00 ###   
3.764E+00 ###   255102 3061224 25510204
3.764E+00 ###   

#############################################################################
8.250E+00 ###   Duration: 8.18684196472168
#############################################################################
