/* Converted from PWscf output file */ 
#L_UNITS ang 
#E_UNITS eV 
#S_UNITS GPA 
#F_UNITS EV/ANG 
#ALAT 	   5.60396     // a0 
#X 	   1.00000     0.00000     0.00000     // X 
#Y 	   0.00000     1.00333     0.00000     // Y 
#Z 	   0.00000     0.00000     1.00000     // Z 
#SX 	   0.78839     0.00000     0.00000     // SX 
#SY 	   0.00000    -1.21015     0.00000     // SY 
#SZ 	   0.00000     0.00000    -0.78839     // SZ 
#EPA 	  -4.31819     // Energy per Atom 
#RCUT 	6.5        // Rcut 
FE      0.00000      0.00000      0.00000      0.00000      0.00000      0.00000
FE      0.25000      0.25083      0.25000     -0.00153      0.00867     -0.00153
FE      0.00000      0.00000      0.50000      0.00000      0.00000      0.00000
FE      0.25000      0.25083      0.75000     -0.00153      0.00867      0.00153
FE      0.00000      0.50167      0.00000      0.00000      0.00000      0.00000
FE      0.25000      0.75250      0.25000     -0.00153     -0.00867     -0.00153
FE      0.00000      0.50167      0.50000      0.00000      0.00000      0.00000
FE      0.25000      0.75250      0.75000     -0.00153     -0.00867      0.00153
FE      0.50000      0.00000      0.00000      0.00000      0.00000      0.00000
FE      0.75000      0.25083      0.25000      0.00153      0.00867     -0.00153
FE      0.50000      0.00000      0.50000      0.00000      0.00000      0.00000
FE      0.75000      0.25083      0.75000      0.00153      0.00867      0.00153
FE      0.50000      0.50167      0.00000      0.00000      0.00000      0.00000
FE      0.75000      0.75250      0.25000      0.00153     -0.00867     -0.00153
FE      0.50000      0.50167      0.50000      0.00000      0.00000      0.00000
FE      0.75000      0.75250      0.75000      0.00153     -0.00867      0.00153
