/* Converted from PWscf output file */ 
#L_UNITS ang 
#E_UNITS eV 
#S_UNITS GPA 
#F_UNITS EV/ANG 
#ALAT 	   5.60396     // a0 
#X 	   1.00000     0.00000     0.00000     // X 
#Y 	   0.00000     1.00267     0.00000     // Y 
#Z 	   0.00000     0.00000     1.00000     // Z 
#SX 	   0.71708     0.00000     0.00000     // SX 
#SY 	   0.00000    -1.05585     0.00000     // SY 
#SZ 	   0.00000     0.00000    -0.71708     // SZ 
#EPA 	  -4.31801     // Energy per Atom 
#RCUT 	6.5        // Rcut 
FE      0.00000      0.00000      0.00000      0.00000      0.00000      0.00000
FE      0.25000      0.25067      0.25000     -0.00125      0.00979     -0.00125
FE      0.00000      0.00000      0.50000      0.00000      0.00000      0.00000
FE      0.25000      0.25067      0.75000     -0.00125      0.00979      0.00125
FE      0.00000      0.50133      0.00000      0.00000      0.00000     -0.00000
FE      0.25000      0.75200      0.25000     -0.00125     -0.00979     -0.00125
FE      0.00000      0.50133      0.50000      0.00000      0.00000      0.00000
FE      0.25000      0.75200      0.75000     -0.00125     -0.00979      0.00125
FE      0.50000      0.00000      0.00000      0.00000      0.00000      0.00000
FE      0.75000      0.25067      0.25000      0.00125      0.00979     -0.00125
FE      0.50000      0.00000      0.50000      0.00000      0.00000      0.00000
FE      0.75000      0.25067      0.75000      0.00125      0.00979      0.00125
FE      0.50000      0.50133      0.00000      0.00000      0.00000      0.00000
FE      0.75000      0.75200      0.25000      0.00125     -0.00979     -0.00125
FE      0.50000      0.50133      0.50000      0.00000      0.00000      0.00000
FE      0.75000      0.75200      0.75000      0.00125     -0.00979      0.00125
