/* Converted from PWscf output file */ 
#L_UNITS ang 
#E_UNITS eV 
#S_UNITS GPA 
#F_UNITS EV/ANG 
#ALAT 	   5.60396     // a0 
#X 	   1.00001     0.00000     0.00000     // X 
#Y 	   0.00000     1.00001     0.00400     // Y 
#Z 	   0.00000     0.00400     1.00001     // Z 
#SX 	   0.20971     0.00000     0.00000     // SX 
#SY 	   0.00000    -0.21263    -1.08283     // SY 
#SZ 	   0.00000    -1.08283    -0.21263     // SZ 
#EPA 	  -4.31698     // Energy per Atom 
#RCUT 	6.5        // Rcut 
FE      0.00000      0.00000      0.00000      0.00000      0.00000      0.00000
FE      0.25000      0.25100      0.25100     -0.00427      0.00234      0.00234
FE      0.00000      0.00200      0.50000     -0.00000      0.00000      0.00000
FE      0.25000      0.25300      0.75100      0.00092      0.00290     -0.00290
FE      0.00000      0.50000      0.00200      0.00000      0.00000      0.00000
FE      0.25000      0.75100      0.25300      0.00092     -0.00290      0.00290
FE      0.00000      0.50200      0.50200      0.00000      0.00000      0.00000
FE      0.25000      0.75300      0.75300     -0.00427     -0.00234     -0.00234
FE      0.50000      0.00000      0.00000      0.00000      0.00000      0.00000
FE      0.75000      0.25100      0.25100      0.00427      0.00234      0.00234
FE      0.50000      0.00200      0.50000      0.00000      0.00000      0.00000
FE      0.75000      0.25300      0.75100     -0.00092      0.00290     -0.00290
FE      0.50000      0.50000      0.00200      0.00000      0.00000      0.00000
FE      0.75000      0.75100      0.25300     -0.00092     -0.00290      0.00290
FE      0.50000      0.50200      0.50200      0.00000      0.00000      0.00000
FE      0.75000      0.75300      0.75300      0.00427     -0.00234     -0.00234
