/* Converted from PWscf output file */ 
#L_UNITS ang 
#E_UNITS eV 
#S_UNITS GPA 
#F_UNITS EV/ANG 
#ALAT 	   5.60396     // a0 
#X 	   1.00401     0.00000     0.00000     // X 
#Y 	   0.00000     0.99601     0.00000     // Y 
#Z 	   0.00000     0.00000     1.00001     // Z 
#SX 	   0.74128     0.00000     0.00000     // SX 
#SY 	   0.00000     0.29051     0.00000     // SY 
#SZ 	   0.00000     0.00000    -0.23305     // SZ 
#EPA 	  -4.31712     // Energy per Atom 
#RCUT 	6.5        // Rcut 
FE      0.00000      0.00000      0.00000      0.00000      0.00000      0.00000
FE      0.25100      0.24900      0.25000     -0.00019      0.00472      0.00055
FE      0.00000      0.00000      0.50000      0.00000      0.00000      0.00000
FE      0.25100      0.24900      0.75000     -0.00019      0.00472     -0.00055
FE      0.00000      0.49800      0.00000      0.00000      0.00000      0.00000
FE      0.25100      0.74700      0.25000     -0.00019     -0.00472      0.00055
FE      0.00000      0.49800      0.50000      0.00000      0.00000      0.00000
FE      0.25100      0.74700      0.75000     -0.00019     -0.00472     -0.00055
FE      0.50200      0.00000      0.00000      0.00000      0.00000      0.00000
FE      0.75300      0.24900      0.25000      0.00019      0.00472      0.00055
FE      0.50200      0.00000      0.50000      0.00000      0.00000      0.00000
FE      0.75300      0.24900      0.75000      0.00019      0.00472     -0.00055
FE      0.50200      0.49800      0.00000      0.00000      0.00000      0.00000
FE      0.75300      0.74700      0.25000      0.00019     -0.00472      0.00055
FE      0.50200      0.49800      0.50000      0.00000      0.00000      0.00000
FE      0.75300      0.74700      0.75000      0.00019     -0.00472     -0.00055
