/* Converted from PWscf output file */ 
#L_UNITS ang 
#E_UNITS eV 
#S_UNITS GPA 
#F_UNITS EV/ANG 
#ALAT 	   5.60396     // a0 
#X 	   1.00133     0.00000     0.00000     // X 
#Y 	   0.00000     1.00000     0.00000     // Y 
#Z 	   0.00000     0.00000     0.99867     // Z 
#SX 	   0.47630     0.00000     0.00000     // SX 
#SY 	   0.00000    -0.30582     0.00000     // SY 
#SZ 	   0.00000     0.00000    -0.12877     // SZ 
#EPA 	  -4.31724     // Energy per Atom 
#RCUT 	6.5        // Rcut 
FE      0.00000      0.00000      0.00000      0.00000      0.00000      0.00000
FE      0.25033      0.25000      0.24967     -0.00137      0.00608      0.00090
FE      0.00000      0.00000      0.49933      0.00000      0.00000      0.00000
FE      0.25033      0.25000      0.74900     -0.00137      0.00608     -0.00090
FE      0.00000      0.50000      0.00000      0.00000      0.00000      0.00000
FE      0.25033      0.75000      0.24967     -0.00137     -0.00608      0.00090
FE      0.00000      0.50000      0.49933      0.00000      0.00000      0.00000
FE      0.25033      0.75000      0.74900     -0.00137     -0.00608     -0.00090
FE      0.50067      0.00000      0.00000      0.00000      0.00000      0.00000
FE      0.75100      0.25000      0.24967      0.00137      0.00608      0.00090
FE      0.50067      0.00000      0.49933      0.00000      0.00000      0.00000
FE      0.75100      0.25000      0.74900      0.00137      0.00608     -0.00090
FE      0.50067      0.50000      0.00000      0.00000      0.00000      0.00000
FE      0.75100      0.75000      0.24967      0.00137     -0.00608      0.00090
FE      0.50067      0.50000      0.49933      0.00000      0.00000      0.00000
FE      0.75100      0.75000      0.74900      0.00137     -0.00608     -0.00090
