/* Converted from PWscf output file */ 
#L_UNITS ang 
#E_UNITS eV 
#S_UNITS GPA 
#F_UNITS EV/ANG 
#ALAT 	   5.60396     // a0 
#X 	   1.00000     0.00000     0.00000     // X 
#Y 	   0.00000     1.00133     0.00000     // Y 
#Z 	   0.00000     0.00000     0.99867     // Z 
#SX 	   0.21875     0.00000     0.00000     // SX 
#SY 	   0.00000    -0.39084     0.00000     // SY 
#SZ 	   0.00000     0.00000    -0.04229     // SZ 
#EPA 	  -4.31724     // Energy per Atom 
#RCUT 	6.5        // Rcut 
FE      0.00000      0.00000      0.00000      0.00000      0.00000      0.00000
FE      0.25000      0.25033      0.24967      0.00070      0.00534      0.00029
FE      0.00000      0.00000      0.49933      0.00000      0.00000      0.00000
FE      0.25000      0.25033      0.74900      0.00070      0.00534     -0.00029
FE      0.00000      0.50067      0.00000      0.00000      0.00000      0.00000
FE      0.25000      0.75100      0.24967      0.00070     -0.00534      0.00029
FE      0.00000      0.50067      0.49933      0.00000      0.00000      0.00000
FE      0.25000      0.75100      0.74900      0.00070     -0.00534     -0.00029
FE      0.50000      0.00000      0.00000      0.00000      0.00000      0.00000
FE      0.75000      0.25033      0.24967     -0.00070      0.00534      0.00029
FE      0.50000      0.00000      0.49933      0.00000      0.00000      0.00000
FE      0.75000      0.25033      0.74900     -0.00070      0.00534     -0.00029
FE      0.50000      0.50067      0.00000      0.00000      0.00000      0.00000
FE      0.75000      0.75100      0.24967     -0.00070     -0.00534      0.00029
FE      0.50000      0.50067      0.49933      0.00000      0.00000      0.00000
FE      0.75000      0.75100      0.74900     -0.00070     -0.00534     -0.00029
