/* Converted from PWscf output file */ 
#L_UNITS ang 
#E_UNITS eV 
#S_UNITS GPA 
#F_UNITS EV/ANG 
#ALAT 	   5.60396     // a0 
#X 	   0.98857     0.00000     0.00000     // X 
#Y 	   0.00000     0.98857     0.00000     // Y 
#Z 	   0.00000     0.00000     0.98857     // Z 
#SX 	   8.57501     0.00000     0.00000     // SX 
#SY 	   0.00000     8.57501     0.00000     // SY 
#SZ 	   0.00000     0.00000     8.57501     // SZ 
#EPA 	  -4.29659     // Energy per Atom 
#RCUT 	6.5        // Rcut 
FE      0.00000      0.00000      0.00000      0.00000      0.00000      0.00000
FE      0.24714      0.24714      0.24714      0.00148      0.00148      0.00148
FE      0.00000      0.00000      0.49429      0.00000      0.00000      0.00000
FE      0.24714      0.24714      0.74143      0.00148      0.00148     -0.00148
FE      0.00000      0.49429      0.00000      0.00000      0.00000      0.00000
FE      0.24714      0.74143      0.24714      0.00148     -0.00148      0.00148
FE      0.00000      0.49429      0.49429      0.00000      0.00000      0.00000
FE      0.24714      0.74143      0.74143      0.00148     -0.00148     -0.00148
FE      0.49429      0.00000      0.00000      0.00000      0.00000      0.00000
FE      0.74143      0.24714      0.24714     -0.00148      0.00148      0.00148
FE      0.49429      0.00000      0.49429      0.00000      0.00000      0.00000
FE      0.74143      0.24714      0.74143     -0.00148      0.00148     -0.00148
FE      0.49429      0.49429      0.00000      0.00000      0.00000      0.00000
FE      0.74143      0.74143      0.24714     -0.00148     -0.00148      0.00148
FE      0.49429      0.49429      0.49429      0.00000      0.00000      0.00000
FE      0.74143      0.74143      0.74143     -0.00148     -0.00148     -0.00148
