/* Converted from PWscf output file */ 
#L_UNITS ang 
#E_UNITS eV 
#S_UNITS GPA 
#F_UNITS EV/ANG 
#ALAT 	   5.60396     // a0 
#X 	   1.01429     0.00000     0.00000     // X 
#Y 	   0.00000     1.01429     0.00000     // Y 
#Z 	   0.00000     0.00000     1.01429     // Z 
#SX 	   8.98539     0.00000     0.00000     // SX 
#SY 	   0.00000    -8.98539     0.00000     // SY 
#SZ 	   0.00000     0.00000    -8.98539     // SZ 
#EPA 	  -4.31686     // Energy per Atom 
#RCUT 	6.5        // Rcut 
FE      0.00000      0.00000      0.00000      0.00000      0.00000      0.00000
FE      0.25357      0.25357      0.25357      0.00108      0.00108      0.00108
FE      0.00000      0.00000      0.50714      0.00000      0.00000      0.00000
FE      0.25357      0.25357      0.76071      0.00108      0.00108     -0.00108
FE      0.00000      0.50714      0.00000      0.00000      0.00000      0.00000
FE      0.25357      0.76071      0.25357      0.00108     -0.00108      0.00108
FE      0.00000      0.50714      0.50714      0.00000      0.00000      0.00000
FE      0.25357      0.76071      0.76071      0.00108     -0.00108     -0.00108
FE      0.50714      0.00000      0.00000      0.00000      0.00000      0.00000
FE      0.76071      0.25357      0.25357     -0.00108      0.00108      0.00108
FE      0.50714      0.00000      0.50714      0.00000      0.00000     -0.00000
FE      0.76071      0.25357      0.76071     -0.00108      0.00108     -0.00108
FE      0.50714      0.50714      0.00000      0.00000      0.00000     -0.00000
FE      0.76071      0.76071      0.25357     -0.00108     -0.00108      0.00108
FE      0.50714      0.50714      0.50714      0.00000      0.00000     -0.00000
FE      0.76071      0.76071      0.76071     -0.00108     -0.00108     -0.00108
