/* Converted from PWscf output file */ 
#L_UNITS ang 
#E_UNITS eV 
#S_UNITS GPA 
#F_UNITS EV/ANG 
#ALAT 	   6.84431     // a0 
#X 	   1.00000     0.00000     0.00000     // X 
#Y 	   0.00000     1.05447     0.00000     // Y 
#Z 	   0.00000     0.00000     1.00665     // Z 
#SX 	   1.49832     0.00000     0.00000     // SX 
#SY 	   0.00000    -0.79174     0.00000     // SY 
#SZ 	   0.00000     0.00000    -2.31602     // SZ 
#EPA 	  -4.26436     // Energy per Atom 
#RCUT 	6.5        // Rcut 
FE      0.00000      0.00000      0.00000      0.00000      0.00000      0.00000
FE      0.25000      0.26362      0.00000      0.00164     -0.00005      0.00000
FE      0.25000      0.00000      0.25166      0.00345      0.00000      0.00126
FE      0.00000      0.26362      0.25167      0.00000     -0.00211     -0.00337
FE      0.00000      0.00000      0.50333      0.00000      0.00000      0.00000
FE      0.25000      0.26362      0.50333      0.00106     -0.00267      0.00000
FE      0.25000      0.00000      0.75499      0.00345      0.00000     -0.00126
FE      0.00000      0.26362      0.75499      0.00000     -0.00211      0.00337
FE      0.00000      0.52724      0.00000      0.00000      0.00000      0.00000
FE      0.25000      0.79085      0.00000      0.00164      0.00005      0.00000
FE      0.25000      0.52724      0.25167      0.00072     -0.00000     -0.00024
FE      0.00000      0.79085      0.25167      0.00000      0.00211     -0.00337
FE      0.00000      0.52724      0.50333      0.00000      0.00000      0.00000
FE      0.25000      0.79085      0.50333      0.00106      0.00267      0.00000
FE      0.25000      0.52724      0.75499      0.00072      0.00000      0.00024
FE      0.00000      0.79085      0.75499      0.00000      0.00211      0.00337
FE      0.50000      0.00000      0.00000      0.00000      0.00000      0.00000
FE      0.75000      0.26362      0.00000     -0.00164     -0.00005      0.00000
FE      0.75000      0.00000      0.25166     -0.00345      0.00000      0.00126
FE      0.50000      0.26362      0.25167      0.00000      0.00171     -0.00204
FE      0.50000      0.00000      0.50333      0.00000      0.00000      0.00000
FE      0.75000      0.26362      0.50333     -0.00106     -0.00267      0.00000
FE      0.75000      0.00000      0.75499     -0.00345      0.00000     -0.00126
FE      0.50000      0.26362      0.75499      0.00000      0.00171      0.00204
FE      0.50000      0.52724      0.00000      0.00000      0.00000      0.00000
FE      0.75000      0.79085      0.00000     -0.00164      0.00005      0.00000
FE      0.75000      0.52724      0.25167     -0.00072      0.00000     -0.00024
FE      0.50000      0.79086      0.25167      0.00000     -0.00171     -0.00204
FE      0.50000      0.52724      0.50333      0.00000      0.00000      0.00000
FE      0.75000      0.79085      0.50333     -0.00106      0.00267      0.00000
FE      0.75000      0.52724      0.75499     -0.00072     -0.00000      0.00024
FE      0.50000      0.79086      0.75499      0.00000     -0.00171      0.00204
