#############################################################################
8.535E-03 ###   Fri, 02 Apr 2021 16:16:39 +0000
#############################################################################

####TIME#############LOG#####################################################
1.872E-02 ###   Script: /cloud/Code/python/eampa/eampa.py
2.249E-02 ###   Loaded: input.in
#############################################
  Read Input
  Time: 2.492E-02
#############################################
2.746E-02 ###   efs
2.986E-02 ###   a0: 5.0
2.987E-02 ###   b0: 1.0
2.987E-02 ###   bp: 1000.0
2.987E-02 ###   config: 1.7
2.987E-02 ###   e: 1.0
2.987E-02 ###   e0: 5.0
2.987E-02 ###   ec: 1.0
2.987E-02 ###   energy: 1.2
2.987E-02 ###   force: 1.5
2.987E-02 ###   g: 1.0
2.987E-02 ###   negec: 1000.0
2.987E-02 ###   stress: 1.3
2.988E-02 ###   v: 1.0
2.988E-02 ###   
3.235E-02 ###   max: 100.0
3.236E-02 ###   min: 0.1
3.236E-02 ###   scale_exponent: 4.0
3.236E-02 ###   scale_factor: 10.0
3.236E-02 ###   zero_density_factor: 100000000.0
3.237E-02 ###   
3.493E-02 ###   pot_dir: None
3.495E-02 ###   pot_name: None
3.495E-02 ###   results_dir: results
3.495E-02 ###   
3.736E-02 ###   bp_file: bp.dat
3.736E-02 ###   dir: bp
3.737E-02 ###   ec_size: 6
3.737E-02 ###   ec_strain: 0.01
3.737E-02 ###   eos_size: 6
3.737E-02 ###   eos_strain: 0.01
3.737E-02 ###   
3.943E-02 ###   
4.179E-02 ###   1: {'label_id': 1, 'label_text': 'AL', 'atom_count': 32, 'relaxed_energy': -1264.06398979, 'relaxed_energy_unit': 'Ry', 'coh_energy': -3.36, 'coh_energy_unit': 'eV', 'calc_relaxed_dft_ev': -537.454181036, 'calc_coh_ev': -3.36, 'calc_apaev': 534.094181036}
4.180E-02 ###   2: {'label_id': 2, 'label_text': 'FE', 'atom_count': 16, 'relaxed_energy': -5268.188, 'relaxed_energy_unit': 'Ry', 'coh_energy': -4.316, 'coh_energy_unit': 'eV', 'calc_relaxed_dft_ev': -4479.851795407, 'calc_coh_ev': -4.316, 'calc_apaev': 4475.5357954070005}
4.180E-02 ###   3: {'label_id': 3, 'label_text': 'PD', 'atom_count': 32, 'relaxed_energy': -16384.958, 'relaxed_energy_unit': 'Ry', 'coh_energy': -3.91, 'coh_energy_unit': 'eV', 'calc_relaxed_dft_ev': -6966.549363269, 'calc_coh_ev': -3.91, 'calc_apaev': 6962.639363269001}
4.180E-02 ###   
#############################################
  Setup Directories
  Time: 4.436E-02
#############################################
4.679E-02 ###   WD: wd/wd
#############################################
  Memory
  Time: 6.009E-02
#############################################
6.274E-02 ###   EFS 2000000000.0
6.536E-02 ###   config size       255102
6.798E-02 ###   ghost size        3061224
7.062E-02 ###   nl size           25510204
7.277E-02 ###   BP 2000000000.0
7.549E-02 ###   config size       255102
7.803E-02 ###   ghost size        3061224
8.053E-02 ###   nl size           25510204
#############################################
  Potential Load
  Time: 8.300E-02
#############################################
8.597E-02 ###   Potential file: pot/al/al.pot
8.844E-02 ###   Loading: pot/al/al.pot
9.308E-02 ###   Load zbl
8.033E-01 ###   std  configs/coords_256_al_02.dat
8.087E-01 ###   std  configs/coords_256_al_01.dat

#############################################################################
1.372E+00 ###   Duration: 1.3666291236877441
#############################################################################
