#############################################################################
9.065E-03 ###   Tue, 23 Mar 2021 19:58:32 +0000
#############################################################################

####TIME#############LOG#####################################################
2.462E-02 ###   Script: /cloud/Code/python/eampa/eampa.py
3.074E-02 ###   Loaded: input.in
#############################################
  Read Input
  Time: 3.416E-02
#############################################
3.715E-02 ###   efs
4.001E-02 ###   a0: 1.0
4.002E-02 ###   b0: 1.0
4.002E-02 ###   bp: 1.0
4.002E-02 ###   config: 1.0
4.002E-02 ###   e: 1.0
4.002E-02 ###   e0: 1.0
4.003E-02 ###   ec: 1.0
4.003E-02 ###   energy: 1.0
4.003E-02 ###   force: 1.0
4.003E-02 ###   g: 1.0
4.003E-02 ###   negec: 1.0
4.003E-02 ###   stress: 1.0
4.003E-02 ###   v: 1.0
4.003E-02 ###   
4.427E-02 ###   max: 0.8
4.427E-02 ###   min: 0.2
4.428E-02 ###   scale_exponent: 4.0
4.428E-02 ###   scale_factor: 10.0
4.428E-02 ###   zero_density_factor: 100000000.0
4.428E-02 ###   
4.738E-02 ###   pot_dir: None
4.739E-02 ###   pot_name: None
4.739E-02 ###   results_dir: results
4.739E-02 ###   
5.192E-02 ###   bp_file: None
5.193E-02 ###   dir: 
5.193E-02 ###   ec_size: 10
5.193E-02 ###   ec_strain: 0.005
5.193E-02 ###   eos_size: 10
5.193E-02 ###   eos_strain: 0.005
5.193E-02 ###   
5.579E-02 ###   
6.048E-02 ###   
#############################################
  Setup Directories
  Time: 6.418E-02
#############################################
6.939E-02 ###   WD: wd/wd
#############################################
  Memory
  Time: 7.329E-02
#############################################
7.694E-02 ###   EFS 2000000000.0
8.086E-02 ###   config size       255102
8.441E-02 ###   ghost size        3061224
8.835E-02 ###   nl size           25510204
9.193E-02 ###   BP 2000000000.0
9.587E-02 ###   config size       255102
9.940E-02 ###   ghost size        3061224
1.034E-01 ###   nl size           25510204
#############################################
  Potential Load
  Time: 1.070E-01
#############################################
1.109E-01 ###   Potential file: pot/fe.pot
1.144E-01 ###   Loading: pot/fe.pot
1.214E-01 ###   Load zbl
9.343E-01 ###   std  configs/fe256.conf

#############################################################################
1.496E+00 ###   Duration: 1.4804713726043701
#############################################################################
