#############################################################################
5.723E-03 ###   Sat, 13 Mar 2021 20:47:01 +0000
#############################################################################

####TIME#############LOG#####################################################
1.301E-02 ###   Script: /cloud/Code/python/eampa/eampa.py
1.685E-02 ###   Loaded: input.in
#############################################
  Read Input
  Time: 1.859E-02
#############################################
2.037E-02 ###   rss
2.216E-02 ###   a0: 25.0
2.216E-02 ###   b0: 1.0
2.216E-02 ###   bp: 1000.0
2.217E-02 ###   config: 1.7
2.217E-02 ###   e: 1.0
2.217E-02 ###   e0: 25.0
2.217E-02 ###   ec: 1.0
2.217E-02 ###   energy: 1.2
2.217E-02 ###   force: 1500.0
2.217E-02 ###   g: 1.0
2.217E-02 ###   negec: 1000.0
2.217E-02 ###   stress: 1.3
2.217E-02 ###   v: 1.0
2.217E-02 ###   
2.387E-02 ###   max: 100.0
2.387E-02 ###   min: 0.1
2.388E-02 ###   scale_exponent: 4.0
2.388E-02 ###   scale_factor: 10.0
2.388E-02 ###   zero_density_factor: 100000000.0
2.388E-02 ###   
2.570E-02 ###   pot_dir: None
2.570E-02 ###   pot_name: None
2.570E-02 ###   results_dir: results
2.570E-02 ###   
2.755E-02 ###   bp_file: bp.dat
2.755E-02 ###   dir: bp
2.755E-02 ###   ec_size: 6
2.755E-02 ###   ec_strain: 0.001
2.755E-02 ###   eos_size: 6
2.756E-02 ###   eos_strain: 0.001
2.756E-02 ###   
2.931E-02 ###   FE1: FE
2.931E-02 ###   FE2: FE
2.932E-02 ###   FE3: FE
2.932E-02 ###   FE4: FE
2.932E-02 ###   
3.115E-02 ###   1: {'label_id': 1, 'label_text': 'AL', 'atom_count': 32, 'relaxed_energy': -1264.06398979, 'relaxed_energy_unit': 'Ry', 'coh_energy': -3.36, 'coh_energy_unit': 'eV', 'calc_relaxed_dft_ev': -537.454181036, 'calc_coh_ev': -3.36, 'calc_apaev': 534.094181036}
3.116E-02 ###   2: {'label_id': 2, 'label_text': 'FE', 'atom_count': 16, 'relaxed_energy': -5268.188, 'relaxed_energy_unit': 'Ry', 'coh_energy': -4.316, 'coh_energy_unit': 'eV', 'calc_relaxed_dft_ev': -4479.851795407, 'calc_coh_ev': -4.316, 'calc_apaev': 4475.5357954070005}
3.116E-02 ###   3: {'label_id': 3, 'label_text': 'PD', 'atom_count': 32, 'relaxed_energy': -16384.958, 'relaxed_energy_unit': 'Ry', 'coh_energy': -3.91, 'coh_energy_unit': 'eV', 'calc_relaxed_dft_ev': -6966.549363269, 'calc_coh_ev': -3.91, 'calc_apaev': 6962.639363269001}
3.116E-02 ###   
#############################################
  Setup Directories
  Time: 3.290E-02
#############################################
3.460E-02 ###   WD: wd/wd
3.711E-02 ###   wd   wd/wd
3.951E-02 ###   input   wd/wd/input
4.179E-02 ###   output   wd/wd/output
4.412E-02 ###   results   wd/wd/results
4.634E-02 ###   plots   wd/wd/plots
4.858E-02 ###   configs   wd/wd/configs
5.091E-02 ###   fitting   wd/wd/fitting
5.314E-02 ###   fitting_generations   wd/wd/fitting/generations
5.543E-02 ###   fitting_finished   wd/wd/fitting/finished
#############################################
  Memory
  Time: 5.711E-02
#############################################
5.895E-02 ###   EFS 2000000000.0
6.143E-02 ###   config size       255102
6.313E-02 ###   ghost size        3061224
6.490E-02 ###   nl size           25510204
6.657E-02 ###   BP 2000000000.0
6.825E-02 ###   config size       255102
7.003E-02 ###   ghost size        3061224
7.176E-02 ###   nl size           25510204
#############################################
  Potential Load
  Time: 7.355E-02
#############################################
7.668E-02 ###   Potential file: pot/fe/fe.pot
7.866E-02 ###   Loading: pot/fe/fe.pot
8.279E-02 ###   Load zbl
9.552E-01 ###   std  configs/fe_eos_001.out
9.617E-01 ###   std  configs/coords_256_fe.dat
9.662E-01 ###   std  configs/fe_eos_007.out
9.726E-01 ###   std  configs/fe_eos_004.out
9.788E-01 ###   std  configs/fe_config_0001.out
1.518E+00 ###   BP Allocated Memory
1.518E+00 ###   
1.520E+00 ###   2GB
1.520E+00 ###   
1.522E+00 ###   255102 3061224 25510204
1.522E+00 ###   
5.122E+00 ###   Best rss: None (since last: 1)
