/* Converted from PWscf output file */ 
#L_UNITS ang 
#E_UNITS eV 
#S_UNITS GPA 
#F_UNITS EV/ANG 
#ALAT 	   6.84431     // a0 
#X 	   1.00000     0.00000     0.00000     // X 
#Y 	   0.00000     1.05447     0.00000     // Y 
#Z 	   0.00000     0.00000     1.00832     // Z 
#SX 	   1.94866     0.00000     0.00000     // SX 
#SY 	   0.00000    -1.05469     0.00000     // SY 
#SZ 	   0.00000     0.00000    -2.97185     // SZ 
#EPA 	  -4.26461     // Energy per Atom 
#RCUT 	6.5        // Rcut 
FE      0.00000      0.00000      0.00000      0.00000      0.00000      0.00000
FE      0.25000      0.26362      0.00000      0.00118     -0.00041      0.00000
FE      0.25000      0.00000      0.25208      0.00170      0.00000      0.00140
FE      0.00000      0.26362      0.25208      0.00000     -0.00112     -0.00202
FE      0.00000      0.00000      0.50416      0.00000      0.00000      0.00000
FE      0.25000      0.26362      0.50416      0.00035     -0.00196      0.00000
FE      0.25000      0.00000      0.75624      0.00170      0.00000     -0.00140
FE      0.00000      0.26362      0.75624      0.00000     -0.00112      0.00202
FE      0.00000      0.52724      0.00000      0.00000      0.00000      0.00000
FE      0.25000      0.79085      0.00000      0.00118      0.00041      0.00000
FE      0.25000      0.52724      0.25208      0.00019      0.00000     -0.00005
FE      0.00000      0.79085      0.25208      0.00000      0.00112     -0.00202
FE      0.00000      0.52724      0.50416      0.00000      0.00000      0.00000
FE      0.25000      0.79085      0.50416      0.00035      0.00196      0.00000
FE      0.25000      0.52724      0.75624      0.00019     -0.00000      0.00005
FE      0.00000      0.79085      0.75624      0.00000      0.00112      0.00202
FE      0.50000      0.00000      0.00000      0.00000      0.00000      0.00000
FE      0.75000      0.26362      0.00000     -0.00118     -0.00041      0.00000
FE      0.75000      0.00000      0.25208     -0.00170      0.00000      0.00140
FE      0.50000      0.26362      0.25208      0.00000      0.00114     -0.00129
FE      0.50000      0.00000      0.50416      0.00000      0.00000      0.00000
FE      0.75000      0.26362      0.50416     -0.00035     -0.00196      0.00000
FE      0.75000      0.00000      0.75624     -0.00170      0.00000     -0.00140
FE      0.50000      0.26362      0.75624      0.00000      0.00114      0.00129
FE      0.50000      0.52724      0.00000      0.00000      0.00000      0.00000
FE      0.75000      0.79085      0.00000     -0.00118      0.00041      0.00000
FE      0.75000      0.52724      0.25208     -0.00019     -0.00000     -0.00005
FE      0.50000      0.79086      0.25208      0.00000     -0.00114     -0.00129
FE      0.50000      0.52724      0.50416      0.00000      0.00000      0.00000
FE      0.75000      0.79085      0.50416     -0.00035      0.00196      0.00000
FE      0.75000      0.52724      0.75624     -0.00019      0.00000      0.00005
FE      0.50000      0.79086      0.75624      0.00000     -0.00114      0.00129
