/* Converted from PWscf output file */ 
#L_UNITS ang 
#E_UNITS eV 
#S_UNITS GPA 
#F_UNITS EV/ANG 
#ALAT 	   7.85004     // a0 
#X 	   1.00000     0.00000     0.00000     // X 
#Y 	   0.00000     1.00000     0.00333     // Y 
#Z 	   0.00000     0.00333     1.00000     // Z 
#SX 	   0.12688     0.00000     0.00000     // SX 
#SY 	   0.00000     0.14919    -0.59997     // SY 
#SZ 	   0.00000    -0.59997     0.14919     // SZ 
#EPA 	  -3.90988     // Energy per Atom 
#RCUT 	6.5        // Rcut 
PD      0.00000      0.00000      0.00000      0.00000      0.00000      0.00000
PD      0.25001      0.25001      0.00083      0.00010      0.00199      0.00006
PD      0.25001      0.00083      0.25000      0.00010      0.00006      0.00199
PD      0.00000      0.25084      0.25084      0.00000      0.00141      0.00141
PD      0.00000      0.00167      0.50000      0.00000      0.00000      0.00000
PD      0.25001      0.25168      0.50083      0.00140      0.00231     -0.00012
PD      0.25001      0.00250      0.75000      0.00010     -0.00006     -0.00199
PD      0.00000      0.25251      0.75083      0.00000      0.00123     -0.00123
PD      0.00000      0.50000      0.00167      0.00000      0.00000      0.00000
PD      0.25001      0.75000      0.00250      0.00010     -0.00199     -0.00006
PD      0.25001      0.50084      0.25168      0.00140     -0.00012      0.00231
PD      0.00000      0.75083      0.25250      0.00000     -0.00123      0.00123
PD      0.00000      0.50167      0.50167      0.00000      0.00000      0.00000
PD      0.25001      0.75166      0.50250      0.00140     -0.00231      0.00012
PD      0.25001      0.50250      0.75166      0.00140      0.00012     -0.00231
PD      0.00000      0.75250      0.75250      0.00000     -0.00141     -0.00141
PD      0.50000      0.00000      0.00000      0.00000      0.00000      0.00000
PD      0.75000      0.25001      0.00083     -0.00010      0.00199      0.00006
PD      0.75000      0.00083      0.25000     -0.00010      0.00006      0.00199
PD      0.50000      0.25085      0.25085      0.00000      0.00335      0.00335
PD      0.50000      0.00167      0.50000      0.00000      0.00000      0.00000
PD      0.74999      0.25168      0.50083     -0.00140      0.00231     -0.00012
PD      0.75000      0.00250      0.75000     -0.00010     -0.00006     -0.00199
PD      0.50000      0.25251      0.75082      0.00000      0.00330     -0.00330
PD      0.50000      0.50000      0.00167      0.00000      0.00000      0.00000
PD      0.75000      0.75000      0.00250     -0.00010     -0.00199     -0.00006
PD      0.74999      0.50084      0.25168     -0.00140     -0.00012      0.00231
PD      0.50000      0.75082      0.25251      0.00000     -0.00330      0.00330
PD      0.50000      0.50167      0.50167      0.00000      0.00000      0.00000
PD      0.74999      0.75166      0.50250     -0.00140     -0.00231      0.00012
PD      0.74999      0.50250      0.75166     -0.00140      0.00012     -0.00231
PD      0.50000      0.75249      0.75249      0.00000     -0.00335     -0.00335
