#############################################################################
1.026E-02 ###   Thu, 11 Mar 2021 01:00:48 +0000
#############################################################################

####TIME#############LOG#####################################################
1.897E-02 ###   Script: /cloud/Code/python/eampa/eampa.py
2.323E-02 ###   Loaded: input.in
#############################################
  Read Input
  Time: 2.547E-02
#############################################
2.775E-02 ###   rss
3.035E-02 ###   a0: 25.0
3.036E-02 ###   b0: 1.0
3.036E-02 ###   bp: 1000.0
3.037E-02 ###   config: 1.7
3.037E-02 ###   e: 1.0
3.037E-02 ###   e0: 25.0
3.037E-02 ###   ec: 1.0
3.037E-02 ###   energy: 1.2
3.037E-02 ###   force: 1.5
3.037E-02 ###   g: 1.0
3.038E-02 ###   negec: 1000.0
3.038E-02 ###   stress: 1.3
3.038E-02 ###   v: 1.0
3.038E-02 ###   
3.290E-02 ###   max: 100.0
3.291E-02 ###   min: 0.1
3.291E-02 ###   scale_exponent: 4.0
3.291E-02 ###   scale_factor: 10.0
3.291E-02 ###   zero_density_factor: 100000000.0
3.291E-02 ###   
3.531E-02 ###   pot_dir: None
3.531E-02 ###   pot_name: None
3.531E-02 ###   results_dir: results
3.532E-02 ###   
3.784E-02 ###   bp_file: bp.dat
3.785E-02 ###   dir: bp
3.785E-02 ###   ec_size: 6
3.785E-02 ###   ec_strain: 0.01
3.785E-02 ###   eos_size: 6
3.785E-02 ###   eos_strain: 0.01
3.785E-02 ###   
3.997E-02 ###   FE1: FE
3.997E-02 ###   FE2: FE
3.997E-02 ###   FE3: FE
3.998E-02 ###   FE4: FE
3.998E-02 ###   PD: PD
3.998E-02 ###   
4.216E-02 ###   1: {'label_id': 1, 'label_text': 'AL', 'atom_count': 32, 'relaxed_energy': -1264.06398979, 'relaxed_energy_unit': 'Ry', 'coh_energy': -3.36, 'coh_energy_unit': 'eV', 'calc_relaxed_dft_ev': -537.454181036, 'calc_coh_ev': -3.36, 'calc_apaev': 534.094181036}
4.216E-02 ###   2: {'label_id': 2, 'label_text': 'FE', 'atom_count': 16, 'relaxed_energy': -5268.188, 'relaxed_energy_unit': 'Ry', 'coh_energy': -4.316, 'coh_energy_unit': 'eV', 'calc_relaxed_dft_ev': -4479.851795407, 'calc_coh_ev': -4.316, 'calc_apaev': 4475.5357954070005}
4.216E-02 ###   3: {'label_id': 3, 'label_text': 'PD', 'atom_count': 32, 'relaxed_energy': -16384.958, 'relaxed_energy_unit': 'Ry', 'coh_energy': -3.91, 'coh_energy_unit': 'eV', 'calc_relaxed_dft_ev': -6966.549363269, 'calc_coh_ev': -3.91, 'calc_apaev': 6962.639363269001}
4.216E-02 ###   
#############################################
  Setup Directories
  Time: 4.468E-02
#############################################
4.717E-02 ###   WD: wd/wd
5.009E-02 ###   wd   wd/wd
5.304E-02 ###   input   wd/wd/input
5.599E-02 ###   output   wd/wd/output
5.905E-02 ###   results   wd/wd/results
6.202E-02 ###   plots   wd/wd/plots
6.511E-02 ###   configs   wd/wd/configs
6.813E-02 ###   fitting   wd/wd/fitting
7.136E-02 ###   fitting_generations   wd/wd/fitting/generations
7.440E-02 ###   fitting_finished   wd/wd/fitting/finished
#############################################
  Memory
  Time: 7.693E-02
#############################################
7.946E-02 ###   EFS 2000000000.0
8.201E-02 ###   config size       255102
8.444E-02 ###   ghost size        3061224
8.687E-02 ###   nl size           25510204
9.033E-02 ###   BP 2000000000.0
9.256E-02 ###   config size       255102
9.512E-02 ###   ghost size        3061224
9.871E-02 ###   nl size           25510204
#############################################
  Potential Load
  Time: 1.046E-01
#############################################
1.089E-01 ###   Potential file: pot/al/al.pot
1.125E-01 ###   Loading: pot/al/al.pot
1.250E-01 ###   Load zbl
2.840E+00 ###   std  configs/coords_256_al.dat
3.387E+00 ###   BP Allocated Memory
3.387E+00 ###   
3.402E+00 ###   2GB
3.402E+00 ###   
3.409E+00 ###   255102 3061224 25510204
3.409E+00 ###   
3.932E+00 ###   Best rss: None (since last: 1)
