/* Converted from PWscf output file */ 
#L_UNITS ang 
#E_UNITS eV 
#S_UNITS GPA 
#F_UNITS EV/ANG 
#ALAT 	   6.84431     // a0 
#X 	   1.00000     0.00000     0.00000     // X 
#Y 	   0.00000     1.05623     0.00000     // Y 
#Z 	   0.00000     0.00000     0.99999     // Z 
#SX 	   0.21350     0.00000     0.00000     // SX 
#SY 	   0.00000    -0.51130     0.00000     // SY 
#SZ 	   0.00000     0.00000    -0.21205     // SZ 
#EPA 	  -4.26321     // Energy per Atom 
#RCUT 	6.5        // Rcut 
FE      0.00000      0.00000      0.00000      0.00000      0.00000      0.00000
FE      0.25000      0.26406      0.00000      0.00109     -0.00072      0.00000
FE      0.25000      0.00000      0.24999      0.00232      0.00000      0.00107
FE      0.00000      0.26406      0.25000      0.00000     -0.00219     -0.00242
FE      0.00000      0.00000      0.49999      0.00000      0.00000      0.00000
FE      0.25000      0.26406      0.49999      0.00117     -0.00245      0.00000
FE      0.25000      0.00000      0.74999      0.00232     -0.00000     -0.00107
FE      0.00000      0.26406      0.74999      0.00000     -0.00219      0.00242
FE      0.00000      0.52812      0.00000      0.00000      0.00000      0.00000
FE      0.25000      0.79217      0.00000      0.00109      0.00072      0.00000
FE      0.25000      0.52812      0.25000      0.00096      0.00000     -0.00006
FE      0.00000      0.79217      0.25000      0.00000      0.00219     -0.00242
FE      0.00000      0.52812      0.49999      0.00000      0.00000      0.00000
FE      0.25000      0.79217      0.49999      0.00117      0.00245      0.00000
FE      0.25000      0.52812      0.74999      0.00096     -0.00000      0.00006
FE      0.00000      0.79217      0.74999      0.00000      0.00219      0.00242
FE      0.50000      0.00000      0.00000      0.00000      0.00000      0.00000
FE      0.75000      0.26406      0.00000     -0.00109     -0.00072      0.00000
FE      0.75000      0.00000      0.24999     -0.00232     -0.00000      0.00107
FE      0.50000      0.26406      0.25000      0.00000      0.00046     -0.00101
FE      0.50000      0.00000      0.49999      0.00000      0.00000      0.00000
FE      0.75000      0.26406      0.49999     -0.00117     -0.00245      0.00000
FE      0.75000      0.00000      0.74999     -0.00232      0.00000     -0.00107
FE      0.50000      0.26406      0.74999      0.00000      0.00046      0.00101
FE      0.50000      0.52812      0.00000      0.00000      0.00000      0.00000
FE      0.75000      0.79217      0.00000     -0.00109      0.00072      0.00000
FE      0.75000      0.52812      0.25000     -0.00096     -0.00000     -0.00006
FE      0.50000      0.79217      0.25000      0.00000     -0.00046     -0.00101
FE      0.50000      0.52812      0.49999      0.00000      0.00000      0.00000
FE      0.75000      0.79217      0.49999     -0.00117      0.00245      0.00000
FE      0.75000      0.52812      0.74999     -0.00096      0.00000      0.00006
FE      0.50000      0.79217      0.74999      0.00000     -0.00046      0.00101
