/* Converted from PWscf output file */ 
#L_UNITS ang 
#E_UNITS eV 
#S_UNITS GPA 
#F_UNITS EV/ANG 
#ALAT 	   6.84431     // a0 
#X 	   1.00000     0.00176     0.00000     // X 
#Y 	   0.00167     1.05448     0.00000     // Y 
#Z 	   0.00000     0.00000     0.99999     // Z 
#SX 	   0.07569    -0.61368     0.00000     // SX 
#SY 	   0.61368    -0.04740     0.00000     // SY 
#SZ 	   0.00000     0.00000    -0.08094     // SZ 
#EPA 	  -4.26261     // Energy per Atom 
#RCUT 	6.5        // Rcut 
FE      0.00000      0.00000      0.00000      0.00000      0.00000      0.00000
FE      0.25041      0.26406      0.00000      0.00073      0.00114      0.00000
FE      0.25000      0.00044      0.24999      0.00064      0.00038     -0.00018
FE      0.00042      0.26362      0.25000      0.00071     -0.00001     -0.00026
FE      0.00000      0.00000      0.49999      0.00000      0.00000      0.00000
FE      0.25042      0.26406      0.49999      0.00069      0.00019      0.00000
FE      0.25000      0.00044      0.74999      0.00064      0.00038      0.00018
FE      0.00042      0.26362      0.74999      0.00071     -0.00001      0.00026
FE      0.00083      0.52724      0.00000      0.00000      0.00000      0.00000
FE      0.25125      0.79129      0.00000     -0.00044     -0.00154      0.00000
FE      0.25083      0.52768      0.25000      0.00017     -0.00068     -0.00014
FE      0.00125      0.79086      0.25000     -0.00071      0.00001     -0.00026
FE      0.00083      0.52724      0.49999      0.00000      0.00000      0.00000
FE      0.25125      0.79129      0.49999      0.00025     -0.00089      0.00000
FE      0.25083      0.52768      0.74999      0.00017     -0.00068      0.00014
FE      0.00125      0.79086      0.74999     -0.00071      0.00001      0.00026
FE      0.50000      0.00088      0.00000      0.00000      0.00000      0.00000
FE      0.75042      0.26494      0.00000      0.00044      0.00154      0.00000
FE      0.75000      0.00132      0.24999     -0.00064     -0.00038     -0.00018
FE      0.50042      0.26450      0.25000     -0.00001      0.00096     -0.00043
FE      0.50000      0.00088      0.49999      0.00000      0.00000      0.00000
FE      0.75042      0.26494      0.49999     -0.00025      0.00089      0.00000
FE      0.75000      0.00132      0.74999     -0.00064     -0.00038      0.00018
FE      0.50042      0.26450      0.74999     -0.00001      0.00096      0.00043
FE      0.50083      0.52812      0.00000      0.00000      0.00000      0.00000
FE      0.75125      0.79217      0.00000     -0.00073     -0.00114      0.00000
FE      0.75083      0.52856      0.25000     -0.00017      0.00068     -0.00014
FE      0.50125      0.79173      0.25000      0.00001     -0.00096     -0.00043
FE      0.50083      0.52812      0.49999      0.00000      0.00000      0.00000
FE      0.75125      0.79217      0.49999     -0.00069     -0.00019      0.00000
FE      0.75083      0.52856      0.74999     -0.00017      0.00068      0.00014
FE      0.50125      0.79173      0.74999      0.00001     -0.00096      0.00043
