/* Converted from PWscf output file */ 
#L_UNITS ang 
#E_UNITS eV 
#S_UNITS GPA 
#F_UNITS EV/ANG 
#ALAT 	   6.84431     // a0 
#X 	   1.00000     0.00000     0.00000     // X 
#Y 	   0.00000     1.05799     0.00000     // Y 
#Z 	   0.00000     0.00000     0.99999     // Z 
#SX 	   0.41447     0.00000     0.00000     // SX 
#SY 	   0.00000    -0.97098     0.00000     // SY 
#SZ 	   0.00000     0.00000    -0.41330     // SZ 
#EPA 	  -4.26370     // Energy per Atom 
#RCUT 	6.5        // Rcut 
FE      0.00000      0.00000      0.00000      0.00000      0.00000      0.00000
FE      0.25000      0.26450      0.00000      0.00030     -0.00036      0.00000
FE      0.25000      0.00000      0.24999      0.00052     -0.00000      0.00123
FE      0.00000      0.26450      0.25000      0.00000     -0.00061     -0.00166
FE      0.00000      0.00000      0.49999      0.00000      0.00000      0.00000
FE      0.25000      0.26450      0.49999     -0.00001     -0.00152      0.00000
FE      0.25000      0.00000      0.74999      0.00052      0.00000     -0.00123
FE      0.00000      0.26450      0.74999      0.00000     -0.00061      0.00166
FE      0.00000      0.52899      0.00000      0.00000      0.00000      0.00000
FE      0.25000      0.79349      0.00000      0.00030      0.00036      0.00000
FE      0.25000      0.52899      0.25000     -0.00006      0.00000     -0.00001
FE      0.00000      0.79349      0.25000      0.00000      0.00061     -0.00166
FE      0.00000      0.52899      0.49999      0.00000      0.00000      0.00000
FE      0.25000      0.79349      0.49999     -0.00001      0.00152      0.00000
FE      0.25000      0.52899      0.74999     -0.00006      0.00000      0.00001
FE      0.00000      0.79349      0.74999      0.00000      0.00061      0.00166
FE      0.50000      0.00000      0.00000      0.00000      0.00000      0.00000
FE      0.75000      0.26450      0.00000     -0.00030     -0.00036      0.00000
FE      0.75000      0.00000      0.24999     -0.00052      0.00000      0.00123
FE      0.50000      0.26450      0.25000      0.00000      0.00094     -0.00055
FE      0.50000      0.00000      0.49999      0.00000      0.00000      0.00000
FE      0.75000      0.26450      0.49999      0.00001     -0.00152      0.00000
FE      0.75000      0.00000      0.74999     -0.00052     -0.00000     -0.00123
FE      0.50000      0.26450      0.74999      0.00000      0.00094      0.00055
FE      0.50000      0.52899      0.00000      0.00000      0.00000      0.00000
FE      0.75000      0.79349      0.00000     -0.00030      0.00036      0.00000
FE      0.75000      0.52899      0.25000      0.00006      0.00000     -0.00001
FE      0.50000      0.79349      0.25000      0.00000     -0.00094     -0.00055
FE      0.50000      0.52899      0.49999      0.00000      0.00000      0.00000
FE      0.75000      0.79349      0.49999      0.00001      0.00152      0.00000
FE      0.75000      0.52899      0.74999      0.00006      0.00000      0.00001
FE      0.50000      0.79349      0.74999      0.00000     -0.00094      0.00055
