#############################################################################
5.575E-03 ###   Wed, 30 Jun 2021 09:38:36 +0000
#############################################################################

####TIME#############LOG#####################################################
1.275E-02 ###   Script: /cloud/Code/python/eampa/eampa.py
3.710E-02 ###   Loaded: input.in
#############################################
  Read Input
  Time: 3.903E-02
#############################################
4.090E-02 ###   e
4.273E-02 ###   a0: 5.0
4.273E-02 ###   b0: 1.0
4.273E-02 ###   bp: 100.0
4.273E-02 ###   config: 0.0001
4.273E-02 ###   e: 1.0
4.273E-02 ###   e0: 25.0
4.273E-02 ###   ec: 1.0
4.273E-02 ###   energy: 20.0
4.274E-02 ###   force: 1.0
4.274E-02 ###   g: 1.0
4.274E-02 ###   negec: 1000.0
4.274E-02 ###   stress: 1.0
4.274E-02 ###   v: 1.0
4.274E-02 ###   
4.454E-02 ###   max: 100.0
4.455E-02 ###   min: 0.1
4.455E-02 ###   scale_exponent: 4.0
4.455E-02 ###   scale_factor: 10.0
4.455E-02 ###   zero_density_factor: 100000000.0
4.455E-02 ###   
4.634E-02 ###   pot_dir: None
4.634E-02 ###   pot_name: None
4.634E-02 ###   results_dir: results
4.634E-02 ###   
4.803E-02 ###   bp_file: bp.dat
4.804E-02 ###   dir: bp
4.804E-02 ###   ec_size: 6
4.804E-02 ###   ec_strain: 0.05
4.804E-02 ###   eos_size: 6
4.804E-02 ###   eos_strain: 0.1
4.804E-02 ###   
4.984E-02 ###   
5.164E-02 ###   1: {'label_id': 1, 'label_text': 'AL', 'atom_count': 32, 'relaxed_energy': -1264.06398979, 'relaxed_energy_unit': 'Ry', 'coh_energy': -3.36, 'coh_energy_unit': 'eV', 'calc_relaxed_dft_ev': -537.454181036, 'calc_coh_ev': -3.36, 'calc_apaev': 534.094181036}
5.165E-02 ###   2: {'label_id': 2, 'label_text': 'FE', 'atom_count': 16, 'relaxed_energy': -5268.188, 'relaxed_energy_unit': 'Ry', 'coh_energy': -4.316, 'coh_energy_unit': 'eV', 'calc_relaxed_dft_ev': -4479.851795407, 'calc_coh_ev': -4.316, 'calc_apaev': 4475.5357954070005}
5.165E-02 ###   3: {'label_id': 3, 'label_text': 'PD', 'atom_count': 32, 'relaxed_energy': -16384.958, 'relaxed_energy_unit': 'Ry', 'coh_energy': -3.91, 'coh_energy_unit': 'eV', 'calc_relaxed_dft_ev': -6966.549363269, 'calc_coh_ev': -3.91, 'calc_apaev': 6962.639363269001}
5.165E-02 ###   
#############################################
  Setup Directories
  Time: 5.355E-02
#############################################
5.583E-02 ###   WD: wd/wd
#############################################
  Memory
  Time: 5.991E-02
#############################################
6.747E-02 ###   EFS 6000000000.0
6.963E-02 ###   config size       765306
7.196E-02 ###   ghost size        9183673
7.408E-02 ###   nl size           76530612
7.670E-02 ###   BP 6000000000.0
7.906E-02 ###   config size       255102
8.151E-02 ###   ghost size        3061224
8.681E-02 ###   nl size           25510204
#############################################
  Potential Load
  Time: 8.904E-02
#############################################
9.229E-02 ###   Potential file: pot/pd.pot
9.463E-02 ###   Loading: pot/pd.pot
1.423E-01 ###   std  configs/crowdion.out
1.474E-01 ###   std  configs/no_defect_001.dat
1.514E-01 ###   std  configs/no_defect_005.dat
1.552E-01 ###   std  configs/no_defect_002.dat
1.593E-01 ###   std  configs/tetra.out
1.637E-01 ###   std  configs/octa.out
1.683E-01 ###   std  configs/no_defect_003.dat
1.722E-01 ###   std  configs/no_defect_004.dat
