/* Converted from PWscf output file */ 
#L_UNITS ang 
#E_UNITS eV 
#S_UNITS GPA 
#F_UNITS EV/ANG 
#ALAT 	   7.85851     // a0 
#X 	   1.00000     0.00000     0.00000     // X 
#Y 	   0.00000     1.00000     0.00000     // Y 
#Z 	   0.00000     0.00000     1.00000     // Z 
#SX 	   0.37494    -0.00481    -0.00219     // SX 
#SY 	   0.00481    -0.37013     0.00350     // SY 
#SZ 	   0.00219     0.00350    -0.37407     // SZ 
#EPA 	  -3.91039     // Energy per Atom 
#RCUT 	6.5        // Rcut 
PD     -0.00074     -0.00065     -0.00053      0.00331     -0.00550      0.00239
PD      0.24949      0.24894     -0.00053     -0.00842      0.02135      0.01035
PD      0.24914     -0.00061      0.24993      0.01382      0.01005     -0.04875
PD     -0.00071      0.24978      0.24970     -0.00233     -0.01093     -0.03530
PD     -0.00015     -0.00015      0.49908     -0.04076     -0.03052      0.02671
PD      0.24957      0.24898      0.49933     -0.01546      0.03352     -0.00772
PD      0.24938     -0.00036      0.74910     -0.01493     -0.05127      0.03211
PD     -0.00056      0.24956      0.74976     -0.00537     -0.00220     -0.01529
PD     -0.00018      0.49955     -0.00070      0.00477     -0.00501      0.00821
PD      0.24961      0.74969      0.00016     -0.02047     -0.01198     -0.06512
PD      0.24972      0.49955      0.24984     -0.01710     -0.02852     -0.04112
PD     -0.00059      0.74942      0.24938     -0.01642     -0.00452     -0.01162
PD     -0.00045      0.49965      0.49953     -0.02097     -0.03296     -0.00125
PD      0.24925      0.74946      0.49906     -0.00041      0.00938      0.04299
PD      0.25002      0.49889      0.74870     -0.04400      0.04222      0.05179
PD     -0.00135      0.74872      0.74931      0.06203      0.03702      0.01812
PD      0.49975     -0.00088     -0.00075     -0.03929      0.00355      0.00748
PD      0.74915      0.24952     -0.00115      0.01606     -0.00520      0.03632
PD      0.74858     -0.00087      0.24949      0.04947      0.02279     -0.00957
PD      0.49928      0.24925      0.24898      0.00850      0.02503      0.00434
PD      0.49916     -0.00007      0.49927      0.01906     -0.04676      0.01028
PD      0.74947      0.24870      0.49923     -0.00799      0.05708      0.00903
PD      0.74940     -0.00081      0.74938      0.01133      0.00191     -0.01315
PD      0.49935      0.24909      0.74932      0.01740      0.01734     -0.00145
PD      0.49902      0.49956     -0.00112      0.00042     -0.01820      0.02883
PD      0.74886      0.74953     -0.00011      0.03247     -0.01954     -0.01464
PD      0.74953      0.49892      0.24922     -0.01747      0.00656      0.01505
PD      0.49951      0.74890      0.24976      0.00148      0.01304     -0.00744
PD      0.49866      0.49954      0.49941      0.07296     -0.02952     -0.00706
PD      0.74967      0.74930      0.49903     -0.02280     -0.00524      0.01178
PD      0.74922      0.49935      0.74961     -0.00432     -0.00819     -0.03365
PD      0.49936      0.74922      0.74916     -0.01454      0.01522     -0.00264
