#############################################################################
2.560E-02 ###   Sat, 03 Jul 2021 17:39:54 +0000
#############################################################################

####TIME#############LOG#####################################################
3.436E-02 ###   Script: /cloud/Code/python/eampa/eampa.py
6.003E-02 ###   Loaded: input.in
#############################################
  Read Input
  Time: 6.231E-02
#############################################
6.433E-02 ###   fit
6.655E-02 ###   a0: 15.0
6.656E-02 ###   b0: 5.0
6.657E-02 ###   bp: 100.0
6.657E-02 ###   config: 0.0001
6.657E-02 ###   e: 1.0
6.657E-02 ###   e0: 25.0
6.657E-02 ###   ec: 1.0
6.658E-02 ###   energy: 10.0
6.658E-02 ###   force: 1.0
6.658E-02 ###   g: 1.0
6.659E-02 ###   negec: 1000.0
6.659E-02 ###   stress: 1.0
6.659E-02 ###   v: 1.0
6.659E-02 ###   
6.863E-02 ###   max: 100.0
6.864E-02 ###   min: 0.1
6.864E-02 ###   scale_exponent: 4.0
6.865E-02 ###   scale_factor: 10.0
6.865E-02 ###   zero_density_factor: 100000000.0
6.865E-02 ###   
7.088E-02 ###   pot_dir: None
7.090E-02 ###   pot_name: None
7.090E-02 ###   results_dir: results
7.090E-02 ###   
7.345E-02 ###   bp_file: bp.dat
7.346E-02 ###   dir: bp
7.346E-02 ###   ec_size: 6
7.346E-02 ###   ec_strain: 0.05
7.347E-02 ###   eos_size: 6
7.347E-02 ###   eos_strain: 0.1
7.347E-02 ###   
7.578E-02 ###   
7.796E-02 ###   1: {'label_id': 1, 'label_text': 'AL', 'atom_count': 32, 'relaxed_energy': -1264.06398979, 'relaxed_energy_unit': 'Ry', 'coh_energy': -3.36, 'coh_energy_unit': 'eV', 'calc_relaxed_dft_ev': -537.454181036, 'calc_coh_ev': -3.36, 'calc_apaev': 534.094181036}
7.797E-02 ###   2: {'label_id': 2, 'label_text': 'FE', 'atom_count': 16, 'relaxed_energy': -5268.188, 'relaxed_energy_unit': 'Ry', 'coh_energy': -4.316, 'coh_energy_unit': 'eV', 'calc_relaxed_dft_ev': -4479.851795407, 'calc_coh_ev': -4.316, 'calc_apaev': 4475.5357954070005}
7.798E-02 ###   3: {'label_id': 3, 'label_text': 'PD', 'atom_count': 32, 'relaxed_energy': -16384.958, 'relaxed_energy_unit': 'Ry', 'coh_energy': -3.91, 'coh_energy_unit': 'eV', 'calc_relaxed_dft_ev': -6966.549363269, 'calc_coh_ev': -3.91, 'calc_apaev': 6962.639363269001}
7.798E-02 ###   
#############################################
  Setup Directories
  Time: 8.339E-02
#############################################
8.550E-02 ###   WD: wd/wd
#############################################
  Memory
  Time: 8.899E-02
#############################################
9.456E-02 ###   EFS 2000000000.0
9.665E-02 ###   config size       255102
9.866E-02 ###   ghost size        3061224
1.006E-01 ###   nl size           25510204
1.026E-01 ###   BP 2000000000.0
1.046E-01 ###   config size       255102
1.067E-01 ###   ghost size        3061224
1.087E-01 ###   nl size           25510204
#############################################
  Potential Load
  Time: 1.110E-01
#############################################
1.136E-01 ###   Potential file: pot/pd.pot
1.155E-01 ###   Loading: pot/pd.pot
1.079E+00 ###   std  configs/ec_4_004.out
1.087E+00 ###   std  configs/ec_8_003.out
1.095E+00 ###   std  configs/ec_8_004.out
1.102E+00 ###   std  configs/ec_4_003.out
1.114E+00 ###   std  configs/config_0005.out
1.125E+00 ###   std  configs/ec_3_001.out
1.137E+00 ###   std  configs/ec_7_001.out
1.147E+00 ###   std  configs/ec_7_006.out
1.155E+00 ###   std  configs/config_0002.out
1.162E+00 ###   std  configs/ec_3_006.out
1.170E+00 ###   std  configs/ec_6_007.out
1.177E+00 ###   std  configs/ec_2_007.out
1.187E+00 ###   std  configs/eos_007.out
1.194E+00 ###   std  configs/ec_5_005.out
1.201E+00 ###   std  configs/ec_9_002.out
1.209E+00 ###   std  configs/ec_1_005.out
1.217E+00 ###   std  configs/ec_9_005.out
1.224E+00 ###   std  configs/ec_1_002.out
1.232E+00 ###   std  configs/ec_5_002.out
1.240E+00 ###   std  configs/ec_7_007.out
1.247E+00 ###   std  configs/config_0003.out
1.254E+00 ###   std  configs/ec_3_007.out
1.262E+00 ###   std  configs/config_0004.out
1.270E+00 ###   std  configs/ec_8_005.out
1.278E+00 ###   std  configs/ec_4_002.out
1.285E+00 ###   std  configs/ec_4_005.out
1.293E+00 ###   std  configs/ec_8_002.out
1.301E+00 ###   std  configs/ec_9_004.out
1.308E+00 ###   std  configs/ec_1_003.out
1.316E+00 ###   std  configs/eos_001.out
1.324E+00 ###   std  configs/ec_5_003.out
1.332E+00 ###   std  configs/eos_006.out
1.340E+00 ###   std  configs/ec_5_004.out
1.347E+00 ###   std  configs/ec_9_003.out
1.354E+00 ###   std  configs/ec_1_004.out
1.360E+00 ###   std  configs/ec_6_006.out
1.366E+00 ###   std  configs/ec_2_006.out
1.372E+00 ###   std  configs/ec_2_001.out
1.378E+00 ###   std  configs/ec_6_001.out
1.385E+00 ###   std  configs/eos_005.out
1.390E+00 ###   std  configs/ec_5_007.out
1.397E+00 ###   std  configs/ec_1_007.out
1.403E+00 ###   std  configs/ec_9_007.out
1.413E+00 ###   std  configs/eos_002.out
1.421E+00 ###   std  configs/ec_2_002.out
1.427E+00 ###   std  configs/ec_6_002.out
1.434E+00 ###   std  configs/ec_6_005.out
1.442E+00 ###   std  configs/ec_2_005.out
1.448E+00 ###   std  configs/config_0009.out
1.454E+00 ###   std  configs/config_0007.out
1.460E+00 ###   std  configs/ec_3_003.out
1.468E+00 ###   std  configs/ec_7_003.out
1.474E+00 ###   std  configs/ec_7_004.out
1.479E+00 ###   std  configs/ec_3_004.out
1.485E+00 ###   std  configs/ec_4_006.out
1.491E+00 ###   std  configs/ec_8_001.out
1.497E+00 ###   std  configs/ec_8_006.out
1.505E+00 ###   std  configs/ec_4_001.out
1.512E+00 ###   std  configs/ec_6_004.out
1.520E+00 ###   std  configs/ec_2_004.out
1.527E+00 ###   std  configs/ec_2_003.out
1.533E+00 ###   std  configs/ec_6_003.out
1.540E+00 ###   std  configs/config_0010.out
1.547E+00 ###   std  configs/ec_9_006.out
1.554E+00 ###   std  configs/ec_1_001.out
1.561E+00 ###   std  configs/eos_003.out
1.567E+00 ###   std  configs/ec_5_001.out
1.574E+00 ###   std  configs/eos_004.out
1.580E+00 ###   std  configs/ec_5_006.out
1.586E+00 ###   std  configs/ec_9_001.out
1.593E+00 ###   std  configs/ec_1_006.out
1.599E+00 ###   std  configs/ec_8_007.out
1.607E+00 ###   std  configs/ec_4_007.out
1.614E+00 ###   std  configs/ec_7_005.out
1.621E+00 ###   std  configs/config_0001.out
1.629E+00 ###   std  configs/ec_3_005.out
1.637E+00 ###   std  configs/config_0006.out
1.643E+00 ###   std  configs/ec_3_002.out
####TIME#############LOG#####################################################
1.652E+00 ###   std  configs/ec_7_002.out
1.658E+00 ###   std  configs/config_0008.out
#############################################
  Potential Fit
  Time: 2.233E+00
#############################################
3.853E+00 ###   BP Allocated Memory
3.853E+00 ###   
3.856E+00 ###   2GB
3.856E+00 ###   
3.860E+00 ###   255102 3061224 25510204
3.860E+00 ###   
5.790E+00 ###   Best rss: None (since last: 1)
8.939E+00 ###   Best rss: None (since last: 1)
1.148E+01 ###   Best rss: None (since last: 1)
1.440E+01 ###   Best rss: None (since last: 1)
1.709E+01 ###   Best rss: None (since last: 1)
1.964E+01 ###   Best rss: None (since last: 1)
2.287E+01 ###   Best rss: None (since last: 1)
2.591E+01 ###   Best rss: None (since last: 1)
2.910E+01 ###   Best rss: None (since last: 1)
3.159E+01 ###   Best rss: None (since last: 1)
3.450E+01 ###   Best rss: None (since last: 1)
3.700E+01 ###   Best rss: None (since last: 1)
4.014E+01 ###   Best rss: None (since last: 1)
4.265E+01 ###   Best rss: None (since last: 1)
4.519E+01 ###   Best rss: None (since last: 1)
4.825E+01 ###   Best rss: None (since last: 1)
5.086E+01 ###   Best rss: None (since last: 1)
5.349E+01 ###   Best rss: None (since last: 1)
5.607E+01 ###   Best rss: None (since last: 1)
5.858E+01 ###   Best rss: None (since last: 1)
6.136E+01 ###   Best rss: None (since last: 1)
6.357E+01 ###   Best rss: None (since last: 1)
6.601E+01 ###   Best rss: None (since last: 1)
6.927E+01 ###   Best rss: None (since last: 1)
7.186E+01 ###   Best rss: None (since last: 1)
7.432E+01 ###   Best rss: None (since last: 1)
7.668E+01 ###   Best rss: None (since last: 1)
7.962E+01 ###   Best rss: None (since last: 1)
8.214E+01 ###   Best rss: None (since last: 1)
8.459E+01 ###   Best rss: None (since last: 1)
8.707E+01 ###   Best rss: None (since last: 1)
8.968E+01 ###   Best rss: None (since last: 1)
9.307E+01 ###   Best rss: None (since last: 1)
9.559E+01 ###   Best rss: None (since last: 1)
9.810E+01 ###   Best rss: None (since last: 1)
1.007E+02 ###   Best rss: None (since last: 1)
1.033E+02 ###   Best rss: None (since last: 1)
1.057E+02 ###   Best rss: None (since last: 1)
1.088E+02 ###   Best rss: None (since last: 1)
1.113E+02 ###   Best rss: None (since last: 1)
1.136E+02 ###   Best rss: None (since last: 1)
1.158E+02 ###   Best rss: None (since last: 1)
1.182E+02 ###   Best rss: None (since last: 1)
1.208E+02 ###   Best rss: None (since last: 1)
1.241E+02 ###   Best rss: None (since last: 1)
1.270E+02 ###   Best rss: None (since last: 1)
1.302E+02 ###   Best rss: None (since last: 1)
1.329E+02 ###   Best rss: None (since last: 1)
1.355E+02 ###   Best rss: None (since last: 1)
1.386E+02 ###   Best rss: None (since last: 1)
1.414E+02 ###   Best rss: None (since last: 1)
1.446E+02 ###   Best rss: None (since last: 1)
1.477E+02 ###   Best rss: None (since last: 1)
1.507E+02 ###   Best rss: None (since last: 1)
1.533E+02 ###   Best rss: None (since last: 1)
1.557E+02 ###   Best rss: None (since last: 1)
1.583E+02 ###   Best rss: None (since last: 1)
1.608E+02 ###   Best rss: None (since last: 1)
1.633E+02 ###   Best rss: None (since last: 1)
1.660E+02 ###   Best rss: None (since last: 1)
1.686E+02 ###   Best rss: None (since last: 1)
1.711E+02 ###   Best rss: None (since last: 1)
1.743E+02 ###   Best rss: None (since last: 1)
1.772E+02 ###   Best rss: None (since last: 1)
1.802E+02 ###   Best rss: None (since last: 1)
1.833E+02 ###   Best rss: None (since last: 1)
1.859E+02 ###   Best rss: None (since last: 1)
1.884E+02 ###   Best rss: None (since last: 1)
1.909E+02 ###   Best rss: None (since last: 1)
1.941E+02 ###   Best rss: None (since last: 1)
1.973E+02 ###   Best rss: None (since last: 1)
2.006E+02 ###   Best rss: None (since last: 1)
2.037E+02 ###   Best rss: None (since last: 1)
2.069E+02 ###   Best rss: None (since last: 1)
2.101E+02 ###   Best rss: None (since last: 1)
2.127E+02 ###   Best rss: None (since last: 1)
2.157E+02 ###   Best rss: None (since last: 1)
2.188E+02 ###   Best rss: None (since last: 1)
2.215E+02 ###   Best rss: None (since last: 1)
2.237E+02 ###   Best rss: None (since last: 1)
2.264E+02 ###   Best rss: None (since last: 1)
2.291E+02 ###   Best rss: None (since last: 1)
2.324E+02 ###   Best rss: None (since last: 1)
2.354E+02 ###   Best rss: None (since last: 1)
2.378E+02 ###   Best rss: None (since last: 1)
2.403E+02 ###   Best rss: None (since last: 1)
2.433E+02 ###   Best rss: None (since last: 1)
2.461E+02 ###   Best rss: None (since last: 1)
2.490E+02 ###   Best rss: None (since last: 1)
2.517E+02 ###   Best rss: None (since last: 1)
2.539E+02 ###   Best rss: None (since last: 1)
2.572E+02 ###   Best rss: None (since last: 1)
2.595E+02 ###   Best rss: None (since last: 1)
2.613E+02 ###   Best rss: None (since last: 1)
2.634E+02 ###   Best rss: None (since last: 1)
####TIME#############LOG#####################################################
2.656E+02 ###   Best rss: None (since last: 1)
2.675E+02 ###   Best rss: None (since last: 1)
2.695E+02 ###   Best rss: None (since last: 1)
2.715E+02 ###   Best rss: None (since last: 1)
2.738E+02 ###   Best rss: None (since last: 1)
2.761E+02 ###   Best rss: None (since last: 1)
2.780E+02 ###   Best rss: None (since last: 1)
2.797E+02 ###   Best rss: None (since last: 1)
2.814E+02 ###   Best rss: None (since last: 1)
2.838E+02 ###   Best rss: None (since last: 1)
2.862E+02 ###   Best rss: None (since last: 1)
2.880E+02 ###   Best rss: None (since last: 1)
2.901E+02 ###   Best rss: None (since last: 1)
2.919E+02 ###   Best rss: None (since last: 1)
2.941E+02 ###   Best rss: None (since last: 1)
2.959E+02 ###   Best rss: None (since last: 1)
2.980E+02 ###   Best rss: None (since last: 1)
2.998E+02 ###   Best rss: None (since last: 1)
3.016E+02 ###   Best rss: None (since last: 1)
3.034E+02 ###   Best rss: None (since last: 1)
3.056E+02 ###   Best rss: None (since last: 1)
3.074E+02 ###   Best rss: None (since last: 1)
3.092E+02 ###   Best rss: None (since last: 1)
3.110E+02 ###   Best rss: None (since last: 1)
3.128E+02 ###   Best rss: None (since last: 1)
3.146E+02 ###   Best rss: None (since last: 1)
3.168E+02 ###   Best rss: None (since last: 1)
3.186E+02 ###   Best rss: None (since last: 1)
3.209E+02 ###   Best rss: None (since last: 1)
3.231E+02 ###   Best rss: None (since last: 1)
3.254E+02 ###   Best rss: None (since last: 1)
3.276E+02 ###   Best rss: None (since last: 1)
3.298E+02 ###   Best rss: None (since last: 1)
3.318E+02 ###   Best rss: None (since last: 1)
3.341E+02 ###   Best rss: None (since last: 1)
3.359E+02 ###   Best rss: None (since last: 1)
3.381E+02 ###   Best rss: None (since last: 1)
3.399E+02 ###   Best rss: None (since last: 1)
3.418E+02 ###   Best rss: None (since last: 1)
3.439E+02 ###   Best rss: None (since last: 1)
3.460E+02 ###   Best rss: None (since last: 1)
3.481E+02 ###   Best rss: None (since last: 1)
3.499E+02 ###   Best rss: None (since last: 1)
3.520E+02 ###   Best rss: None (since last: 1)
3.538E+02 ###   Best rss: None (since last: 1)
3.557E+02 ###   Best rss: None (since last: 1)
3.576E+02 ###   Best rss: None (since last: 1)
3.599E+02 ###   Best rss: None (since last: 1)
3.623E+02 ###   Best rss: None (since last: 1)
3.646E+02 ###   Best rss: None (since last: 1)
3.666E+02 ###   Best rss: None (since last: 1)
3.689E+02 ###   Best rss: None (since last: 1)
3.709E+02 ###   Best rss: None (since last: 1)
3.728E+02 ###   Best rss: None (since last: 1)
3.748E+02 ###   Best rss: None (since last: 1)
3.772E+02 ###   Best rss: None (since last: 1)
3.791E+02 ###   Best rss: None (since last: 1)
3.814E+02 ###   Best rss: None (since last: 1)
3.834E+02 ###   Best rss: None (since last: 1)
3.853E+02 ###   Best rss: None (since last: 1)
3.873E+02 ###   Best rss: None (since last: 1)
3.895E+02 ###   Best rss: None (since last: 1)
3.915E+02 ###   Best rss: None (since last: 1)
3.937E+02 ###   Best rss: None (since last: 1)
3.959E+02 ###   Best rss: None (since last: 1)
3.980E+02 ###   Best rss: None (since last: 1)
4.004E+02 ###   Best rss: None (since last: 1)
4.027E+02 ###   Best rss: None (since last: 1)
4.047E+02 ###   Best rss: None (since last: 1)
4.069E+02 ###   Best rss: None (since last: 1)
4.087E+02 ###   Best rss: None (since last: 1)
4.108E+02 ###   Best rss: None (since last: 1)
4.130E+02 ###   Best rss: None (since last: 1)
4.153E+02 ###   Best rss: None (since last: 1)
4.172E+02 ###   Best rss: None (since last: 1)
4.191E+02 ###   Best rss: None (since last: 1)
4.215E+02 ###   Best rss: None (since last: 1)
4.236E+02 ###   Best rss: None (since last: 1)
4.260E+02 ###   Best rss: None (since last: 1)
4.282E+02 ###   Best rss: None (since last: 1)
4.302E+02 ###   Best rss: None (since last: 1)
4.323E+02 ###   Best rss: None (since last: 1)
4.346E+02 ###   Best rss: None (since last: 1)
4.369E+02 ###   Best rss: None (since last: 1)
4.396E+02 ###   Best rss: None (since last: 1)
4.421E+02 ###   Best rss: None (since last: 1)
4.446E+02 ###   Best rss: None (since last: 1)
4.470E+02 ###   Best rss: None (since last: 1)
4.499E+02 ###   Best rss: None (since last: 1)
4.524E+02 ###   Best rss: None (since last: 1)
4.548E+02 ###   Best rss: None (since last: 1)
4.577E+02 ###   Best rss: None (since last: 1)
4.599E+02 ###   Best rss: None (since last: 1)
4.620E+02 ###   Best rss: None (since last: 1)
4.650E+02 ###   Best rss: None (since last: 1)
4.677E+02 ###   Best rss: None (since last: 1)
4.710E+02 ###   Best rss: None (since last: 1)
4.743E+02 ###   Best rss: None (since last: 1)
4.770E+02 ###   Best rss: None (since last: 1)
4.801E+02 ###   Best rss: None (since last: 1)
####TIME#############LOG#####################################################
4.831E+02 ###   Best rss: None (since last: 1)
4.860E+02 ###   Best rss: None (since last: 1)
4.885E+02 ###   Best rss: None (since last: 1)
4.912E+02 ###   Best rss: None (since last: 1)
4.936E+02 ###   Best rss: None (since last: 1)
4.962E+02 ###   Best rss: None (since last: 1)
4.993E+02 ###   Best rss: None (since last: 1)
5.020E+02 ###   Best rss: None (since last: 1)
5.045E+02 ###   Best rss: None (since last: 1)
5.075E+02 ###   Best rss: None (since last: 1)
5.101E+02 ###   Best rss: None (since last: 1)
5.128E+02 ###   Best rss: None (since last: 1)
5.160E+02 ###   Best rss: None (since last: 1)
5.188E+02 ###   Best rss: None (since last: 1)
5.214E+02 ###   Best rss: None (since last: 1)
5.241E+02 ###   Best rss: None (since last: 1)
5.268E+02 ###   Best rss: None (since last: 1)
5.296E+02 ###   Best rss: None (since last: 1)
5.329E+02 ###   Best rss: None (since last: 1)
5.357E+02 ###   Best rss: None (since last: 1)
5.386E+02 ###   Best rss: None (since last: 1)
5.410E+02 ###   Best rss: None (since last: 1)
5.439E+02 ###   Best rss: None (since last: 1)
5.464E+02 ###   Best rss: None (since last: 1)
5.492E+02 ###   Best rss: None (since last: 1)
5.517E+02 ###   Best rss: None (since last: 1)
5.547E+02 ###   Best rss: None (since last: 1)
5.572E+02 ###   Best rss: None (since last: 1)
5.597E+02 ###   Best rss: None (since last: 1)
5.621E+02 ###   Best rss: None (since last: 1)
5.646E+02 ###   Best rss: None (since last: 1)
5.675E+02 ###   Best rss: None (since last: 1)
5.699E+02 ###   Best rss: None (since last: 1)
5.722E+02 ###   Best rss: None (since last: 1)
5.747E+02 ###   Best rss: None (since last: 1)
5.778E+02 ###   Best rss: None (since last: 1)
5.809E+02 ###   Best rss: None (since last: 1)
5.842E+02 ###   Best rss: None (since last: 1)
5.874E+02 ###   Best rss: None (since last: 1)
5.905E+02 ###   Best rss: None (since last: 1)
5.930E+02 ###   Best rss: None (since last: 1)
5.955E+02 ###   Best rss: None (since last: 1)
5.980E+02 ###   Best rss: None (since last: 1)
6.010E+02 ###   Best rss: None (since last: 1)
6.042E+02 ###   Best rss: None (since last: 1)
6.073E+02 ###   Best rss: None (since last: 1)
6.105E+02 ###   Best rss: None (since last: 1)
6.139E+02 ###   Best rss: None (since last: 1)
6.165E+02 ###   Best rss: None (since last: 1)
6.195E+02 ###   Best rss: None (since last: 1)
6.224E+02 ###   Best rss: None (since last: 1)
6.249E+02 ###   Best rss: None (since last: 1)
6.279E+02 ###   Best rss: None (since last: 1)
6.305E+02 ###   Best rss: None (since last: 1)
6.335E+02 ###   Best rss: None (since last: 1)
6.367E+02 ###   Best rss: None (since last: 1)
6.394E+02 ###   Best rss: None (since last: 1)
6.420E+02 ###   Best rss: None (since last: 1)
6.449E+02 ###   Best rss: None (since last: 1)
6.474E+02 ###   Best rss: None (since last: 1)
6.507E+02 ###   Best rss: None (since last: 1)
6.540E+02 ###   Best rss: None (since last: 1)
6.572E+02 ###   Best rss: None (since last: 1)
6.604E+02 ###   Best rss: None (since last: 1)
6.631E+02 ###   Best rss: None (since last: 1)
6.658E+02 ###   Best rss: None (since last: 1)
6.684E+02 ###   Best rss: None (since last: 1)
6.732E+02 ###   Best rss: None (since last: 1)
6.759E+02 ###   Best rss: None (since last: 1)
6.785E+02 ###   Best rss: None (since last: 1)
6.812E+02 ###   Best rss: None (since last: 1)
6.839E+02 ###   Best rss: None (since last: 1)
6.872E+02 ###   Best rss: None (since last: 1)
6.902E+02 ###   Best rss: None (since last: 1)
6.933E+02 ###   Best rss: None (since last: 1)
6.959E+02 ###   Best rss: None (since last: 1)
6.980E+02 ###   Best rss: None (since last: 1)
7.000E+02 ###   Best rss: None (since last: 1)
7.022E+02 ###   Best rss: None (since last: 1)
7.040E+02 ###   Best rss: None (since last: 1)
7.059E+02 ###   Best rss: None (since last: 1)
7.079E+02 ###   Best rss: None (since last: 1)
7.098E+02 ###   Best rss: None (since last: 1)
7.117E+02 ###   Best rss: None (since last: 1)
7.136E+02 ###   Best rss: None (since last: 1)
7.155E+02 ###   Best rss: None (since last: 1)
7.174E+02 ###   Best rss: None (since last: 1)
7.193E+02 ###   Best rss: None (since last: 1)
7.212E+02 ###   Best rss: None (since last: 1)
7.230E+02 ###   Best rss: None (since last: 1)
7.253E+02 ###   Best rss: None (since last: 1)
7.275E+02 ###   Best rss: None (since last: 1)
7.294E+02 ###   Best rss: None (since last: 1)
7.314E+02 ###   Best rss: None (since last: 1)
7.332E+02 ###   Best rss: None (since last: 1)
7.350E+02 ###   Best rss: None (since last: 1)
7.372E+02 ###   Best rss: None (since last: 1)
7.394E+02 ###   Best rss: None (since last: 1)
7.413E+02 ###   Best rss: None (since last: 1)
7.431E+02 ###   Best rss: None (since last: 1)
####TIME#############LOG#####################################################
7.450E+02 ###   Best rss: None (since last: 1)
7.470E+02 ###   Best rss: None (since last: 1)
7.495E+02 ###   Best rss: None (since last: 1)
7.519E+02 ###   Best rss: None (since last: 1)
7.539E+02 ###   Best rss: None (since last: 1)
7.559E+02 ###   Best rss: None (since last: 1)
7.579E+02 ###   Best rss: None (since last: 1)
7.600E+02 ###   Best rss: None (since last: 1)
7.624E+02 ###   Best rss: None (since last: 1)
7.647E+02 ###   Best rss: None (since last: 1)
7.668E+02 ###   Best rss: None (since last: 1)
7.689E+02 ###   Best rss: None (since last: 1)
7.710E+02 ###   Best rss: None (since last: 1)
7.730E+02 ###   Best rss: None (since last: 1)
7.758E+02 ###   Best rss: None (since last: 1)
7.780E+02 ###   Best rss: None (since last: 1)
7.798E+02 ###   Best rss: None (since last: 1)
7.817E+02 ###   Best rss: None (since last: 1)
7.836E+02 ###   Best rss: None (since last: 1)
7.854E+02 ###   Best rss: None (since last: 1)
7.876E+02 ###   Best rss: None (since last: 1)
7.897E+02 ###   Best rss: None (since last: 1)
7.916E+02 ###   Best rss: None (since last: 1)
7.937E+02 ###   Best rss: None (since last: 1)
7.957E+02 ###   Best rss: None (since last: 1)
7.980E+02 ###   Best rss: None (since last: 1)
8.004E+02 ###   Best rss: None (since last: 1)
8.025E+02 ###   Best rss: None (since last: 1)
8.044E+02 ###   Best rss: None (since last: 1)
8.064E+02 ###   Best rss: None (since last: 1)
8.088E+02 ###   Best rss: None (since last: 1)
8.111E+02 ###   Best rss: None (since last: 1)
8.131E+02 ###   Best rss: None (since last: 1)
8.157E+02 ###   Best rss: None (since last: 1)
8.183E+02 ###   Best rss: None (since last: 1)
8.209E+02 ###   Best rss: None (since last: 1)
8.240E+02 ###   Best rss: None (since last: 1)
8.269E+02 ###   Best rss: None (since last: 1)
8.295E+02 ###   Best rss: None (since last: 1)
8.319E+02 ###   Best rss: None (since last: 1)
8.346E+02 ###   Best rss: None (since last: 1)
8.371E+02 ###   Best rss: None (since last: 1)
8.397E+02 ###   Best rss: None (since last: 1)
8.422E+02 ###   Best rss: None (since last: 1)
8.445E+02 ###   Best rss: None (since last: 1)
8.468E+02 ###   Best rss: None (since last: 1)
8.494E+02 ###   Best rss: None (since last: 1)
8.520E+02 ###   Best rss: None (since last: 1)
8.546E+02 ###   Best rss: None (since last: 1)
8.572E+02 ###   Best rss: None (since last: 1)
8.597E+02 ###   Best rss: None (since last: 1)
8.623E+02 ###   Best rss: None (since last: 1)
8.650E+02 ###   Best rss: None (since last: 1)
8.677E+02 ###   Best rss: None (since last: 1)
8.703E+02 ###   Best rss: None (since last: 1)
8.730E+02 ###   Best rss: None (since last: 1)
8.755E+02 ###   Best rss: None (since last: 1)
8.782E+02 ###   Best rss: None (since last: 1)
8.807E+02 ###   Best rss: None (since last: 1)
8.831E+02 ###   Best rss: None (since last: 1)
8.861E+02 ###   Best rss: None (since last: 1)
8.889E+02 ###   Best rss: None (since last: 1)
8.914E+02 ###   Best rss: None (since last: 1)
8.937E+02 ###   Best rss: None (since last: 1)
8.960E+02 ###   Best rss: None (since last: 1)
8.985E+02 ###   Best rss: None (since last: 1)
9.011E+02 ###   Best rss: None (since last: 1)
9.036E+02 ###   Best rss: None (since last: 1)
9.063E+02 ###   Best rss: None (since last: 1)
9.087E+02 ###   Best rss: None (since last: 1)
9.113E+02 ###   Best rss: None (since last: 1)
9.139E+02 ###   Best rss: None (since last: 1)
9.166E+02 ###   Best rss: None (since last: 1)
9.192E+02 ###   Best rss: None (since last: 1)
9.219E+02 ###   Best rss: None (since last: 1)
9.245E+02 ###   Best rss: None (since last: 1)
9.272E+02 ###   Best rss: None (since last: 1)
9.298E+02 ###   Best rss: None (since last: 1)
9.325E+02 ###   Best rss: None (since last: 1)
9.352E+02 ###   Best rss: None (since last: 1)
9.377E+02 ###   Best rss: None (since last: 1)
9.403E+02 ###   Best rss: None (since last: 1)
9.429E+02 ###   Best rss: None (since last: 1)
9.461E+02 ###   Best rss: None (since last: 1)
9.494E+02 ###   Best rss: None (since last: 1)
9.518E+02 ###   Best rss: None (since last: 1)
9.542E+02 ###   Best rss: None (since last: 1)
9.567E+02 ###   Best rss: None (since last: 1)
9.591E+02 ###   Best rss: None (since last: 1)
9.614E+02 ###   Best rss: None (since last: 1)
9.638E+02 ###   Best rss: None (since last: 1)
9.664E+02 ###   Best rss: None (since last: 1)
9.695E+02 ###   Best rss: None (since last: 1)
9.728E+02 ###   Best rss: None (since last: 1)
9.753E+02 ###   Best rss: None (since last: 1)
9.777E+02 ###   Best rss: None (since last: 1)
9.805E+02 ###   Best rss: None (since last: 1)
9.830E+02 ###   Best rss: None (since last: 1)
9.856E+02 ###   Best rss: None (since last: 1)
9.886E+02 ###   Best rss: None (since last: 1)
####TIME#############LOG#####################################################
9.916E+02 ###   Best rss: None (since last: 1)
9.940E+02 ###   Best rss: None (since last: 1)
9.967E+02 ###   Best rss: None (since last: 1)
9.993E+02 ###   Best rss: None (since last: 1)
1.002E+03 ###   Best rss: None (since last: 1)
1.005E+03 ###   Best rss: None (since last: 1)
1.008E+03 ###   Best rss: None (since last: 1)
1.010E+03 ###   Best rss: None (since last: 1)
1.013E+03 ###   Best rss: None (since last: 1)
1.015E+03 ###   Best rss: None (since last: 1)
1.018E+03 ###   Best rss: None (since last: 1)
1.021E+03 ###   Best rss: None (since last: 1)
1.023E+03 ###   Best rss: None (since last: 1)
1.025E+03 ###   Best rss: None (since last: 1)
1.027E+03 ###   Best rss: None (since last: 1)
1.030E+03 ###   Best rss: None (since last: 1)
1.034E+03 ###   Best rss: None (since last: 1)
1.037E+03 ###   Best rss: None (since last: 1)
1.039E+03 ###   Best rss: None (since last: 1)
1.042E+03 ###   Best rss: None (since last: 1)
1.045E+03 ###   Best rss: None (since last: 1)
1.047E+03 ###   Best rss: None (since last: 1)
1.050E+03 ###   Best rss: None (since last: 1)
1.053E+03 ###   Best rss: None (since last: 1)
1.055E+03 ###   Best rss: None (since last: 1)
1.058E+03 ###   Best rss: None (since last: 1)
1.061E+03 ###   Best rss: None (since last: 1)
1.064E+03 ###   Best rss: None (since last: 1)
1.067E+03 ###   Best rss: None (since last: 1)
1.070E+03 ###   Best rss: None (since last: 1)
1.073E+03 ###   Best rss: None (since last: 1)
1.075E+03 ###   Best rss: None (since last: 1)
1.078E+03 ###   Best rss: None (since last: 1)
1.081E+03 ###   Best rss: None (since last: 1)
1.084E+03 ###   Best rss: None (since last: 1)
1.087E+03 ###   Best rss: None (since last: 1)
1.089E+03 ###   Best rss: None (since last: 1)
1.092E+03 ###   Best rss: None (since last: 1)
1.094E+03 ###   Best rss: None (since last: 1)
1.097E+03 ###   Best rss: None (since last: 1)
1.100E+03 ###   Best rss: None (since last: 1)
1.103E+03 ###   Best rss: None (since last: 1)
1.106E+03 ###   Best rss: None (since last: 1)
1.108E+03 ###   Best rss: None (since last: 1)
1.110E+03 ###   Best rss: None (since last: 1)
1.113E+03 ###   Best rss: None (since last: 1)
1.116E+03 ###   Best rss: None (since last: 1)
1.119E+03 ###   Best rss: None (since last: 1)
1.122E+03 ###   Best rss: None (since last: 1)
1.124E+03 ###   Best rss: None (since last: 1)
1.127E+03 ###   Best rss: None (since last: 1)
1.130E+03 ###   Best rss: None (since last: 1)
1.133E+03 ###   Best rss: None (since last: 1)
1.135E+03 ###   Best rss: None (since last: 1)
1.138E+03 ###   Best rss: None (since last: 1)
1.140E+03 ###   Best rss: None (since last: 1)
1.143E+03 ###   Best rss: None (since last: 1)
1.146E+03 ###   Best rss: None (since last: 1)
1.149E+03 ###   Best rss: None (since last: 1)
1.151E+03 ###   Best rss: None (since last: 1)
1.154E+03 ###   Best rss: None (since last: 1)
1.157E+03 ###   Best rss: None (since last: 1)
1.159E+03 ###   Best rss: None (since last: 1)
1.163E+03 ###   Best rss: None (since last: 1)
1.166E+03 ###   Best rss: None (since last: 1)
1.169E+03 ###   Best rss: None (since last: 1)
1.172E+03 ###   Best rss: None (since last: 1)
1.174E+03 ###   Best rss: None (since last: 1)
1.177E+03 ###   Best rss: None (since last: 1)
1.180E+03 ###   Best rss: None (since last: 1)
1.184E+03 ###   Best rss: None (since last: 1)
1.186E+03 ###   Best rss: None (since last: 1)
1.189E+03 ###   Best rss: None (since last: 1)
1.192E+03 ###   Best rss: None (since last: 1)
1.194E+03 ###   Best rss: None (since last: 1)
1.198E+03 ###   Best rss: None (since last: 1)
1.201E+03 ###   Best rss: None (since last: 1)
1.204E+03 ###   Best rss: None (since last: 1)
1.206E+03 ###   Best rss: None (since last: 1)
1.209E+03 ###   Best rss: None (since last: 1)
1.212E+03 ###   Best rss: None (since last: 1)
1.215E+03 ###   Best rss: None (since last: 1)
1.218E+03 ###   Best rss: None (since last: 1)
1.221E+03 ###   Best rss: None (since last: 1)
1.223E+03 ###   Best rss: None (since last: 1)
1.226E+03 ###   Best rss: None (since last: 1)
1.229E+03 ###   Best rss: None (since last: 1)
1.231E+03 ###   Best rss: None (since last: 1)
1.234E+03 ###   Best rss: None (since last: 1)
1.236E+03 ###   Best rss: None (since last: 1)
1.239E+03 ###   Best rss: None (since last: 1)
1.242E+03 ###   Best rss: None (since last: 1)
1.245E+03 ###   Best rss: None (since last: 1)
1.248E+03 ###   Best rss: None (since last: 1)
1.251E+03 ###   Best rss: None (since last: 1)
1.254E+03 ###   Best rss: None (since last: 1)
1.257E+03 ###   Best rss: None (since last: 1)
1.259E+03 ###   Best rss: None (since last: 1)
1.262E+03 ###   Best rss: None (since last: 1)
1.265E+03 ###   Best rss: None (since last: 1)
####TIME#############LOG#####################################################
1.267E+03 ###   Best rss: None (since last: 1)
1.270E+03 ###   Best rss: None (since last: 1)
1.272E+03 ###   Best rss: None (since last: 1)
1.275E+03 ###   Best rss: None (since last: 1)
1.278E+03 ###   Best rss: None (since last: 1)
1.280E+03 ###   Best rss: None (since last: 1)
1.282E+03 ###   Best rss: None (since last: 1)
1.285E+03 ###   Best rss: None (since last: 1)
1.287E+03 ###   Best rss: None (since last: 1)
1.289E+03 ###   Best rss: None (since last: 1)
1.291E+03 ###   Best rss: None (since last: 1)
1.293E+03 ###   Best rss: None (since last: 1)
1.294E+03 ###   Best rss: None (since last: 1)
1.296E+03 ###   Best rss: None (since last: 1)
1.298E+03 ###   Best rss: None (since last: 1)
1.300E+03 ###   Best rss: None (since last: 1)
1.302E+03 ###   Best rss: None (since last: 1)
1.304E+03 ###   Best rss: None (since last: 1)
1.306E+03 ###   Best rss: None (since last: 1)
1.307E+03 ###   Best rss: None (since last: 1)
1.309E+03 ###   Best rss: None (since last: 1)
1.311E+03 ###   Best rss: None (since last: 1)
1.313E+03 ###   Best rss: None (since last: 1)
1.315E+03 ###   Best rss: None (since last: 1)
1.317E+03 ###   Best rss: None (since last: 1)
1.318E+03 ###   Best rss: None (since last: 1)
1.320E+03 ###   Best rss: None (since last: 1)
1.322E+03 ###   Best rss: None (since last: 1)
1.324E+03 ###   Best rss: None (since last: 1)
1.326E+03 ###   Best rss: None (since last: 1)
1.328E+03 ###   Best rss: None (since last: 1)
1.330E+03 ###   Best rss: None (since last: 1)
1.332E+03 ###   Best rss: None (since last: 1)
1.334E+03 ###   Best rss: None (since last: 1)
1.336E+03 ###   Best rss: None (since last: 1)
1.338E+03 ###   Best rss: None (since last: 1)
1.340E+03 ###   Best rss: None (since last: 1)
1.342E+03 ###   Best rss: None (since last: 1)
1.345E+03 ###   Best rss: None (since last: 1)
1.347E+03 ###   Best rss: None (since last: 1)
1.349E+03 ###   Best rss: None (since last: 1)
1.351E+03 ###   Best rss: None (since last: 1)
1.353E+03 ###   Best rss: None (since last: 1)
1.355E+03 ###   Best rss: None (since last: 1)
1.357E+03 ###   Best rss: None (since last: 1)
1.359E+03 ###   Best rss: None (since last: 1)
1.361E+03 ###   Best rss: None (since last: 1)
1.363E+03 ###   Best rss: None (since last: 1)
1.365E+03 ###   Best rss: None (since last: 1)
1.367E+03 ###   Best rss: None (since last: 1)
1.369E+03 ###   Best rss: None (since last: 1)
1.371E+03 ###   Best rss: None (since last: 1)
1.374E+03 ###   Best rss: None (since last: 1)
1.376E+03 ###   Best rss: None (since last: 1)
1.378E+03 ###   Best rss: None (since last: 1)
1.380E+03 ###   Best rss: None (since last: 1)
1.382E+03 ###   Best rss: None (since last: 1)
1.384E+03 ###   Best rss: None (since last: 1)
1.386E+03 ###   Best rss: None (since last: 1)
1.389E+03 ###   Best rss: None (since last: 1)
1.391E+03 ###   Best rss: None (since last: 1)
1.393E+03 ###   Best rss: None (since last: 1)
1.396E+03 ###   Best rss: None (since last: 1)
1.398E+03 ###   Best rss: None (since last: 1)
1.401E+03 ###   Best rss: None (since last: 1)
1.403E+03 ###   Best rss: None (since last: 1)
1.406E+03 ###   Best rss: None (since last: 1)
1.408E+03 ###   Best rss: None (since last: 1)
1.411E+03 ###   Best rss: None (since last: 1)
1.414E+03 ###   Best rss: None (since last: 1)
1.416E+03 ###   Best rss: None (since last: 1)
1.419E+03 ###   Best rss: None (since last: 1)
1.422E+03 ###   Best rss: None (since last: 1)
1.424E+03 ###   Best rss: None (since last: 1)
1.427E+03 ###   Best rss: None (since last: 1)
1.430E+03 ###   Best rss: None (since last: 1)
1.433E+03 ###   Best rss: None (since last: 1)
1.435E+03 ###   Best rss: None (since last: 1)
1.437E+03 ###   Best rss: None (since last: 1)
1.440E+03 ###   Best rss: None (since last: 1)
1.443E+03 ###   Best rss: None (since last: 1)
1.445E+03 ###   Best rss: None (since last: 1)
1.448E+03 ###   Best rss: None (since last: 1)
1.450E+03 ###   Best rss: None (since last: 1)
1.453E+03 ###   Best rss: None (since last: 1)
1.456E+03 ###   Best rss: None (since last: 1)
1.458E+03 ###   Best rss: None (since last: 1)
1.461E+03 ###   Best rss: None (since last: 1)
1.464E+03 ###   Best rss: None (since last: 1)
1.467E+03 ###   Best rss: None (since last: 1)
1.469E+03 ###   Best rss: None (since last: 1)
1.472E+03 ###   Best rss: None (since last: 1)
1.474E+03 ###   Best rss: None (since last: 1)
1.477E+03 ###   Best rss: None (since last: 1)
1.480E+03 ###   Best rss: None (since last: 1)
1.482E+03 ###   Best rss: None (since last: 1)
1.484E+03 ###   Best rss: None (since last: 1)
1.487E+03 ###   Best rss: None (since last: 1)
1.490E+03 ###   Best rss: None (since last: 1)
1.492E+03 ###   Best rss: None (since last: 1)
####TIME#############LOG#####################################################
1.494E+03 ###   Best rss: None (since last: 1)
1.497E+03 ###   Best rss: None (since last: 1)
1.499E+03 ###   Best rss: None (since last: 1)
1.501E+03 ###   Best rss: None (since last: 1)
1.502E+03 ###   Best rss: None (since last: 1)
1.504E+03 ###   Best rss: None (since last: 1)
1.506E+03 ###   Best rss: None (since last: 1)
1.508E+03 ###   Best rss: None (since last: 1)
1.510E+03 ###   Best rss: None (since last: 1)
1.512E+03 ###   Best rss: None (since last: 1)
1.514E+03 ###   Best rss: None (since last: 1)
1.516E+03 ###   Best rss: None (since last: 1)
1.517E+03 ###   Best rss: None (since last: 1)
1.519E+03 ###   Best rss: None (since last: 1)
1.521E+03 ###   Best rss: None (since last: 1)
1.523E+03 ###   Best rss: None (since last: 1)
1.525E+03 ###   Best rss: None (since last: 1)
1.527E+03 ###   Best rss: None (since last: 1)
1.529E+03 ###   Best rss: None (since last: 1)
1.531E+03 ###   Best rss: None (since last: 1)
1.533E+03 ###   Best rss: None (since last: 1)
1.536E+03 ###   Best rss: None (since last: 1)
1.537E+03 ###   Best rss: None (since last: 1)
1.539E+03 ###   Best rss: None (since last: 1)
1.541E+03 ###   Best rss: None (since last: 1)
1.543E+03 ###   Best rss: None (since last: 1)
1.545E+03 ###   Best rss: None (since last: 1)
1.547E+03 ###   Best rss: None (since last: 1)
1.549E+03 ###   Best rss: None (since last: 1)
1.551E+03 ###   Best rss: None (since last: 1)
1.554E+03 ###   Best rss: None (since last: 1)
1.555E+03 ###   Best rss: None (since last: 1)
1.557E+03 ###   Best rss: None (since last: 1)
1.559E+03 ###   Best rss: None (since last: 1)
1.561E+03 ###   Best rss: None (since last: 1)
1.564E+03 ###   Best rss: None (since last: 1)
1.566E+03 ###   Best rss: None (since last: 1)
1.569E+03 ###   Best rss: None (since last: 1)
1.571E+03 ###   Best rss: None (since last: 1)
1.573E+03 ###   Best rss: None (since last: 1)
1.576E+03 ###   Best rss: None (since last: 1)
1.578E+03 ###   Best rss: None (since last: 1)
1.581E+03 ###   Best rss: None (since last: 1)
1.583E+03 ###   Best rss: None (since last: 1)
1.586E+03 ###   Best rss: None (since last: 1)
1.588E+03 ###   Best rss: None (since last: 1)
1.591E+03 ###   Best rss: None (since last: 1)
1.594E+03 ###   Best rss: None (since last: 1)
1.597E+03 ###   Best rss: None (since last: 1)
1.599E+03 ###   Best rss: None (since last: 1)
1.602E+03 ###   Best rss: None (since last: 1)
1.604E+03 ###   Best rss: None (since last: 1)
1.607E+03 ###   Best rss: None (since last: 1)
1.609E+03 ###   Best rss: None (since last: 1)
1.611E+03 ###   Best rss: None (since last: 1)
1.614E+03 ###   Best rss: None (since last: 1)
1.616E+03 ###   Best rss: None (since last: 1)
1.619E+03 ###   Best rss: None (since last: 1)
1.621E+03 ###   Best rss: None (since last: 1)
1.623E+03 ###   Best rss: None (since last: 1)
1.626E+03 ###   Best rss: None (since last: 1)
1.629E+03 ###   Best rss: None (since last: 1)
1.631E+03 ###   Best rss: None (since last: 1)
1.634E+03 ###   Best rss: None (since last: 1)
1.637E+03 ###   Best rss: None (since last: 1)
1.640E+03 ###   Best rss: None (since last: 1)
1.642E+03 ###   Best rss: None (since last: 1)
1.645E+03 ###   Best rss: None (since last: 1)
1.647E+03 ###   Best rss: None (since last: 1)
1.650E+03 ###   Best rss: None (since last: 1)
1.653E+03 ###   Best rss: None (since last: 1)
1.656E+03 ###   Best rss: None (since last: 1)
1.658E+03 ###   Best rss: None (since last: 1)
1.661E+03 ###   Best rss: None (since last: 1)
1.664E+03 ###   Best rss: None (since last: 1)
1.667E+03 ###   Best rss: None (since last: 1)
1.670E+03 ###   Best rss: None (since last: 1)
1.672E+03 ###   Best rss: None (since last: 1)
1.675E+03 ###   Best rss: None (since last: 1)
1.677E+03 ###   Best rss: None (since last: 1)
1.679E+03 ###   Best rss: None (since last: 1)
1.681E+03 ###   Best rss: None (since last: 1)
1.683E+03 ###   Best rss: None (since last: 1)
1.684E+03 ###   Best rss: None (since last: 1)
1.687E+03 ###   Best rss: None (since last: 1)
1.689E+03 ###   Best rss: None (since last: 1)
1.691E+03 ###   Best rss: None (since last: 1)
1.693E+03 ###   Best rss: None (since last: 1)
1.695E+03 ###   Best rss: None (since last: 1)
1.697E+03 ###   Best rss: None (since last: 1)
1.699E+03 ###   Best rss: None (since last: 1)
1.701E+03 ###   Best rss: None (since last: 1)
1.703E+03 ###   Best rss: None (since last: 1)
1.705E+03 ###   Best rss: None (since last: 1)
1.707E+03 ###   Best rss: None (since last: 1)
1.709E+03 ###   Best rss: None (since last: 1)
1.711E+03 ###   Best rss: None (since last: 1)
1.713E+03 ###   Best rss: None (since last: 1)
1.716E+03 ###   Best rss: None (since last: 1)
1.718E+03 ###   Best rss: None (since last: 1)
####TIME#############LOG#####################################################
1.720E+03 ###   Best rss: None (since last: 1)
1.722E+03 ###   Best rss: None (since last: 1)
1.724E+03 ###   Best rss: None (since last: 1)
1.726E+03 ###   Best rss: None (since last: 1)
1.728E+03 ###   Best rss: None (since last: 1)
1.730E+03 ###   Best rss: None (since last: 1)
1.732E+03 ###   Best rss: None (since last: 1)
1.734E+03 ###   Best rss: None (since last: 1)
1.736E+03 ###   Best rss: None (since last: 1)
1.738E+03 ###   Best rss: None (since last: 1)
1.740E+03 ###   Best rss: None (since last: 1)
1.742E+03 ###   Best rss: None (since last: 1)
1.744E+03 ###   Best rss: None (since last: 1)
1.746E+03 ###   Best rss: None (since last: 1)
1.748E+03 ###   Best rss: None (since last: 1)
1.750E+03 ###   Best rss: None (since last: 1)
1.752E+03 ###   Best rss: None (since last: 1)
1.754E+03 ###   Best rss: None (since last: 1)
1.756E+03 ###   Best rss: None (since last: 1)
1.758E+03 ###   Best rss: None (since last: 1)
1.760E+03 ###   Best rss: None (since last: 1)
1.762E+03 ###   Best rss: None (since last: 1)
1.765E+03 ###   Best rss: None (since last: 1)
1.767E+03 ###   Best rss: None (since last: 1)
1.769E+03 ###   Best rss: None (since last: 1)
1.771E+03 ###   Best rss: None (since last: 1)
1.773E+03 ###   Best rss: None (since last: 1)
1.775E+03 ###   Best rss: None (since last: 1)
1.778E+03 ###   Best rss: None (since last: 1)
1.780E+03 ###   Best rss: None (since last: 1)
1.782E+03 ###   Best rss: None (since last: 1)
1.784E+03 ###   Best rss: None (since last: 1)
1.786E+03 ###   Best rss: None (since last: 1)
1.789E+03 ###   Best rss: None (since last: 1)
1.791E+03 ###   Best rss: None (since last: 1)
1.794E+03 ###   Best rss: None (since last: 1)
1.797E+03 ###   Best rss: None (since last: 1)
1.799E+03 ###   Best rss: None (since last: 1)
1.802E+03 ###   Best rss: None (since last: 1)
1.805E+03 ###   Best rss: None (since last: 1)
1.808E+03 ###   Best rss: None (since last: 1)
1.810E+03 ###   Best rss: None (since last: 1)
1.813E+03 ###   Best rss: None (since last: 1)
1.816E+03 ###   Best rss: None (since last: 1)
1.819E+03 ###   Best rss: None (since last: 1)
1.822E+03 ###   Best rss: None (since last: 1)
1.825E+03 ###   Best rss: None (since last: 1)
1.827E+03 ###   Best rss: None (since last: 1)
1.830E+03 ###   Best rss: None (since last: 1)
1.832E+03 ###   Best rss: None (since last: 1)
1.835E+03 ###   Best rss: None (since last: 1)
1.838E+03 ###   Best rss: None (since last: 1)
1.840E+03 ###   Best rss: None (since last: 1)
1.842E+03 ###   Best rss: None (since last: 1)
1.844E+03 ###   Best rss: None (since last: 1)
1.846E+03 ###   Best rss: None (since last: 1)
1.849E+03 ###   Best rss: None (since last: 1)
1.852E+03 ###   Best rss: None (since last: 1)
1.855E+03 ###   Best rss: None (since last: 1)
1.858E+03 ###   Best rss: None (since last: 1)
1.860E+03 ###   Best rss: None (since last: 1)
1.863E+03 ###   Best rss: None (since last: 1)
1.867E+03 ###   Best rss: None (since last: 1)
1.870E+03 ###   Best rss: None (since last: 1)
1.873E+03 ###   Best rss: None (since last: 1)
1.875E+03 ###   Best rss: None (since last: 1)
1.878E+03 ###   Best rss: None (since last: 1)
1.881E+03 ###   Best rss: None (since last: 1)
1.884E+03 ###   Best rss: None (since last: 1)
1.887E+03 ###   Best rss: None (since last: 1)
1.890E+03 ###   Best rss: None (since last: 1)
1.893E+03 ###   Best rss: None (since last: 1)
1.895E+03 ###   Best rss: None (since last: 1)
1.898E+03 ###   Best rss: None (since last: 1)
1.901E+03 ###   Best rss: None (since last: 1)
1.904E+03 ###   Best rss: None (since last: 1)
1.908E+03 ###   Best rss: None (since last: 1)
1.910E+03 ###   Best rss: None (since last: 1)
1.914E+03 ###   Best rss: None (since last: 1)
1.916E+03 ###   Best rss: None (since last: 1)
1.919E+03 ###   Best rss: None (since last: 1)
1.922E+03 ###   Best rss: None (since last: 1)
1.925E+03 ###   Best rss: None (since last: 1)
1.927E+03 ###   Best rss: None (since last: 1)
1.931E+03 ###   Best rss: None (since last: 1)
1.934E+03 ###   Best rss: None (since last: 1)
1.937E+03 ###   Best rss: None (since last: 1)
1.940E+03 ###   Best rss: None (since last: 1)
1.943E+03 ###   Best rss: None (since last: 1)
1.945E+03 ###   Best rss: None (since last: 1)
1.948E+03 ###   Best rss: None (since last: 1)
1.951E+03 ###   Best rss: None (since last: 1)
1.953E+03 ###   Best rss: None (since last: 1)
1.956E+03 ###   Best rss: None (since last: 1)
1.958E+03 ###   Best rss: None (since last: 1)
1.961E+03 ###   Best rss: None (since last: 1)
1.964E+03 ###   Best rss: None (since last: 1)
1.967E+03 ###   Best rss: None (since last: 1)
1.969E+03 ###   Best rss: None (since last: 1)
1.972E+03 ###   Best rss: None (since last: 1)
####TIME#############LOG#####################################################
1.975E+03 ###   Best rss: None (since last: 1)
1.977E+03 ###   Best rss: None (since last: 1)
1.980E+03 ###   Best rss: None (since last: 1)
1.983E+03 ###   Best rss: None (since last: 1)
1.986E+03 ###   Best rss: None (since last: 1)
1.988E+03 ###   Best rss: None (since last: 1)
1.991E+03 ###   Best rss: None (since last: 1)
1.993E+03 ###   Best rss: None (since last: 1)
1.996E+03 ###   Best rss: None (since last: 1)
1.999E+03 ###   Best rss: None (since last: 1)
2.002E+03 ###   Best rss: None (since last: 1)
2.005E+03 ###   Best rss: None (since last: 1)
2.007E+03 ###   Best rss: None (since last: 1)
2.010E+03 ###   Best rss: None (since last: 1)
2.013E+03 ###   Best rss: None (since last: 1)
2.016E+03 ###   Best rss: None (since last: 1)
2.019E+03 ###   Best rss: None (since last: 1)
2.021E+03 ###   Best rss: None (since last: 1)
2.024E+03 ###   Best rss: None (since last: 1)
2.027E+03 ###   Best rss: None (since last: 1)
2.029E+03 ###   Best rss: None (since last: 1)
2.032E+03 ###   Best rss: None (since last: 1)
2.035E+03 ###   Best rss: None (since last: 1)
2.037E+03 ###   Best rss: None (since last: 1)
2.040E+03 ###   Best rss: None (since last: 1)
2.043E+03 ###   Best rss: None (since last: 1)
2.046E+03 ###   Best rss: None (since last: 1)
2.049E+03 ###   Best rss: None (since last: 1)
2.051E+03 ###   Best rss: None (since last: 1)
2.054E+03 ###   Best rss: None (since last: 1)
2.056E+03 ###   Best rss: None (since last: 1)
2.059E+03 ###   Best rss: None (since last: 1)
2.061E+03 ###   Best rss: None (since last: 1)
2.064E+03 ###   Best rss: None (since last: 1)
2.066E+03 ###   Best rss: None (since last: 1)
2.069E+03 ###   Best rss: None (since last: 1)
2.071E+03 ###   Best rss: None (since last: 1)
2.074E+03 ###   Best rss: None (since last: 1)
2.076E+03 ###   Best rss: None (since last: 1)
2.079E+03 ###   Best rss: None (since last: 1)
2.081E+03 ###   Best rss: None (since last: 1)
2.084E+03 ###   Best rss: None (since last: 1)
2.086E+03 ###   Best rss: None (since last: 1)
2.088E+03 ###   Best rss: None (since last: 1)
2.091E+03 ###   Best rss: None (since last: 1)
2.094E+03 ###   Best rss: None (since last: 1)
2.096E+03 ###   Best rss: None (since last: 1)
2.099E+03 ###   Best rss: None (since last: 1)
2.101E+03 ###   Best rss: None (since last: 1)
2.104E+03 ###   Best rss: None (since last: 1)
2.106E+03 ###   Best rss: None (since last: 1)
2.109E+03 ###   Best rss: None (since last: 1)
2.111E+03 ###   Best rss: None (since last: 1)
2.114E+03 ###   Best rss: None (since last: 1)
2.117E+03 ###   Best rss: None (since last: 1)
2.119E+03 ###   Best rss: None (since last: 1)
2.121E+03 ###   Best rss: None (since last: 1)
2.124E+03 ###   Best rss: None (since last: 1)
2.126E+03 ###   Best rss: None (since last: 1)
2.129E+03 ###   Best rss: None (since last: 1)
2.131E+03 ###   Best rss: None (since last: 1)
2.134E+03 ###   Best rss: None (since last: 1)
2.137E+03 ###   Best rss: None (since last: 1)
2.139E+03 ###   Best rss: None (since last: 1)
2.142E+03 ###   Best rss: None (since last: 1)
2.144E+03 ###   Best rss: None (since last: 1)
2.146E+03 ###   Best rss: None (since last: 1)
2.149E+03 ###   Best rss: None (since last: 1)
2.151E+03 ###   Best rss: None (since last: 1)
2.154E+03 ###   Best rss: None (since last: 1)
2.156E+03 ###   Best rss: None (since last: 1)
2.158E+03 ###   Best rss: None (since last: 1)
2.159E+03 ###   Best rss: None (since last: 1)
2.161E+03 ###   Best rss: None (since last: 1)
2.164E+03 ###   Best rss: None (since last: 1)
2.166E+03 ###   Best rss: None (since last: 1)
2.169E+03 ###   Best rss: None (since last: 1)
2.172E+03 ###   Best rss: None (since last: 1)
2.175E+03 ###   Best rss: None (since last: 1)
2.178E+03 ###   Best rss: None (since last: 1)
2.181E+03 ###   Best rss: None (since last: 1)
2.183E+03 ###   Best rss: None (since last: 1)
2.186E+03 ###   Best rss: None (since last: 1)
2.189E+03 ###   Best rss: None (since last: 1)
2.192E+03 ###   Best rss: None (since last: 1)
2.194E+03 ###   Best rss: None (since last: 1)
2.197E+03 ###   Best rss: None (since last: 1)
2.200E+03 ###   Best rss: None (since last: 1)
2.203E+03 ###   Best rss: None (since last: 1)
2.205E+03 ###   Best rss: None (since last: 1)
2.208E+03 ###   Best rss: None (since last: 1)
2.211E+03 ###   Best rss: None (since last: 1)
2.213E+03 ###   Best rss: None (since last: 1)
2.216E+03 ###   Best rss: None (since last: 1)
2.219E+03 ###   Best rss: None (since last: 1)
2.222E+03 ###   Best rss: None (since last: 1)
2.224E+03 ###   Best rss: None (since last: 1)
2.227E+03 ###   Best rss: None (since last: 1)
2.230E+03 ###   Best rss: None (since last: 1)
2.232E+03 ###   Best rss: None (since last: 1)
####TIME#############LOG#####################################################
2.235E+03 ###   Best rss: None (since last: 1)
2.238E+03 ###   Best rss: None (since last: 1)
2.240E+03 ###   Best rss: None (since last: 1)
2.243E+03 ###   Best rss: None (since last: 1)
2.246E+03 ###   Best rss: None (since last: 1)
2.249E+03 ###   Best rss: None (since last: 1)
2.251E+03 ###   Best rss: None (since last: 1)
2.254E+03 ###   Best rss: None (since last: 1)
2.257E+03 ###   Best rss: None (since last: 1)
2.260E+03 ###   Best rss: None (since last: 1)
2.263E+03 ###   Best rss: None (since last: 1)
2.265E+03 ###   Best rss: None (since last: 1)
2.268E+03 ###   Best rss: None (since last: 1)
2.271E+03 ###   Best rss: None (since last: 1)
2.273E+03 ###   Best rss: None (since last: 1)
2.276E+03 ###   Best rss: None (since last: 1)
2.279E+03 ###   Best rss: None (since last: 1)
2.282E+03 ###   Best rss: None (since last: 1)
2.284E+03 ###   Best rss: None (since last: 1)
2.287E+03 ###   Best rss: None (since last: 1)
2.290E+03 ###   Best rss: None (since last: 1)
2.292E+03 ###   Best rss: None (since last: 1)
2.295E+03 ###   Best rss: None (since last: 1)
2.298E+03 ###   Best rss: None (since last: 1)
2.300E+03 ###   Best rss: None (since last: 1)
2.304E+03 ###   Best rss: None (since last: 1)
2.307E+03 ###   Best rss: None (since last: 1)
2.310E+03 ###   Best rss: None (since last: 1)
2.312E+03 ###   Best rss: None (since last: 1)
2.315E+03 ###   Best rss: None (since last: 1)
2.319E+03 ###   Best rss: None (since last: 1)
2.322E+03 ###   Best rss: None (since last: 1)
2.325E+03 ###   Best rss: None (since last: 1)
2.327E+03 ###   Best rss: None (since last: 1)
2.330E+03 ###   Best rss: None (since last: 1)
2.333E+03 ###   Best rss: None (since last: 1)
2.336E+03 ###   Best rss: None (since last: 1)
2.338E+03 ###   Best rss: None (since last: 1)
2.341E+03 ###   Best rss: None (since last: 1)
2.344E+03 ###   Best rss: None (since last: 1)
2.348E+03 ###   Best rss: None (since last: 1)
2.351E+03 ###   Best rss: None (since last: 1)
2.354E+03 ###   Best rss: None (since last: 1)
2.356E+03 ###   Best rss: None (since last: 1)
2.359E+03 ###   Best rss: None (since last: 1)
2.362E+03 ###   Best rss: None (since last: 1)
2.366E+03 ###   Best rss: None (since last: 1)
2.369E+03 ###   Best rss: None (since last: 1)
2.371E+03 ###   Best rss: None (since last: 1)
2.374E+03 ###   Best rss: None (since last: 1)
2.377E+03 ###   Best rss: None (since last: 1)
2.379E+03 ###   Best rss: None (since last: 1)
2.383E+03 ###   Best rss: None (since last: 1)
2.386E+03 ###   Best rss: None (since last: 1)
2.389E+03 ###   Best rss: None (since last: 1)
2.392E+03 ###   Best rss: None (since last: 1)
2.395E+03 ###   Best rss: None (since last: 1)
2.398E+03 ###   Best rss: None (since last: 1)
2.401E+03 ###   Best rss: None (since last: 1)
2.404E+03 ###   Best rss: None (since last: 1)
2.407E+03 ###   Best rss: None (since last: 1)
2.409E+03 ###   Best rss: None (since last: 1)
2.412E+03 ###   Best rss: None (since last: 1)
2.415E+03 ###   Best rss: None (since last: 1)
2.418E+03 ###   Best rss: None (since last: 1)
2.421E+03 ###   Best rss: None (since last: 1)
2.424E+03 ###   Best rss: None (since last: 1)
2.427E+03 ###   Best rss: None (since last: 1)
2.430E+03 ###   Best rss: None (since last: 1)
2.432E+03 ###   Best rss: None (since last: 1)
2.436E+03 ###   Best rss: None (since last: 1)
2.438E+03 ###   Best rss: None (since last: 1)
2.441E+03 ###   Best rss: None (since last: 1)
2.444E+03 ###   Best rss: None (since last: 1)
2.447E+03 ###   Best rss: None (since last: 1)
2.450E+03 ###   Best rss: None (since last: 1)
2.453E+03 ###   Best rss: None (since last: 1)
2.456E+03 ###   Best rss: None (since last: 1)
2.459E+03 ###   Best rss: None (since last: 1)
2.462E+03 ###   Best rss: None (since last: 1)
2.465E+03 ###   Best rss: None (since last: 1)
2.467E+03 ###   Best rss: None (since last: 1)
2.470E+03 ###   Best rss: None (since last: 1)
2.473E+03 ###   Best rss: None (since last: 1)
2.475E+03 ###   Best rss: None (since last: 1)
2.478E+03 ###   Best rss: None (since last: 1)
2.481E+03 ###   Best rss: None (since last: 1)
2.484E+03 ###   Best rss: None (since last: 1)
2.486E+03 ###   Best rss: None (since last: 1)
2.489E+03 ###   Best rss: None (since last: 1)
2.492E+03 ###   Best rss: None (since last: 1)
2.494E+03 ###   Best rss: None (since last: 1)
2.497E+03 ###   Best rss: None (since last: 1)
2.500E+03 ###   Best rss: None (since last: 1)
2.503E+03 ###   Best rss: None (since last: 1)
2.505E+03 ###   Best rss: None (since last: 1)
2.508E+03 ###   Best rss: None (since last: 1)
2.511E+03 ###   Best rss: None (since last: 1)
2.513E+03 ###   Best rss: None (since last: 1)
2.516E+03 ###   Best rss: None (since last: 1)
####TIME#############LOG#####################################################
2.519E+03 ###   Best rss: None (since last: 1)
2.522E+03 ###   Best rss: None (since last: 1)
2.524E+03 ###   Best rss: None (since last: 1)
2.527E+03 ###   Best rss: None (since last: 1)
2.530E+03 ###   Best rss: None (since last: 1)
2.533E+03 ###   Best rss: None (since last: 1)
2.535E+03 ###   Best rss: None (since last: 1)
2.538E+03 ###   Best rss: None (since last: 1)
2.541E+03 ###   Best rss: None (since last: 1)
2.544E+03 ###   Best rss: None (since last: 1)
2.547E+03 ###   Best rss: None (since last: 1)
2.549E+03 ###   Best rss: None (since last: 1)
2.551E+03 ###   Best rss: None (since last: 1)
2.554E+03 ###   Best rss: None (since last: 1)
2.556E+03 ###   Best rss: None (since last: 1)
2.559E+03 ###   Best rss: None (since last: 1)
2.560E+03 ###   Best rss: None (since last: 1)
2.562E+03 ###   Best rss: None (since last: 1)
2.564E+03 ###   Best rss: None (since last: 1)
2.566E+03 ###   Best rss: None (since last: 1)
2.568E+03 ###   Best rss: None (since last: 1)
2.570E+03 ###   Best rss: None (since last: 1)
2.572E+03 ###   Best rss: None (since last: 1)
2.574E+03 ###   Best rss: None (since last: 1)
2.576E+03 ###   Best rss: None (since last: 1)
2.578E+03 ###   Best rss: None (since last: 1)
2.580E+03 ###   Best rss: None (since last: 1)
2.582E+03 ###   Best rss: None (since last: 1)
2.584E+03 ###   Best rss: None (since last: 1)
2.586E+03 ###   Best rss: None (since last: 1)
2.588E+03 ###   Best rss: None (since last: 1)
2.590E+03 ###   Best rss: None (since last: 1)
2.592E+03 ###   Best rss: None (since last: 1)
2.594E+03 ###   Best rss: None (since last: 1)
2.596E+03 ###   Best rss: None (since last: 1)
2.598E+03 ###   Best rss: None (since last: 1)
2.599E+03 ###   Best rss: None (since last: 1)
2.601E+03 ###   Best rss: None (since last: 1)
2.603E+03 ###   Best rss: None (since last: 1)
2.605E+03 ###   Best rss: None (since last: 1)
2.607E+03 ###   Best rss: None (since last: 1)
2.609E+03 ###   Best rss: None (since last: 1)
2.611E+03 ###   Best rss: None (since last: 1)
2.613E+03 ###   Best rss: None (since last: 1)
2.614E+03 ###   Best rss: None (since last: 1)
2.616E+03 ###   Best rss: None (since last: 1)
2.618E+03 ###   Best rss: None (since last: 1)
2.620E+03 ###   Best rss: None (since last: 1)
2.622E+03 ###   Best rss: None (since last: 1)
2.624E+03 ###   Best rss: None (since last: 1)
2.626E+03 ###   Best rss: None (since last: 1)
2.627E+03 ###   Best rss: None (since last: 1)
2.629E+03 ###   Best rss: None (since last: 1)
2.631E+03 ###   Best rss: None (since last: 1)
2.633E+03 ###   Best rss: None (since last: 1)
2.635E+03 ###   Best rss: None (since last: 1)
2.637E+03 ###   Best rss: None (since last: 1)
2.639E+03 ###   Best rss: None (since last: 1)
2.641E+03 ###   Best rss: None (since last: 1)
2.643E+03 ###   Best rss: None (since last: 1)
2.645E+03 ###   Best rss: None (since last: 1)
2.647E+03 ###   Best rss: None (since last: 1)
2.648E+03 ###   Best rss: None (since last: 1)
2.650E+03 ###   Best rss: None (since last: 1)
2.652E+03 ###   Best rss: None (since last: 1)
2.654E+03 ###   Best rss: None (since last: 1)
2.656E+03 ###   Best rss: None (since last: 1)
2.658E+03 ###   Best rss: None (since last: 1)
2.660E+03 ###   Best rss: None (since last: 1)
2.662E+03 ###   Best rss: None (since last: 1)
2.664E+03 ###   Best rss: None (since last: 1)
2.666E+03 ###   Best rss: None (since last: 1)
2.668E+03 ###   Best rss: None (since last: 1)
2.670E+03 ###   Best rss: None (since last: 1)
2.672E+03 ###   Best rss: None (since last: 1)
2.674E+03 ###   Best rss: None (since last: 1)
2.676E+03 ###   Best rss: None (since last: 1)
2.678E+03 ###   Best rss: None (since last: 1)
2.680E+03 ###   Best rss: None (since last: 1)
2.682E+03 ###   Best rss: None (since last: 1)
2.684E+03 ###   Best rss: None (since last: 1)
2.687E+03 ###   Best rss: None (since last: 1)
2.689E+03 ###   Best rss: None (since last: 1)
2.691E+03 ###   Best rss: None (since last: 1)
2.693E+03 ###   Best rss: None (since last: 1)
2.695E+03 ###   Best rss: None (since last: 1)
2.697E+03 ###   Best rss: None (since last: 1)
2.700E+03 ###   Best rss: None (since last: 1)
2.702E+03 ###   Best rss: None (since last: 1)
2.704E+03 ###   Best rss: None (since last: 1)
2.705E+03 ###   Best rss: None (since last: 1)
2.708E+03 ###   Best rss: None (since last: 1)
2.709E+03 ###   Best rss: None (since last: 1)
2.711E+03 ###   Best rss: None (since last: 1)
2.713E+03 ###   Best rss: None (since last: 1)
2.715E+03 ###   Best rss: None (since last: 1)
2.717E+03 ###   Best rss: None (since last: 1)
2.719E+03 ###   Best rss: None (since last: 1)
2.721E+03 ###   Best rss: None (since last: 1)
2.723E+03 ###   Best rss: None (since last: 1)
####TIME#############LOG#####################################################
2.725E+03 ###   Best rss: None (since last: 1)
2.727E+03 ###   Best rss: None (since last: 1)
2.728E+03 ###   Best rss: None (since last: 1)
2.730E+03 ###   Best rss: None (since last: 1)
2.732E+03 ###   Best rss: None (since last: 1)
2.734E+03 ###   Best rss: None (since last: 1)
2.736E+03 ###   Best rss: None (since last: 1)
2.738E+03 ###   Best rss: None (since last: 1)
2.740E+03 ###   Best rss: None (since last: 1)
2.742E+03 ###   Best rss: None (since last: 1)
2.744E+03 ###   Best rss: None (since last: 1)
2.746E+03 ###   Best rss: None (since last: 1)
2.748E+03 ###   Best rss: None (since last: 1)
2.750E+03 ###   Best rss: None (since last: 1)
2.752E+03 ###   Best rss: None (since last: 1)
2.754E+03 ###   Best rss: None (since last: 1)
2.756E+03 ###   Best rss: None (since last: 1)
2.758E+03 ###   Best rss: None (since last: 1)
2.760E+03 ###   Best rss: None (since last: 1)
2.762E+03 ###   Best rss: None (since last: 1)
2.764E+03 ###   Best rss: None (since last: 1)
2.766E+03 ###   Best rss: None (since last: 1)
2.768E+03 ###   Best rss: None (since last: 1)
2.770E+03 ###   Best rss: None (since last: 1)
2.772E+03 ###   Best rss: None (since last: 1)
2.774E+03 ###   Best rss: None (since last: 1)
2.777E+03 ###   Best rss: None (since last: 1)
2.780E+03 ###   Best rss: None (since last: 1)
2.782E+03 ###   Best rss: None (since last: 1)
2.785E+03 ###   Best rss: None (since last: 1)
2.787E+03 ###   Best rss: None (since last: 1)
2.790E+03 ###   Best rss: None (since last: 1)
2.793E+03 ###   Best rss: None (since last: 1)
2.795E+03 ###   Best rss: None (since last: 1)
2.798E+03 ###   Best rss: None (since last: 1)
2.801E+03 ###   Best rss: None (since last: 1)
2.804E+03 ###   Best rss: None (since last: 1)
2.806E+03 ###   Best rss: None (since last: 1)
2.809E+03 ###   Best rss: None (since last: 1)
2.811E+03 ###   Best rss: None (since last: 1)
2.814E+03 ###   Best rss: None (since last: 1)
2.817E+03 ###   Best rss: None (since last: 1)
2.819E+03 ###   Best rss: None (since last: 1)
2.822E+03 ###   Best rss: None (since last: 1)
2.824E+03 ###   Best rss: None (since last: 1)
2.826E+03 ###   Best rss: None (since last: 1)
2.828E+03 ###   Best rss: None (since last: 1)
2.830E+03 ###   Best rss: None (since last: 1)
2.833E+03 ###   Best rss: None (since last: 1)
2.836E+03 ###   Best rss: None (since last: 1)
2.839E+03 ###   Best rss: None (since last: 1)
2.841E+03 ###   Best rss: None (since last: 1)
2.844E+03 ###   Best rss: None (since last: 1)
2.847E+03 ###   Best rss: None (since last: 1)
2.850E+03 ###   Best rss: None (since last: 1)
2.853E+03 ###   Best rss: None (since last: 1)
2.855E+03 ###   Best rss: None (since last: 1)
2.858E+03 ###   Best rss: None (since last: 1)
2.861E+03 ###   Best rss: None (since last: 1)
2.864E+03 ###   Best rss: None (since last: 1)
2.866E+03 ###   Best rss: None (since last: 1)
2.869E+03 ###   Best rss: None (since last: 1)
2.872E+03 ###   Best rss: None (since last: 1)
2.875E+03 ###   Best rss: None (since last: 1)
2.878E+03 ###   Best rss: None (since last: 1)
2.881E+03 ###   Best rss: None (since last: 1)
2.884E+03 ###   Best rss: None (since last: 1)
2.886E+03 ###   Best rss: None (since last: 1)
2.889E+03 ###   Best rss: None (since last: 1)
2.893E+03 ###   Best rss: None (since last: 1)
2.896E+03 ###   Best rss: None (since last: 1)
2.899E+03 ###   Best rss: None (since last: 1)
2.902E+03 ###   Best rss: None (since last: 1)
2.905E+03 ###   Best rss: None (since last: 1)
2.908E+03 ###   Best rss: None (since last: 1)
2.911E+03 ###   Best rss: None (since last: 1)
2.914E+03 ###   Best rss: None (since last: 1)
2.916E+03 ###   Best rss: None (since last: 1)
2.919E+03 ###   Best rss: None (since last: 1)
2.922E+03 ###   Best rss: None (since last: 1)
2.925E+03 ###   Best rss: None (since last: 1)
2.927E+03 ###   Best rss: None (since last: 1)
2.930E+03 ###   Best rss: None (since last: 1)
2.933E+03 ###   Best rss: None (since last: 1)
2.935E+03 ###   Best rss: None (since last: 1)
2.938E+03 ###   Best rss: None (since last: 1)
2.941E+03 ###   Best rss: None (since last: 1)
2.944E+03 ###   Best rss: None (since last: 1)
2.947E+03 ###   Best rss: None (since last: 1)
2.949E+03 ###   Best rss: None (since last: 1)
2.952E+03 ###   Best rss: None (since last: 1)
2.955E+03 ###   Best rss: None (since last: 1)
2.957E+03 ###   Best rss: None (since last: 1)
2.961E+03 ###   Best rss: None (since last: 1)
2.963E+03 ###   Best rss: None (since last: 1)
2.966E+03 ###   Best rss: None (since last: 1)
2.969E+03 ###   Best rss: None (since last: 1)
2.972E+03 ###   Best rss: None (since last: 1)
2.975E+03 ###   Best rss: None (since last: 1)
2.977E+03 ###   Best rss: None (since last: 1)
####TIME#############LOG#####################################################
2.980E+03 ###   Best rss: None (since last: 1)
2.983E+03 ###   Best rss: None (since last: 1)
2.985E+03 ###   Best rss: None (since last: 1)
2.988E+03 ###   Best rss: None (since last: 1)
2.991E+03 ###   Best rss: None (since last: 1)
2.995E+03 ###   Best rss: None (since last: 1)
2.998E+03 ###   Best rss: None (since last: 1)
3.001E+03 ###   Best rss: None (since last: 1)
3.003E+03 ###   Best rss: None (since last: 1)
3.007E+03 ###   Best rss: None (since last: 1)
3.010E+03 ###   Best rss: None (since last: 1)
3.013E+03 ###   Best rss: None (since last: 1)
3.016E+03 ###   Best rss: None (since last: 1)
3.019E+03 ###   Best rss: None (since last: 1)
3.021E+03 ###   Best rss: None (since last: 1)
3.024E+03 ###   Best rss: None (since last: 1)
3.027E+03 ###   Best rss: None (since last: 1)
3.029E+03 ###   Best rss: None (since last: 1)
3.031E+03 ###   Best rss: None (since last: 1)
3.034E+03 ###   Best rss: None (since last: 1)
3.037E+03 ###   Best rss: None (since last: 1)
3.040E+03 ###   Best rss: None (since last: 1)
3.043E+03 ###   Best rss: None (since last: 1)
3.045E+03 ###   Best rss: None (since last: 1)
3.049E+03 ###   Best rss: None (since last: 1)
3.052E+03 ###   Best rss: None (since last: 1)
3.055E+03 ###   Best rss: None (since last: 1)
3.057E+03 ###   Best rss: None (since last: 1)
3.059E+03 ###   Best rss: None (since last: 1)
3.062E+03 ###   Best rss: None (since last: 1)
3.064E+03 ###   Best rss: None (since last: 1)
3.067E+03 ###   Best rss: None (since last: 1)
3.069E+03 ###   Best rss: None (since last: 1)
3.071E+03 ###   Best rss: None (since last: 1)
3.074E+03 ###   Best rss: None (since last: 1)
3.076E+03 ###   Best rss: None (since last: 1)
3.079E+03 ###   Best rss: None (since last: 1)
3.081E+03 ###   Best rss: None (since last: 1)
3.084E+03 ###   Best rss: None (since last: 1)
3.086E+03 ###   Best rss: None (since last: 1)
3.088E+03 ###   Best rss: None (since last: 1)
3.091E+03 ###   Best rss: None (since last: 1)
3.094E+03 ###   Best rss: None (since last: 1)
3.096E+03 ###   Best rss: None (since last: 1)
3.098E+03 ###   Best rss: None (since last: 1)
3.101E+03 ###   Best rss: None (since last: 1)
3.103E+03 ###   Best rss: None (since last: 1)
3.106E+03 ###   Best rss: None (since last: 1)
3.110E+03 ###   Best rss: None (since last: 1)
3.112E+03 ###   Best rss: None (since last: 1)
3.115E+03 ###   Best rss: None (since last: 1)
3.117E+03 ###   Best rss: None (since last: 1)
3.124E+03 ###   Best rss: None (since last: 1)
3.126E+03 ###   Best rss: None (since last: 1)
3.129E+03 ###   Best rss: None (since last: 1)
3.131E+03 ###   Best rss: None (since last: 1)
3.134E+03 ###   Best rss: None (since last: 1)
3.137E+03 ###   Best rss: None (since last: 1)
3.139E+03 ###   Best rss: None (since last: 1)
3.142E+03 ###   Best rss: None (since last: 1)
3.144E+03 ###   Best rss: None (since last: 1)
3.147E+03 ###   Best rss: None (since last: 1)
3.149E+03 ###   Best rss: None (since last: 1)
3.151E+03 ###   Best rss: None (since last: 1)
3.154E+03 ###   Best rss: None (since last: 1)
3.156E+03 ###   Best rss: None (since last: 1)
3.158E+03 ###   Best rss: None (since last: 1)
3.161E+03 ###   Best rss: None (since last: 1)
3.163E+03 ###   Best rss: None (since last: 1)
3.166E+03 ###   Best rss: None (since last: 1)
3.170E+03 ###   Best rss: None (since last: 1)
3.172E+03 ###   Best rss: None (since last: 1)
3.175E+03 ###   Best rss: None (since last: 1)
3.178E+03 ###   Best rss: None (since last: 1)
3.181E+03 ###   Best rss: None (since last: 1)
3.185E+03 ###   Best rss: None (since last: 1)
3.188E+03 ###   Best rss: None (since last: 1)
3.192E+03 ###   Best rss: None (since last: 1)
3.195E+03 ###   Best rss: None (since last: 1)
3.199E+03 ###   Best rss: None (since last: 1)
3.202E+03 ###   Best rss: None (since last: 1)
3.206E+03 ###   Best rss: None (since last: 1)
3.209E+03 ###   Best rss: None (since last: 1)
3.212E+03 ###   Best rss: None (since last: 1)
3.215E+03 ###   Best rss: None (since last: 1)
3.217E+03 ###   Best rss: None (since last: 1)
3.220E+03 ###   Best rss: None (since last: 1)
3.224E+03 ###   Best rss: None (since last: 1)
3.229E+03 ###   Best rss: None (since last: 1)
3.231E+03 ###   Best rss: None (since last: 1)
3.234E+03 ###   Best rss: None (since last: 1)
3.237E+03 ###   Best rss: None (since last: 1)
3.239E+03 ###   Best rss: None (since last: 1)
3.242E+03 ###   Best rss: None (since last: 1)
3.244E+03 ###   Best rss: None (since last: 1)
3.247E+03 ###   Best rss: None (since last: 1)
3.250E+03 ###   Best rss: None (since last: 1)
3.253E+03 ###   Best rss: None (since last: 1)
3.256E+03 ###   Best rss: None (since last: 1)
3.259E+03 ###   Best rss: None (since last: 1)
####TIME#############LOG#####################################################
3.261E+03 ###   Best rss: None (since last: 1)
3.264E+03 ###   Best rss: None (since last: 1)
3.267E+03 ###   Best rss: None (since last: 1)
3.269E+03 ###   Best rss: None (since last: 1)
3.272E+03 ###   Best rss: None (since last: 1)
3.275E+03 ###   Best rss: None (since last: 1)
3.277E+03 ###   Best rss: None (since last: 1)
3.280E+03 ###   Best rss: None (since last: 1)
3.283E+03 ###   Best rss: None (since last: 1)
3.285E+03 ###   Best rss: None (since last: 1)
3.288E+03 ###   Best rss: None (since last: 1)
3.290E+03 ###   Best rss: None (since last: 1)
3.293E+03 ###   Best rss: None (since last: 1)
3.295E+03 ###   Best rss: None (since last: 1)
3.298E+03 ###   Best rss: None (since last: 1)
3.301E+03 ###   Best rss: None (since last: 1)
3.303E+03 ###   Best rss: None (since last: 1)
3.306E+03 ###   Best rss: None (since last: 1)
3.308E+03 ###   Best rss: None (since last: 1)
3.311E+03 ###   Best rss: None (since last: 1)
3.313E+03 ###   Best rss: None (since last: 1)
3.316E+03 ###   Best rss: None (since last: 1)
3.319E+03 ###   Best rss: None (since last: 1)
3.321E+03 ###   Best rss: None (since last: 1)
3.324E+03 ###   Best rss: None (since last: 1)
3.327E+03 ###   Best rss: None (since last: 1)
3.329E+03 ###   Best rss: None (since last: 1)
3.332E+03 ###   Best rss: None (since last: 1)
3.335E+03 ###   Best rss: None (since last: 1)
3.338E+03 ###   Best rss: None (since last: 1)
3.341E+03 ###   Best rss: None (since last: 1)
3.344E+03 ###   Best rss: None (since last: 1)
3.346E+03 ###   Best rss: None (since last: 1)
3.349E+03 ###   Best rss: None (since last: 1)
3.351E+03 ###   Best rss: None (since last: 1)
3.354E+03 ###   Best rss: None (since last: 1)
3.357E+03 ###   Best rss: None (since last: 1)
3.359E+03 ###   Best rss: None (since last: 1)
3.362E+03 ###   Best rss: None (since last: 1)
3.365E+03 ###   Best rss: None (since last: 1)
3.368E+03 ###   Best rss: None (since last: 1)
3.372E+03 ###   Best rss: None (since last: 1)
3.374E+03 ###   Best rss: None (since last: 1)
3.377E+03 ###   Best rss: None (since last: 1)
3.380E+03 ###   Best rss: None (since last: 1)
3.383E+03 ###   Best rss: None (since last: 1)
3.386E+03 ###   Best rss: None (since last: 1)
3.389E+03 ###   Best rss: None (since last: 1)
3.391E+03 ###   Best rss: None (since last: 1)
3.394E+03 ###   Best rss: None (since last: 1)
3.396E+03 ###   Best rss: None (since last: 1)
3.399E+03 ###   Best rss: None (since last: 1)
3.402E+03 ###   Best rss: None (since last: 1)
3.406E+03 ###   Best rss: None (since last: 1)
3.408E+03 ###   Best rss: None (since last: 1)
3.411E+03 ###   Best rss: None (since last: 1)
3.414E+03 ###   Best rss: None (since last: 1)
3.417E+03 ###   Best rss: None (since last: 1)
3.420E+03 ###   Best rss: None (since last: 1)
3.423E+03 ###   Best rss: None (since last: 1)
3.426E+03 ###   Best rss: None (since last: 1)
3.429E+03 ###   Best rss: None (since last: 1)
3.431E+03 ###   Best rss: None (since last: 1)
3.434E+03 ###   Best rss: None (since last: 1)
3.437E+03 ###   Best rss: None (since last: 1)
3.440E+03 ###   Best rss: None (since last: 1)
3.443E+03 ###   Best rss: None (since last: 1)
3.446E+03 ###   Best rss: None (since last: 1)
3.448E+03 ###   Best rss: None (since last: 1)
3.452E+03 ###   Best rss: None (since last: 1)
3.455E+03 ###   Best rss: None (since last: 1)
3.457E+03 ###   Best rss: None (since last: 1)
3.460E+03 ###   Best rss: None (since last: 1)
3.463E+03 ###   Best rss: None (since last: 1)
3.466E+03 ###   Best rss: None (since last: 1)
3.469E+03 ###   Best rss: None (since last: 1)
3.472E+03 ###   Best rss: None (since last: 1)
3.475E+03 ###   Best rss: None (since last: 1)
3.477E+03 ###   Best rss: None (since last: 1)
3.480E+03 ###   Best rss: None (since last: 1)
3.483E+03 ###   Best rss: None (since last: 1)
3.486E+03 ###   Best rss: None (since last: 1)
3.489E+03 ###   Best rss: None (since last: 1)
3.492E+03 ###   Best rss: None (since last: 1)
3.495E+03 ###   Best rss: None (since last: 1)
3.497E+03 ###   Best rss: None (since last: 1)
3.500E+03 ###   Best rss: None (since last: 1)
3.503E+03 ###   Best rss: None (since last: 1)
3.506E+03 ###   Best rss: None (since last: 1)
3.509E+03 ###   Best rss: None (since last: 1)
3.512E+03 ###   Best rss: None (since last: 1)
3.515E+03 ###   Best rss: None (since last: 1)
3.517E+03 ###   Best rss: None (since last: 1)
3.521E+03 ###   Best rss: None (since last: 1)
3.523E+03 ###   Best rss: None (since last: 1)
3.526E+03 ###   Best rss: None (since last: 1)
3.529E+03 ###   Best rss: None (since last: 1)
3.532E+03 ###   Best rss: None (since last: 1)
3.535E+03 ###   Best rss: None (since last: 1)
3.537E+03 ###   Best rss: None (since last: 1)
####TIME#############LOG#####################################################
3.540E+03 ###   Best rss: None (since last: 1)
3.543E+03 ###   Best rss: None (since last: 1)
3.546E+03 ###   Best rss: None (since last: 1)
3.549E+03 ###   Best rss: None (since last: 1)
3.552E+03 ###   Best rss: None (since last: 1)
3.555E+03 ###   Best rss: None (since last: 1)
3.558E+03 ###   Best rss: None (since last: 1)
3.560E+03 ###   Best rss: None (since last: 1)
3.563E+03 ###   Best rss: None (since last: 1)
3.565E+03 ###   Best rss: None (since last: 1)
3.568E+03 ###   Best rss: None (since last: 1)
3.570E+03 ###   Best rss: None (since last: 1)
3.572E+03 ###   Best rss: None (since last: 1)
3.574E+03 ###   Best rss: None (since last: 1)
3.576E+03 ###   Best rss: None (since last: 1)
3.578E+03 ###   Best rss: None (since last: 1)
3.580E+03 ###   Best rss: None (since last: 1)
3.582E+03 ###   Best rss: None (since last: 1)
3.585E+03 ###   Best rss: None (since last: 1)
3.587E+03 ###   Best rss: None (since last: 1)
3.589E+03 ###   Best rss: None (since last: 1)
3.591E+03 ###   Best rss: None (since last: 1)
3.592E+03 ###   Best rss: None (since last: 1)
3.594E+03 ###   Best rss: None (since last: 1)
3.597E+03 ###   Best rss: None (since last: 1)
3.599E+03 ###   Best rss: None (since last: 1)
3.601E+03 ###   Best rss: None (since last: 1)
3.603E+03 ###   Best rss: None (since last: 1)
3.605E+03 ###   Best rss: None (since last: 1)
3.607E+03 ###   Best rss: None (since last: 1)
3.609E+03 ###   Best rss: None (since last: 1)
3.611E+03 ###   Best rss: None (since last: 1)
3.613E+03 ###   Best rss: None (since last: 1)
3.614E+03 ###   Best rss: None (since last: 1)
3.616E+03 ###   Best rss: None (since last: 1)
3.618E+03 ###   Best rss: None (since last: 1)
3.620E+03 ###   Best rss: None (since last: 1)
3.622E+03 ###   Best rss: None (since last: 1)
3.625E+03 ###   Best rss: None (since last: 1)
3.626E+03 ###   Best rss: None (since last: 1)
3.628E+03 ###   Best rss: None (since last: 1)
3.630E+03 ###   Best rss: None (since last: 1)
3.632E+03 ###   Best rss: None (since last: 1)
3.634E+03 ###   Best rss: None (since last: 1)
3.636E+03 ###   Best rss: None (since last: 1)
3.638E+03 ###   Best rss: None (since last: 1)
3.640E+03 ###   Best rss: None (since last: 1)
3.642E+03 ###   Best rss: None (since last: 1)
3.644E+03 ###   Best rss: None (since last: 1)
3.646E+03 ###   Best rss: None (since last: 1)
3.648E+03 ###   Best rss: None (since last: 1)
3.650E+03 ###   Best rss: None (since last: 1)
3.652E+03 ###   Best rss: None (since last: 1)
3.654E+03 ###   Best rss: None (since last: 1)
3.656E+03 ###   Best rss: None (since last: 1)
3.657E+03 ###   Best rss: None (since last: 1)
3.660E+03 ###   Best rss: None (since last: 1)
3.662E+03 ###   Best rss: None (since last: 1)
3.664E+03 ###   Best rss: None (since last: 1)
3.666E+03 ###   Best rss: None (since last: 1)
3.668E+03 ###   Best rss: None (since last: 1)
3.669E+03 ###   Best rss: None (since last: 1)
3.672E+03 ###   Best rss: None (since last: 1)
3.674E+03 ###   Best rss: None (since last: 1)
3.676E+03 ###   Best rss: None (since last: 1)
3.678E+03 ###   Best rss: None (since last: 1)
3.680E+03 ###   Best rss: None (since last: 1)
3.682E+03 ###   Best rss: None (since last: 1)
3.684E+03 ###   Best rss: None (since last: 1)
3.687E+03 ###   Best rss: None (since last: 1)
3.689E+03 ###   Best rss: None (since last: 1)
3.691E+03 ###   Best rss: None (since last: 1)
3.693E+03 ###   Best rss: None (since last: 1)
3.695E+03 ###   Best rss: None (since last: 1)
3.698E+03 ###   Best rss: None (since last: 1)
3.700E+03 ###   Best rss: None (since last: 1)
3.702E+03 ###   Best rss: None (since last: 1)
3.704E+03 ###   Best rss: None (since last: 1)
3.706E+03 ###   Best rss: None (since last: 1)
3.708E+03 ###   Best rss: None (since last: 1)
3.710E+03 ###   Best rss: None (since last: 1)
3.713E+03 ###   Best rss: None (since last: 1)
3.714E+03 ###   Best rss: None (since last: 1)
3.717E+03 ###   Best rss: None (since last: 1)
3.719E+03 ###   Best rss: None (since last: 1)
3.721E+03 ###   Best rss: None (since last: 1)
3.723E+03 ###   Best rss: None (since last: 1)
3.725E+03 ###   Best rss: None (since last: 1)
3.727E+03 ###   Best rss: None (since last: 1)
3.729E+03 ###   Best rss: None (since last: 1)
3.731E+03 ###   Best rss: None (since last: 1)
3.733E+03 ###   Best rss: None (since last: 1)
3.735E+03 ###   Best rss: None (since last: 1)
3.737E+03 ###   Best rss: None (since last: 1)
3.739E+03 ###   Best rss: None (since last: 1)
3.741E+03 ###   Best rss: None (since last: 1)
3.744E+03 ###   Best rss: None (since last: 1)
3.746E+03 ###   Best rss: None (since last: 1)
3.748E+03 ###   Best rss: None (since last: 1)
3.750E+03 ###   Best rss: None (since last: 1)
####TIME#############LOG#####################################################
3.752E+03 ###   Best rss: None (since last: 1)
3.754E+03 ###   Best rss: None (since last: 1)
3.756E+03 ###   Best rss: None (since last: 1)
3.759E+03 ###   Best rss: None (since last: 1)
3.761E+03 ###   Best rss: None (since last: 1)
3.764E+03 ###   Best rss: None (since last: 1)
3.766E+03 ###   Best rss: None (since last: 1)
3.768E+03 ###   Best rss: None (since last: 1)
3.771E+03 ###   Best rss: None (since last: 1)
3.773E+03 ###   Best rss: None (since last: 1)
3.775E+03 ###   Best rss: None (since last: 1)
3.778E+03 ###   Best rss: None (since last: 1)
3.780E+03 ###   Best rss: None (since last: 1)
3.783E+03 ###   Best rss: None (since last: 1)
3.785E+03 ###   Best rss: None (since last: 1)
3.788E+03 ###   Best rss: None (since last: 1)
3.790E+03 ###   Best rss: None (since last: 1)
3.793E+03 ###   Best rss: None (since last: 1)
3.796E+03 ###   Best rss: None (since last: 1)
3.798E+03 ###   Best rss: None (since last: 1)
3.801E+03 ###   Best rss: None (since last: 1)
3.803E+03 ###   Best rss: None (since last: 1)
3.806E+03 ###   Best rss: None (since last: 1)
3.808E+03 ###   Best rss: None (since last: 1)
3.811E+03 ###   Best rss: None (since last: 1)
3.814E+03 ###   Best rss: None (since last: 1)
3.816E+03 ###   Best rss: None (since last: 1)
3.819E+03 ###   Best rss: None (since last: 1)
3.821E+03 ###   Best rss: None (since last: 1)
3.824E+03 ###   Best rss: None (since last: 1)
3.827E+03 ###   Best rss: None (since last: 1)
3.829E+03 ###   Best rss: None (since last: 1)
3.832E+03 ###   Best rss: None (since last: 1)
3.834E+03 ###   Best rss: None (since last: 1)
3.837E+03 ###   Best rss: None (since last: 1)
3.839E+03 ###   Best rss: None (since last: 1)
3.842E+03 ###   Best rss: None (since last: 1)
3.844E+03 ###   Best rss: None (since last: 1)
3.847E+03 ###   Best rss: None (since last: 1)
3.849E+03 ###   Best rss: None (since last: 1)
3.852E+03 ###   Best rss: None (since last: 1)
3.854E+03 ###   Best rss: None (since last: 1)
3.857E+03 ###   Best rss: None (since last: 1)
3.859E+03 ###   Best rss: None (since last: 1)
3.861E+03 ###   Best rss: None (since last: 1)
3.863E+03 ###   Best rss: None (since last: 1)
3.866E+03 ###   Best rss: None (since last: 1)
3.869E+03 ###   Best rss: None (since last: 1)
3.871E+03 ###   Best rss: None (since last: 1)
3.874E+03 ###   Best rss: None (since last: 1)
3.877E+03 ###   Best rss: None (since last: 1)
3.879E+03 ###   Best rss: None (since last: 1)
3.882E+03 ###   Best rss: None (since last: 1)
3.885E+03 ###   Best rss: None (since last: 1)
3.887E+03 ###   Best rss: None (since last: 1)
3.890E+03 ###   Best rss: None (since last: 1)
3.892E+03 ###   Best rss: None (since last: 1)
3.895E+03 ###   Best rss: None (since last: 1)
3.897E+03 ###   Best rss: None (since last: 1)
3.900E+03 ###   Best rss: None (since last: 1)
3.902E+03 ###   Best rss: None (since last: 1)
3.905E+03 ###   Best rss: None (since last: 1)
3.907E+03 ###   Best rss: None (since last: 1)
3.910E+03 ###   Best rss: None (since last: 1)
3.913E+03 ###   Best rss: None (since last: 1)
3.915E+03 ###   Best rss: None (since last: 1)
3.918E+03 ###   Best rss: None (since last: 1)
3.921E+03 ###   Best rss: None (since last: 1)
3.923E+03 ###   Best rss: None (since last: 1)
3.926E+03 ###   Best rss: None (since last: 1)
3.928E+03 ###   Best rss: None (since last: 1)
3.931E+03 ###   Best rss: None (since last: 1)
3.933E+03 ###   Best rss: None (since last: 1)
3.936E+03 ###   Best rss: None (since last: 1)
3.939E+03 ###   Best rss: None (since last: 1)
3.941E+03 ###   Best rss: None (since last: 1)
3.944E+03 ###   Best rss: None (since last: 1)
3.946E+03 ###   Best rss: None (since last: 1)
3.949E+03 ###   Best rss: None (since last: 1)
3.951E+03 ###   Best rss: None (since last: 1)
3.954E+03 ###   Best rss: None (since last: 1)
3.956E+03 ###   Best rss: None (since last: 1)
3.959E+03 ###   Best rss: None (since last: 1)
3.962E+03 ###   Best rss: None (since last: 1)
3.964E+03 ###   Best rss: None (since last: 1)
3.967E+03 ###   Best rss: None (since last: 1)
3.969E+03 ###   Best rss: None (since last: 1)
3.971E+03 ###   Best rss: None (since last: 1)
3.973E+03 ###   Best rss: None (since last: 1)
3.975E+03 ###   Best rss: None (since last: 1)
3.978E+03 ###   Best rss: None (since last: 1)
3.980E+03 ###   Best rss: None (since last: 1)
3.982E+03 ###   Best rss: None (since last: 1)
3.984E+03 ###   Best rss: None (since last: 1)
3.985E+03 ###   Best rss: None (since last: 1)
3.987E+03 ###   Best rss: None (since last: 1)
3.989E+03 ###   Best rss: None (since last: 1)
3.991E+03 ###   Best rss: None (since last: 1)
3.993E+03 ###   Best rss: None (since last: 1)
3.995E+03 ###   Best rss: None (since last: 1)
####TIME#############LOG#####################################################
3.997E+03 ###   Best rss: None (since last: 1)
3.999E+03 ###   Best rss: None (since last: 1)
4.000E+03 ###   Best rss: None (since last: 1)
4.002E+03 ###   Best rss: None (since last: 1)
4.004E+03 ###   Best rss: None (since last: 1)
4.006E+03 ###   Best rss: None (since last: 1)
4.008E+03 ###   Best rss: None (since last: 1)
4.010E+03 ###   Best rss: None (since last: 1)
4.012E+03 ###   Best rss: None (since last: 1)
4.014E+03 ###   Best rss: None (since last: 1)
4.015E+03 ###   Best rss: None (since last: 1)
4.017E+03 ###   Best rss: None (since last: 1)
4.020E+03 ###   Best rss: None (since last: 1)
4.022E+03 ###   Best rss: None (since last: 1)
4.024E+03 ###   Best rss: None (since last: 1)
4.026E+03 ###   Best rss: None (since last: 1)
4.028E+03 ###   Best rss: None (since last: 1)
4.030E+03 ###   Best rss: None (since last: 1)
4.032E+03 ###   Best rss: None (since last: 1)
4.034E+03 ###   Best rss: None (since last: 1)
4.036E+03 ###   Best rss: None (since last: 1)
4.038E+03 ###   Best rss: None (since last: 1)
4.040E+03 ###   Best rss: None (since last: 1)
4.042E+03 ###   Best rss: None (since last: 1)
4.044E+03 ###   Best rss: None (since last: 1)
4.047E+03 ###   Best rss: None (since last: 1)
4.048E+03 ###   Best rss: None (since last: 1)
4.050E+03 ###   Best rss: None (since last: 1)
4.052E+03 ###   Best rss: None (since last: 1)
4.054E+03 ###   Best rss: None (since last: 1)
4.056E+03 ###   Best rss: None (since last: 1)
4.058E+03 ###   Best rss: None (since last: 1)
4.060E+03 ###   Best rss: None (since last: 1)
4.062E+03 ###   Best rss: None (since last: 1)
4.064E+03 ###   Best rss: None (since last: 1)
4.066E+03 ###   Best rss: None (since last: 1)
4.068E+03 ###   Best rss: None (since last: 1)
4.070E+03 ###   Best rss: None (since last: 1)
4.072E+03 ###   Best rss: None (since last: 1)
4.074E+03 ###   Best rss: None (since last: 1)
4.076E+03 ###   Best rss: None (since last: 1)
4.078E+03 ###   Best rss: None (since last: 1)
4.080E+03 ###   Best rss: None (since last: 1)
4.083E+03 ###   Best rss: None (since last: 1)
4.085E+03 ###   Best rss: None (since last: 1)
4.088E+03 ###   Best rss: None (since last: 1)
4.090E+03 ###   Best rss: None (since last: 1)
4.093E+03 ###   Best rss: None (since last: 1)
4.096E+03 ###   Best rss: None (since last: 1)
4.098E+03 ###   Best rss: None (since last: 1)
4.101E+03 ###   Best rss: None (since last: 1)
4.103E+03 ###   Best rss: None (since last: 1)
4.106E+03 ###   Best rss: None (since last: 1)
4.108E+03 ###   Best rss: None (since last: 1)
4.110E+03 ###   Best rss: None (since last: 1)
4.113E+03 ###   Best rss: None (since last: 1)
4.115E+03 ###   Best rss: None (since last: 1)
4.118E+03 ###   Best rss: None (since last: 1)
4.120E+03 ###   Best rss: None (since last: 1)
4.123E+03 ###   Best rss: None (since last: 1)
4.125E+03 ###   Best rss: None (since last: 1)
4.128E+03 ###   Best rss: None (since last: 1)
4.130E+03 ###   Best rss: None (since last: 1)
4.133E+03 ###   Best rss: None (since last: 1)
4.136E+03 ###   Best rss: None (since last: 1)
4.138E+03 ###   Best rss: None (since last: 1)
4.141E+03 ###   Best rss: None (since last: 1)
4.143E+03 ###   Best rss: None (since last: 1)
4.146E+03 ###   Best rss: None (since last: 1)
4.148E+03 ###   Best rss: None (since last: 1)
4.151E+03 ###   Best rss: None (since last: 1)
4.154E+03 ###   Best rss: None (since last: 1)
4.156E+03 ###   Best rss: None (since last: 1)
4.158E+03 ###   Best rss: None (since last: 1)
4.162E+03 ###   Best rss: None (since last: 1)
4.164E+03 ###   Best rss: None (since last: 1)
4.167E+03 ###   Best rss: None (since last: 1)
4.169E+03 ###   Best rss: None (since last: 1)
4.172E+03 ###   Best rss: None (since last: 1)
4.175E+03 ###   Best rss: None (since last: 1)
4.178E+03 ###   Best rss: None (since last: 1)
4.180E+03 ###   Best rss: None (since last: 1)
4.183E+03 ###   Best rss: None (since last: 1)
4.186E+03 ###   Best rss: None (since last: 1)
4.189E+03 ###   Best rss: None (since last: 1)
4.192E+03 ###   Best rss: None (since last: 1)
4.194E+03 ###   Best rss: None (since last: 1)
4.197E+03 ###   Best rss: None (since last: 1)
4.200E+03 ###   Best rss: None (since last: 1)
4.202E+03 ###   Best rss: None (since last: 1)
4.205E+03 ###   Best rss: None (since last: 1)
4.208E+03 ###   Best rss: None (since last: 1)
4.211E+03 ###   Best rss: None (since last: 1)
4.213E+03 ###   Best rss: None (since last: 1)
4.216E+03 ###   Best rss: None (since last: 1)
4.218E+03 ###   Best rss: None (since last: 1)
4.221E+03 ###   Best rss: None (since last: 1)
4.223E+03 ###   Best rss: None (since last: 1)
4.226E+03 ###   Best rss: None (since last: 1)
4.229E+03 ###   Best rss: None (since last: 1)
####TIME#############LOG#####################################################
4.231E+03 ###   Best rss: None (since last: 1)
4.234E+03 ###   Best rss: None (since last: 1)
4.236E+03 ###   Best rss: None (since last: 1)
4.239E+03 ###   Best rss: None (since last: 1)
4.241E+03 ###   Best rss: None (since last: 1)
4.244E+03 ###   Best rss: None (since last: 1)
4.247E+03 ###   Best rss: None (since last: 1)
4.250E+03 ###   Best rss: None (since last: 1)
4.252E+03 ###   Best rss: None (since last: 1)
4.255E+03 ###   Best rss: None (since last: 1)
4.258E+03 ###   Best rss: None (since last: 1)
4.260E+03 ###   Best rss: None (since last: 1)
4.262E+03 ###   Best rss: None (since last: 1)
4.264E+03 ###   Best rss: None (since last: 1)
4.267E+03 ###   Best rss: None (since last: 1)
4.269E+03 ###   Best rss: None (since last: 1)
4.272E+03 ###   Best rss: None (since last: 1)
4.274E+03 ###   Best rss: None (since last: 1)
4.277E+03 ###   Best rss: None (since last: 1)
4.279E+03 ###   Best rss: None (since last: 1)
4.282E+03 ###   Best rss: None (since last: 1)
4.284E+03 ###   Best rss: None (since last: 1)
4.287E+03 ###   Best rss: None (since last: 1)
4.290E+03 ###   Best rss: None (since last: 1)
4.293E+03 ###   Best rss: None (since last: 1)
4.296E+03 ###   Best rss: None (since last: 1)
4.298E+03 ###   Best rss: None (since last: 1)
4.301E+03 ###   Best rss: None (since last: 1)
4.304E+03 ###   Best rss: None (since last: 1)
4.306E+03 ###   Best rss: None (since last: 1)
4.309E+03 ###   Best rss: None (since last: 1)
4.313E+03 ###   Best rss: None (since last: 1)
4.315E+03 ###   Best rss: None (since last: 1)
4.318E+03 ###   Best rss: None (since last: 1)
4.320E+03 ###   Best rss: None (since last: 1)
4.323E+03 ###   Best rss: None (since last: 1)
4.325E+03 ###   Best rss: None (since last: 1)
4.328E+03 ###   Best rss: None (since last: 1)
4.330E+03 ###   Best rss: None (since last: 1)
4.333E+03 ###   Best rss: None (since last: 1)
4.335E+03 ###   Best rss: None (since last: 1)
4.338E+03 ###   Best rss: None (since last: 1)
4.341E+03 ###   Best rss: None (since last: 1)
4.343E+03 ###   Best rss: None (since last: 1)
4.346E+03 ###   Best rss: None (since last: 1)
4.350E+03 ###   Best rss: None (since last: 1)
4.352E+03 ###   Best rss: None (since last: 1)
4.355E+03 ###   Best rss: None (since last: 1)
4.357E+03 ###   Best rss: None (since last: 1)
4.360E+03 ###   Best rss: None (since last: 1)
4.362E+03 ###   Best rss: None (since last: 1)
4.365E+03 ###   Best rss: None (since last: 1)
4.368E+03 ###   Best rss: None (since last: 1)
4.371E+03 ###   Best rss: None (since last: 1)
4.373E+03 ###   Best rss: None (since last: 1)
4.376E+03 ###   Best rss: None (since last: 1)
4.379E+03 ###   Best rss: None (since last: 1)
4.381E+03 ###   Best rss: None (since last: 1)
4.384E+03 ###   Best rss: None (since last: 1)
4.387E+03 ###   Best rss: None (since last: 1)
4.389E+03 ###   Best rss: None (since last: 1)
4.392E+03 ###   Best rss: None (since last: 1)
4.395E+03 ###   Best rss: None (since last: 1)
4.398E+03 ###   Best rss: None (since last: 1)
4.401E+03 ###   Best rss: None (since last: 1)
4.404E+03 ###   Best rss: None (since last: 1)
4.407E+03 ###   Best rss: None (since last: 1)
4.410E+03 ###   Best rss: None (since last: 1)
4.413E+03 ###   Best rss: None (since last: 1)
4.415E+03 ###   Best rss: None (since last: 1)
4.418E+03 ###   Best rss: None (since last: 1)
4.420E+03 ###   Best rss: None (since last: 1)
4.423E+03 ###   Best rss: None (since last: 1)
4.426E+03 ###   Best rss: None (since last: 1)
4.429E+03 ###   Best rss: None (since last: 1)
4.432E+03 ###   Best rss: None (since last: 1)
4.434E+03 ###   Best rss: None (since last: 1)
4.437E+03 ###   Best rss: None (since last: 1)
4.439E+03 ###   Best rss: None (since last: 1)
4.442E+03 ###   Best rss: None (since last: 1)
4.445E+03 ###   Best rss: None (since last: 1)
4.448E+03 ###   Best rss: None (since last: 1)
4.450E+03 ###   Best rss: None (since last: 1)
4.453E+03 ###   Best rss: None (since last: 1)
4.456E+03 ###   Best rss: None (since last: 1)
4.459E+03 ###   Best rss: None (since last: 1)
4.462E+03 ###   Best rss: None (since last: 1)
4.464E+03 ###   Best rss: None (since last: 1)
4.467E+03 ###   Best rss: None (since last: 1)
4.469E+03 ###   Best rss: None (since last: 1)
4.472E+03 ###   Best rss: None (since last: 1)
4.474E+03 ###   Best rss: None (since last: 1)
4.477E+03 ###   Best rss: None (since last: 1)
4.479E+03 ###   Best rss: None (since last: 1)
4.481E+03 ###   Best rss: None (since last: 1)
4.483E+03 ###   Best rss: None (since last: 1)
4.485E+03 ###   Best rss: None (since last: 1)
4.487E+03 ###   Best rss: None (since last: 1)
4.489E+03 ###   Best rss: None (since last: 1)
4.491E+03 ###   Best rss: None (since last: 1)
####TIME#############LOG#####################################################
4.493E+03 ###   Best rss: None (since last: 1)
4.496E+03 ###   Best rss: None (since last: 1)
4.497E+03 ###   Best rss: None (since last: 1)
4.499E+03 ###   Best rss: None (since last: 1)
4.501E+03 ###   Best rss: None (since last: 1)
4.503E+03 ###   Best rss: None (since last: 1)
4.505E+03 ###   Best rss: None (since last: 1)
4.507E+03 ###   Best rss: None (since last: 1)
4.509E+03 ###   Best rss: None (since last: 1)
4.511E+03 ###   Best rss: None (since last: 1)
4.513E+03 ###   Best rss: None (since last: 1)
4.515E+03 ###   Best rss: None (since last: 1)
4.517E+03 ###   Best rss: None (since last: 1)
4.518E+03 ###   Best rss: None (since last: 1)
4.520E+03 ###   Best rss: None (since last: 1)
4.522E+03 ###   Best rss: None (since last: 1)
4.524E+03 ###   Best rss: None (since last: 1)
4.526E+03 ###   Best rss: None (since last: 1)
4.528E+03 ###   Best rss: None (since last: 1)
4.530E+03 ###   Best rss: None (since last: 1)
4.532E+03 ###   Best rss: None (since last: 1)
4.534E+03 ###   Best rss: None (since last: 1)
4.536E+03 ###   Best rss: None (since last: 1)
4.538E+03 ###   Best rss: None (since last: 1)
4.541E+03 ###   Best rss: None (since last: 1)
4.543E+03 ###   Best rss: None (since last: 1)
4.545E+03 ###   Best rss: None (since last: 1)
4.547E+03 ###   Best rss: None (since last: 1)
4.549E+03 ###   Best rss: None (since last: 1)
4.551E+03 ###   Best rss: None (since last: 1)
4.553E+03 ###   Best rss: None (since last: 1)
4.555E+03 ###   Best rss: None (since last: 1)
4.556E+03 ###   Best rss: None (since last: 1)
4.558E+03 ###   Best rss: None (since last: 1)
4.560E+03 ###   Best rss: None (since last: 1)
4.562E+03 ###   Best rss: None (since last: 1)
4.564E+03 ###   Best rss: None (since last: 1)
4.566E+03 ###   Best rss: None (since last: 1)
4.569E+03 ###   Best rss: None (since last: 1)
4.571E+03 ###   Best rss: None (since last: 1)
4.572E+03 ###   Best rss: None (since last: 1)
4.575E+03 ###   Best rss: None (since last: 1)
4.577E+03 ###   Best rss: None (since last: 1)
4.580E+03 ###   Best rss: None (since last: 1)
4.583E+03 ###   Best rss: None (since last: 1)
4.585E+03 ###   Best rss: None (since last: 1)
4.587E+03 ###   Best rss: None (since last: 1)
4.590E+03 ###   Best rss: None (since last: 1)
4.592E+03 ###   Best rss: None (since last: 1)
4.595E+03 ###   Best rss: None (since last: 1)
4.597E+03 ###   Best rss: None (since last: 1)
4.600E+03 ###   Best rss: None (since last: 1)
4.602E+03 ###   Best rss: None (since last: 1)
4.605E+03 ###   Best rss: None (since last: 1)
4.607E+03 ###   Best rss: None (since last: 1)
4.609E+03 ###   Best rss: None (since last: 1)
4.612E+03 ###   Best rss: None (since last: 1)
4.614E+03 ###   Best rss: None (since last: 1)
4.617E+03 ###   Best rss: None (since last: 1)
4.619E+03 ###   Best rss: None (since last: 1)
4.622E+03 ###   Best rss: None (since last: 1)
4.625E+03 ###   Best rss: None (since last: 1)
4.627E+03 ###   Best rss: None (since last: 1)
4.630E+03 ###   Best rss: None (since last: 1)
4.632E+03 ###   Best rss: None (since last: 1)
4.635E+03 ###   Best rss: None (since last: 1)
4.637E+03 ###   Best rss: None (since last: 1)
4.640E+03 ###   Best rss: None (since last: 1)
4.642E+03 ###   Best rss: None (since last: 1)
4.645E+03 ###   Best rss: None (since last: 1)
4.648E+03 ###   Best rss: None (since last: 1)
4.650E+03 ###   Best rss: None (since last: 1)
4.653E+03 ###   Best rss: None (since last: 1)
4.655E+03 ###   Best rss: None (since last: 1)
4.658E+03 ###   Best rss: None (since last: 1)
4.660E+03 ###   Best rss: None (since last: 1)
4.663E+03 ###   Best rss: None (since last: 1)
4.665E+03 ###   Best rss: None (since last: 1)
4.668E+03 ###   Best rss: None (since last: 1)
4.670E+03 ###   Best rss: None (since last: 1)
4.673E+03 ###   Best rss: None (since last: 1)
4.675E+03 ###   Best rss: None (since last: 1)
4.678E+03 ###   Best rss: None (since last: 1)
4.680E+03 ###   Best rss: None (since last: 1)
4.683E+03 ###   Best rss: None (since last: 1)
4.685E+03 ###   Best rss: None (since last: 1)
4.688E+03 ###   Best rss: None (since last: 1)
4.690E+03 ###   Best rss: None (since last: 1)
4.693E+03 ###   Best rss: None (since last: 1)
4.695E+03 ###   Best rss: None (since last: 1)
4.698E+03 ###   Best rss: None (since last: 1)
4.700E+03 ###   Best rss: None (since last: 1)
4.703E+03 ###   Best rss: None (since last: 1)
4.705E+03 ###   Best rss: None (since last: 1)
4.708E+03 ###   Best rss: None (since last: 1)
4.710E+03 ###   Best rss: None (since last: 1)
4.713E+03 ###   Best rss: None (since last: 1)
4.716E+03 ###   Best rss: None (since last: 1)
4.718E+03 ###   Best rss: None (since last: 1)
4.721E+03 ###   Best rss: None (since last: 1)
####TIME#############LOG#####################################################
4.723E+03 ###   Best rss: None (since last: 1)
4.726E+03 ###   Best rss: None (since last: 1)
4.728E+03 ###   Best rss: None (since last: 1)
4.731E+03 ###   Best rss: None (since last: 1)
4.733E+03 ###   Best rss: None (since last: 1)
4.736E+03 ###   Best rss: None (since last: 1)
4.738E+03 ###   Best rss: None (since last: 1)
4.741E+03 ###   Best rss: None (since last: 1)
4.744E+03 ###   Best rss: None (since last: 1)
4.746E+03 ###   Best rss: None (since last: 1)
4.749E+03 ###   Best rss: None (since last: 1)
4.751E+03 ###   Best rss: None (since last: 1)
4.754E+03 ###   Best rss: None (since last: 1)
4.756E+03 ###   Best rss: None (since last: 1)
4.758E+03 ###   Best rss: None (since last: 1)
4.760E+03 ###   Best rss: None (since last: 1)
4.761E+03 ###   Best rss: None (since last: 1)
4.763E+03 ###   Best rss: None (since last: 1)
4.765E+03 ###   Best rss: None (since last: 1)
4.767E+03 ###   Best rss: None (since last: 1)
4.769E+03 ###   Best rss: None (since last: 1)
4.771E+03 ###   Best rss: None (since last: 1)
4.773E+03 ###   Best rss: None (since last: 1)
4.774E+03 ###   Best rss: None (since last: 1)
4.776E+03 ###   Best rss: None (since last: 1)
4.778E+03 ###   Best rss: None (since last: 1)
4.780E+03 ###   Best rss: None (since last: 1)
4.782E+03 ###   Best rss: None (since last: 1)
4.784E+03 ###   Best rss: None (since last: 1)
4.786E+03 ###   Best rss: None (since last: 1)
4.788E+03 ###   Best rss: None (since last: 1)
4.790E+03 ###   Best rss: None (since last: 1)
4.792E+03 ###   Best rss: None (since last: 1)
4.794E+03 ###   Best rss: None (since last: 1)
4.796E+03 ###   Best rss: None (since last: 1)
4.798E+03 ###   Best rss: None (since last: 1)
4.800E+03 ###   Best rss: None (since last: 1)
4.802E+03 ###   Best rss: None (since last: 1)
4.804E+03 ###   Best rss: None (since last: 1)
4.806E+03 ###   Best rss: None (since last: 1)
4.808E+03 ###   Best rss: None (since last: 1)
4.810E+03 ###   Best rss: None (since last: 1)
4.812E+03 ###   Best rss: None (since last: 1)
4.814E+03 ###   Best rss: None (since last: 1)
4.816E+03 ###   Best rss: None (since last: 1)
4.818E+03 ###   Best rss: None (since last: 1)
4.821E+03 ###   Best rss: None (since last: 1)
4.823E+03 ###   Best rss: None (since last: 1)
4.826E+03 ###   Best rss: None (since last: 1)
4.830E+03 ###   Best rss: None (since last: 1)
4.830E+03 ###   Fit time: 4827.699689626694