/* Converted from PWscf output file */ 
#L_UNITS ang 
#E_UNITS eV 
#S_UNITS GPA 
#F_UNITS EV/ANG 
#ALAT 	   6.84431     // a0 
#X 	   1.00333     0.00000     0.00000     // X 
#Y 	   0.00000     1.05447     0.00000     // Y 
#Z 	   0.00000     0.00000     0.99999     // Z 
#SX 	   1.17281     0.00000     0.00000     // SX 
#SY 	   0.00000    -0.39361     0.00000     // SY 
#SZ 	   0.00000     0.00000    -0.76097     // SZ 
#EPA 	  -4.26365     // Energy per Atom 
#RCUT 	6.5        // Rcut 
FE      0.00000      0.00000      0.00000      0.00000      0.00000      0.00000
FE      0.25083      0.26362      0.00000     -0.00045      0.00019      0.00000
FE      0.25083      0.00000      0.24999      0.00237     -0.00000      0.00095
FE      0.00000      0.26362      0.25000      0.00000     -0.00427     -0.00053
FE      0.00000      0.00000      0.49999      0.00000      0.00000      0.00000
FE      0.25083      0.26362      0.49999      0.00036     -0.00220      0.00000
FE      0.25083      0.00000      0.74999      0.00237      0.00000     -0.00095
FE      0.00000      0.26362      0.74999      0.00000     -0.00427      0.00053
FE      0.00000      0.52724      0.00000      0.00000      0.00000      0.00000
FE      0.25083      0.79085      0.00000     -0.00045     -0.00019      0.00000
FE      0.25083      0.52724      0.25000     -0.00039      0.00000      0.00055
FE      0.00000      0.79085      0.25000      0.00000      0.00427     -0.00053
FE      0.00000      0.52724      0.49999      0.00000      0.00000      0.00000
FE      0.25083      0.79085      0.49999      0.00036      0.00220      0.00000
FE      0.25083      0.52724      0.74999     -0.00039     -0.00000     -0.00055
FE      0.00000      0.79085      0.74999      0.00000      0.00427      0.00053
FE      0.50167      0.00000      0.00000      0.00000      0.00000      0.00000
FE      0.75250      0.26362      0.00000      0.00045      0.00019      0.00000
FE      0.75250      0.00000      0.24999     -0.00237      0.00000      0.00095
FE      0.50167      0.26362      0.25000      0.00000     -0.00015     -0.00023
FE      0.50167      0.00000      0.49999      0.00000      0.00000      0.00000
FE      0.75250      0.26362      0.49999     -0.00036     -0.00220      0.00000
FE      0.75250      0.00000      0.74999     -0.00237     -0.00000     -0.00095
FE      0.50167      0.26362      0.74999      0.00000     -0.00015      0.00023
FE      0.50167      0.52724      0.00000      0.00000      0.00000      0.00000
FE      0.75250      0.79085      0.00000      0.00045     -0.00019      0.00000
FE      0.75250      0.52724      0.25000      0.00039     -0.00000      0.00055
FE      0.50167      0.79086      0.25000      0.00000      0.00015     -0.00023
FE      0.50167      0.52724      0.49999      0.00000      0.00000      0.00000
FE      0.75250      0.79085      0.49999     -0.00036      0.00220      0.00000
FE      0.75250      0.52724      0.74999      0.00039      0.00000     -0.00055
FE      0.50167      0.79086      0.74999      0.00000      0.00015      0.00023
