/* Converted from PWscf output file */ 
#L_UNITS ang 
#E_UNITS eV 
#S_UNITS GPA 
#F_UNITS EV/ANG 
#ALAT 	   6.84431     // a0 
#X 	   1.00000     0.00000     0.00000     // X 
#Y 	   0.00000     1.05447     0.00000     // Y 
#Z 	   0.00000     0.00000     1.00999     // Z 
#SX 	   2.24019     0.00000     0.00000     // SX 
#SY 	   0.00000    -1.16625     0.00000     // SY 
#SZ 	   0.00000     0.00000    -3.46638     // SZ 
#EPA 	  -4.26481     // Energy per Atom 
#RCUT 	6.5        // Rcut 
FE      0.00000      0.00000      0.00000      0.00000      0.00000      0.00000
FE      0.25000      0.26362      0.00000     -0.00076      0.00049      0.00000
FE      0.25000      0.00000      0.25249      0.00063      0.00000     -0.00147
FE      0.00000      0.26362      0.25250      0.00000     -0.00244     -0.00037
FE      0.00000      0.00000      0.50499      0.00000      0.00000      0.00000
FE      0.25000      0.26362      0.50499      0.00045      0.00025      0.00000
FE      0.25000      0.00000      0.75749      0.00063      0.00000      0.00147
FE      0.00000      0.26362      0.75749      0.00000     -0.00244      0.00037
FE      0.00000      0.52724      0.00000      0.00000      0.00000      0.00000
FE      0.25000      0.79085      0.00000     -0.00076     -0.00049      0.00000
FE      0.25000      0.52724      0.25250      0.00080      0.00000     -0.00042
FE      0.00000      0.79085      0.25250      0.00000      0.00244     -0.00037
FE      0.00000      0.52724      0.50499      0.00000      0.00000      0.00000
FE      0.25000      0.79085      0.50499      0.00045     -0.00025      0.00000
FE      0.25000      0.52724      0.75749      0.00080     -0.00000      0.00042
FE      0.00000      0.79085      0.75749      0.00000      0.00244      0.00037
FE      0.50000      0.00000      0.00000      0.00000      0.00000      0.00000
FE      0.75000      0.26362      0.00000      0.00076      0.00049      0.00000
FE      0.75000      0.00000      0.25249     -0.00063      0.00000     -0.00147
FE      0.50000      0.26362      0.25250      0.00000      0.00020     -0.00020
FE      0.50000      0.00000      0.50499      0.00000      0.00000      0.00000
FE      0.75000      0.26362      0.50499     -0.00045      0.00025      0.00000
FE      0.75000      0.00000      0.75749     -0.00063      0.00000      0.00147
FE      0.50000      0.26362      0.75749      0.00000      0.00020      0.00020
FE      0.50000      0.52724      0.00000      0.00000      0.00000      0.00000
FE      0.75000      0.79085      0.00000      0.00076     -0.00049      0.00000
FE      0.75000      0.52724      0.25250     -0.00080     -0.00000     -0.00042
FE      0.50000      0.79086      0.25250      0.00000     -0.00020     -0.00020
FE      0.50000      0.52724      0.50499      0.00000      0.00000      0.00000
FE      0.75000      0.79085      0.50499     -0.00045     -0.00025      0.00000
FE      0.75000      0.52724      0.75749     -0.00080      0.00000      0.00042
FE      0.50000      0.79086      0.75749      0.00000     -0.00020      0.00020
