/* Converted from PWscf output file */ 
#L_UNITS ang 
#E_UNITS eV 
#S_UNITS GPA 
#F_UNITS EV/ANG 
#ALAT 	   7.85004     // a0 
#X 	   1.00000     0.00000     0.00000     // X 
#Y 	   0.00000     1.00250     0.00000     // Y 
#Z 	   0.00000     0.00000     1.00000     // Z 
#SX 	   0.20330     0.00000     0.00000     // SX 
#SY 	   0.00000    -0.38253     0.00000     // SY 
#SZ 	   0.00000     0.00000    -0.20330     // SZ 
#EPA 	  -3.91038     // Energy per Atom 
#RCUT 	6.5        // Rcut 
PD      0.00000      0.00000      0.00000      0.00000     -0.00000      0.00000
PD      0.25000      0.25063      0.00000     -0.00010      0.00652      0.00000
PD      0.25000      0.00000      0.25000     -0.00079      0.00000     -0.00079
PD      0.00000      0.25063      0.25000      0.00000      0.00652     -0.00010
PD      0.00000      0.00000      0.50000      0.00000      0.00000      0.00000
PD      0.25001      0.25064      0.50000      0.00111      0.01093      0.00000
PD      0.25000      0.00000      0.74999     -0.00079      0.00000      0.00079
PD      0.00000      0.25063      0.74999      0.00000      0.00652      0.00010
PD      0.00000      0.50125      0.00000      0.00000     -0.00000      0.00000
PD      0.25000      0.75187      0.00000     -0.00010     -0.00652     -0.00000
PD      0.25001      0.50125      0.25001      0.00152      0.00000      0.00152
PD      0.00000      0.75187      0.25000      0.00000     -0.00652     -0.00010
PD      0.00000      0.50125      0.50000      0.00000      0.00000      0.00000
PD      0.25001      0.75186      0.50000      0.00111     -0.01093      0.00000
PD      0.25001      0.50125      0.74999      0.00152      0.00000     -0.00152
PD      0.00000      0.75187      0.74999      0.00000     -0.00652      0.00010
PD      0.50000      0.00000      0.00000      0.00000      0.00000      0.00000
PD      0.75000      0.25063      0.00000      0.00010      0.00652     -0.00000
PD      0.75000      0.00000      0.25000      0.00079      0.00000     -0.00079
PD      0.50000      0.25064      0.25001      0.00000      0.01093      0.00111
PD      0.50000      0.00000      0.50000      0.00000     -0.00000      0.00000
PD      0.74999      0.25064      0.50000     -0.00111      0.01093      0.00000
PD      0.75000      0.00000      0.74999      0.00079     -0.00000      0.00079
PD      0.50000      0.25064      0.74999      0.00000      0.01093     -0.00111
PD      0.50000      0.50125      0.00000      0.00000      0.00000      0.00000
PD      0.75000      0.75187      0.00000      0.00010     -0.00652     -0.00000
PD      0.74999      0.50125      0.25001     -0.00152      0.00000      0.00152
PD      0.50000      0.75186      0.25001      0.00000     -0.01093      0.00111
PD      0.50000      0.50125      0.50000      0.00000     -0.00000      0.00000
PD      0.74999      0.75186      0.50000     -0.00111     -0.01093      0.00000
PD      0.74999      0.50125      0.74999     -0.00152     -0.00000     -0.00152
PD      0.50000      0.75186      0.74999      0.00000     -0.01093     -0.00111
