/* Converted from PWscf output file */ 
#L_UNITS ang 
#E_UNITS eV 
#S_UNITS GPA 
#F_UNITS EV/ANG 
#ALAT 	   7.85004     // a0 
#X 	   1.00000     0.00000     0.00000     // X 
#Y 	   0.00000     1.00083     0.00000     // Y 
#Z 	   0.00000     0.00000     0.99917     // Z 
#SX 	   0.16538     0.00000     0.00000     // SX 
#SY 	   0.00000     0.10952     0.00000     // SY 
#SZ 	   0.00000     0.00000     0.22853     // SZ 
#EPA 	  -3.91005     // Energy per Atom 
#RCUT 	6.5        // Rcut 
PD      0.00000      0.00000      0.00000      0.00000      0.00000      0.00000
PD      0.25000      0.25021      0.00000     -0.00049      0.00618      0.00000
PD      0.25000      0.00000      0.24980     -0.00163     -0.00000      0.00245
PD      0.00000      0.25021      0.24980      0.00000      0.00462      0.00219
PD      0.00000      0.00000      0.49958      0.00000      0.00000      0.00000
PD      0.25001      0.25022      0.49958      0.00028      0.00834      0.00000
PD      0.25000      0.00000      0.74937     -0.00163      0.00000     -0.00245
PD      0.00000      0.25021      0.74937      0.00000      0.00462     -0.00219
PD      0.00000      0.50042      0.00000      0.00000      0.00000      0.00000
PD      0.25000      0.75062      0.00000     -0.00049     -0.00618      0.00000
PD      0.25001      0.50042      0.24980      0.00120      0.00000      0.00265
PD      0.00000      0.75062      0.24980      0.00000     -0.00462      0.00219
PD      0.00000      0.50042      0.49958      0.00000      0.00000      0.00000
PD      0.25001      0.75061      0.49958      0.00028     -0.00834      0.00000
PD      0.25001      0.50042      0.74936      0.00120      0.00000     -0.00265
PD      0.00000      0.75062      0.74937      0.00000     -0.00462     -0.00219
PD      0.50000      0.00000      0.00000      0.00000      0.00000      0.00000
PD      0.75000      0.25021      0.00000      0.00049      0.00618      0.00000
PD      0.75000      0.00000      0.24980      0.00163      0.00000      0.00245
PD      0.50000      0.25022      0.24980      0.00000      0.01045      0.00291
PD      0.50000      0.00000      0.49958      0.00000      0.00000      0.00000
PD      0.74999      0.25022      0.49958     -0.00028      0.00834      0.00000
PD      0.75000      0.00000      0.74937      0.00163     -0.00000     -0.00245
PD      0.50000      0.25022      0.74936      0.00000      0.01045     -0.00291
PD      0.50000      0.50042      0.00000      0.00000      0.00000      0.00000
PD      0.75000      0.75062      0.00000      0.00049     -0.00618      0.00000
PD      0.74999      0.50042      0.24980     -0.00120      0.00000      0.00265
PD      0.50000      0.75061      0.24980      0.00000     -0.01045      0.00291
PD      0.50000      0.50042      0.49958      0.00000      0.00000      0.00000
PD      0.74999      0.75061      0.49958     -0.00028     -0.00834      0.00000
PD      0.74999      0.50042      0.74936     -0.00120      0.00000     -0.00265
PD      0.50000      0.75061      0.74936      0.00000     -0.01045     -0.00291
