/* Converted from PWscf output file */ 
#L_UNITS ang 
#E_UNITS eV 
#S_UNITS GPA 
#F_UNITS EV/ANG 
#ALAT 	   7.85004     // a0 
#X 	   0.99667     0.00000     0.00000     // X 
#Y 	   0.00000     0.99667     0.00000     // Y 
#Z 	   0.00000     0.00000     0.99667     // Z 
#SX 	   1.91745     0.00000     0.00000     // SX 
#SY 	   0.00000     1.91745     0.00000     // SY 
#SZ 	   0.00000     0.00000     1.91745     // SZ 
#EPA 	  -3.90764     // Energy per Atom 
#RCUT 	6.5        // Rcut 
PD      0.00000      0.00000      0.00000      0.00000      0.00000      0.00000
PD      0.24917      0.24917      0.00000      0.00148      0.00148      0.00000
PD      0.24917      0.00000      0.24917      0.00148     -0.00000      0.00148
PD      0.00000      0.24917      0.24917      0.00000      0.00148      0.00148
PD      0.00000      0.00000      0.49833      0.00000      0.00000      0.00000
PD      0.24918      0.24918      0.49833      0.00332      0.00332      0.00000
PD      0.24917      0.00000      0.74750      0.00148     -0.00000     -0.00148
PD      0.00000      0.24917      0.74750      0.00000      0.00148     -0.00148
PD      0.00000      0.49833      0.00000      0.00000      0.00000     -0.00000
PD      0.24917      0.74750      0.00000      0.00148     -0.00148      0.00000
PD      0.24918      0.49833      0.24918      0.00332     -0.00000      0.00332
PD      0.00000      0.74750      0.24917     -0.00000     -0.00148      0.00148
PD      0.00000      0.49833      0.49833      0.00000      0.00000     -0.00000
PD      0.24918      0.74749      0.49833      0.00332     -0.00332     -0.00000
PD      0.24918      0.49833      0.74749      0.00332      0.00000     -0.00332
PD      0.00000      0.74750      0.74750     -0.00000     -0.00148     -0.00148
PD      0.49833      0.00000      0.00000      0.00000      0.00000      0.00000
PD      0.74750      0.24917      0.00000     -0.00148      0.00148      0.00000
PD      0.74750      0.00000      0.24917     -0.00148      0.00000      0.00148
PD      0.49833      0.24918      0.24918      0.00000      0.00332      0.00332
PD      0.49833      0.00000      0.49833      0.00000      0.00000      0.00000
PD      0.74749      0.24918      0.49833     -0.00332      0.00332     -0.00000
PD      0.74750      0.00000      0.74750     -0.00148      0.00000     -0.00148
PD      0.49833      0.24918      0.74749      0.00000      0.00332     -0.00332
PD      0.49833      0.49833      0.00000      0.00000     -0.00000      0.00000
PD      0.74750      0.74750      0.00000     -0.00148     -0.00148     -0.00000
PD      0.74749      0.49833      0.24918     -0.00332      0.00000      0.00332
PD      0.49833      0.74749      0.24918      0.00000     -0.00332      0.00332
PD      0.49833      0.49833      0.49833      0.00000      0.00000      0.00000
PD      0.74749      0.74749      0.49833     -0.00332     -0.00332      0.00000
PD      0.74749      0.49833      0.74749     -0.00332     -0.00000     -0.00332
PD      0.49833      0.74749      0.74749      0.00000     -0.00332     -0.00332
