/* Converted from PWscf output file */ 
#L_UNITS ang 
#E_UNITS eV 
#S_UNITS GPA 
#F_UNITS EV/ANG 
#ALAT 	   7.85004     // a0 
#X 	   1.00000     0.00000     0.00000     // X 
#Y 	   0.00000     1.00000     0.00000     // Y 
#Z 	   0.00000     0.00000     1.00333     // Z 
#SX 	   0.35963     0.00000     0.00000     // SX 
#SY 	   0.00000    -0.35963     0.00000     // SY 
#SZ 	   0.00000     0.00000    -0.60741     // SZ 
#EPA 	  -3.91046     // Energy per Atom 
#RCUT 	6.5        // Rcut 
PD      0.00000      0.00000      0.00000      0.00000      0.00000      0.00000
PD      0.25000      0.25000      0.00000      0.00240      0.00240      0.00000
PD      0.25000      0.00000      0.25084      0.00138      0.00000     -0.00031
PD      0.00000      0.25000      0.25084      0.00000      0.00138     -0.00031
PD      0.00000      0.00000      0.50167      0.00000      0.00000      0.00000
PD      0.25001      0.25001      0.50167      0.00326      0.00326      0.00000
PD      0.25000      0.00000      0.75250      0.00138     -0.00000      0.00031
PD      0.00000      0.25000      0.75250      0.00000      0.00138      0.00031
PD      0.00000      0.50000      0.00000      0.00000      0.00000      0.00000
PD      0.25000      0.75000      0.00000      0.00240     -0.00240      0.00000
PD      0.25001      0.50000      0.25084      0.00412     -0.00000     -0.00032
PD      0.00000      0.75000      0.25084      0.00000     -0.00138     -0.00031
PD      0.00000      0.50000      0.50167      0.00000      0.00000      0.00000
PD      0.25001      0.74999      0.50167      0.00326     -0.00326      0.00000
PD      0.25001      0.50000      0.75249      0.00412      0.00000      0.00032
PD      0.00000      0.75000      0.75250      0.00000     -0.00138      0.00031
PD      0.50000      0.00000      0.00000      0.00000      0.00000      0.00000
PD      0.75000      0.25000      0.00000     -0.00240      0.00240      0.00000
PD      0.75000      0.00000      0.25084     -0.00138      0.00000     -0.00031
PD      0.50000      0.25001      0.25084      0.00000      0.00412     -0.00032
PD      0.50000      0.00000      0.50167      0.00000      0.00000      0.00000
PD      0.74999      0.25001      0.50167     -0.00326      0.00326      0.00000
PD      0.75000      0.00000      0.75250     -0.00138      0.00000      0.00031
PD      0.50000      0.25001      0.75249      0.00000      0.00412      0.00032
PD      0.50000      0.50000      0.00000      0.00000      0.00000      0.00000
PD      0.75000      0.75000      0.00000     -0.00240     -0.00240      0.00000
PD      0.74999      0.50000      0.25084     -0.00412      0.00000     -0.00032
PD      0.50000      0.74999      0.25084      0.00000     -0.00412     -0.00032
PD      0.50000      0.50000      0.50167      0.00000      0.00000      0.00000
PD      0.74999      0.74999      0.50167     -0.00326     -0.00326      0.00000
PD      0.74999      0.50000      0.75249     -0.00412     -0.00000      0.00032
PD      0.50000      0.74999      0.75249      0.00000     -0.00412      0.00032
