/* Converted from PWscf output file */ 
#L_UNITS ang 
#E_UNITS eV 
#S_UNITS GPA 
#F_UNITS EV/ANG 
#ALAT 	   7.85004     // a0 
#X 	   1.00334     0.00000     0.00000     // X 
#Y 	   0.00000     0.99667     0.00000     // Y 
#Z 	   0.00000     0.00000     1.00000     // Z 
#SX 	   0.06650     0.00000     0.00000     // SX 
#SY 	   0.00000     0.43197     0.00000     // SY 
#SZ 	   0.00000     0.00000     0.18769     // SZ 
#EPA 	  -3.90998     // Energy per Atom 
#RCUT 	6.5        // Rcut 
PD      0.00000      0.00000      0.00000      0.00000      0.00000      0.00000
PD      0.25084      0.24917      0.00000      0.00083      0.00607      0.00000
PD      0.25084      0.00000      0.25000     -0.00067     -0.00000     -0.00156
PD      0.00000      0.24917      0.25000      0.00000      0.00486     -0.00119
PD      0.00000      0.00000      0.50000      0.00000      0.00000      0.00000
PD      0.25085      0.24918      0.50000      0.00165      0.00851      0.00000
PD      0.25084      0.00000      0.75000     -0.00067      0.00000      0.00156
PD      0.00000      0.24917      0.75000      0.00000      0.00486      0.00119
PD      0.00000      0.49833      0.00000      0.00000      0.00000      0.00000
PD      0.25084      0.74750      0.00000      0.00083     -0.00607      0.00000
PD      0.25085      0.49833      0.25001      0.00333      0.00000     -0.00025
PD      0.00000      0.74750      0.25000      0.00000     -0.00486     -0.00119
PD      0.00000      0.49833      0.50000      0.00000      0.00000      0.00000
PD      0.25085      0.74749      0.50000      0.00165     -0.00851      0.00000
PD      0.25085      0.49833      0.74999      0.00333      0.00000      0.00025
PD      0.00000      0.74750      0.75000      0.00000     -0.00486      0.00119
PD      0.50167      0.00000      0.00000      0.00000      0.00000      0.00000
PD      0.75250      0.24917      0.00000     -0.00083      0.00607      0.00000
PD      0.75250      0.00000      0.25000      0.00067      0.00000     -0.00156
PD      0.50167      0.24918      0.25001      0.00000      0.01051     -0.00013
PD      0.50167      0.00000      0.50000      0.00000      0.00000      0.00000
PD      0.75249      0.24918      0.50000     -0.00165      0.00851      0.00000
PD      0.75250      0.00000      0.75000      0.00067     -0.00000      0.00156
PD      0.50167      0.24918      0.74999      0.00000      0.01051      0.00013
PD      0.50167      0.49833      0.00000      0.00000      0.00000      0.00000
PD      0.75250      0.74750      0.00000     -0.00083     -0.00607      0.00000
PD      0.75249      0.49833      0.25001     -0.00333      0.00000     -0.00025
PD      0.50167      0.74749      0.25001      0.00000     -0.01051     -0.00013
PD      0.50167      0.49833      0.50000      0.00000      0.00000      0.00000
PD      0.75249      0.74749      0.50000     -0.00165     -0.00851      0.00000
PD      0.75249      0.49833      0.74999     -0.00333      0.00000      0.00025
PD      0.50167      0.74749      0.74999      0.00000     -0.01051      0.00013
