/* Converted from PWscf output file */ 
#L_UNITS ang 
#E_UNITS eV 
#S_UNITS GPA 
#F_UNITS EV/ANG 
#ALAT 	   6.84431     // a0 
#X 	   1.00000     0.00351     0.00000     // X 
#Y 	   0.00333     1.05448     0.00000     // Y 
#Z 	   0.00000     0.00000     0.99999     // Z 
#SX 	   0.12236    -1.22765     0.00000     // SX 
#SY 	   1.22765    -0.10296     0.00000     // SY 
#SZ 	   0.00000     0.00000    -0.14029     // SZ 
#EPA 	  -4.26241     // Energy per Atom 
#RCUT 	6.5        // Rcut 
FE      0.00000      0.00000      0.00000      0.00000      0.00000      0.00000
FE      0.25083      0.26450      0.00000      0.00138      0.00030      0.00000
FE      0.25000      0.00088      0.25000      0.00186      0.00035      0.00048
FE      0.00083      0.26362      0.25000      0.00051     -0.00137     -0.00104
FE      0.00000      0.00000      0.50000      0.00000      0.00000      0.00000
FE      0.25083      0.26450      0.50000      0.00140     -0.00146      0.00000
FE      0.25000      0.00088      0.74999      0.00186      0.00035     -0.00048
FE      0.00083      0.26362      0.74999      0.00051     -0.00137      0.00104
FE      0.00167      0.52724      0.00000      0.00000      0.00000      0.00000
FE      0.25250      0.79173      0.00000     -0.00109     -0.00173      0.00000
FE      0.25167      0.52812      0.25000      0.00017     -0.00159     -0.00011
FE      0.00250      0.79086      0.25000     -0.00051      0.00137     -0.00104
FE      0.00167      0.52724      0.50000      0.00000      0.00000      0.00000
FE      0.25250      0.79173      0.50000     -0.00011      0.00050      0.00000
FE      0.25167      0.52812      0.74999      0.00017     -0.00159      0.00011
FE      0.00250      0.79086      0.74999     -0.00051      0.00137      0.00104
FE      0.50000      0.00176      0.00000      0.00000      0.00000      0.00000
FE      0.75084      0.26626      0.00000      0.00109      0.00173      0.00000
FE      0.75000      0.00264      0.25000     -0.00186     -0.00035      0.00048
FE      0.50084      0.26538      0.25000      0.00055      0.00053     -0.00094
FE      0.50000      0.00176      0.50000      0.00000      0.00000      0.00000
FE      0.75084      0.26626      0.50000      0.00011     -0.00050      0.00000
FE      0.75000      0.00264      0.74999     -0.00186     -0.00035     -0.00048
FE      0.50084      0.26538      0.74999      0.00055      0.00053      0.00094
FE      0.50167      0.52900      0.00000      0.00000      0.00000      0.00000
FE      0.75251      0.79349      0.00000     -0.00138     -0.00030      0.00000
FE      0.75167      0.52988      0.25000     -0.00017      0.00159     -0.00011
FE      0.50250      0.79262      0.25000     -0.00055     -0.00053     -0.00094
FE      0.50167      0.52900      0.50000      0.00000      0.00000      0.00000
FE      0.75250      0.79349      0.50000     -0.00140      0.00146      0.00000
FE      0.75167      0.52988      0.74999     -0.00017      0.00159      0.00011
FE      0.50250      0.79262      0.74999     -0.00055     -0.00053      0.00094
