#############################################################################
5.965E-03 ###   Tue, 18 May 2021 22:43:53 +0000
#############################################################################

####TIME#############LOG#####################################################
1.293E-02 ###   Script: /cloud/Code/python/eampa/eampa.py
1.650E-02 ###   Loaded: input.in
#############################################
  Read Input
  Time: 1.813E-02
#############################################
1.978E-02 ###   bp
2.154E-02 ###   a0: 5.0
2.155E-02 ###   b0: 1.0
2.155E-02 ###   bp: 100.0
2.155E-02 ###   config: 0.0001
2.155E-02 ###   e: 1.0
2.155E-02 ###   e0: 5.0
2.156E-02 ###   ec: 1.0
2.156E-02 ###   energy: 20.0
2.156E-02 ###   force: 1.0
2.156E-02 ###   g: 1.0
2.156E-02 ###   negec: 1000.0
2.156E-02 ###   stress: 1.0
2.156E-02 ###   v: 1.0
2.156E-02 ###   
2.325E-02 ###   max: 100.0
2.326E-02 ###   min: 0.1
2.326E-02 ###   scale_exponent: 4.0
2.326E-02 ###   scale_factor: 10.0
2.326E-02 ###   zero_density_factor: 100000000.0
2.326E-02 ###   
2.511E-02 ###   pot_dir: None
2.512E-02 ###   pot_name: None
2.512E-02 ###   results_dir: results
2.512E-02 ###   
2.681E-02 ###   bp_file: bp.dat
2.682E-02 ###   dir: bp
2.682E-02 ###   ec_size: 6
2.682E-02 ###   ec_strain: 0.01
2.682E-02 ###   eos_size: 6
2.682E-02 ###   eos_strain: 0.01
2.682E-02 ###   
2.852E-02 ###   
3.023E-02 ###   1: {'label_id': 1, 'label_text': 'AL', 'atom_count': 32, 'relaxed_energy': -1264.06398979, 'relaxed_energy_unit': 'Ry', 'coh_energy': -3.36, 'coh_energy_unit': 'eV', 'calc_relaxed_dft_ev': -537.454181036, 'calc_coh_ev': -3.36, 'calc_apaev': 534.094181036}
3.023E-02 ###   2: {'label_id': 2, 'label_text': 'FE', 'atom_count': 16, 'relaxed_energy': -5268.188, 'relaxed_energy_unit': 'Ry', 'coh_energy': -4.316, 'coh_energy_unit': 'eV', 'calc_relaxed_dft_ev': -4479.851795407, 'calc_coh_ev': -4.316, 'calc_apaev': 4475.5357954070005}
3.023E-02 ###   3: {'label_id': 3, 'label_text': 'PD', 'atom_count': 32, 'relaxed_energy': -16384.958, 'relaxed_energy_unit': 'Ry', 'coh_energy': -3.91, 'coh_energy_unit': 'eV', 'calc_relaxed_dft_ev': -6966.549363269, 'calc_coh_ev': -3.91, 'calc_apaev': 6962.639363269001}
3.024E-02 ###   
#############################################
  Setup Directories
  Time: 3.195E-02
#############################################
3.362E-02 ###   WD: wd/wd
#############################################
  Memory
  Time: 4.247E-02
#############################################
4.415E-02 ###   EFS 2000000000.0
4.581E-02 ###   config size       255102
4.749E-02 ###   ghost size        3061224
4.913E-02 ###   nl size           25510204
5.084E-02 ###   BP 2000000000.0
5.247E-02 ###   config size       255102
5.406E-02 ###   ghost size        3061224
5.566E-02 ###   nl size           25510204
#############################################
  Potential Load
  Time: 5.738E-02
#############################################
6.005E-02 ###   Potential file: pot/fe/fe.pot
6.169E-02 ###   Loading: pot/fe/fe.pot
4.833E-01 ###   BP Allocated Memory
4.833E-01 ###   
4.851E-01 ###   2GB
4.851E-01 ###   
4.868E-01 ###   255102 3061224 25510204
4.868E-01 ###   

#############################################################################
1.842E+00 ###   Duration: 1.8371241092681885
#############################################################################
