/* Converted from PWscf output file */ 
#L_UNITS ang 
#E_UNITS eV 
#S_UNITS GPA 
#F_UNITS EV/ANG 
#ALAT 	   7.85004     // a0 
#X 	   1.00250     0.00000     0.00000     // X 
#Y 	   0.00000     1.00000     0.00000     // Y 
#Z 	   0.00000     0.00000     1.00000     // Z 
#SX 	   0.44247     0.00000     0.00000     // SX 
#SY 	   0.00000    -0.25405     0.00000     // SY 
#SZ 	   0.00000     0.00000    -0.25405     // SZ 
#EPA 	  -3.91038     // Energy per Atom 
#RCUT 	6.5        // Rcut 
PD      0.00000      0.00000      0.00000      0.00000      0.00000      0.00000
PD      0.25063      0.25000      0.00000      0.00013      0.00192      0.00000
PD      0.25063      0.00000      0.25000      0.00013      0.00000      0.00192
PD      0.00000      0.25000      0.25000      0.00000      0.00139      0.00139
PD      0.00000      0.00000      0.50000      0.00000      0.00000     -0.00000
PD      0.25064      0.25001      0.50000      0.00155      0.00261     -0.00000
PD      0.25063      0.00000      0.74999      0.00013      0.00000     -0.00192
PD      0.00000      0.25000      0.74999      0.00000      0.00139     -0.00139
PD      0.00000      0.50000      0.00000      0.00000      0.00000      0.00000
PD      0.25063      0.75000      0.00000      0.00013     -0.00192     -0.00000
PD      0.25064      0.50000      0.25001      0.00155      0.00000      0.00261
PD      0.00000      0.75000      0.25000      0.00000     -0.00139      0.00139
PD      0.00000      0.50000      0.50000      0.00000      0.00000      0.00000
PD      0.25064      0.74999      0.50000      0.00155     -0.00261      0.00000
PD      0.25064      0.50000      0.74999      0.00155      0.00000     -0.00261
PD      0.00000      0.75000      0.74999      0.00000     -0.00139     -0.00139
PD      0.50125      0.00000      0.00000      0.00000      0.00000     -0.00000
PD      0.75187      0.25000      0.00000     -0.00013      0.00192      0.00000
PD      0.75187      0.00000      0.25000     -0.00013      0.00000      0.00192
PD      0.50125      0.25001      0.25001      0.00000      0.00348      0.00348
PD      0.50125      0.00000      0.50000      0.00000      0.00000      0.00000
PD      0.75186      0.25001      0.50000     -0.00155      0.00261      0.00000
PD      0.75187      0.00000      0.74999     -0.00013      0.00000     -0.00192
PD      0.50125      0.25001      0.74999      0.00000      0.00348     -0.00348
PD      0.50125      0.50000      0.00000      0.00000      0.00000      0.00000
PD      0.75187      0.75000      0.00000     -0.00013     -0.00192      0.00000
PD      0.75186      0.50000      0.25001     -0.00155      0.00000      0.00261
PD      0.50125      0.74999      0.25001      0.00000     -0.00348      0.00348
PD      0.50125      0.50000      0.50000      0.00000      0.00000      0.00000
PD      0.75186      0.74999      0.50000     -0.00155     -0.00261     -0.00000
PD      0.75186      0.50000      0.74999     -0.00155      0.00000     -0.00261
PD      0.50125      0.74999      0.74999      0.00000     -0.00348     -0.00348
