/* Converted from PWscf output file */ 
#L_UNITS ang 
#E_UNITS eV 
#S_UNITS GPA 
#F_UNITS EV/ANG 
#ALAT 	   9.27     // a0 
#X 	   1.00000     0.00000     0.22300     // X 
#Y 	   0.00000     0.65300     0.00000     // Y 
#Z 	   0.22300     0.00000     1.00000     // Z 
#EPA 	  -3.91032     // Energy per Atom 
#RCUT 	6.5        // Rcut 
PD       0.250000000   0.250000000   0.250000000
PD      -0.005857957  -0.005857957  -0.005857957
PD      -0.066486753   0.250000000   0.250000000
PD       0.250000000  -0.066486753   0.250000000
PD       0.250000000   0.250000000  -0.066486753
PD      -0.005857957  -0.005857957   0.505857957
PD      -0.017747676   0.250000000   0.750000000
PD       0.250000000  -0.017747676   0.750000000
PD       0.250000000   0.250000000   0.566486753
PD      -0.005857957   0.505857957  -0.005857957
PD      -0.017747676   0.750000000   0.250000000
PD       0.250000000   0.566486753   0.250000000
PD       0.250000000   0.750000000  -0.017747676
PD      -0.005857957   0.505857957   0.505857957
PD      -0.015372661   0.750000000   0.750000000
PD       0.250000000   0.517747676   0.750000000
PD       0.250000000   0.750000000   0.517747676
PD       0.505857957  -0.005857957  -0.005857957
PD       0.566486753   0.250000000   0.250000000
PD       0.750000000  -0.017747676   0.250000000
PD       0.750000000   0.250000000  -0.017747676
PD       0.505857957  -0.005857957   0.505857957
PD       0.517747676   0.250000000   0.750000000
PD       0.750000000  -0.015372661   0.750000000
PD       0.750000000   0.250000000   0.517747676
PD       0.505857957   0.505857957  -0.005857957
PD       0.517747676   0.750000000   0.250000000
PD       0.750000000   0.517747676   0.250000000
PD       0.750000000   0.750000000  -0.015372661
PD       0.505857957   0.505857957   0.505857957
PD       0.515372661   0.750000000   0.750000000
PD       0.750000000   0.515372661   0.750000000
PD       0.750000000   0.750000000   0.515372661
