/* Converted from PWscf output file */ 
#L_UNITS ang 
#E_UNITS eV 
#S_UNITS GPA 
#F_UNITS EV/ANG 
#ALAT 	   6.84431     // a0 
#X 	   1.00667     0.00000     0.00000     // X 
#Y 	   0.00000     1.05447     0.00000     // Y 
#Z 	   0.00000     0.00000     0.99999     // Z 
#SX 	   2.28350     0.00000     0.00000     // SX 
#SY 	   0.00000    -0.68149     0.00000     // SY 
#SZ 	   0.00000     0.00000    -1.46186     // SZ 
#EPA 	  -4.26436     // Energy per Atom 
#RCUT 	6.5        // Rcut 
FE      0.00000      0.00000      0.00000      0.00000      0.00000      0.00000
FE      0.25166      0.26362      0.00000      0.00124      0.00127      0.00000
FE      0.25166      0.00000      0.24999      0.00259      0.00000     -0.00098
FE      0.00000      0.26362      0.25000      0.00000     -0.00102     -0.00241
FE      0.00000      0.00000      0.49999      0.00000      0.00000      0.00000
FE      0.25167      0.26362      0.49999      0.00145     -0.00046      0.00000
FE      0.25166      0.00000      0.74999      0.00259      0.00000      0.00098
FE      0.00000      0.26362      0.74999      0.00000     -0.00102      0.00241
FE      0.00000      0.52724      0.00000      0.00000      0.00000      0.00000
FE      0.25166      0.79085      0.00000      0.00124     -0.00127      0.00000
FE      0.25167      0.52724      0.25000      0.00092      0.00000     -0.00171
FE      0.00000      0.79085      0.25000      0.00000      0.00102     -0.00241
FE      0.00000      0.52724      0.49999      0.00000      0.00000      0.00000
FE      0.25167      0.79085      0.49999      0.00145      0.00046      0.00000
FE      0.25167      0.52724      0.74999      0.00092      0.00000      0.00171
FE      0.00000      0.79085      0.74999      0.00000      0.00102      0.00241
FE      0.50333      0.00000      0.00000      0.00000      0.00000      0.00000
FE      0.75500      0.26362      0.00000     -0.00124      0.00127      0.00000
FE      0.75500      0.00000      0.24999     -0.00259      0.00000     -0.00098
FE      0.50333      0.26362      0.25000      0.00000      0.00092     -0.00214
FE      0.50333      0.00000      0.49999      0.00000      0.00000      0.00000
FE      0.75500      0.26362      0.49999     -0.00145     -0.00046      0.00000
FE      0.75500      0.00000      0.74999     -0.00259      0.00000      0.00098
FE      0.50333      0.26362      0.74999      0.00000      0.00092      0.00214
FE      0.50333      0.52724      0.00000      0.00000      0.00000      0.00000
FE      0.75500      0.79085      0.00000     -0.00124     -0.00127      0.00000
FE      0.75500      0.52724      0.25000     -0.00092      0.00000     -0.00171
FE      0.50333      0.79086      0.25000      0.00000     -0.00092     -0.00214
FE      0.50333      0.52724      0.49999      0.00000      0.00000      0.00000
FE      0.75500      0.79085      0.49999     -0.00145      0.00046      0.00000
FE      0.75500      0.52724      0.74999     -0.00092      0.00000      0.00171
FE      0.50333      0.79086      0.74999      0.00000     -0.00092      0.00214
