/* Converted from PWscf output file */ 
#L_UNITS ang 
#E_UNITS eV 
#S_UNITS GPA 
#F_UNITS EV/ANG 
#ALAT 	   6.84431     // a0 
#X 	   1.00000     0.00000     0.00000     // X 
#Y 	   0.00000     1.05447     0.00000     // Y 
#Z 	   0.00000     0.00000     1.00165     // Z 
#SX 	   0.27534     0.00000     0.00000     // SX 
#SY 	   0.00000    -0.11419     0.00000     // SY 
#SZ 	   0.00000     0.00000    -0.47980     // SZ 
#EPA 	  -4.26319     // Energy per Atom 
#RCUT 	6.5        // Rcut 
FE      0.00000      0.00000      0.00000      0.00000      0.00000      0.00000
FE      0.25000      0.26362      0.00000      0.00033      0.00207      0.00000
FE      0.25000      0.00000      0.25041      0.00206      0.00000     -0.00039
FE      0.00000      0.26362      0.25042      0.00000     -0.00049     -0.00156
FE      0.00000      0.00000      0.50083      0.00000      0.00000      0.00000
FE      0.25000      0.26362      0.50083      0.00088      0.00071      0.00000
FE      0.25000      0.00000      0.75124      0.00206      0.00000      0.00039
FE      0.00000      0.26362      0.75124      0.00000     -0.00049      0.00156
FE      0.00000      0.52724      0.00000      0.00000      0.00000      0.00000
FE      0.25000      0.79085      0.00000      0.00033     -0.00207      0.00000
FE      0.25000      0.52724      0.25042      0.00091      0.00000     -0.00062
FE      0.00000      0.79085      0.25042      0.00000      0.00049     -0.00156
FE      0.00000      0.52724      0.50083      0.00000      0.00000      0.00000
FE      0.25000      0.79085      0.50083      0.00088     -0.00071      0.00000
FE      0.25000      0.52724      0.75124      0.00091     -0.00000      0.00062
FE      0.00000      0.79085      0.75124      0.00000      0.00049      0.00156
FE      0.50000      0.00000      0.00000      0.00000      0.00000      0.00000
FE      0.75000      0.26362      0.00000     -0.00033      0.00207      0.00000
FE      0.75000      0.00000      0.25041     -0.00206      0.00000     -0.00039
FE      0.50000      0.26362      0.25042      0.00000      0.00208     -0.00099
FE      0.50000      0.00000      0.50083      0.00000      0.00000      0.00000
FE      0.75000      0.26362      0.50083     -0.00088      0.00071      0.00000
FE      0.75000      0.00000      0.75124     -0.00206      0.00000      0.00039
FE      0.50000      0.26362      0.75124      0.00000      0.00208      0.00099
FE      0.50000      0.52724      0.00000      0.00000      0.00000      0.00000
FE      0.75000      0.79085      0.00000     -0.00033     -0.00207      0.00000
FE      0.75000      0.52724      0.25042     -0.00091     -0.00000     -0.00062
FE      0.50000      0.79086      0.25042      0.00000     -0.00208     -0.00099
FE      0.50000      0.52724      0.50083      0.00000      0.00000      0.00000
FE      0.75000      0.79085      0.50083     -0.00088     -0.00071      0.00000
FE      0.75000      0.52724      0.75124     -0.00091      0.00000      0.00062
FE      0.50000      0.79086      0.75124      0.00000     -0.00208      0.00099
