/* Converted from PWscf output file */ 
#L_UNITS ang 
#E_UNITS eV 
#S_UNITS GPA 
#F_UNITS EV/ANG 
#ALAT 	   6.84431     // a0 
#X 	   1.00000     0.00000     0.00000     // X 
#Y 	   0.00000     1.05799     0.00000     // Y 
#Z 	   0.00000     0.00000     0.99666     // Z 
#SX 	   0.37363     0.00000     0.00000     // SX 
#SY 	   0.00000    -0.56264     0.00000     // SY 
#SZ 	   0.00000     0.00000     0.77337     // SZ 
#EPA 	  -4.26254     // Energy per Atom 
#RCUT 	6.5        // Rcut 
FE      0.00000      0.00000      0.00000      0.00000      0.00000      0.00000
FE      0.25000      0.26450      0.00000      0.00189      0.00032      0.00000
FE      0.25000      0.00000      0.24916      0.00347      0.00000      0.00239
FE      0.00000      0.26450      0.24917      0.00000     -0.00219     -0.00342
FE      0.00000      0.00000      0.49833      0.00000      0.00000      0.00000
FE      0.25000      0.26450      0.49833      0.00104     -0.00320      0.00000
FE      0.25000      0.00000      0.74749      0.00347     -0.00000     -0.00239
FE      0.00000      0.26450      0.74749      0.00000     -0.00219      0.00342
FE      0.00000      0.52900      0.00000      0.00000      0.00000      0.00000
FE      0.25000      0.79349      0.00000      0.00189     -0.00032      0.00000
FE      0.25000      0.52900      0.24917     -0.00026      0.00000     -0.00052
FE      0.00000      0.79349      0.24917      0.00000      0.00219     -0.00342
FE      0.00000      0.52900      0.49833      0.00000      0.00000      0.00000
FE      0.25000      0.79349      0.49833      0.00104      0.00320      0.00000
FE      0.25000      0.52900      0.74749     -0.00026      0.00000      0.00052
FE      0.00000      0.79349      0.74749      0.00000      0.00219      0.00342
FE      0.50000      0.00000      0.00000      0.00000      0.00000      0.00000
FE      0.75001      0.26450      0.00000     -0.00189      0.00032      0.00000
FE      0.75000      0.00000      0.24916     -0.00347     -0.00000      0.00239
FE      0.50000      0.26450      0.24917      0.00000      0.00175     -0.00241
FE      0.50000      0.00000      0.49833      0.00000      0.00000      0.00000
FE      0.75000      0.26450      0.49833     -0.00104     -0.00320      0.00000
FE      0.75000      0.00000      0.74749     -0.00347      0.00000     -0.00239
FE      0.50000      0.26450      0.74749      0.00000      0.00175      0.00241
FE      0.50000      0.52900      0.00000      0.00000      0.00000      0.00000
FE      0.75001      0.79349      0.00000     -0.00189     -0.00032      0.00000
FE      0.75000      0.52900      0.24917      0.00026      0.00000     -0.00052
FE      0.50000      0.79349      0.24917      0.00000     -0.00175     -0.00241
FE      0.50000      0.52900      0.49833      0.00000      0.00000      0.00000
FE      0.75000      0.79349      0.49833     -0.00104      0.00320      0.00000
FE      0.75000      0.52900      0.74749      0.00026      0.00000      0.00052
FE      0.50000      0.79349      0.74749      0.00000     -0.00175      0.00241
