/* Converted from PWscf output file */ 
#L_UNITS ang 
#E_UNITS eV 
#S_UNITS GPA 
#F_UNITS EV/ANG 
#ALAT 	   6.85044     // a0 
#X 	   1.00000     0.00000     0.00000     // X 
#Y 	   0.00000     1.05400     0.00000     // Y 
#Z 	   0.00000     0.00000     1.00000     // Z 
#SX 	   0.53347    -0.00015    -0.00088     // SX 
#SY 	   0.00015    -0.28073     0.00058     // SY 
#SZ 	   0.00088     0.00058    -0.53551     // SZ 
#EPA 	  -4.26326     // Energy per Atom 
#RCUT 	6.5        // Rcut 
FE     -0.00085     -0.00075     -0.00061     -0.00159      0.00209      0.00206
FE      0.24942      0.26228     -0.00061     -0.01627      0.03268     -0.00257
FE      0.24901     -0.00070      0.24992      0.02371     -0.00611     -0.05973
FE     -0.00082      0.26324      0.24966      0.00799     -0.03818     -0.03604
FE     -0.00017     -0.00018      0.49895     -0.05065     -0.04116      0.02738
FE      0.24951      0.26233      0.49924     -0.02362      0.04422     -0.00261
FE      0.24929     -0.00041      0.74896     -0.02168     -0.04294      0.03276
FE     -0.00064      0.26300      0.74972     -0.00360     -0.01308     -0.04053
FE     -0.00021      0.52648     -0.00081     -0.02569     -0.00915      0.00760
FE      0.24956      0.79014      0.00018     -0.02020     -0.02479     -0.08455
FE      0.24967      0.52648      0.24982     -0.03623     -0.02263     -0.04368
FE     -0.00068      0.78984      0.24929     -0.00670     -0.00033     -0.00477
FE     -0.00051      0.52660      0.49946     -0.02568     -0.03258     -0.01393
FE      0.24914      0.78988      0.49892     -0.00762     -0.00342      0.04885
FE      0.25002      0.52573      0.74851     -0.05527      0.03986      0.05537
FE     -0.00155      0.78903      0.74921      0.07333      0.05758      0.01958
FE      0.49971     -0.00101     -0.00086     -0.03114      0.01472      0.00993
FE      0.74902      0.26295     -0.00132      0.02139     -0.01051      0.04075
FE      0.74837     -0.00100      0.24941      0.06856      0.02426     -0.01504
FE      0.49917      0.26264      0.24883      0.01062      0.01341      0.02335
FE      0.49904     -0.00008      0.49916      0.01608     -0.05515      0.01597
FE      0.74939      0.26201      0.49912     -0.01110      0.06495      0.02371
FE      0.74931     -0.00093      0.74929      0.00835     -0.00267     -0.00467
FE      0.49925      0.26246      0.74922      0.00578      0.00673      0.00344
FE      0.49888      0.52650     -0.00129      0.02466     -0.01475      0.04652
FE      0.74869      0.78996     -0.00013      0.03048     -0.03157     -0.04189
FE      0.74947      0.52576      0.24910     -0.00983      0.02150      0.00089
FE      0.49943      0.78923      0.24972     -0.01643      0.03605     -0.01667
FE      0.49846      0.52647      0.49932      0.09274     -0.02868     -0.00873
FE      0.74962      0.78970      0.49889     -0.02425      0.00058      0.03503
FE      0.74910      0.52625      0.74956      0.00694     -0.00457     -0.02155
FE      0.49926      0.78961      0.74903     -0.00306      0.02364      0.00378
