#############################################################################
6.222E-03 ###   Sun, 27 Jun 2021 20:53:35 +0000
#############################################################################

####TIME#############LOG#####################################################
1.361E-02 ###   Script: /cloud/Code/python/eampa/eampa.py
1.817E-02 ###   Loaded: input.in
#############################################
  Read Input
  Time: 2.006E-02
#############################################
2.187E-02 ###   e
2.386E-02 ###   a0: 5.0
2.386E-02 ###   b0: 1.0
2.386E-02 ###   bp: 100.0
2.387E-02 ###   config: 0.0001
2.387E-02 ###   e: 1.0
2.387E-02 ###   e0: 25.0
2.387E-02 ###   ec: 1.0
2.387E-02 ###   energy: 20.0
2.387E-02 ###   force: 1.0
2.387E-02 ###   g: 1.0
2.387E-02 ###   negec: 1000.0
2.387E-02 ###   stress: 1.0
2.387E-02 ###   v: 1.0
2.388E-02 ###   
2.574E-02 ###   max: 100.0
2.574E-02 ###   min: 0.1
2.574E-02 ###   scale_exponent: 4.0
2.575E-02 ###   scale_factor: 10.0
2.575E-02 ###   zero_density_factor: 100000000.0
2.575E-02 ###   
2.827E-02 ###   pot_dir: None
2.829E-02 ###   pot_name: None
2.829E-02 ###   results_dir: results
2.829E-02 ###   
3.034E-02 ###   bp_file: bp.dat
3.034E-02 ###   dir: bp
3.034E-02 ###   ec_size: 6
3.035E-02 ###   ec_strain: 0.05
3.035E-02 ###   eos_size: 6
3.035E-02 ###   eos_strain: 0.1
3.035E-02 ###   
3.219E-02 ###   
3.416E-02 ###   1: {'label_id': 1, 'label_text': 'AL', 'atom_count': 32, 'relaxed_energy': -1264.06398979, 'relaxed_energy_unit': 'Ry', 'coh_energy': -3.36, 'coh_energy_unit': 'eV', 'calc_relaxed_dft_ev': -537.454181036, 'calc_coh_ev': -3.36, 'calc_apaev': 534.094181036}
3.417E-02 ###   2: {'label_id': 2, 'label_text': 'FE', 'atom_count': 16, 'relaxed_energy': -5268.188, 'relaxed_energy_unit': 'Ry', 'coh_energy': -4.316, 'coh_energy_unit': 'eV', 'calc_relaxed_dft_ev': -4479.851795407, 'calc_coh_ev': -4.316, 'calc_apaev': 4475.5357954070005}
3.417E-02 ###   3: {'label_id': 3, 'label_text': 'PD', 'atom_count': 32, 'relaxed_energy': -16384.958, 'relaxed_energy_unit': 'Ry', 'coh_energy': -3.91, 'coh_energy_unit': 'eV', 'calc_relaxed_dft_ev': -6966.549363269, 'calc_coh_ev': -3.91, 'calc_apaev': 6962.639363269001}
3.417E-02 ###   
#############################################
  Setup Directories
  Time: 3.802E-02
#############################################
3.984E-02 ###   WD: wd/wd
#############################################
  Memory
  Time: 5.751E-02
#############################################
5.941E-02 ###   EFS 2000000000.0
6.124E-02 ###   config size       255102
6.311E-02 ###   ghost size        3061224
6.494E-02 ###   nl size           25510204
6.672E-02 ###   BP 2000000000.0
6.848E-02 ###   config size       255102
7.022E-02 ###   ghost size        3061224
7.199E-02 ###   nl size           25510204
#############################################
  Potential Load
  Time: 7.378E-02
#############################################
7.611E-02 ###   Potential file: pot/fe.pot
7.787E-02 ###   Loading: pot/fe.pot
1.244E+00 ###   std  configs/0414.dat
1.264E+00 ###   std  configs/0075.dat
1.284E+00 ###   std  configs/0362.dat
1.303E+00 ###   std  configs/0180.dat
1.321E+00 ###   std  configs/0246.dat
1.350E+00 ###   std  configs/0297.dat
1.370E+00 ###   std  configs/0530.dat
1.391E+00 ###   std  configs/0151.dat
1.410E+00 ###   std  configs/0468.dat
1.429E+00 ###   std  configs/0009.dat
1.447E+00 ###   std  configs/0187.dat
1.463E+00 ###   std  configs/0241.dat
1.489E+00 ###   std  configs/0537.dat
1.512E+00 ###   std  configs/0290.dat
1.533E+00 ###   std  configs/0156.dat
1.556E+00 ###   std  configs/0319.dat
1.570E+00 ###   std  configs/0413.dat
1.588E+00 ###   std  configs/0072.dat
1.605E+00 ###   std  configs/0365.dat
1.622E+00 ###   std  configs/0189.dat
1.644E+00 ###   std  configs/0539.dat
1.662E+00 ###   std  configs/0158.dat
1.679E+00 ###   std  configs/0461.dat
1.698E+00 ###   std  configs/0000.dat
1.713E+00 ###   std  configs/0317.dat
1.735E+00 ###   std  configs/0233.dat
1.753E+00 ###   std  configs/0594.dat
1.773E+00 ###   std  configs/0545.dat
1.797E+00 ###   std  configs/0124.dat
1.821E+00 ###   std  configs/0593.dat
1.843E+00 ###   std  configs/0234.dat
1.861E+00 ###   std  configs/0542.dat
1.877E+00 ###   std  configs/0123.dat
1.895E+00 ###   std  configs/0248.dat
1.912E+00 ###   std  configs/0299.dat
1.931E+00 ###   std  configs/0466.dat
1.949E+00 ###   std  configs/0007.dat
1.971E+00 ###   std  configs/0310.dat
1.990E+00 ###   std  configs/0116.dat
2.012E+00 ###   std  configs/0577.dat
2.031E+00 ###   std  configs/0201.dat
2.050E+00 ###   std  configs/0359.dat
2.069E+00 ###   std  configs/0388.dat
2.128E+00 ###   std  configs/0482.dat
2.150E+00 ###   std  configs/0325.dat
2.169E+00 ###   std  configs/0032.dat
2.190E+00 ###   std  configs/0453.dat
2.208E+00 ###   std  configs/0322.dat
2.221E+00 ###   std  configs/0485.dat
2.237E+00 ###   std  configs/0035.dat
2.251E+00 ###   std  configs/0454.dat
2.264E+00 ###   std  configs/0111.dat
2.278E+00 ###   std  configs/0570.dat
2.290E+00 ###   std  configs/0206.dat
2.303E+00 ###   std  configs/0098.dat
2.315E+00 ###   std  configs/0049.dat
2.329E+00 ###   std  configs/0428.dat
2.345E+00 ###   std  configs/0163.dat
2.360E+00 ###   std  configs/0502.dat
2.379E+00 ###   std  configs/0274.dat
2.399E+00 ###   std  configs/0208.dat
2.419E+00 ###   std  configs/0350.dat
2.437E+00 ###   std  configs/0096.dat
2.455E+00 ###   std  configs/0047.dat
2.474E+00 ###   std  configs/0426.dat
2.492E+00 ###   std  configs/0381.dat
2.510E+00 ###   std  configs/0118.dat
2.526E+00 ###   std  configs/0579.dat
2.546E+00 ###   std  configs/0357.dat
2.563E+00 ###   std  configs/0091.dat
2.581E+00 ###   std  configs/0040.dat
2.598E+00 ###   std  configs/0386.dat
2.616E+00 ###   std  configs/0421.dat
2.643E+00 ###   std  configs/0164.dat
2.667E+00 ###   std  configs/0505.dat
2.684E+00 ###   std  configs/0273.dat
2.703E+00 ###   std  configs/0051.dat
2.720E+00 ###   std  configs/0430.dat
####TIME#############LOG#####################################################
2.739E+00 ###   std  configs/0397.dat
2.757E+00 ###   std  configs/0346.dat
2.772E+00 ###   std  configs/0080.dat
2.790E+00 ###   std  configs/0109.dat
2.809E+00 ###   std  configs/0568.dat
2.827E+00 ###   std  configs/0262.dat
2.845E+00 ###   std  configs/0175.dat
2.863E+00 ###   std  configs/0514.dat
2.882E+00 ###   std  configs/0265.dat
2.908E+00 ###   std  configs/0172.dat
2.927E+00 ###   std  configs/0513.dat
2.950E+00 ###   std  configs/0056.dat
2.970E+00 ###   std  configs/0390.dat
2.989E+00 ###   std  configs/0437.dat
3.009E+00 ###   std  configs/0341.dat
3.027E+00 ###   std  configs/0087.dat
3.049E+00 ###   std  configs/0219.dat
3.068E+00 ###   std  configs/0024.dat
3.085E+00 ###   std  configs/0445.dat
3.107E+00 ###   std  configs/0494.dat
3.126E+00 ###   std  configs/0333.dat
3.155E+00 ###   std  configs/0058.dat
3.175E+00 ###   std  configs/0439.dat
3.193E+00 ###   std  configs/0089.dat
3.208E+00 ###   std  configs/0217.dat
3.226E+00 ###   std  configs/0100.dat
3.244E+00 ###   std  configs/0561.dat
3.268E+00 ###   std  configs/0399.dat
3.288E+00 ###   std  configs/0348.dat
3.308E+00 ###   std  configs/0210.dat
3.327E+00 ###   std  configs/0107.dat
3.346E+00 ###   std  configs/0566.dat
3.366E+00 ###   std  configs/0023.dat
3.387E+00 ###   std  configs/0442.dat
3.406E+00 ###   std  configs/0334.dat
3.420E+00 ###   std  configs/0493.dat
3.435E+00 ###   std  configs/0553.dat
3.450E+00 ###   std  configs/0132.dat
3.467E+00 ###   std  configs/0225.dat
3.485E+00 ###   std  configs/0582.dat
3.498E+00 ###   std  configs/0301.dat
3.512E+00 ###   std  configs/0477.dat
3.524E+00 ###   std  configs/0016.dat
3.542E+00 ###   std  configs/0288.dat
3.557E+00 ###   std  configs/0259.dat
3.576E+00 ###   std  configs/0306.dat
3.592E+00 ###   std  configs/0470.dat
3.613E+00 ###   std  configs/0011.dat
3.635E+00 ###   std  configs/0528.dat
3.663E+00 ###   std  configs/0149.dat
3.681E+00 ###   std  configs/0198.dat
3.701E+00 ###   std  configs/0554.dat
3.721E+00 ###   std  configs/0135.dat
3.740E+00 ###   std  configs/0585.dat
3.757E+00 ###   std  configs/0222.dat
3.771E+00 ###   std  configs/0308.dat
3.784E+00 ###   std  configs/0281.dat
3.796E+00 ###   std  configs/0526.dat
3.808E+00 ###   std  configs/0147.dat
3.821E+00 ###   std  configs/0196.dat
3.840E+00 ###   std  configs/0250.dat
3.856E+00 ###   std  configs/0374.dat
3.875E+00 ###   std  configs/0402.dat
3.896E+00 ###   std  configs/0063.dat
3.922E+00 ###   std  configs/0373.dat
3.941E+00 ###   std  configs/0405.dat
3.965E+00 ###   std  configs/0064.dat
3.981E+00 ###   std  configs/0479.dat
3.998E+00 ###   std  configs/0018.dat
4.016E+00 ###   std  configs/0521.dat
4.035E+00 ###   std  configs/0286.dat
4.052E+00 ###   std  configs/0140.dat
4.070E+00 ###   std  configs/0191.dat
4.091E+00 ###   std  configs/0257.dat
4.110E+00 ###   std  configs/0119.dat
4.130E+00 ###   std  configs/0578.dat
4.148E+00 ###   std  configs/0356.dat
4.168E+00 ###   std  configs/0090.dat
4.197E+00 ###   std  configs/0041.dat
4.222E+00 ###   std  configs/0420.dat
4.244E+00 ###   std  configs/0387.dat
4.268E+00 ###   std  configs/0165.dat
4.284E+00 ###   std  configs/0504.dat
4.302E+00 ###   std  configs/0272.dat
4.327E+00 ###   std  configs/0162.dat
4.347E+00 ###   std  configs/0503.dat
4.363E+00 ###   std  configs/0275.dat
4.382E+00 ###   std  configs/0209.dat
4.401E+00 ###   std  configs/0351.dat
4.420E+00 ###   std  configs/0097.dat
4.438E+00 ###   std  configs/0046.dat
4.451E+00 ###   std  configs/0380.dat
4.464E+00 ###   std  configs/0427.dat
4.478E+00 ###   std  configs/0484.dat
4.492E+00 ###   std  configs/0323.dat
4.508E+00 ###   std  configs/0034.dat
4.525E+00 ###   std  configs/0455.dat
4.540E+00 ###   std  configs/0110.dat
4.555E+00 ###   std  configs/0571.dat
4.573E+00 ###   std  configs/0207.dat
####TIME#############LOG#####################################################
4.594E+00 ###   std  configs/0099.dat
4.612E+00 ###   std  configs/0048.dat
4.636E+00 ###   std  configs/0429.dat
4.662E+00 ###   std  configs/0117.dat
4.684E+00 ###   std  configs/0576.dat
4.703E+00 ###   std  configs/0200.dat
4.722E+00 ###   std  configs/0358.dat
4.740E+00 ###   std  configs/0389.dat
4.758E+00 ###   std  configs/0324.dat
4.777E+00 ###   std  configs/0483.dat
4.794E+00 ###   std  configs/0033.dat
4.815E+00 ###   std  configs/0452.dat
4.833E+00 ###   std  configs/0235.dat
4.850E+00 ###   std  configs/0592.dat
4.868E+00 ###   std  configs/0543.dat
4.894E+00 ###   std  configs/0122.dat
4.912E+00 ###   std  configs/0249.dat
4.931E+00 ###   std  configs/0298.dat
4.949E+00 ###   std  configs/0467.dat
4.964E+00 ###   std  configs/0006.dat
4.982E+00 ###   std  configs/0311.dat
5.000E+00 ###   std  configs/0188.dat
5.020E+00 ###   std  configs/0538.dat
5.037E+00 ###   std  configs/0159.dat
5.055E+00 ###   std  configs/0460.dat
5.073E+00 ###   std  configs/0001.dat
5.091E+00 ###   std  configs/0316.dat
5.109E+00 ###   std  configs/0595.dat
5.128E+00 ###   std  configs/0232.dat
5.145E+00 ###   std  configs/0544.dat
5.163E+00 ###   std  configs/0125.dat
5.182E+00 ###   std  configs/0186.dat
5.200E+00 ###   std  configs/0240.dat
5.221E+00 ###   std  configs/0291.dat
5.241E+00 ###   std  configs/0536.dat
5.262E+00 ###   std  configs/0157.dat
5.280E+00 ###   std  configs/0318.dat
5.297E+00 ###   std  configs/0412.dat
5.318E+00 ###   std  configs/0073.dat
5.340E+00 ###   std  configs/0364.dat
5.358E+00 ###   std  configs/0415.dat
5.379E+00 ###   std  configs/0074.dat
5.397E+00 ###   std  configs/0363.dat
5.415E+00 ###   std  configs/0181.dat
5.434E+00 ###   std  configs/0247.dat
5.458E+00 ###   std  configs/0531.dat
5.476E+00 ###   std  configs/0296.dat
5.493E+00 ###   std  configs/0150.dat
5.511E+00 ###   std  configs/0469.dat
5.530E+00 ###   std  configs/0008.dat
5.546E+00 ###   std  configs/0372.dat
5.565E+00 ###   std  configs/0404.dat
5.580E+00 ###   std  configs/0065.dat
5.594E+00 ###   std  configs/0478.dat
5.607E+00 ###   std  configs/0019.dat
5.621E+00 ###   std  configs/0287.dat
5.633E+00 ###   std  configs/0520.dat
5.650E+00 ###   std  configs/0141.dat
5.673E+00 ###   std  configs/0190.dat
5.688E+00 ###   std  configs/0256.dat
5.707E+00 ###   std  configs/0309.dat
5.727E+00 ###   std  configs/0527.dat
5.746E+00 ###   std  configs/0280.dat
5.761E+00 ###   std  configs/0146.dat
5.778E+00 ###   std  configs/0197.dat
5.797E+00 ###   std  configs/0251.dat
5.812E+00 ###   std  configs/0375.dat
5.829E+00 ###   std  configs/0403.dat
5.845E+00 ###   std  configs/0062.dat
5.863E+00 ###   std  configs/0307.dat
5.880E+00 ###   std  configs/0471.dat
5.898E+00 ###   std  configs/0010.dat
5.917E+00 ###   std  configs/0529.dat
5.939E+00 ###   std  configs/0148.dat
5.961E+00 ###   std  configs/0199.dat
5.982E+00 ###   std  configs/0555.dat
6.002E+00 ###   std  configs/0134.dat
6.024E+00 ###   std  configs/0223.dat
6.042E+00 ###   std  configs/0584.dat
6.063E+00 ###   std  configs/0552.dat
6.078E+00 ###   std  configs/0133.dat
6.097E+00 ###   std  configs/0583.dat
6.114E+00 ###   std  configs/0224.dat
6.131E+00 ###   std  configs/0300.dat
6.155E+00 ###   std  configs/0476.dat
6.173E+00 ###   std  configs/0017.dat
6.192E+00 ###   std  configs/0289.dat
6.210E+00 ###   std  configs/0258.dat
6.230E+00 ###   std  configs/0398.dat
6.250E+00 ###   std  configs/0349.dat
6.269E+00 ###   std  configs/0211.dat
6.287E+00 ###   std  configs/0106.dat
6.305E+00 ###   std  configs/0567.dat
6.325E+00 ###   std  configs/0022.dat
6.342E+00 ###   std  configs/0443.dat
6.361E+00 ###   std  configs/0492.dat
6.377E+00 ###   std  configs/0335.dat
6.391E+00 ###   std  configs/0025.dat
6.409E+00 ###   std  configs/0444.dat
6.429E+00 ###   std  configs/0332.dat
####TIME#############LOG#####################################################
6.451E+00 ###   std  configs/0495.dat
6.468E+00 ###   std  configs/0059.dat
6.486E+00 ###   std  configs/0438.dat
6.504E+00 ###   std  configs/0088.dat
6.518E+00 ###   std  configs/0216.dat
6.532E+00 ###   std  configs/0101.dat
6.545E+00 ###   std  configs/0560.dat
6.559E+00 ###   std  configs/0264.dat
6.572E+00 ###   std  configs/0173.dat
6.584E+00 ###   std  configs/0512.dat
6.597E+00 ###   std  configs/0057.dat
6.611E+00 ###   std  configs/0436.dat
6.624E+00 ###   std  configs/0391.dat
6.636E+00 ###   std  configs/0340.dat
6.649E+00 ###   std  configs/0086.dat
6.665E+00 ###   std  configs/0218.dat
6.681E+00 ###   std  configs/0050.dat
6.697E+00 ###   std  configs/0396.dat
6.716E+00 ###   std  configs/0431.dat
6.739E+00 ###   std  configs/0347.dat
6.757E+00 ###   std  configs/0081.dat
6.779E+00 ###   std  configs/0108.dat
6.797E+00 ###   std  configs/0569.dat
6.817E+00 ###   std  configs/0263.dat
6.837E+00 ###   std  configs/0174.dat
6.861E+00 ###   std  configs/0515.dat
6.880E+00 ###   std  configs/0145.dat
6.898E+00 ###   std  configs/0524.dat
6.919E+00 ###   std  configs/0283.dat
6.942E+00 ###   std  configs/0252.dat
6.964E+00 ###   std  configs/0194.dat
7.007E+00 ###   std  configs/0376.dat
7.026E+00 ###   std  configs/0061.dat
7.042E+00 ###   std  configs/0400.dat
7.059E+00 ###   std  configs/0139.dat
7.080E+00 ###   std  configs/0558.dat
7.099E+00 ###   std  configs/0589.dat
7.116E+00 ###   std  configs/0371.dat
7.134E+00 ###   std  configs/0066.dat
7.155E+00 ###   std  configs/0407.dat
7.173E+00 ###   std  configs/0229.dat
7.195E+00 ###   std  configs/0142.dat
7.214E+00 ###   std  configs/0284.dat
7.234E+00 ###   std  configs/0523.dat
7.253E+00 ###   std  configs/0255.dat
7.273E+00 ###   std  configs/0193.dat
7.289E+00 ###   std  configs/0068.dat
7.307E+00 ###   std  configs/0409.dat
7.325E+00 ###   std  configs/0130.dat
7.343E+00 ###   std  configs/0551.dat
7.360E+00 ###   std  configs/0580.dat
7.387E+00 ###   std  configs/0227.dat
7.405E+00 ###   std  configs/0303.dat
7.427E+00 ###   std  configs/0014.dat
7.447E+00 ###   std  configs/0475.dat
7.466E+00 ###   std  configs/0304.dat
7.486E+00 ###   std  configs/0013.dat
7.503E+00 ###   std  configs/0472.dat
7.517E+00 ###   std  configs/0378.dat
7.531E+00 ###   std  configs/0137.dat
7.544E+00 ###   std  configs/0556.dat
7.561E+00 ###   std  configs/0220.dat
7.575E+00 ###   std  configs/0587.dat
7.588E+00 ###   std  configs/0447.dat
7.604E+00 ###   std  configs/0026.dat
7.616E+00 ###   std  configs/0331.dat
7.629E+00 ###   std  configs/0496.dat
7.641E+00 ###   std  configs/0269.dat
7.657E+00 ###   std  configs/0215.dat
7.674E+00 ###   std  configs/0563.dat
7.692E+00 ###   std  configs/0102.dat
7.709E+00 ###   std  configs/0212.dat
7.731E+00 ###   std  configs/0564.dat
7.753E+00 ###   std  configs/0105.dat
7.775E+00 ###   std  configs/0440.dat
7.793E+00 ###   std  configs/0021.dat
7.811E+00 ###   std  configs/0491.dat
7.829E+00 ###   std  configs/0336.dat
7.847E+00 ###   std  configs/0518.dat
7.860E+00 ###   std  configs/0179.dat
7.873E+00 ###   std  configs/0395.dat
7.885E+00 ###   std  configs/0432.dat
7.898E+00 ###   std  configs/0053.dat
7.910E+00 ###   std  configs/0082.dat
7.922E+00 ###   std  configs/0344.dat
7.935E+00 ###   std  configs/0338.dat
7.947E+00 ###   std  configs/0260.dat
7.959E+00 ###   std  configs/0516.dat
7.972E+00 ###   std  configs/0177.dat
7.984E+00 ###   std  configs/0449.dat
7.999E+00 ###   std  configs/0028.dat
8.014E+00 ###   std  configs/0498.dat
8.039E+00 ###   std  configs/0267.dat
8.057E+00 ###   std  configs/0511.dat
8.075E+00 ###   std  configs/0170.dat
8.093E+00 ###   std  configs/0435.dat
8.111E+00 ###   std  configs/0392.dat
8.127E+00 ###   std  configs/0054.dat
8.148E+00 ###   std  configs/0085.dat
8.169E+00 ###   std  configs/0343.dat
####TIME#############LOG#####################################################
8.189E+00 ###   std  configs/0500.dat
8.206E+00 ###   std  configs/0161.dat
8.225E+00 ###   std  configs/0276.dat
8.243E+00 ###   std  configs/0489.dat
8.261E+00 ###   std  configs/0458.dat
8.286E+00 ###   std  configs/0039.dat
8.302E+00 ###   std  configs/0094.dat
8.319E+00 ###   std  configs/0352.dat
8.337E+00 ###   std  configs/0383.dat
8.364E+00 ###   std  configs/0424.dat
8.386E+00 ###   std  configs/0045.dat
8.406E+00 ###   std  configs/0093.dat
8.427E+00 ###   std  configs/0355.dat
8.445E+00 ###   std  configs/0423.dat
8.464E+00 ###   std  configs/0384.dat
8.477E+00 ###   std  configs/0042.dat
8.495E+00 ###   std  configs/0507.dat
8.511E+00 ###   std  configs/0166.dat
8.527E+00 ###   std  configs/0271.dat
8.541E+00 ###   std  configs/0329.dat
8.556E+00 ###   std  configs/0575.dat
8.571E+00 ###   std  configs/0114.dat
8.584E+00 ###   std  configs/0203.dat
8.598E+00 ###   std  configs/0509.dat
8.614E+00 ###   std  configs/0168.dat
8.629E+00 ###   std  configs/0327.dat
8.645E+00 ###   std  configs/0480.dat
8.661E+00 ###   std  configs/0451.dat
8.691E+00 ###   std  configs/0030.dat
8.709E+00 ###   std  configs/0278.dat
8.728E+00 ###   std  configs/0487.dat
8.748E+00 ###   std  configs/0320.dat
8.766E+00 ###   std  configs/0456.dat
8.785E+00 ###   std  configs/0037.dat
8.801E+00 ###   std  configs/0572.dat
8.821E+00 ###   std  configs/0113.dat
8.839E+00 ###   std  configs/0204.dat
8.856E+00 ###   std  configs/0002.dat
8.873E+00 ###   std  configs/0463.dat
8.896E+00 ###   std  configs/0315.dat
8.918E+00 ###   std  configs/0596.dat
8.937E+00 ###   std  configs/0231.dat
8.951E+00 ###   std  configs/0126.dat
8.969E+00 ###   std  configs/0547.dat
8.988E+00 ###   std  configs/0369.dat
9.006E+00 ###   std  configs/0236.dat
9.024E+00 ###   std  configs/0591.dat
9.043E+00 ###   std  configs/0121.dat
9.063E+00 ###   std  configs/0540.dat
9.081E+00 ###   std  configs/0079.dat
9.100E+00 ###   std  configs/0418.dat
9.117E+00 ###   std  configs/0005.dat
9.138E+00 ###   std  configs/0464.dat
9.155E+00 ###   std  configs/0312.dat
9.176E+00 ###   std  configs/0238.dat
9.199E+00 ###   std  configs/0077.dat
9.222E+00 ###   std  configs/0416.dat
9.243E+00 ###   std  configs/0360.dat
9.262E+00 ###   std  configs/0244.dat
9.281E+00 ###   std  configs/0182.dat
9.299E+00 ###   std  configs/0153.dat
9.318E+00 ###   std  configs/0532.dat
9.336E+00 ###   std  configs/0295.dat
9.356E+00 ###   std  configs/0243.dat
9.377E+00 ###   std  configs/0185.dat
9.395E+00 ###   std  configs/0154.dat
9.414E+00 ###   std  configs/0292.dat
9.436E+00 ###   std  configs/0535.dat
9.456E+00 ###   std  configs/0598.dat
9.473E+00 ###   std  configs/0128.dat
9.493E+00 ###   std  configs/0549.dat
9.511E+00 ###   std  configs/0070.dat
9.530E+00 ###   std  configs/0411.dat
9.545E+00 ###   std  configs/0367.dat
9.563E+00 ###   std  configs/0448.dat
9.578E+00 ###   std  configs/0029.dat
9.596E+00 ###   std  configs/0499.dat
9.614E+00 ###   std  configs/0266.dat
9.626E+00 ###   std  configs/0510.dat
9.641E+00 ###   std  configs/0171.dat
9.654E+00 ###   std  configs/0393.dat
9.671E+00 ###   std  configs/0434.dat
9.692E+00 ###   std  configs/0055.dat
9.717E+00 ###   std  configs/0084.dat
9.738E+00 ###   std  configs/0342.dat
9.755E+00 ###   std  configs/0433.dat
9.773E+00 ###   std  configs/0394.dat
9.794E+00 ###   std  configs/0052.dat
9.814E+00 ###   std  configs/0083.dat
9.834E+00 ###   std  configs/0345.dat
9.851E+00 ###   std  configs/0339.dat
9.868E+00 ###   std  configs/0600.dat
9.879E+00 ###   std  configs/0261.dat
9.891E+00 ###   std  configs/0517.dat
9.904E+00 ###   std  configs/0176.dat
9.916E+00 ###   std  configs/0213.dat
9.928E+00 ###   std  configs/0565.dat
9.942E+00 ###   std  configs/0104.dat
9.954E+00 ###   std  configs/0441.dat
9.967E+00 ###   std  configs/0020.dat
####TIME#############LOG#####################################################
9.981E+00 ###   std  configs/0337.dat
9.996E+00 ###   std  configs/0490.dat
1.002E+01 ###   std  configs/0519.dat
1.004E+01 ###   std  configs/0178.dat
1.006E+01 ###   std  configs/0446.dat
1.007E+01 ###   std  configs/0027.dat
1.009E+01 ###   std  configs/0497.dat
1.011E+01 ###   std  configs/0330.dat
1.013E+01 ###   std  configs/0268.dat
1.015E+01 ###   std  configs/0214.dat
1.017E+01 ###   std  configs/0562.dat
1.019E+01 ###   std  configs/0103.dat
1.022E+01 ###   std  configs/0305.dat
1.024E+01 ###   std  configs/0012.dat
1.026E+01 ###   std  configs/0473.dat
1.028E+01 ###   std  configs/0379.dat
1.030E+01 ###   std  configs/0136.dat
1.032E+01 ###   std  configs/0557.dat
1.034E+01 ###   std  configs/0586.dat
1.036E+01 ###   std  configs/0221.dat
1.038E+01 ###   std  configs/0069.dat
1.040E+01 ###   std  configs/0408.dat
1.042E+01 ###   std  configs/0131.dat
1.045E+01 ###   std  configs/0550.dat
1.046E+01 ###   std  configs/0226.dat
1.048E+01 ###   std  configs/0581.dat
1.050E+01 ###   std  configs/0302.dat
1.052E+01 ###   std  configs/0015.dat
1.054E+01 ###   std  configs/0474.dat
1.056E+01 ###   std  configs/0370.dat
1.057E+01 ###   std  configs/0067.dat
1.058E+01 ###   std  configs/0406.dat
1.060E+01 ###   std  configs/0228.dat
1.061E+01 ###   std  configs/0143.dat
1.062E+01 ###   std  configs/0522.dat
1.064E+01 ###   std  configs/0285.dat
1.066E+01 ###   std  configs/0254.dat
1.067E+01 ###   std  configs/0192.dat
1.069E+01 ###   std  configs/0144.dat
1.071E+01 ###   std  configs/0282.dat
1.072E+01 ###   std  configs/0525.dat
1.074E+01 ###   std  configs/0253.dat
1.077E+01 ###   std  configs/0195.dat
1.079E+01 ###   std  configs/0377.dat
1.081E+01 ###   std  configs/0060.dat
1.083E+01 ###   std  configs/0401.dat
1.085E+01 ###   std  configs/0138.dat
1.087E+01 ###   std  configs/0559.dat
1.089E+01 ###   std  configs/0588.dat
1.091E+01 ###   std  configs/0242.dat
1.093E+01 ###   std  configs/0184.dat
1.095E+01 ###   std  configs/0155.dat
1.096E+01 ###   std  configs/0534.dat
1.098E+01 ###   std  configs/0293.dat
1.100E+01 ###   std  configs/0599.dat
1.102E+01 ###   std  configs/0129.dat
1.104E+01 ###   std  configs/0548.dat
1.106E+01 ###   std  configs/0071.dat
1.108E+01 ###   std  configs/0410.dat
1.110E+01 ###   std  configs/0366.dat
1.112E+01 ###   std  configs/0239.dat
1.114E+01 ###   std  configs/0076.dat
1.116E+01 ###   std  configs/0417.dat
1.117E+01 ###   std  configs/0361.dat
1.119E+01 ###   std  configs/0245.dat
1.122E+01 ###   std  configs/0183.dat
1.124E+01 ###   std  configs/0152.dat
1.126E+01 ###   std  configs/0294.dat
1.127E+01 ###   std  configs/0533.dat
1.129E+01 ###   std  configs/0590.dat
1.131E+01 ###   std  configs/0237.dat
1.133E+01 ###   std  configs/0120.dat
1.135E+01 ###   std  configs/0541.dat
1.137E+01 ###   std  configs/0078.dat
1.138E+01 ###   std  configs/0419.dat
1.140E+01 ###   std  configs/0004.dat
1.142E+01 ###   std  configs/0465.dat
1.144E+01 ###   std  configs/0313.dat
1.146E+01 ###   std  configs/0003.dat
1.148E+01 ###   std  configs/0462.dat
1.149E+01 ###   std  configs/0314.dat
1.151E+01 ###   std  configs/0230.dat
1.153E+01 ###   std  configs/0597.dat
1.155E+01 ###   std  configs/0127.dat
1.157E+01 ###   std  configs/0546.dat
1.158E+01 ###   std  configs/0368.dat
1.160E+01 ###   std  configs/0279.dat
1.162E+01 ###   std  configs/0321.dat
1.163E+01 ###   std  configs/0486.dat
1.165E+01 ###   std  configs/0457.dat
1.167E+01 ###   std  configs/0036.dat
1.169E+01 ###   std  configs/0573.dat
1.171E+01 ###   std  configs/0112.dat
1.173E+01 ###   std  configs/0205.dat
1.175E+01 ###   std  configs/0574.dat
1.177E+01 ###   std  configs/0115.dat
1.179E+01 ###   std  configs/0202.dat
1.180E+01 ###   std  configs/0508.dat
1.182E+01 ###   std  configs/0169.dat
1.184E+01 ###   std  configs/0481.dat
####TIME#############LOG#####################################################
1.186E+01 ###   std  configs/0326.dat
1.188E+01 ###   std  configs/0450.dat
1.190E+01 ###   std  configs/0031.dat
1.192E+01 ###   std  configs/0092.dat
1.194E+01 ###   std  configs/0354.dat
1.195E+01 ###   std  configs/0385.dat
1.198E+01 ###   std  configs/0422.dat
1.200E+01 ###   std  configs/0043.dat
1.201E+01 ###   std  configs/0506.dat
1.203E+01 ###   std  configs/0167.dat
1.205E+01 ###   std  configs/0270.dat
1.206E+01 ###   std  configs/0328.dat
1.208E+01 ###   std  configs/0501.dat
1.209E+01 ###   std  configs/0160.dat
1.211E+01 ###   std  configs/0277.dat
1.213E+01 ###   std  configs/0488.dat
1.216E+01 ###   std  configs/0459.dat
1.218E+01 ###   std  configs/0038.dat
1.220E+01 ###   std  configs/0095.dat
1.222E+01 ###   std  configs/0353.dat
1.224E+01 ###   std  configs/0425.dat
1.226E+01 ###   std  configs/0382.dat
1.228E+01 ###   std  configs/0044.dat
