/* Converted from PWscf output file */ 
#L_UNITS ang 
#E_UNITS eV 
#S_UNITS GPA 
#F_UNITS EV/ANG 
#ALAT 	   6.84431     // a0 
#X 	   1.00001     0.00000     0.00500     // X 
#Y 	   0.00000     1.05448     0.00000     // Y 
#Z 	   0.00500     0.00000     0.99999     // Z 
#SX 	   0.02742     0.00000    -2.68382     // SX 
#SY 	   0.00000     0.00248     0.00000     // SY 
#SZ 	   2.68382     0.00000     0.02625     // SZ 
#EPA 	  -4.26178     // Energy per Atom 
#RCUT 	6.5        // Rcut 
FE      0.00000      0.00000      0.00000      0.00000      0.00000      0.00000
FE      0.25000      0.26362      0.00125     -0.00064     -0.00017     -0.00144
FE      0.25125      0.00000      0.25125     -0.00176      0.00000      0.00085
FE      0.00125      0.26362      0.25000     -0.00057      0.00093      0.00176
FE      0.00250      0.00000      0.50000      0.00000      0.00000      0.00000
FE      0.25250      0.26363      0.50125     -0.00016      0.00221     -0.00015
FE      0.25375      0.00000      0.75125     -0.00194      0.00000      0.00181
FE      0.00375      0.26362      0.74999      0.00057      0.00093     -0.00176
FE      0.00000      0.52724      0.00000      0.00000      0.00000      0.00000
FE      0.25000      0.79086      0.00125     -0.00064      0.00017     -0.00144
FE      0.25125      0.52724      0.25125      0.00121      0.00000     -0.00125
FE      0.00125      0.79086      0.25000     -0.00057     -0.00093      0.00176
FE      0.00250      0.52724      0.50000      0.00000      0.00000      0.00000
FE      0.25250      0.79086      0.50125     -0.00016     -0.00221     -0.00015
FE      0.25375      0.52724      0.75124     -0.00035      0.00000     -0.00148
FE      0.00375      0.79086      0.74999      0.00057     -0.00093     -0.00176
FE      0.50000      0.00000      0.00250      0.00000      0.00000      0.00000
FE      0.75001      0.26362      0.00375      0.00064     -0.00017      0.00144
FE      0.75126      0.00000      0.25375      0.00194      0.00000     -0.00181
FE      0.50125      0.26362      0.25250     -0.00168     -0.00063      0.00095
FE      0.50250      0.00000      0.50250      0.00000      0.00000      0.00000
FE      0.75251      0.26363      0.50375      0.00016      0.00221      0.00015
FE      0.75376      0.00000      0.75375      0.00176      0.00000     -0.00085
FE      0.50375      0.26362      0.75249      0.00168     -0.00063     -0.00095
FE      0.50000      0.52724      0.00250      0.00000      0.00000      0.00000
FE      0.75001      0.79086      0.00375      0.00064      0.00017      0.00144
FE      0.75126      0.52724      0.25375      0.00035      0.00000      0.00148
FE      0.50125      0.79086      0.25250     -0.00168      0.00063      0.00095
FE      0.50250      0.52724      0.50250      0.00000      0.00000      0.00000
FE      0.75251      0.79086      0.50375      0.00016     -0.00221      0.00015
FE      0.75376      0.52724      0.75374     -0.00121      0.00000      0.00125
FE      0.50375      0.79086      0.75249      0.00168      0.00063     -0.00095
