/* Converted from PWscf output file */ 
#L_UNITS ang 
#E_UNITS eV 
#S_UNITS GPA 
#F_UNITS EV/ANG 
#ALAT 	   7.85946     // a0 
#X 	   1.00000     0.00000     0.00000     // X 
#Y 	   0.00000     1.00000     0.00000     // Y 
#Z 	   0.00000     0.00000     1.00000     // Z 
#SX 	   0.43532    -0.00481    -0.00219     // SX 
#SY 	   0.00481    -0.43051     0.00350     // SY 
#SZ 	   0.00219     0.00350    -0.43430     // SZ 
#EPA 	  -3.91043     // Energy per Atom 
#RCUT 	6.5        // Rcut 
PD     -0.00074     -0.00065     -0.00053      0.00331     -0.00549      0.00239
PD      0.24949      0.24894     -0.00053     -0.00840      0.02132      0.01032
PD      0.24914     -0.00061      0.24993      0.01378      0.01004     -0.04867
PD     -0.00071      0.24978      0.24970     -0.00233     -0.01090     -0.03523
PD     -0.00015     -0.00015      0.49908     -0.04069     -0.03046      0.02664
PD      0.24957      0.24898      0.49933     -0.01543      0.03346     -0.00771
PD      0.24938     -0.00036      0.74910     -0.01490     -0.05118      0.03206
PD     -0.00056      0.24956      0.74976     -0.00535     -0.00218     -0.01525
PD     -0.00018      0.49955     -0.00070      0.00478     -0.00500      0.00820
PD      0.24961      0.74969      0.00016     -0.02043     -0.01197     -0.06500
PD      0.24972      0.49955      0.24984     -0.01706     -0.02847     -0.04106
PD     -0.00059      0.74942      0.24938     -0.01638     -0.00451     -0.01161
PD     -0.00045      0.49965      0.49953     -0.02094     -0.03290     -0.00125
PD      0.24925      0.74946      0.49906     -0.00040      0.00934      0.04292
PD      0.25002      0.49889      0.74870     -0.04391      0.04215      0.05171
PD     -0.00135      0.74872      0.74931      0.06192      0.03693      0.01809
PD      0.49975     -0.00088     -0.00075     -0.03923      0.00355      0.00748
PD      0.74915      0.24952     -0.00115      0.01603     -0.00519      0.03626
PD      0.74858     -0.00087      0.24949      0.04938      0.02275     -0.00955
PD      0.49928      0.24925      0.24898      0.00848      0.02500      0.00433
PD      0.49916     -0.00007      0.49927      0.01903     -0.04668      0.01025
PD      0.74947      0.24870      0.49923     -0.00798      0.05698      0.00899
PD      0.74940     -0.00081      0.74938      0.01130      0.00191     -0.01313
PD      0.49935      0.24909      0.74932      0.01737      0.01732     -0.00145
PD      0.49902      0.49956     -0.00112      0.00042     -0.01818      0.02878
PD      0.74886      0.74953     -0.00011      0.03241     -0.01950     -0.01459
PD      0.74953      0.49892      0.24922     -0.01745      0.00654      0.01503
PD      0.49951      0.74890      0.24976      0.00148      0.01301     -0.00743
PD      0.49866      0.49954      0.49941      0.07282     -0.02945     -0.00705
PD      0.74967      0.74930      0.49903     -0.02277     -0.00525      0.01175
PD      0.74922      0.49935      0.74961     -0.00432     -0.00817     -0.03359
PD      0.49936      0.74922      0.74916     -0.01454      0.01517     -0.00263
