#############################################################################
5.902E-03 ###   Fri, 21 May 2021 13:24:43 +0000
#############################################################################

####TIME#############LOG#####################################################
1.368E-02 ###   Script: /cloud/Code/python/eampa/eampa.py
1.822E-02 ###   Loaded: input.in
#############################################
  Read Input
  Time: 2.009E-02
#############################################
2.192E-02 ###   bp
2.379E-02 ###   a0: 5.0
2.379E-02 ###   b0: 1.0
2.380E-02 ###   bp: 100.0
2.380E-02 ###   config: 0.0001
2.380E-02 ###   e: 1.0
2.380E-02 ###   e0: 5.0
2.380E-02 ###   ec: 1.0
2.380E-02 ###   energy: 20.0
2.380E-02 ###   force: 1.0
2.381E-02 ###   g: 1.0
2.381E-02 ###   negec: 1000.0
2.381E-02 ###   stress: 1.0
2.381E-02 ###   v: 1.0
2.381E-02 ###   
2.589E-02 ###   max: 100.0
2.590E-02 ###   min: 0.1
2.590E-02 ###   scale_exponent: 4.0
2.590E-02 ###   scale_factor: 10.0
2.590E-02 ###   zero_density_factor: 100000000.0
2.591E-02 ###   
2.789E-02 ###   pot_dir: None
2.790E-02 ###   pot_name: None
2.790E-02 ###   results_dir: results
2.791E-02 ###   
2.979E-02 ###   bp_file: bp.dat
2.980E-02 ###   dir: bp
2.980E-02 ###   ec_size: 6
2.980E-02 ###   ec_strain: 0.01
2.980E-02 ###   eos_size: 6
2.980E-02 ###   eos_strain: 0.05
2.981E-02 ###   
3.163E-02 ###   
3.360E-02 ###   1: {'label_id': 1, 'label_text': 'AL', 'atom_count': 32, 'relaxed_energy': -1264.06398979, 'relaxed_energy_unit': 'Ry', 'coh_energy': -3.36, 'coh_energy_unit': 'eV', 'calc_relaxed_dft_ev': -537.454181036, 'calc_coh_ev': -3.36, 'calc_apaev': 534.094181036}
3.361E-02 ###   2: {'label_id': 2, 'label_text': 'FE', 'atom_count': 16, 'relaxed_energy': -5268.188, 'relaxed_energy_unit': 'Ry', 'coh_energy': -4.316, 'coh_energy_unit': 'eV', 'calc_relaxed_dft_ev': -4479.851795407, 'calc_coh_ev': -4.316, 'calc_apaev': 4475.5357954070005}
3.361E-02 ###   3: {'label_id': 3, 'label_text': 'PD', 'atom_count': 32, 'relaxed_energy': -16384.958, 'relaxed_energy_unit': 'Ry', 'coh_energy': -3.91, 'coh_energy_unit': 'eV', 'calc_relaxed_dft_ev': -6966.549363269, 'calc_coh_ev': -3.91, 'calc_apaev': 6962.639363269001}
3.361E-02 ###   
#############################################
  Setup Directories
  Time: 3.545E-02
#############################################
3.729E-02 ###   WD: wd/wd
#############################################
  Memory
  Time: 4.042E-02
#############################################
4.229E-02 ###   EFS 2000000000.0
4.428E-02 ###   config size       255102
4.630E-02 ###   ghost size        3061224
4.817E-02 ###   nl size           25510204
4.994E-02 ###   BP 2000000000.0
5.172E-02 ###   config size       255102
5.350E-02 ###   ghost size        3061224
5.594E-02 ###   nl size           25510204
#############################################
  Potential Load
  Time: 5.774E-02
#############################################
6.074E-02 ###   Potential file: pot/pd/pd.pot
6.260E-02 ###   Loading: pot/pd/pd.pot
4.827E-01 ###   BP Allocated Memory
4.827E-01 ###   
4.848E-01 ###   2GB
4.848E-01 ###   
4.869E-01 ###   255102 3061224 25510204
4.869E-01 ###   

#############################################################################
2.482E+00 ###   Duration: 2.4767072200775146
#############################################################################
