/* Converted from PWscf output file */ 
#L_UNITS ang 
#E_UNITS eV 
#S_UNITS GPA 
#F_UNITS EV/ANG 
#ALAT 	   7.85004     // a0 
#X 	   1.00000     0.00000     0.00000     // X 
#Y 	   0.00000     1.00000     0.00083     // Y 
#Z 	   0.00000     0.00083     1.00000     // Z 
#SX 	   0.12615     0.00000     0.00000     // SX 
#SY 	   0.00000     0.13081    -0.14744     // SY 
#SZ 	   0.00000    -0.14744     0.13081     // SZ 
#EPA 	  -3.91005     // Energy per Atom 
#RCUT 	6.5        // Rcut 
PD      0.00000      0.00000      0.00000      0.00000      0.00000      0.00000
PD      0.25000      0.25000      0.00021      0.00011      0.00199      0.00005
PD      0.25000      0.00021      0.25000      0.00011      0.00005      0.00199
PD      0.00000      0.25021      0.25021      0.00000      0.00145      0.00145
PD      0.00000      0.00042      0.50000      0.00000      0.00000      0.00000
PD      0.25001      0.25043      0.50021      0.00146      0.00241     -0.00015
PD      0.25000      0.00063      0.75000      0.00011     -0.00005     -0.00199
PD      0.00000      0.25063      0.75020      0.00000      0.00127     -0.00127
PD      0.00000      0.50000      0.00042      0.00000      0.00000      0.00000
PD      0.25000      0.75000      0.00063      0.00011     -0.00199     -0.00005
PD      0.25001      0.50021      0.25043      0.00146     -0.00015      0.00241
PD      0.00000      0.75020      0.25063      0.00000     -0.00127      0.00127
PD      0.00000      0.50042      0.50042      0.00000      0.00000      0.00000
PD      0.25001      0.75040      0.50062      0.00146     -0.00241      0.00015
PD      0.25001      0.50062      0.75040      0.00146      0.00015     -0.00241
PD      0.00000      0.75062      0.75062      0.00000     -0.00145     -0.00145
PD      0.50000      0.00000      0.00000      0.00000      0.00000      0.00000
PD      0.75000      0.25000      0.00021     -0.00011      0.00199      0.00005
PD      0.75000      0.00021      0.25000     -0.00011      0.00005      0.00199
PD      0.50000      0.25022      0.25022      0.00000      0.00345      0.00345
PD      0.50000      0.00042      0.50000      0.00000      0.00000      0.00000
PD      0.74999      0.25043      0.50021     -0.00146      0.00241     -0.00015
PD      0.75000      0.00063      0.75000     -0.00011     -0.00005     -0.00199
PD      0.50000      0.25064      0.75020      0.00000      0.00347     -0.00347
PD      0.50000      0.50000      0.00042      0.00000      0.00000      0.00000
PD      0.75000      0.75000      0.00063     -0.00011     -0.00199     -0.00005
PD      0.74999      0.50021      0.25043     -0.00146     -0.00015      0.00241
PD      0.50000      0.75020      0.25064      0.00000     -0.00347      0.00347
PD      0.50000      0.50042      0.50042      0.00000      0.00000      0.00000
PD      0.74999      0.75040      0.50062     -0.00146     -0.00241      0.00015
PD      0.74999      0.50062      0.75040     -0.00146      0.00015     -0.00241
PD      0.50000      0.75061      0.75061      0.00000     -0.00345     -0.00345
