/* Converted from PWscf output file */ 
#L_UNITS ang 
#E_UNITS eV 
#S_UNITS GPA 
#F_UNITS EV/ANG 
#ALAT 	   7.85004     // a0 
#X 	   1.00001     0.00000     0.00000     // X 
#Y 	   0.00000     1.00001     0.00500     // Y 
#Z 	   0.00000     0.00500     1.00001     // Z 
#SX 	   0.12994     0.00000     0.00000     // SX 
#SY 	   0.00000     0.17529    -0.90083     // SY 
#SZ 	   0.00000    -0.90083     0.17529     // SZ 
#EPA 	  -3.90966     // Energy per Atom 
#RCUT 	6.5        // Rcut 
PD      0.00000      0.00000      0.00000      0.00000      0.00000      0.00000
PD      0.25001      0.25001      0.00125      0.00009      0.00199      0.00005
PD      0.25001      0.00125      0.25001      0.00009      0.00005      0.00199
PD      0.00000      0.25126      0.25126      0.00000      0.00135      0.00135
PD      0.00000      0.00250      0.50000      0.00000      0.00000      0.00000
PD      0.25001      0.25251      0.50125      0.00132      0.00218     -0.00010
PD      0.25001      0.00375      0.75000      0.00009     -0.00005     -0.00199
PD      0.00000      0.25376      0.75125      0.00000      0.00118     -0.00118
PD      0.00000      0.50000      0.00250      0.00000      0.00000      0.00000
PD      0.25001      0.75000      0.00375      0.00009     -0.00199     -0.00005
PD      0.25001      0.50125      0.25251      0.00132     -0.00010      0.00218
PD      0.00000      0.75125      0.25376      0.00000     -0.00118      0.00118
PD      0.00000      0.50250      0.50250      0.00000      0.00000      0.00000
PD      0.25001      0.75249      0.50375      0.00132     -0.00218      0.00010
PD      0.25001      0.50375      0.75249      0.00132      0.00010     -0.00218
PD      0.00000      0.75375      0.75375      0.00000     -0.00135     -0.00135
PD      0.50000      0.00000      0.00000      0.00000      0.00000      0.00000
PD      0.75000      0.25001      0.00125     -0.00009      0.00199      0.00005
PD      0.75000      0.00125      0.25001     -0.00009      0.00005      0.00199
PD      0.50000      0.25126      0.25126      0.00000      0.00317      0.00317
PD      0.50000      0.00250      0.50000      0.00000      0.00000      0.00000
PD      0.74999      0.25251      0.50125     -0.00132      0.00218     -0.00010
PD      0.75000      0.00375      0.75000     -0.00009     -0.00005     -0.00199
PD      0.50000      0.25376      0.75124      0.00000      0.00312     -0.00312
PD      0.50000      0.50000      0.00250      0.00000      0.00000      0.00000
PD      0.75000      0.75000      0.00375     -0.00009     -0.00199     -0.00005
PD      0.74999      0.50125      0.25251     -0.00132     -0.00010      0.00218
PD      0.50000      0.75124      0.25376      0.00000     -0.00312      0.00312
PD      0.50000      0.50250      0.50250      0.00000      0.00000      0.00000
PD      0.74999      0.75249      0.50375     -0.00132     -0.00218      0.00010
PD      0.74999      0.50375      0.75249     -0.00132      0.00010     -0.00218
PD      0.50000      0.75374      0.75374      0.00000     -0.00317     -0.00317
