/* Converted from PWscf output file */ 
#L_UNITS ang 
#E_UNITS eV 
#S_UNITS GPA 
#F_UNITS EV/ANG 
#ALAT 	   7.85004     // a0 
#X 	   1.00001     0.00417     0.00000     // X 
#Y 	   0.00417     1.00001     0.00000     // Y 
#Z 	   0.00000     0.00000     1.00001     // Z 
#SX 	   0.19090    -0.75499     0.00000     // SX 
#SY 	   0.75499     0.19090     0.00000     // SY 
#SZ 	   0.00000     0.00000     0.16057     // SZ 
#EPA 	  -3.90978     // Energy per Atom 
#RCUT 	6.5        // Rcut 
PD      0.00000      0.00000      0.00000      0.00000      0.00000      0.00000
PD      0.25105      0.25105      0.00000      0.00156      0.00156      0.00000
PD      0.25001      0.00104      0.25001      0.00149     -0.00029     -0.00043
PD      0.00104      0.25001      0.25001     -0.00029      0.00149     -0.00043
PD      0.00000      0.00000      0.50000      0.00000      0.00000      0.00000
PD      0.25105      0.25105      0.50000      0.00216      0.00216      0.00000
PD      0.25001      0.00104      0.75000      0.00149     -0.00029      0.00043
PD      0.00104      0.25001      0.75000     -0.00029      0.00149      0.00043
PD      0.00208      0.50000      0.00000      0.00000      0.00000      0.00000
PD      0.25313      0.75104      0.00000      0.00187     -0.00187      0.00000
PD      0.25210      0.50104      0.25001      0.00201      0.00080     -0.00050
PD      0.00313      0.75000      0.25001      0.00029     -0.00149     -0.00043
PD      0.00208      0.50000      0.50000      0.00000      0.00000      0.00000
PD      0.25314      0.75103      0.50000      0.00194     -0.00194      0.00000
PD      0.25210      0.50104      0.74999      0.00201      0.00080      0.00050
PD      0.00313      0.75000      0.75000      0.00029     -0.00149      0.00043
PD      0.50000      0.00208      0.00000      0.00000      0.00000      0.00000
PD      0.75104      0.25313      0.00000     -0.00187      0.00187      0.00000
PD      0.75000      0.00313      0.25001     -0.00149      0.00029     -0.00043
PD      0.50104      0.25210      0.25001      0.00080      0.00201     -0.00050
PD      0.50000      0.00208      0.50000      0.00000      0.00000      0.00000
PD      0.75103      0.25314      0.50000     -0.00194      0.00194      0.00000
PD      0.75000      0.00313      0.75000     -0.00149      0.00029      0.00043
PD      0.50104      0.25210      0.74999      0.00080      0.00201      0.00050
PD      0.50209      0.50209      0.00000      0.00000      0.00000      0.00000
PD      0.75312      0.75312      0.00000     -0.00156     -0.00156      0.00000
PD      0.75208      0.50313      0.25001     -0.00201     -0.00080     -0.00050
PD      0.50313      0.75208      0.25001     -0.00080     -0.00201     -0.00050
PD      0.50209      0.50209      0.50000      0.00000      0.00000      0.00000
PD      0.75312      0.75312      0.50000     -0.00216     -0.00216      0.00000
PD      0.75208      0.50313      0.74999     -0.00201     -0.00080      0.00050
PD      0.50313      0.75208      0.74999     -0.00080     -0.00201      0.00050
