#############################################################################
5.140E-03 ###   Thu, 25 Mar 2021 23:08:58 +0000
#############################################################################

####TIME#############LOG#####################################################
1.239E-02 ###   Script: /cloud/Code/python/eampa/eampa.py
2.817E-02 ###   Loaded: input.in
#############################################
  Read Input
  Time: 3.003E-02
#############################################
3.181E-02 ###   efs
3.356E-02 ###   a0: 1.0
3.357E-02 ###   b0: 1.0
3.357E-02 ###   bp: 1.0
3.357E-02 ###   config: 1.0
3.357E-02 ###   e: 1.0
3.357E-02 ###   e0: 1.0
3.357E-02 ###   ec: 1.0
3.357E-02 ###   energy: 1.0
3.357E-02 ###   force: 1.0
3.357E-02 ###   g: 1.0
3.358E-02 ###   negec: 1.0
3.358E-02 ###   stress: 1.0
3.358E-02 ###   v: 1.0
3.358E-02 ###   
3.534E-02 ###   max: 0.8
3.534E-02 ###   min: 0.2
3.534E-02 ###   scale_exponent: 4.0
3.534E-02 ###   scale_factor: 10.0
3.534E-02 ###   zero_density_factor: 100000000.0
3.534E-02 ###   
3.718E-02 ###   pot_dir: None
3.719E-02 ###   pot_name: None
3.719E-02 ###   results_dir: results
3.719E-02 ###   
3.887E-02 ###   bp_file: None
3.888E-02 ###   dir: 
3.888E-02 ###   ec_size: 10
3.888E-02 ###   ec_strain: 0.005
3.888E-02 ###   eos_size: 10
3.888E-02 ###   eos_strain: 0.005
3.888E-02 ###   
4.053E-02 ###   
4.219E-02 ###   
#############################################
  Setup Directories
  Time: 4.385E-02
#############################################
4.551E-02 ###   WD: wd/wd
#############################################
  Memory
  Time: 4.826E-02
#############################################
4.993E-02 ###   EFS 2000000000.0
5.158E-02 ###   config size       255102
5.322E-02 ###   ghost size        3061224
5.484E-02 ###   nl size           25510204
5.650E-02 ###   BP 2000000000.0
5.813E-02 ###   config size       255102
5.985E-02 ###   ghost size        3061224
6.152E-02 ###   nl size           25510204
#############################################
  Potential Load
  Time: 6.316E-02
#############################################
6.528E-02 ###   Potential file: pot/fe.pot
6.700E-02 ###   Loading: pot/fe.pot
7.106E-02 ###   Load zbl
9.826E-01 ###   std  configs/coords_256_fe.dat

#############################################################################
1.515E+00 ###   Duration: 1.509521484375
#############################################################################
