/* Converted from PWscf output file */ 
#L_UNITS ang 
#E_UNITS eV 
#S_UNITS GPA 
#F_UNITS EV/ANG 
#ALAT 	   6.89276     // a0 
#X 	   1.00000     0.00000     0.00000     // X 
#Y 	   0.00000     1.05413     0.00000     // Y 
#Z 	   0.00000     0.00000     0.99999     // Z 
#SX 	   0.66180     0.01021     0.01240     // SX 
#SY 	   0.01021    -0.53318    -0.01706     // SY 
#SZ 	   0.01240    -0.01706    -0.66997     // SZ 
#EPA 	  -4.23265     // Energy per Atom 
#RCUT 	6.5        // Rcut 
PD     -0.00084     -0.00075     -0.00061     -0.00421     -0.00470      0.00191
FE      0.25460      0.26769     -0.00060     -0.00962      0.03278     -0.00813
FE      0.25607     -0.00070      0.25698      0.01516     -0.00533     -0.06441
FE     -0.00081      0.26864      0.25484      0.01244     -0.03604     -0.03408
FE     -0.00017     -0.00018      0.49895     -0.04981     -0.03734      0.02693
FE      0.24999      0.26318      0.49924     -0.02111      0.05623     -0.00372
FE      0.25636     -0.00041      0.74191     -0.02514     -0.03236      0.04263
FE     -0.00064      0.26839      0.74454     -0.00497     -0.00874     -0.03763
FE     -0.00021      0.52655     -0.00080     -0.02937     -0.00867      0.00994
FE      0.25474      0.78488      0.00018     -0.01168     -0.02745     -0.07253
FE      0.25048      0.52655      0.25062     -0.02932     -0.02455     -0.03325
FE     -0.00068      0.78458      0.25447     -0.00628     -0.00871     -0.00290
FE     -0.00051      0.52666      0.49946     -0.02494     -0.03040     -0.01699
FE      0.24962      0.78917      0.49893     -0.00659     -0.01578      0.04620
FE      0.25082      0.52580      0.74772     -0.04593      0.04065      0.04804
FE     -0.00154      0.78378      0.74403      0.06535      0.04844      0.02314
FE      0.49971     -0.00100     -0.00086     -0.02535      0.01786      0.00865
FE      0.74384      0.26835     -0.00131      0.02090     -0.00904      0.03243
FE      0.74132     -0.00099      0.25646      0.07661      0.01894     -0.02583
FE      0.49917      0.26349      0.24930      0.01136      0.02612      0.02245
FE      0.49905     -0.00008      0.49916      0.01971     -0.05042      0.01914
FE      0.74892      0.26286      0.49912     -0.01347      0.07732      0.02080
FE      0.74226     -0.00093      0.74223      0.00873     -0.00108     -0.00128
FE      0.49926      0.26331      0.74875      0.00276      0.02079      0.00077
FE      0.49889      0.52657     -0.00128      0.02400     -0.01725      0.04468
FE      0.74351      0.78469     -0.00013      0.03263     -0.03304     -0.03994
FE      0.74867      0.52583      0.24990     -0.01631      0.02109      0.00664
FE      0.49944      0.78853      0.25019     -0.01726      0.02164     -0.01303
FE      0.49847      0.52654      0.49932      0.08859     -0.02862     -0.00739
FE      0.74914      0.78899      0.49889     -0.02782     -0.01044      0.03030
FE      0.74831      0.52632      0.74875     -0.00281     -0.00337     -0.02706
FE      0.49927      0.78890      0.74857     -0.00626      0.01146      0.00354
