#############################################################################
5.589E-03 ###   Fri, 25 Jun 2021 13:24:31 +0000
#############################################################################

####TIME#############LOG#####################################################
1.261E-02 ###   Script: /cloud/Code/python/eampa/eampa.py
1.646E-02 ###   Loaded: input.in
#############################################
  Read Input
  Time: 1.819E-02
#############################################
1.995E-02 ###   rss
2.174E-02 ###   a0: 5.0
2.174E-02 ###   b0: 1.0
2.174E-02 ###   bp: 100.0
2.175E-02 ###   config: 0.0001
2.175E-02 ###   e: 1.0
2.175E-02 ###   e0: 25.0
2.175E-02 ###   ec: 1.0
2.175E-02 ###   energy: 20.0
2.175E-02 ###   force: 1.0
2.175E-02 ###   g: 1.0
2.175E-02 ###   negec: 1000.0
2.175E-02 ###   stress: 1.0
2.175E-02 ###   v: 1.0
2.175E-02 ###   
2.357E-02 ###   max: 100.0
2.357E-02 ###   min: 0.1
2.357E-02 ###   scale_exponent: 4.0
2.357E-02 ###   scale_factor: 10.0
2.357E-02 ###   zero_density_factor: 100000000.0
2.357E-02 ###   
2.540E-02 ###   pot_dir: None
2.540E-02 ###   pot_name: None
2.541E-02 ###   results_dir: results
2.541E-02 ###   
2.715E-02 ###   bp_file: bp.dat
2.716E-02 ###   dir: bp
2.716E-02 ###   ec_size: 9
2.716E-02 ###   ec_strain: 0.05
2.716E-02 ###   eos_size: 9
2.716E-02 ###   eos_strain: 0.1
2.716E-02 ###   
2.889E-02 ###   
3.072E-02 ###   1: {'label_id': 1, 'label_text': 'AL', 'atom_count': 32, 'relaxed_energy': -1264.06398979, 'relaxed_energy_unit': 'Ry', 'coh_energy': -3.36, 'coh_energy_unit': 'eV', 'calc_relaxed_dft_ev': -537.454181036, 'calc_coh_ev': -3.36, 'calc_apaev': 534.094181036}
3.073E-02 ###   2: {'label_id': 2, 'label_text': 'FE', 'atom_count': 16, 'relaxed_energy': -5268.188, 'relaxed_energy_unit': 'Ry', 'coh_energy': -4.316, 'coh_energy_unit': 'eV', 'calc_relaxed_dft_ev': -4479.851795407, 'calc_coh_ev': -4.316, 'calc_apaev': 4475.5357954070005}
3.073E-02 ###   3: {'label_id': 3, 'label_text': 'PD', 'atom_count': 32, 'relaxed_energy': -16384.958, 'relaxed_energy_unit': 'Ry', 'coh_energy': -3.91, 'coh_energy_unit': 'eV', 'calc_relaxed_dft_ev': -6966.549363269, 'calc_coh_ev': -3.91, 'calc_apaev': 6962.639363269001}
3.073E-02 ###   
#############################################
  Setup Directories
  Time: 3.262E-02
#############################################
3.439E-02 ###   WD: wd/wd
#############################################
  Memory
  Time: 5.273E-02
#############################################
5.467E-02 ###   EFS 2000000000.0
5.648E-02 ###   config size       255102
5.831E-02 ###   ghost size        3061224
6.019E-02 ###   nl size           25510204
6.198E-02 ###   BP 2000000000.0
6.376E-02 ###   config size       255102
6.557E-02 ###   ghost size        3061224
6.734E-02 ###   nl size           25510204
#############################################
  Potential Load
  Time: 6.912E-02
#############################################
7.137E-02 ###   Potential file: pot/fe.pot
7.316E-02 ###   Loading: pot/fe.pot
1.745E-01 ###   std  configs/ec_5_002.out
1.800E-01 ###   std  configs/ec_9_005.out
1.852E-01 ###   std  configs/ec_1_002.out
1.902E-01 ###   std  configs/ec_9_002.out
1.953E-01 ###   std  configs/ec_1_005.out
2.007E-01 ###   std  configs/ec_5_005.out
2.059E-01 ###   std  configs/ec_2_007.out
2.110E-01 ###   std  configs/ec_6_007.out
2.164E-01 ###   std  configs/ec_3_006.out
2.216E-01 ###   std  configs/ec_7_006.out
2.267E-01 ###   std  configs/ec_7_001.out
2.320E-01 ###   std  configs/ec_3_001.out
2.374E-01 ###   std  configs/eos_007.out
2.426E-01 ###   std  configs/ec_4_003.out
2.478E-01 ###   std  configs/ec_8_004.out
2.529E-01 ###   std  configs/ec_8_003.out
2.582E-01 ###   std  configs/ec_4_004.out
2.632E-01 ###   std  configs/ec_6_001.out
2.692E-01 ###   std  configs/ec_2_001.out
2.744E-01 ###   std  configs/ec_2_006.out
2.795E-01 ###   std  configs/ec_6_006.out
2.847E-01 ###   std  configs/ec_9_003.out
2.899E-01 ###   std  configs/ec_1_004.out
2.950E-01 ###   std  configs/ec_5_004.out
3.002E-01 ###   std  configs/ec_5_003.out
3.052E-01 ###   std  configs/ec_9_004.out
3.104E-01 ###   std  configs/ec_1_003.out
3.156E-01 ###   std  configs/ec_8_002.out
3.209E-01 ###   std  configs/ec_4_005.out
3.261E-01 ###   std  configs/ec_4_002.out
3.312E-01 ###   std  configs/ec_8_005.out
3.365E-01 ###   std  configs/eos_001.out
3.416E-01 ###   std  configs/eos_006.out
3.467E-01 ###   std  configs/ec_3_007.out
3.523E-01 ###   std  configs/ec_7_007.out
3.574E-01 ###   std  configs/ec_4_001.out
3.625E-01 ###   std  configs/ec_8_006.out
3.680E-01 ###   std  configs/ec_8_001.out
3.731E-01 ###   std  configs/coords_256_fe.dat
3.772E-01 ###   std  configs/ec_4_006.out
3.823E-01 ###   std  configs/eos_005.out
3.874E-01 ###   std  configs/eos_002.out
3.928E-01 ###   std  configs/ec_3_004.out
3.980E-01 ###   std  configs/ec_7_004.out
4.031E-01 ###   std  configs/ec_7_003.out
4.082E-01 ###   std  configs/ec_3_003.out
4.135E-01 ###   std  configs/ec_2_005.out
4.189E-01 ###   std  configs/ec_6_005.out
4.240E-01 ###   std  configs/ec_6_002.out
4.291E-01 ###   std  configs/ec_2_002.out
4.344E-01 ###   std  configs/ec_9_007.out
4.396E-01 ###   std  configs/ec_1_007.out
4.447E-01 ###   std  configs/ec_5_007.out
4.497E-01 ###   std  configs/ec_7_002.out
4.548E-01 ###   std  configs/ec_3_002.out
4.601E-01 ###   std  configs/ec_3_005.out
4.652E-01 ###   std  configs/ec_7_005.out
4.710E-01 ###   std  configs/eos_003.out
4.762E-01 ###   std  configs/eos_004.out
4.813E-01 ###   std  configs/fe_config_0001.out
4.864E-01 ###   std  configs/ec_4_007.out
4.915E-01 ###   std  configs/ec_8_007.out
4.967E-01 ###   std  configs/ec_9_001.out
5.021E-01 ###   std  configs/ec_1_006.out
5.071E-01 ###   std  configs/ec_5_006.out
5.124E-01 ###   std  configs/ec_5_001.out
5.179E-01 ###   std  configs/ec_9_006.out
5.230E-01 ###   std  configs/ec_1_001.out
5.282E-01 ###   std  configs/ec_6_003.out
5.336E-01 ###   std  configs/ec_2_003.out
5.387E-01 ###   std  configs/ec_2_004.out
5.442E-01 ###   std  configs/ec_6_004.out
2.418E+00 ###   BP Allocated Memory
2.418E+00 ###   
2.420E+00 ###   2GB
2.420E+00 ###   
2.422E+00 ###   255102 3061224 25510204
2.422E+00 ###   
4.479E+00 ###   Best rss: None (since last: 1)
