#############################################################################
6.840E-02 ###   Thu, 19 Nov 2020 14:59:47 +0000
#############################################################################

####TIME#############LOG#####################################################
2.042E-01 ###   Script: /cloud/Code/python/eampa/eampa.py
2.390E-01 ###   Loaded: input.in
#############################################
  Read Input
  Time: 2.721E-01
#############################################
3.061E-01 ###   fit
3.400E-01 ###   a0: 10.0
3.400E-01 ###   b0: 1.0
3.400E-01 ###   bp: 1.0
3.400E-01 ###   config: 1.0
3.400E-01 ###   e: 1.0
3.400E-01 ###   e0: 1.0
3.400E-01 ###   ec: 10.0
3.400E-01 ###   energy: 1.0
3.400E-01 ###   force: 1.0
3.400E-01 ###   g: 1.0
3.400E-01 ###   stress: 1.0
3.400E-01 ###   v: 1.0
3.400E-01 ###   
3.739E-01 ###   cycles: 1
3.740E-01 ###   enhance_every: 10
3.740E-01 ###   enhance_top: 10
3.740E-01 ###   exct_every: 5
3.740E-01 ###   exct_factor: 0.6
3.740E-01 ###   exct_top_bias: 0.5
3.740E-01 ###   exct_var: 0.1
3.740E-01 ###   fresh_size: 4
3.740E-01 ###   fresh_we: 2.0
3.740E-01 ###   fresh_ws: 0.1
3.740E-01 ###   gen_var_factor: 0.95
3.740E-01 ###   gens: 1
3.740E-01 ###   mutate_chance: 0.05
3.740E-01 ###   mutate_scale: 2.0
3.740E-01 ###   no_clone_var: 0.05
3.740E-01 ###   no_clones: True
3.740E-01 ###   pool_size: 1000000
3.740E-01 ###   pop_size: 10
3.740E-01 ###   rescale_default: 0.6
3.740E-01 ###   rescale_density: 2
3.740E-01 ###   rescale_max: 0.9
3.740E-01 ###   rescale_min: 0.3
3.740E-01 ###   sane_fraction: 0.95
3.740E-01 ###   sane_seeds_a: 10000
3.740E-01 ###   sane_seeds_b: 50000
3.740E-01 ###   spline_cycles: 0
3.740E-01 ###   spline_gens: 4
3.740E-01 ###   wide_end: 15.0
3.740E-01 ###   wide_start: 0.4
3.740E-01 ###   
4.078E-01 ###   pot_dir: None
4.078E-01 ###   pot_name: None
4.078E-01 ###   results_dir: results
4.078E-01 ###   
4.417E-01 ###   bp_file: bp.dat
4.417E-01 ###   dir: bp
4.417E-01 ###   ec_size: 6
4.418E-01 ###   ec_strain: 0.001
4.418E-01 ###   eos_size: 6
4.418E-01 ###   eos_strain: 0.001
4.418E-01 ###   
4.757E-01 ###   FE1: FE
4.757E-01 ###   FE2: FE
4.757E-01 ###   FE3: FE
4.757E-01 ###   FE4: FE
4.757E-01 ###   
5.097E-01 ###   1: {'label_id': 1, 'label_text': 'AL', 'atom_count': 32, 'relaxed_energy': -1264.06398979, 'relaxed_energy_unit': 'Ry', 'coh_energy': -3.36, 'coh_energy_unit': 'eV', 'calc_relaxed_dft_ev': -537.454181036, 'calc_coh_ev': -3.36, 'calc_apaev': 534.094181036}
5.097E-01 ###   2: {'label_id': 2, 'label_text': 'FE', 'atom_count': 16, 'relaxed_energy': -5268.188, 'relaxed_energy_unit': 'Ry', 'coh_energy': -4.316, 'coh_energy_unit': 'eV', 'calc_relaxed_dft_ev': -4479.851795407, 'calc_coh_ev': -4.316, 'calc_apaev': 4475.5357954070005}
5.097E-01 ###   3: {'label_id': 3, 'label_text': 'PD', 'atom_count': 32, 'relaxed_energy': -16384.958, 'relaxed_energy_unit': 'Ry', 'coh_energy': -3.91, 'coh_energy_unit': 'eV', 'calc_relaxed_dft_ev': -6966.549363269, 'calc_coh_ev': -3.91, 'calc_apaev': 6962.639363269001}
5.097E-01 ###   
#############################################
  Setup Directories
  Time: 5.435E-01
#############################################
5.775E-01 ###   WD: wd/wd
6.118E-01 ###   wd   wd/wd
6.461E-01 ###   input   wd/wd/input
6.797E-01 ###   output   wd/wd/output
7.137E-01 ###   results   wd/wd/results
7.477E-01 ###   plots   wd/wd/plots
7.816E-01 ###   configs   wd/wd/configs
8.155E-01 ###   fitting   wd/wd/fitting
8.496E-01 ###   fitting_generations   wd/wd/fitting/generations
8.834E-01 ###   fitting_finished   wd/wd/fitting/finished
#############################################
  Memory
  Time: 9.170E-01
#############################################
9.509E-01 ###   EFS 2000000000.0
9.849E-01 ###   config size       255102
1.019E+00 ###   ghost size        3061224
1.053E+00 ###   nl size           25510204
1.087E+00 ###   BP 2000000000.0
1.121E+00 ###   config size       255102
1.155E+00 ###   ghost size        3061224
1.189E+00 ###   nl size           25510204
#############################################
  Potential Load
  Time: 1.222E+00
#############################################
1.257E+00 ###   Potential file: pot/fe/fe.pot
1.290E+00 ###   Loading: pot/fe/fe.pot
1.348E+00 ###   Load zbl
1.402E+00 ###   --zbl---
1.436E+00 ###   id_1: 2
1.436E+00 ###   id_2: 2
1.436E+00 ###   on: True
1.436E+00 ###   ra: 1.0
1.436E+00 ###   rb: 1.5
1.436E+00 ###   spline_type: 1
1.436E+00 ###   z1: 26.0
1.436E+00 ###   z2: 26.0
1.436E+00 ###   
1.470E+00 ###   --zbl---
1.504E+00 ###   id_1: 2
1.504E+00 ###   id_2: 3
1.504E+00 ###   on: True
1.504E+00 ###   ra: 1.0
1.504E+00 ###   rb: 1.5
1.504E+00 ###   spline_type: 1
1.504E+00 ###   z1: 26.0
1.504E+00 ###   z2: 46.0
1.504E+00 ###   
1.549E+00 ###   --zbl---
1.583E+00 ###   id_1: 3
1.583E+00 ###   id_2: 3
1.583E+00 ###   on: True
1.583E+00 ###   ra: 1.0
1.583E+00 ###   rb: 1.5
1.583E+00 ###   spline_type: 1
1.583E+00 ###   z1: 46.0
1.583E+00 ###   z2: 46.0
1.583E+00 ###   
3.785E+00 ###   qe  configs/fe_fcc_eos/eos_004.out
3.863E+00 ###   qe  configs/fe_fcc_eos/eos_002.out
3.920E+00 ###   qe  configs/fe_fcc_eos/eos_005.out
3.977E+00 ###   qe  configs/fe_fcc_eos/eos_006.out
4.034E+00 ###   qe  configs/fe_fcc_eos/eos_001.out
4.091E+00 ###   qe  configs/fe_fcc_eos/eos_007.out
4.148E+00 ###   qe  configs/fe_fcc_eos/eos_003.out
4.249E+00 ###   qe  configs/fe_fcc_ec/ec_4_005.out
4.306E+00 ###   qe  configs/fe_fcc_ec/ec_6_006.out
4.363E+00 ###   qe  configs/fe_fcc_ec/ec_7_006.out
4.420E+00 ###   qe  configs/fe_fcc_ec/ec_7_001.out
4.476E+00 ###   qe  configs/fe_fcc_ec/ec_9_005.out
4.533E+00 ###   qe  configs/fe_fcc_ec/ec_3_003.out
4.902E+00 ###   qe  configs/fe_fcc_ec/ec_4_001.out
4.958E+00 ###   qe  configs/fe_fcc_ec/ec_6_007.out
5.016E+00 ###   qe  configs/fe_fcc_ec/ec_6_001.out
5.072E+00 ###   qe  configs/fe_fcc_ec/ec_1_007.out
5.129E+00 ###   qe  configs/fe_fcc_ec/ec_3_004.out
5.186E+00 ###   qe  configs/fe_fcc_ec/ec_6_003.out
5.243E+00 ###   qe  configs/fe_fcc_ec/ec_1_006.out
5.300E+00 ###   qe  configs/fe_fcc_ec/ec_2_002.out
5.357E+00 ###   qe  configs/fe_fcc_ec/ec_4_004.out
5.413E+00 ###   qe  configs/fe_fcc_ec/ec_6_004.out
5.471E+00 ###   qe  configs/fe_fcc_ec/ec_2_006.out
5.527E+00 ###   qe  configs/fe_fcc_ec/ec_8_004.out
5.584E+00 ###   qe  configs/fe_fcc_ec/ec_7_004.out
5.641E+00 ###   qe  configs/fe_fcc_ec/ec_2_005.out
5.697E+00 ###   qe  configs/fe_fcc_ec/ec_2_004.out
5.755E+00 ###   qe  configs/fe_fcc_ec/ec_8_007.out
5.811E+00 ###   qe  configs/fe_fcc_ec/ec_5_003.out
5.869E+00 ###   qe  configs/fe_fcc_ec/ec_7_002.out
5.925E+00 ###   qe  configs/fe_fcc_ec/ec_1_001.out
5.982E+00 ###   qe  configs/fe_fcc_ec/ec_3_007.out
6.039E+00 ###   qe  configs/fe_fcc_ec/ec_5_006.out
6.097E+00 ###   qe  configs/fe_fcc_ec/ec_1_003.out
6.153E+00 ###   qe  configs/fe_fcc_ec/ec_5_005.out
6.210E+00 ###   qe  configs/fe_fcc_ec/ec_3_005.out
6.267E+00 ###   qe  configs/fe_fcc_ec/ec_4_006.out
6.324E+00 ###   qe  configs/fe_fcc_ec/ec_5_001.out
6.380E+00 ###   qe  configs/fe_fcc_ec/ec_3_001.out
6.437E+00 ###   qe  configs/fe_fcc_ec/ec_9_001.out
6.494E+00 ###   qe  configs/fe_fcc_ec/ec_9_002.out
6.551E+00 ###   qe  configs/fe_fcc_ec/ec_8_001.out
6.608E+00 ###   qe  configs/fe_fcc_ec/ec_1_005.out
6.665E+00 ###   qe  configs/fe_fcc_ec/ec_8_002.out
6.722E+00 ###   qe  configs/fe_fcc_ec/ec_2_001.out
6.779E+00 ###   qe  configs/fe_fcc_ec/ec_1_004.out
6.835E+00 ###   qe  configs/fe_fcc_ec/ec_7_007.out
6.893E+00 ###   qe  configs/fe_fcc_ec/ec_3_006.out
6.949E+00 ###   qe  configs/fe_fcc_ec/ec_5_007.out
7.009E+00 ###   qe  configs/fe_fcc_ec/ec_4_007.out
7.119E+00 ###   qe  configs/fe_fcc_ec/ec_2_003.out
7.175E+00 ###   qe  configs/fe_fcc_ec/ec_3_002.out
7.232E+00 ###   qe  configs/fe_fcc_ec/ec_6_002.out
7.290E+00 ###   qe  configs/fe_fcc_ec/ec_6_005.out
7.346E+00 ###   qe  configs/fe_fcc_ec/ec_5_002.out
7.403E+00 ###   qe  configs/fe_fcc_ec/ec_4_002.out
7.460E+00 ###   qe  configs/fe_fcc_ec/ec_5_004.out
7.517E+00 ###   qe  configs/fe_fcc_ec/ec_9_003.out
7.574E+00 ###   qe  configs/fe_fcc_ec/ec_4_003.out
7.630E+00 ###   qe  configs/fe_fcc_ec/ec_8_003.out
7.687E+00 ###   qe  configs/fe_fcc_ec/ec_8_006.out
####TIME#############LOG#####################################################
8.119E+00 ###   qe  configs/fe_fcc_ec/ec_7_005.out
8.181E+00 ###   qe  configs/fe_fcc_ec/ec_1_002.out
8.243E+00 ###   qe  configs/fe_fcc_ec/ec_9_006.out
8.308E+00 ###   qe  configs/fe_fcc_ec/ec_9_007.out
8.369E+00 ###   qe  configs/fe_fcc_ec/ec_8_005.out
8.432E+00 ###   qe  configs/fe_fcc_ec/ec_9_004.out
8.501E+00 ###   qe  configs/fe_fcc_ec/ec_7_003.out
8.570E+00 ###   qe  configs/fe_fcc_ec/ec_2_007.out
8.638E+00 ###   qe  configs/fe_bcc_ec/ec_4_005.out
8.706E+00 ###   qe  configs/fe_bcc_ec/ec_6_006.out
8.775E+00 ###   qe  configs/fe_bcc_ec/ec_7_006.out
8.843E+00 ###   qe  configs/fe_bcc_ec/ec_7_001.out
8.924E+00 ###   qe  configs/fe_bcc_ec/ec_9_005.out
8.992E+00 ###   qe  configs/fe_bcc_ec/ec_3_003.out
9.061E+00 ###   qe  configs/fe_bcc_ec/ec_4_001.out
9.142E+00 ###   qe  configs/fe_bcc_ec/ec_6_007.out
9.210E+00 ###   qe  configs/fe_bcc_ec/ec_6_001.out
9.290E+00 ###   qe  configs/fe_bcc_ec/ec_1_007.out
9.359E+00 ###   qe  configs/fe_bcc_ec/ec_3_004.out
9.427E+00 ###   qe  configs/fe_bcc_ec/ec_6_003.out
9.496E+00 ###   qe  configs/fe_bcc_ec/ec_1_006.out
9.565E+00 ###   qe  configs/fe_bcc_ec/ec_2_002.out
9.637E+00 ###   qe  configs/fe_bcc_ec/ec_4_004.out
9.702E+00 ###   qe  configs/fe_bcc_ec/ec_6_004.out
9.772E+00 ###   qe  configs/fe_bcc_ec/ec_2_006.out
9.841E+00 ###   qe  configs/fe_bcc_ec/ec_8_004.out
9.909E+00 ###   qe  configs/fe_bcc_ec/ec_7_004.out
9.978E+00 ###   qe  configs/fe_bcc_ec/ec_2_005.out
1.005E+01 ###   qe  configs/fe_bcc_ec/ec_2_004.out
1.012E+01 ###   qe  configs/fe_bcc_ec/ec_8_007.out
1.018E+01 ###   qe  configs/fe_bcc_ec/ec_5_003.out
1.025E+01 ###   qe  configs/fe_bcc_ec/ec_7_002.out
1.032E+01 ###   qe  configs/fe_bcc_ec/ec_1_001.out
1.040E+01 ###   qe  configs/fe_bcc_ec/ec_3_007.out
1.080E+01 ###   qe  configs/fe_bcc_ec/ec_5_006.out
1.087E+01 ###   qe  configs/fe_bcc_ec/ec_1_003.out
1.094E+01 ###   qe  configs/fe_bcc_ec/ec_5_005.out
1.101E+01 ###   qe  configs/fe_bcc_ec/ec_3_005.out
1.108E+01 ###   qe  configs/fe_bcc_ec/ec_4_006.out
1.115E+01 ###   qe  configs/fe_bcc_ec/ec_5_001.out
1.123E+01 ###   qe  configs/fe_bcc_ec/ec_3_001.out
1.131E+01 ###   qe  configs/fe_bcc_ec/ec_9_001.out
1.139E+01 ###   qe  configs/fe_bcc_ec/ec_9_002.out
1.146E+01 ###   qe  configs/fe_bcc_ec/ec_8_001.out
1.154E+01 ###   qe  configs/fe_bcc_ec/ec_1_005.out
1.161E+01 ###   qe  configs/fe_bcc_ec/ec_8_002.out
1.167E+01 ###   qe  configs/fe_bcc_ec/ec_2_001.out
1.175E+01 ###   qe  configs/fe_bcc_ec/ec_1_004.out
1.182E+01 ###   qe  configs/fe_bcc_ec/ec_7_007.out
1.189E+01 ###   qe  configs/fe_bcc_ec/ec_3_006.out
1.196E+01 ###   qe  configs/fe_bcc_ec/ec_5_007.out
1.203E+01 ###   qe  configs/fe_bcc_ec/ec_4_007.out
1.210E+01 ###   qe  configs/fe_bcc_ec/ec_2_003.out
1.217E+01 ###   qe  configs/fe_bcc_ec/ec_3_002.out
1.224E+01 ###   qe  configs/fe_bcc_ec/ec_6_002.out
1.231E+01 ###   qe  configs/fe_bcc_ec/ec_6_005.out
1.237E+01 ###   qe  configs/fe_bcc_ec/ec_5_002.out
1.244E+01 ###   qe  configs/fe_bcc_ec/ec_4_002.out
1.251E+01 ###   qe  configs/fe_bcc_ec/ec_5_004.out
1.258E+01 ###   qe  configs/fe_bcc_ec/ec_9_003.out
1.265E+01 ###   qe  configs/fe_bcc_ec/ec_4_003.out
1.272E+01 ###   qe  configs/fe_bcc_ec/ec_8_003.out
1.279E+01 ###   qe  configs/fe_bcc_ec/ec_8_006.out
1.286E+01 ###   qe  configs/fe_bcc_ec/ec_7_005.out
1.292E+01 ###   qe  configs/fe_bcc_ec/ec_1_002.out
1.299E+01 ###   qe  configs/fe_bcc_ec/ec_9_006.out
1.306E+01 ###   qe  configs/fe_bcc_ec/ec_9_007.out
1.313E+01 ###   qe  configs/fe_bcc_ec/ec_8_005.out
1.350E+01 ###   qe  configs/fe_bcc_ec/ec_9_004.out
1.357E+01 ###   qe  configs/fe_bcc_ec/ec_7_003.out
1.365E+01 ###   qe  configs/fe_bcc_ec/ec_2_007.out
1.372E+01 ###   qe  configs/fe_fcc_configs/config_0001.out
1.380E+01 ###   qe  configs/fe_bcc_eos/eos_004.out
1.389E+01 ###   qe  configs/fe_bcc_eos/eos_011.out
1.397E+01 ###   qe  configs/fe_bcc_eos/eos_010.out
1.406E+01 ###   qe  configs/fe_bcc_eos/eos_002.out
1.415E+01 ###   qe  configs/fe_bcc_eos/eos_014.out
1.424E+01 ###   qe  configs/fe_bcc_eos/eos_005.out
1.433E+01 ###   qe  configs/fe_bcc_eos/eos_006.out
1.442E+01 ###   qe  configs/fe_bcc_eos/eos_012.out
1.452E+01 ###   qe  configs/fe_bcc_eos/eos_013.out
1.461E+01 ###   qe  configs/fe_bcc_eos/eos_009.out
1.470E+01 ###   qe  configs/fe_bcc_eos/eos_008.out
1.479E+01 ###   qe  configs/fe_bcc_eos/eos_001.out
1.488E+01 ###   qe  configs/fe_bcc_eos/eos_015.out
1.497E+01 ###   qe  configs/fe_bcc_eos/eos_007.out
1.507E+01 ###   qe  configs/fe_bcc_eos/eos_003.out
1.516E+01 ###   std  configs/coords_256_fe.dat
#############################################
  Potential Fit
  Time: 1.655E+01
#############################################
1.687E+01 ###   BP Allocated Memory
1.687E+01 ###   
1.727E+01 ###   2GB
1.727E+01 ###   
1.734E+01 ###   255102 3061224 25510204
1.734E+01 ###   
1.786E+01 ###   Make data structure
1.795E+01 ###   Pop size:    10
1.802E+01 ###   Fresh size:  4
1.809E+01 ###   Param width: 26
#############################################
  Make Pool
  Time: 2.132E+01
#############################################
2.135E+01 ###   pool size:     1000000
2.139E+01 ###   pop size:      10
2.142E+01 ###   fresh size:    4
2.145E+01 ###   c:    0.0
2.149E+01 ###   make sane set A
####TIME#############LOG#####################################################
1.310E+02 ###   10000
1.310E+02 ###   make sane set B
2.398E+02 ###   50000
2.399E+02 ###   make pool
2.533E+02 ###   shuffle pool
2.550E+02 ###   Best rss: None (since last: 1)
2.556E+02 ###   Best rss: 1120812378741.5586 (since last: 2)
2.568E+02 ###   Best rss: 431563643212.63916 (since last: 4)
2.574E+02 ###   Best rss: 139203917063.0178 (since last: 2)
2.598E+02 ###   Best rss: 72581258027.57172 (since last: 8)
2.604E+02 ###   Best rss: 1851426893.7240522 (since last: 2)
#############################################################################
2.609E+02 ###   Generation 1
#############################################################################
#############################################################################
2.691E+02 ###   End of fit
2.691E+02 ###   Time spent in potfit:   252.559072971344
2.691E+02 ###   RSS Counter:            46
2.692E+02 ###   Configs:                11928
2.692E+02 ###   Total atoms:            2274048
2.692E+02 ###   Total Interactions:     133120512
2.693E+02 ###   Time:                   10.058068990707397
2.693E+02 ###   Configs/Sec:            1185.9135198834113
2.693E+02 ###   Atoms/Sec:              226091.907115
2.694E+02 ###   Interactions/Sec:       13235195.7541
#############################################################################
2.694E+02 ###   Parameters
2.695E+02 ###   P0 0.362857208974
2.698E+02 ###   P1 0.105359149217
2.699E+02 ###   P2 -0.00630054055942
2.699E+02 ###   P3 -0.0248069656174
2.699E+02 ###   P4 0.028832835284
2.700E+02 ###   P5 0.0529360848647
2.700E+02 ###   P6 0.0353665776136
2.700E+02 ###   P7 -0.0469126316957
2.701E+02 ###   P8 0.0160580631773
2.701E+02 ###   P9 0.00324944869569
2.702E+02 ###   P10 0.0505022981476
2.702E+02 ###   P11 0.00205844068495
2.702E+02 ###   P12 0.914264046683
2.703E+02 ###   P13 0.719151400063
2.703E+02 ###   P14 1.13556538266
2.704E+02 ###   P15 1.89137834694
2.704E+02 ###   P16 -0.0602469581782
2.705E+02 ###   P17 0.0157015679707
2.705E+02 ###   P18 -0.0879240880923
2.706E+02 ###   P19 0.00455715950849
2.706E+02 ###   P20 0.0292693228414
2.707E+02 ###   P21 -0.000417866387034
2.707E+02 ###   P22 0.0
2.708E+02 ###   P23 -3.75948148822
2.708E+02 ###   P24 2.5541297489
2.709E+02 ###   P25 -0.331172193503
#############################################################################

#############################################################################
2.735E+02 ###   Duration: 273.0556149482727
#############################################################################
