#############################################################################
6.064E-03 ###   Fri, 02 Jul 2021 14:07:31 +0000
#############################################################################

####TIME#############LOG#####################################################
1.343E-02 ###   Script: /cloud/Code/python/eampa/eampa.py
1.755E-02 ###   Loaded: input.in
#############################################
  Read Input
  Time: 2.108E-02
#############################################
2.315E-02 ###   fit
2.515E-02 ###   a0: 5.0
2.516E-02 ###   b0: 1.0
2.516E-02 ###   bp: 100.0
2.517E-02 ###   config: 0.0001
2.517E-02 ###   e: 1.0
2.517E-02 ###   e0: 25.0
2.517E-02 ###   ec: 1.0
2.517E-02 ###   energy: 20.0
2.517E-02 ###   force: 1.0
2.517E-02 ###   g: 1.0
2.518E-02 ###   negec: 1000.0
2.518E-02 ###   stress: 1.0
2.518E-02 ###   v: 1.0
2.518E-02 ###   
2.700E-02 ###   max: 100.0
2.700E-02 ###   min: 0.1
2.700E-02 ###   scale_exponent: 4.0
2.700E-02 ###   scale_factor: 10.0
2.701E-02 ###   zero_density_factor: 100000000.0
2.701E-02 ###   
2.895E-02 ###   pot_dir: None
2.896E-02 ###   pot_name: None
2.896E-02 ###   results_dir: results
2.896E-02 ###   
3.080E-02 ###   bp_file: bp.dat
3.081E-02 ###   dir: bp
3.081E-02 ###   ec_size: 6
3.081E-02 ###   ec_strain: 0.05
3.081E-02 ###   eos_size: 6
3.081E-02 ###   eos_strain: 0.1
3.081E-02 ###   
3.271E-02 ###   
3.456E-02 ###   1: {'label_id': 1, 'label_text': 'AL', 'atom_count': 32, 'relaxed_energy': -1264.06398979, 'relaxed_energy_unit': 'Ry', 'coh_energy': -3.36, 'coh_energy_unit': 'eV', 'calc_relaxed_dft_ev': -537.454181036, 'calc_coh_ev': -3.36, 'calc_apaev': 534.094181036}
3.456E-02 ###   2: {'label_id': 2, 'label_text': 'FE', 'atom_count': 16, 'relaxed_energy': -5268.188, 'relaxed_energy_unit': 'Ry', 'coh_energy': -4.316, 'coh_energy_unit': 'eV', 'calc_relaxed_dft_ev': -4479.851795407, 'calc_coh_ev': -4.316, 'calc_apaev': 4475.5357954070005}
3.456E-02 ###   3: {'label_id': 3, 'label_text': 'PD', 'atom_count': 32, 'relaxed_energy': -16384.958, 'relaxed_energy_unit': 'Ry', 'coh_energy': -3.91, 'coh_energy_unit': 'eV', 'calc_relaxed_dft_ev': -6966.549363269, 'calc_coh_ev': -3.91, 'calc_apaev': 6962.639363269001}
3.457E-02 ###   
#############################################
  Setup Directories
  Time: 3.646E-02
#############################################
3.827E-02 ###   WD: wd/wd
#############################################
  Memory
  Time: 4.847E-02
#############################################
5.050E-02 ###   EFS 2000000000.0
5.228E-02 ###   config size       255102
5.416E-02 ###   ghost size        3061224
5.700E-02 ###   nl size           25510204
5.879E-02 ###   BP 2000000000.0
6.071E-02 ###   config size       255102
6.252E-02 ###   ghost size        3061224
6.440E-02 ###   nl size           25510204
#############################################
  Potential Load
  Time: 6.632E-02
#############################################
6.868E-02 ###   Potential file: pot/pd.pot
7.043E-02 ###   Loading: pot/pd.pot
1.971E-01 ###   std  configs/ec_3_004.out
2.046E-01 ###   std  configs/ec_7_004.out
2.121E-01 ###   std  configs/ec_7_003.out
2.199E-01 ###   std  configs/ec_3_003.out
2.306E-01 ###   std  configs/ec_4_001.out
2.374E-01 ###   std  configs/ec_8_006.out
2.440E-01 ###   std  configs/ec_8_001.out
2.503E-01 ###   std  configs/ec_4_006.out
2.580E-01 ###   std  configs/eos_002.out
2.647E-01 ###   std  configs/ec_9_007.out
2.719E-01 ###   std  configs/ec_1_007.out
2.791E-01 ###   std  configs/ec_5_007.out
2.880E-01 ###   std  configs/eos_005.out
2.963E-01 ###   std  configs/ec_2_005.out
3.043E-01 ###   std  configs/ec_6_005.out
3.118E-01 ###   std  configs/config_0005.out
3.196E-01 ###   std  configs/ec_6_002.out
3.306E-01 ###   std  configs/config_0002.out
3.380E-01 ###   std  configs/ec_2_002.out
3.452E-01 ###   std  configs/ec_4_007.out
3.526E-01 ###   std  configs/ec_8_007.out
3.607E-01 ###   std  configs/ec_7_002.out
3.689E-01 ###   std  configs/ec_3_002.out
3.782E-01 ###   std  configs/ec_3_005.out
3.867E-01 ###   std  configs/ec_7_005.out
3.944E-01 ###   std  configs/ec_6_003.out
4.023E-01 ###   std  configs/config_0003.out
4.087E-01 ###   std  configs/ec_2_003.out
4.173E-01 ###   std  configs/ec_2_004.out
4.276E-01 ###   std  configs/ec_6_004.out
4.350E-01 ###   std  configs/config_0004.out
4.450E-01 ###   std  configs/ec_9_001.out
4.525E-01 ###   std  configs/ec_1_006.out
4.598E-01 ###   std  configs/ec_5_006.out
4.660E-01 ###   std  configs/eos_004.out
4.733E-01 ###   std  configs/ec_5_001.out
4.792E-01 ###   std  configs/eos_003.out
4.867E-01 ###   std  configs/ec_9_006.out
4.943E-01 ###   std  configs/ec_1_001.out
5.016E-01 ###   std  configs/config_0009.out
5.102E-01 ###   std  configs/ec_2_007.out
5.188E-01 ###   std  configs/ec_6_007.out
5.303E-01 ###   std  configs/config_0007.out
5.373E-01 ###   std  configs/ec_5_002.out
5.445E-01 ###   std  configs/ec_9_005.out
5.512E-01 ###   std  configs/ec_1_002.out
5.587E-01 ###   std  configs/ec_9_002.out
5.660E-01 ###   std  configs/ec_1_005.out
5.735E-01 ###   std  configs/ec_5_005.out
5.818E-01 ###   std  configs/eos_007.out
5.889E-01 ###   std  configs/ec_4_003.out
5.962E-01 ###   std  configs/ec_8_004.out
6.031E-01 ###   std  configs/ec_8_003.out
6.093E-01 ###   std  configs/ec_4_004.out
6.162E-01 ###   std  configs/ec_3_006.out
6.241E-01 ###   std  configs/ec_7_006.out
6.317E-01 ###   std  configs/ec_7_001.out
6.392E-01 ###   std  configs/ec_3_001.out
6.465E-01 ###   std  configs/ec_9_003.out
6.529E-01 ###   std  configs/ec_1_004.out
6.593E-01 ###   std  configs/ec_5_004.out
6.662E-01 ###   std  configs/eos_006.out
6.744E-01 ###   std  configs/ec_5_003.out
6.822E-01 ###   std  configs/eos_001.out
6.884E-01 ###   std  configs/ec_9_004.out
6.954E-01 ###   std  configs/ec_1_003.out
7.045E-01 ###   std  configs/ec_6_001.out
7.132E-01 ###   std  configs/config_0001.out
7.220E-01 ###   std  configs/ec_2_001.out
7.294E-01 ###   std  configs/ec_2_006.out
7.375E-01 ###   std  configs/ec_6_006.out
7.439E-01 ###   std  configs/config_0006.out
7.520E-01 ###   std  configs/config_0008.out
7.597E-01 ###   std  configs/config_0010.out
7.669E-01 ###   std  configs/ec_3_007.out
7.742E-01 ###   std  configs/ec_7_007.out
7.817E-01 ###   std  configs/ec_8_002.out
7.882E-01 ###   std  configs/ec_4_005.out
####TIME#############LOG#####################################################
7.975E-01 ###   std  configs/ec_4_002.out
8.064E-01 ###   std  configs/ec_8_005.out
#############################################
  Potential Fit
  Time: 1.374E+00
#############################################
3.778E+00 ###   BP Allocated Memory
3.778E+00 ###   
3.782E+00 ###   2GB
3.782E+00 ###   
3.787E+00 ###   255102 3061224 25510204
3.787E+00 ###   
5.740E+00 ###   Best rss: None (since last: 1)
9.069E+00 ###   Best rss: None (since last: 1)
1.202E+01 ###   Best rss: None (since last: 1)
1.462E+01 ###   Best rss: None (since last: 1)
1.719E+01 ###   Best rss: None (since last: 1)
1.989E+01 ###   Best rss: None (since last: 1)
2.248E+01 ###   Best rss: None (since last: 1)
2.514E+01 ###   Best rss: None (since last: 1)
2.773E+01 ###   Best rss: None (since last: 1)
3.031E+01 ###   Best rss: None (since last: 1)
3.291E+01 ###   Best rss: None (since last: 1)
3.565E+01 ###   Best rss: None (since last: 1)
3.826E+01 ###   Best rss: None (since last: 1)
4.077E+01 ###   Best rss: None (since last: 1)
4.337E+01 ###   Best rss: None (since last: 1)
4.594E+01 ###   Best rss: None (since last: 1)
4.849E+01 ###   Best rss: None (since last: 1)
5.111E+01 ###   Best rss: None (since last: 1)
5.366E+01 ###   Best rss: None (since last: 1)
5.620E+01 ###   Best rss: None (since last: 1)
5.885E+01 ###   Best rss: None (since last: 1)
6.203E+01 ###   Best rss: None (since last: 1)
6.504E+01 ###   Best rss: None (since last: 1)
6.804E+01 ###   Best rss: None (since last: 1)
7.071E+01 ###   Best rss: None (since last: 1)
7.329E+01 ###   Best rss: None (since last: 1)
7.649E+01 ###   Best rss: None (since last: 1)
7.907E+01 ###   Best rss: None (since last: 1)
8.161E+01 ###   Best rss: None (since last: 1)
8.466E+01 ###   Best rss: None (since last: 1)
8.725E+01 ###   Best rss: None (since last: 1)
8.979E+01 ###   Best rss: None (since last: 1)
9.239E+01 ###   Best rss: None (since last: 1)
9.548E+01 ###   Best rss: None (since last: 1)
9.806E+01 ###   Best rss: None (since last: 1)
1.006E+02 ###   Best rss: None (since last: 1)
1.032E+02 ###   Best rss: None (since last: 1)
1.058E+02 ###   Best rss: None (since last: 1)
1.085E+02 ###   Best rss: None (since last: 1)
1.113E+02 ###   Best rss: None (since last: 1)
1.138E+02 ###   Best rss: None (since last: 1)
1.166E+02 ###   Best rss: None (since last: 1)
1.192E+02 ###   Best rss: None (since last: 1)
1.219E+02 ###   Best rss: None (since last: 1)
1.244E+02 ###   Best rss: None (since last: 1)
1.270E+02 ###   Best rss: None (since last: 1)
1.296E+02 ###   Best rss: None (since last: 1)
1.322E+02 ###   Best rss: None (since last: 1)
1.348E+02 ###   Best rss: None (since last: 1)
1.373E+02 ###   Best rss: None (since last: 1)
1.399E+02 ###   Best rss: None (since last: 1)
1.425E+02 ###   Best rss: None (since last: 1)
1.452E+02 ###   Best rss: None (since last: 1)
1.479E+02 ###   Best rss: None (since last: 1)
1.505E+02 ###   Best rss: None (since last: 1)
1.532E+02 ###   Best rss: None (since last: 1)
1.558E+02 ###   Best rss: None (since last: 1)
1.584E+02 ###   Best rss: None (since last: 1)
1.610E+02 ###   Best rss: None (since last: 1)
1.637E+02 ###   Best rss: None (since last: 1)
1.664E+02 ###   Best rss: None (since last: 1)
1.691E+02 ###   Best rss: None (since last: 1)
1.719E+02 ###   Best rss: None (since last: 1)
1.745E+02 ###   Best rss: None (since last: 1)
1.772E+02 ###   Best rss: None (since last: 1)
1.799E+02 ###   Best rss: None (since last: 1)
1.826E+02 ###   Best rss: None (since last: 1)
1.853E+02 ###   Best rss: None (since last: 1)
1.880E+02 ###   Best rss: None (since last: 1)
1.907E+02 ###   Best rss: None (since last: 1)
1.934E+02 ###   Best rss: None (since last: 1)
1.962E+02 ###   Best rss: None (since last: 1)
1.989E+02 ###   Best rss: None (since last: 1)
2.016E+02 ###   Best rss: None (since last: 1)
2.043E+02 ###   Best rss: None (since last: 1)
2.069E+02 ###   Best rss: None (since last: 1)
2.096E+02 ###   Best rss: None (since last: 1)
2.123E+02 ###   Best rss: None (since last: 1)
2.151E+02 ###   Best rss: None (since last: 1)
2.178E+02 ###   Best rss: None (since last: 1)
2.206E+02 ###   Best rss: None (since last: 1)
2.234E+02 ###   Best rss: None (since last: 1)
2.260E+02 ###   Best rss: None (since last: 1)
2.287E+02 ###   Best rss: None (since last: 1)
2.313E+02 ###   Best rss: None (since last: 1)
2.341E+02 ###   Best rss: None (since last: 1)
2.368E+02 ###   Best rss: None (since last: 1)
2.393E+02 ###   Best rss: None (since last: 1)
2.419E+02 ###   Best rss: None (since last: 1)
2.447E+02 ###   Best rss: None (since last: 1)
2.474E+02 ###   Best rss: None (since last: 1)
2.501E+02 ###   Best rss: None (since last: 1)
2.527E+02 ###   Best rss: None (since last: 1)
2.553E+02 ###   Best rss: None (since last: 1)
2.581E+02 ###   Best rss: None (since last: 1)
####TIME#############LOG#####################################################
2.609E+02 ###   Best rss: None (since last: 1)
2.635E+02 ###   Best rss: None (since last: 1)
2.662E+02 ###   Best rss: None (since last: 1)
2.689E+02 ###   Best rss: None (since last: 1)
2.717E+02 ###   Best rss: None (since last: 1)
2.743E+02 ###   Best rss: None (since last: 1)
2.769E+02 ###   Best rss: None (since last: 1)
2.796E+02 ###   Best rss: None (since last: 1)
2.823E+02 ###   Best rss: None (since last: 1)
2.849E+02 ###   Best rss: None (since last: 1)
2.875E+02 ###   Best rss: None (since last: 1)
2.901E+02 ###   Best rss: None (since last: 1)
2.928E+02 ###   Best rss: None (since last: 1)
2.955E+02 ###   Best rss: None (since last: 1)
2.981E+02 ###   Best rss: None (since last: 1)
3.008E+02 ###   Best rss: None (since last: 1)
3.034E+02 ###   Best rss: None (since last: 1)
3.062E+02 ###   Best rss: None (since last: 1)
3.089E+02 ###   Best rss: None (since last: 1)
3.115E+02 ###   Best rss: None (since last: 1)
3.142E+02 ###   Best rss: None (since last: 1)
3.169E+02 ###   Best rss: None (since last: 1)
3.196E+02 ###   Best rss: None (since last: 1)
3.223E+02 ###   Best rss: None (since last: 1)
3.250E+02 ###   Best rss: None (since last: 1)
3.277E+02 ###   Best rss: None (since last: 1)
3.303E+02 ###   Best rss: None (since last: 1)
3.329E+02 ###   Best rss: None (since last: 1)
3.356E+02 ###   Best rss: None (since last: 1)
3.383E+02 ###   Best rss: None (since last: 1)
3.408E+02 ###   Best rss: None (since last: 1)
3.434E+02 ###   Best rss: None (since last: 1)
3.460E+02 ###   Best rss: None (since last: 1)
3.487E+02 ###   Best rss: None (since last: 1)
3.512E+02 ###   Best rss: None (since last: 1)
3.538E+02 ###   Best rss: None (since last: 1)
3.564E+02 ###   Best rss: None (since last: 1)
3.590E+02 ###   Best rss: None (since last: 1)
3.618E+02 ###   Best rss: None (since last: 1)
3.643E+02 ###   Best rss: None (since last: 1)
3.668E+02 ###   Best rss: None (since last: 1)
3.695E+02 ###   Best rss: None (since last: 1)
3.722E+02 ###   Best rss: None (since last: 1)
3.748E+02 ###   Best rss: None (since last: 1)
3.773E+02 ###   Best rss: None (since last: 1)
3.799E+02 ###   Best rss: None (since last: 1)
3.826E+02 ###   Best rss: None (since last: 1)
3.851E+02 ###   Best rss: None (since last: 1)
3.876E+02 ###   Best rss: None (since last: 1)
3.902E+02 ###   Best rss: None (since last: 1)
3.929E+02 ###   Best rss: None (since last: 1)
3.955E+02 ###   Best rss: None (since last: 1)
3.981E+02 ###   Best rss: None (since last: 1)
4.006E+02 ###   Best rss: None (since last: 1)
4.033E+02 ###   Best rss: None (since last: 1)
4.060E+02 ###   Best rss: None (since last: 1)
4.085E+02 ###   Best rss: None (since last: 1)
4.110E+02 ###   Best rss: None (since last: 1)
4.135E+02 ###   Best rss: None (since last: 1)
4.162E+02 ###   Best rss: None (since last: 1)
4.188E+02 ###   Best rss: None (since last: 1)
4.213E+02 ###   Best rss: None (since last: 1)
4.239E+02 ###   Best rss: None (since last: 1)
4.265E+02 ###   Best rss: None (since last: 1)
4.290E+02 ###   Best rss: None (since last: 1)
4.316E+02 ###   Best rss: None (since last: 1)
4.342E+02 ###   Best rss: None (since last: 1)
4.368E+02 ###   Best rss: None (since last: 1)
4.394E+02 ###   Best rss: None (since last: 1)
4.420E+02 ###   Best rss: None (since last: 1)
4.445E+02 ###   Best rss: None (since last: 1)
4.470E+02 ###   Best rss: None (since last: 1)
4.495E+02 ###   Best rss: None (since last: 1)
4.522E+02 ###   Best rss: None (since last: 1)
4.547E+02 ###   Best rss: None (since last: 1)
4.573E+02 ###   Best rss: None (since last: 1)
4.599E+02 ###   Best rss: None (since last: 1)
4.624E+02 ###   Best rss: None (since last: 1)
4.650E+02 ###   Best rss: None (since last: 1)
4.677E+02 ###   Best rss: None (since last: 1)
4.702E+02 ###   Best rss: None (since last: 1)
4.728E+02 ###   Best rss: None (since last: 1)
4.754E+02 ###   Best rss: None (since last: 1)
4.784E+02 ###   Best rss: None (since last: 1)
4.809E+02 ###   Best rss: None (since last: 1)
4.835E+02 ###   Best rss: None (since last: 1)
4.860E+02 ###   Best rss: None (since last: 1)
4.886E+02 ###   Best rss: None (since last: 1)
4.911E+02 ###   Best rss: None (since last: 1)
4.937E+02 ###   Best rss: None (since last: 1)
4.963E+02 ###   Best rss: None (since last: 1)
4.988E+02 ###   Best rss: None (since last: 1)
5.014E+02 ###   Best rss: None (since last: 1)
5.040E+02 ###   Best rss: None (since last: 1)
5.066E+02 ###   Best rss: None (since last: 1)
5.092E+02 ###   Best rss: None (since last: 1)
5.118E+02 ###   Best rss: None (since last: 1)
5.143E+02 ###   Best rss: None (since last: 1)
5.170E+02 ###   Best rss: None (since last: 1)
5.196E+02 ###   Best rss: None (since last: 1)
####TIME#############LOG#####################################################
5.222E+02 ###   Best rss: None (since last: 1)
5.247E+02 ###   Best rss: None (since last: 1)
5.273E+02 ###   Best rss: None (since last: 1)
5.299E+02 ###   Best rss: None (since last: 1)
5.325E+02 ###   Best rss: None (since last: 1)
5.351E+02 ###   Best rss: None (since last: 1)
5.376E+02 ###   Best rss: None (since last: 1)
5.403E+02 ###   Best rss: None (since last: 1)
5.428E+02 ###   Best rss: None (since last: 1)
5.453E+02 ###   Best rss: None (since last: 1)
5.478E+02 ###   Best rss: None (since last: 1)
5.503E+02 ###   Best rss: None (since last: 1)
5.528E+02 ###   Best rss: None (since last: 1)
5.555E+02 ###   Best rss: None (since last: 1)
5.579E+02 ###   Best rss: None (since last: 1)
5.604E+02 ###   Best rss: None (since last: 1)
5.631E+02 ###   Best rss: None (since last: 1)
5.657E+02 ###   Best rss: None (since last: 1)
5.682E+02 ###   Best rss: None (since last: 1)
5.714E+02 ###   Best rss: None (since last: 1)
5.740E+02 ###   Best rss: None (since last: 1)
5.765E+02 ###   Best rss: None (since last: 1)
5.791E+02 ###   Best rss: None (since last: 1)
5.816E+02 ###   Best rss: None (since last: 1)
5.842E+02 ###   Best rss: None (since last: 1)
5.867E+02 ###   Best rss: None (since last: 1)
5.893E+02 ###   Best rss: None (since last: 1)
5.918E+02 ###   Best rss: None (since last: 1)
5.943E+02 ###   Best rss: None (since last: 1)
5.969E+02 ###   Best rss: None (since last: 1)
5.995E+02 ###   Best rss: None (since last: 1)
6.020E+02 ###   Best rss: None (since last: 1)
6.046E+02 ###   Best rss: None (since last: 1)
6.073E+02 ###   Best rss: None (since last: 1)
6.100E+02 ###   Best rss: None (since last: 1)
6.125E+02 ###   Best rss: None (since last: 1)
6.151E+02 ###   Best rss: None (since last: 1)
6.177E+02 ###   Best rss: None (since last: 1)
6.202E+02 ###   Best rss: None (since last: 1)
6.228E+02 ###   Best rss: None (since last: 1)
6.253E+02 ###   Best rss: None (since last: 1)
6.278E+02 ###   Best rss: None (since last: 1)
6.302E+02 ###   Best rss: None (since last: 1)
6.329E+02 ###   Best rss: None (since last: 1)
6.355E+02 ###   Best rss: None (since last: 1)
6.380E+02 ###   Best rss: None (since last: 1)
6.405E+02 ###   Best rss: None (since last: 1)
6.431E+02 ###   Best rss: None (since last: 1)
6.458E+02 ###   Best rss: None (since last: 1)
6.484E+02 ###   Best rss: None (since last: 1)
6.511E+02 ###   Best rss: None (since last: 1)
6.536E+02 ###   Best rss: None (since last: 1)
6.562E+02 ###   Best rss: None (since last: 1)
6.588E+02 ###   Best rss: None (since last: 1)
6.613E+02 ###   Best rss: None (since last: 1)
6.644E+02 ###   Best rss: None (since last: 1)
6.671E+02 ###   Best rss: None (since last: 1)
6.698E+02 ###   Best rss: None (since last: 1)
6.723E+02 ###   Best rss: None (since last: 1)
6.749E+02 ###   Best rss: None (since last: 1)
6.775E+02 ###   Best rss: None (since last: 1)
6.801E+02 ###   Best rss: None (since last: 1)
6.826E+02 ###   Best rss: None (since last: 1)
6.853E+02 ###   Best rss: None (since last: 1)
6.879E+02 ###   Best rss: None (since last: 1)
6.903E+02 ###   Best rss: None (since last: 1)
6.930E+02 ###   Best rss: None (since last: 1)
6.955E+02 ###   Best rss: None (since last: 1)
6.980E+02 ###   Best rss: None (since last: 1)
7.006E+02 ###   Best rss: None (since last: 1)
7.031E+02 ###   Best rss: None (since last: 1)
7.058E+02 ###   Best rss: None (since last: 1)
7.085E+02 ###   Best rss: None (since last: 1)
7.110E+02 ###   Best rss: None (since last: 1)
7.136E+02 ###   Best rss: None (since last: 1)
7.162E+02 ###   Best rss: None (since last: 1)
7.188E+02 ###   Best rss: None (since last: 1)
7.214E+02 ###   Best rss: None (since last: 1)
7.239E+02 ###   Best rss: None (since last: 1)
7.266E+02 ###   Best rss: None (since last: 1)
7.292E+02 ###   Best rss: None (since last: 1)
7.317E+02 ###   Best rss: None (since last: 1)
7.343E+02 ###   Best rss: None (since last: 1)
7.370E+02 ###   Best rss: None (since last: 1)
7.396E+02 ###   Best rss: None (since last: 1)
7.422E+02 ###   Best rss: None (since last: 1)
7.447E+02 ###   Best rss: None (since last: 1)
7.473E+02 ###   Best rss: None (since last: 1)
7.499E+02 ###   Best rss: None (since last: 1)
7.525E+02 ###   Best rss: None (since last: 1)
7.551E+02 ###   Best rss: None (since last: 1)
7.581E+02 ###   Best rss: None (since last: 1)
7.607E+02 ###   Best rss: None (since last: 1)
7.632E+02 ###   Best rss: None (since last: 1)
7.658E+02 ###   Best rss: None (since last: 1)
7.689E+02 ###   Best rss: None (since last: 1)
7.714E+02 ###   Best rss: None (since last: 1)
7.739E+02 ###   Best rss: None (since last: 1)
7.765E+02 ###   Best rss: None (since last: 1)
7.791E+02 ###   Best rss: None (since last: 1)
####TIME#############LOG#####################################################
7.817E+02 ###   Best rss: None (since last: 1)
7.847E+02 ###   Best rss: None (since last: 1)
7.873E+02 ###   Best rss: None (since last: 1)
7.898E+02 ###   Best rss: None (since last: 1)
7.922E+02 ###   Best rss: None (since last: 1)
7.948E+02 ###   Best rss: None (since last: 1)
7.974E+02 ###   Best rss: None (since last: 1)
8.000E+02 ###   Best rss: None (since last: 1)
8.026E+02 ###   Best rss: None (since last: 1)
8.051E+02 ###   Best rss: None (since last: 1)
8.077E+02 ###   Best rss: None (since last: 1)
8.103E+02 ###   Best rss: None (since last: 1)
8.128E+02 ###   Best rss: None (since last: 1)
8.154E+02 ###   Best rss: None (since last: 1)
8.180E+02 ###   Best rss: None (since last: 1)
8.206E+02 ###   Best rss: None (since last: 1)
8.232E+02 ###   Best rss: None (since last: 1)
8.263E+02 ###   Best rss: None (since last: 1)
8.289E+02 ###   Best rss: None (since last: 1)
8.314E+02 ###   Best rss: None (since last: 1)
8.345E+02 ###   Best rss: None (since last: 1)
8.371E+02 ###   Best rss: None (since last: 1)
8.398E+02 ###   Best rss: None (since last: 1)
8.427E+02 ###   Best rss: None (since last: 1)
8.453E+02 ###   Best rss: None (since last: 1)
8.479E+02 ###   Best rss: None (since last: 1)
8.504E+02 ###   Best rss: None (since last: 1)
8.533E+02 ###   Best rss: None (since last: 1)
8.559E+02 ###   Best rss: None (since last: 1)
8.585E+02 ###   Best rss: None (since last: 1)
8.610E+02 ###   Best rss: None (since last: 1)
8.641E+02 ###   Best rss: None (since last: 1)
8.666E+02 ###   Best rss: None (since last: 1)
8.696E+02 ###   Best rss: None (since last: 1)
8.723E+02 ###   Best rss: None (since last: 1)
8.748E+02 ###   Best rss: None (since last: 1)
8.773E+02 ###   Best rss: None (since last: 1)
8.798E+02 ###   Best rss: None (since last: 1)
8.823E+02 ###   Best rss: None (since last: 1)
8.849E+02 ###   Best rss: None (since last: 1)
8.874E+02 ###   Best rss: None (since last: 1)
8.899E+02 ###   Best rss: None (since last: 1)
8.925E+02 ###   Best rss: None (since last: 1)
8.950E+02 ###   Best rss: None (since last: 1)
8.976E+02 ###   Best rss: None (since last: 1)
9.002E+02 ###   Best rss: None (since last: 1)
9.028E+02 ###   Best rss: None (since last: 1)
9.054E+02 ###   Best rss: None (since last: 1)
9.079E+02 ###   Best rss: None (since last: 1)
9.104E+02 ###   Best rss: None (since last: 1)
9.132E+02 ###   Best rss: None (since last: 1)
9.163E+02 ###   Best rss: None (since last: 1)
9.188E+02 ###   Best rss: None (since last: 1)
9.220E+02 ###   Best rss: None (since last: 1)
9.246E+02 ###   Best rss: None (since last: 1)
9.272E+02 ###   Best rss: None (since last: 1)
9.297E+02 ###   Best rss: None (since last: 1)
9.329E+02 ###   Best rss: None (since last: 1)
9.356E+02 ###   Best rss: None (since last: 1)
9.386E+02 ###   Best rss: None (since last: 1)
9.416E+02 ###   Best rss: None (since last: 1)
9.442E+02 ###   Best rss: None (since last: 1)
9.467E+02 ###   Best rss: None (since last: 1)
9.497E+02 ###   Best rss: None (since last: 1)
9.523E+02 ###   Best rss: None (since last: 1)
9.548E+02 ###   Best rss: None (since last: 1)
9.575E+02 ###   Best rss: None (since last: 1)
9.606E+02 ###   Best rss: None (since last: 1)
9.632E+02 ###   Best rss: None (since last: 1)
9.662E+02 ###   Best rss: None (since last: 1)
9.688E+02 ###   Best rss: None (since last: 1)
9.715E+02 ###   Best rss: None (since last: 1)
9.741E+02 ###   Best rss: None (since last: 1)
9.767E+02 ###   Best rss: None (since last: 1)
9.791E+02 ###   Best rss: None (since last: 1)
9.818E+02 ###   Best rss: None (since last: 1)
9.843E+02 ###   Best rss: None (since last: 1)
9.867E+02 ###   Best rss: None (since last: 1)
9.893E+02 ###   Best rss: None (since last: 1)
9.919E+02 ###   Best rss: None (since last: 1)
9.945E+02 ###   Best rss: None (since last: 1)
9.970E+02 ###   Best rss: None (since last: 1)
1.000E+03 ###   Best rss: None (since last: 1)
1.003E+03 ###   Best rss: None (since last: 1)
1.005E+03 ###   Best rss: None (since last: 1)
1.008E+03 ###   Best rss: None (since last: 1)
1.010E+03 ###   Best rss: None (since last: 1)
1.013E+03 ###   Best rss: None (since last: 1)
1.016E+03 ###   Best rss: None (since last: 1)
1.019E+03 ###   Best rss: None (since last: 1)
1.021E+03 ###   Best rss: None (since last: 1)
1.024E+03 ###   Best rss: None (since last: 1)
1.026E+03 ###   Best rss: None (since last: 1)
1.029E+03 ###   Best rss: None (since last: 1)
1.032E+03 ###   Best rss: None (since last: 1)
1.035E+03 ###   Best rss: None (since last: 1)
1.038E+03 ###   Best rss: None (since last: 1)
1.041E+03 ###   Best rss: None (since last: 1)
1.043E+03 ###   Best rss: None (since last: 1)
1.047E+03 ###   Best rss: None (since last: 1)
####TIME#############LOG#####################################################
1.049E+03 ###   Best rss: None (since last: 1)
1.052E+03 ###   Best rss: None (since last: 1)
1.054E+03 ###   Best rss: None (since last: 1)
1.057E+03 ###   Best rss: None (since last: 1)
1.060E+03 ###   Best rss: None (since last: 1)
1.063E+03 ###   Best rss: None (since last: 1)
1.065E+03 ###   Best rss: None (since last: 1)
1.068E+03 ###   Best rss: None (since last: 1)
1.071E+03 ###   Best rss: None (since last: 1)
1.073E+03 ###   Best rss: None (since last: 1)
1.076E+03 ###   Best rss: None (since last: 1)
1.079E+03 ###   Best rss: None (since last: 1)
1.082E+03 ###   Best rss: None (since last: 1)
1.084E+03 ###   Best rss: None (since last: 1)
1.087E+03 ###   Best rss: None (since last: 1)
1.089E+03 ###   Best rss: None (since last: 1)
1.092E+03 ###   Best rss: None (since last: 1)
1.095E+03 ###   Best rss: None (since last: 1)
1.097E+03 ###   Best rss: None (since last: 1)
1.100E+03 ###   Best rss: None (since last: 1)
1.102E+03 ###   Best rss: None (since last: 1)
1.105E+03 ###   Best rss: None (since last: 1)
1.108E+03 ###   Best rss: None (since last: 1)
1.110E+03 ###   Best rss: None (since last: 1)
1.113E+03 ###   Best rss: None (since last: 1)
1.116E+03 ###   Best rss: None (since last: 1)
1.119E+03 ###   Best rss: None (since last: 1)
1.121E+03 ###   Best rss: None (since last: 1)
1.124E+03 ###   Best rss: None (since last: 1)
1.127E+03 ###   Best rss: None (since last: 1)
1.129E+03 ###   Best rss: None (since last: 1)
1.132E+03 ###   Best rss: None (since last: 1)
1.135E+03 ###   Best rss: None (since last: 1)
1.138E+03 ###   Best rss: None (since last: 1)
1.140E+03 ###   Best rss: None (since last: 1)
1.143E+03 ###   Best rss: None (since last: 1)
1.146E+03 ###   Best rss: None (since last: 1)
1.149E+03 ###   Best rss: None (since last: 1)
1.151E+03 ###   Best rss: None (since last: 1)
1.154E+03 ###   Best rss: None (since last: 1)
1.157E+03 ###   Best rss: None (since last: 1)
1.159E+03 ###   Best rss: None (since last: 1)
1.162E+03 ###   Best rss: None (since last: 1)
1.164E+03 ###   Best rss: None (since last: 1)
1.167E+03 ###   Best rss: None (since last: 1)
1.169E+03 ###   Best rss: None (since last: 1)
1.172E+03 ###   Best rss: None (since last: 1)
1.175E+03 ###   Best rss: None (since last: 1)
1.177E+03 ###   Best rss: None (since last: 1)
1.180E+03 ###   Best rss: None (since last: 1)
1.182E+03 ###   Best rss: None (since last: 1)
1.185E+03 ###   Best rss: None (since last: 1)
1.187E+03 ###   Best rss: None (since last: 1)
1.190E+03 ###   Best rss: None (since last: 1)
1.192E+03 ###   Best rss: None (since last: 1)
1.195E+03 ###   Best rss: None (since last: 1)
1.198E+03 ###   Best rss: None (since last: 1)
1.200E+03 ###   Best rss: None (since last: 1)
1.203E+03 ###   Best rss: None (since last: 1)
1.206E+03 ###   Best rss: None (since last: 1)
1.208E+03 ###   Best rss: None (since last: 1)
1.212E+03 ###   Best rss: None (since last: 1)
1.214E+03 ###   Best rss: None (since last: 1)
1.217E+03 ###   Best rss: None (since last: 1)
1.219E+03 ###   Best rss: None (since last: 1)
1.222E+03 ###   Best rss: None (since last: 1)
1.225E+03 ###   Best rss: None (since last: 1)
1.228E+03 ###   Best rss: None (since last: 1)
1.231E+03 ###   Best rss: None (since last: 1)
1.234E+03 ###   Best rss: None (since last: 1)
1.236E+03 ###   Best rss: None (since last: 1)
1.239E+03 ###   Best rss: None (since last: 1)
1.242E+03 ###   Best rss: None (since last: 1)
1.244E+03 ###   Best rss: None (since last: 1)
1.247E+03 ###   Best rss: None (since last: 1)
1.250E+03 ###   Best rss: None (since last: 1)
1.252E+03 ###   Best rss: None (since last: 1)
1.255E+03 ###   Best rss: None (since last: 1)
1.257E+03 ###   Best rss: None (since last: 1)
1.260E+03 ###   Best rss: None (since last: 1)
1.262E+03 ###   Best rss: None (since last: 1)
1.265E+03 ###   Best rss: None (since last: 1)
1.267E+03 ###   Best rss: None (since last: 1)
1.270E+03 ###   Best rss: None (since last: 1)
1.273E+03 ###   Best rss: None (since last: 1)
1.275E+03 ###   Best rss: None (since last: 1)
1.278E+03 ###   Best rss: None (since last: 1)
1.281E+03 ###   Best rss: None (since last: 1)
1.283E+03 ###   Best rss: None (since last: 1)
1.286E+03 ###   Best rss: None (since last: 1)
1.289E+03 ###   Best rss: None (since last: 1)
1.291E+03 ###   Best rss: None (since last: 1)
1.294E+03 ###   Best rss: None (since last: 1)
1.296E+03 ###   Best rss: None (since last: 1)
1.299E+03 ###   Best rss: None (since last: 1)
1.302E+03 ###   Best rss: None (since last: 1)
1.304E+03 ###   Best rss: None (since last: 1)
1.307E+03 ###   Best rss: None (since last: 1)
1.310E+03 ###   Best rss: None (since last: 1)
1.313E+03 ###   Best rss: None (since last: 1)
####TIME#############LOG#####################################################
1.316E+03 ###   Best rss: None (since last: 1)
1.319E+03 ###   Best rss: None (since last: 1)
1.321E+03 ###   Best rss: None (since last: 1)
1.324E+03 ###   Best rss: None (since last: 1)
1.327E+03 ###   Best rss: None (since last: 1)
1.330E+03 ###   Best rss: None (since last: 1)
1.332E+03 ###   Best rss: None (since last: 1)
1.335E+03 ###   Best rss: None (since last: 1)
1.338E+03 ###   Best rss: None (since last: 1)
1.341E+03 ###   Best rss: None (since last: 1)
1.343E+03 ###   Best rss: None (since last: 1)
1.346E+03 ###   Best rss: None (since last: 1)
1.349E+03 ###   Best rss: None (since last: 1)
1.352E+03 ###   Best rss: None (since last: 1)
1.354E+03 ###   Best rss: None (since last: 1)
1.357E+03 ###   Best rss: None (since last: 1)
1.360E+03 ###   Best rss: None (since last: 1)
1.362E+03 ###   Best rss: None (since last: 1)
1.365E+03 ###   Best rss: None (since last: 1)
1.367E+03 ###   Best rss: None (since last: 1)
1.370E+03 ###   Best rss: None (since last: 1)
1.372E+03 ###   Best rss: None (since last: 1)
1.375E+03 ###   Best rss: None (since last: 1)
1.377E+03 ###   Best rss: None (since last: 1)
1.380E+03 ###   Best rss: None (since last: 1)
1.383E+03 ###   Best rss: None (since last: 1)
1.385E+03 ###   Best rss: None (since last: 1)
1.388E+03 ###   Best rss: None (since last: 1)
1.390E+03 ###   Best rss: None (since last: 1)
1.393E+03 ###   Best rss: None (since last: 1)
1.395E+03 ###   Best rss: None (since last: 1)
1.398E+03 ###   Best rss: None (since last: 1)
1.401E+03 ###   Best rss: None (since last: 1)
1.404E+03 ###   Best rss: None (since last: 1)
1.407E+03 ###   Best rss: None (since last: 1)
1.409E+03 ###   Best rss: None (since last: 1)
1.412E+03 ###   Best rss: None (since last: 1)
1.415E+03 ###   Best rss: None (since last: 1)
1.418E+03 ###   Best rss: None (since last: 1)
1.421E+03 ###   Best rss: None (since last: 1)
1.423E+03 ###   Best rss: None (since last: 1)
1.426E+03 ###   Best rss: None (since last: 1)
1.429E+03 ###   Best rss: None (since last: 1)
1.432E+03 ###   Best rss: None (since last: 1)
1.434E+03 ###   Best rss: None (since last: 1)
1.437E+03 ###   Best rss: None (since last: 1)
1.439E+03 ###   Best rss: None (since last: 1)
1.442E+03 ###   Best rss: None (since last: 1)
1.445E+03 ###   Best rss: None (since last: 1)
1.447E+03 ###   Best rss: None (since last: 1)
1.450E+03 ###   Best rss: None (since last: 1)
1.453E+03 ###   Best rss: None (since last: 1)
1.455E+03 ###   Best rss: None (since last: 1)
1.458E+03 ###   Best rss: None (since last: 1)
1.460E+03 ###   Best rss: None (since last: 1)
1.463E+03 ###   Best rss: None (since last: 1)
1.465E+03 ###   Best rss: None (since last: 1)
1.468E+03 ###   Best rss: None (since last: 1)
1.471E+03 ###   Best rss: None (since last: 1)
1.474E+03 ###   Best rss: None (since last: 1)
1.477E+03 ###   Best rss: None (since last: 1)
1.480E+03 ###   Best rss: None (since last: 1)
1.483E+03 ###   Best rss: None (since last: 1)
1.487E+03 ###   Best rss: None (since last: 1)
1.490E+03 ###   Best rss: None (since last: 1)
1.493E+03 ###   Best rss: None (since last: 1)
1.495E+03 ###   Best rss: None (since last: 1)
1.498E+03 ###   Best rss: None (since last: 1)
1.501E+03 ###   Best rss: None (since last: 1)
1.503E+03 ###   Best rss: None (since last: 1)
1.506E+03 ###   Best rss: None (since last: 1)
1.508E+03 ###   Best rss: None (since last: 1)
1.511E+03 ###   Best rss: None (since last: 1)
1.514E+03 ###   Best rss: None (since last: 1)
1.516E+03 ###   Best rss: None (since last: 1)
1.519E+03 ###   Best rss: None (since last: 1)
1.522E+03 ###   Best rss: None (since last: 1)
1.524E+03 ###   Best rss: None (since last: 1)
1.527E+03 ###   Best rss: None (since last: 1)
1.530E+03 ###   Best rss: None (since last: 1)
1.532E+03 ###   Best rss: None (since last: 1)
1.535E+03 ###   Best rss: None (since last: 1)
1.537E+03 ###   Best rss: None (since last: 1)
1.541E+03 ###   Best rss: None (since last: 1)
1.543E+03 ###   Best rss: None (since last: 1)
1.546E+03 ###   Best rss: None (since last: 1)
1.549E+03 ###   Best rss: None (since last: 1)
1.551E+03 ###   Best rss: None (since last: 1)
1.554E+03 ###   Best rss: None (since last: 1)
1.557E+03 ###   Best rss: None (since last: 1)
1.559E+03 ###   Best rss: None (since last: 1)
1.562E+03 ###   Best rss: None (since last: 1)
1.565E+03 ###   Best rss: None (since last: 1)
1.567E+03 ###   Best rss: None (since last: 1)
1.570E+03 ###   Best rss: None (since last: 1)
1.573E+03 ###   Best rss: None (since last: 1)
1.575E+03 ###   Best rss: None (since last: 1)
1.578E+03 ###   Best rss: None (since last: 1)
1.581E+03 ###   Best rss: None (since last: 1)
1.584E+03 ###   Best rss: None (since last: 1)
####TIME#############LOG#####################################################
1.587E+03 ###   Best rss: None (since last: 1)
1.590E+03 ###   Best rss: None (since last: 1)
1.593E+03 ###   Best rss: None (since last: 1)
1.596E+03 ###   Best rss: None (since last: 1)
1.598E+03 ###   Best rss: None (since last: 1)
1.601E+03 ###   Best rss: None (since last: 1)
1.603E+03 ###   Best rss: None (since last: 1)
1.606E+03 ###   Best rss: None (since last: 1)
1.609E+03 ###   Best rss: None (since last: 1)
1.611E+03 ###   Best rss: None (since last: 1)
1.614E+03 ###   Best rss: None (since last: 1)
1.616E+03 ###   Best rss: None (since last: 1)
1.619E+03 ###   Best rss: None (since last: 1)
1.622E+03 ###   Best rss: None (since last: 1)
1.624E+03 ###   Best rss: None (since last: 1)
1.627E+03 ###   Best rss: None (since last: 1)
1.630E+03 ###   Best rss: None (since last: 1)
1.632E+03 ###   Best rss: None (since last: 1)
1.635E+03 ###   Best rss: None (since last: 1)
1.638E+03 ###   Best rss: None (since last: 1)
1.640E+03 ###   Best rss: None (since last: 1)
1.643E+03 ###   Best rss: None (since last: 1)
1.646E+03 ###   Best rss: None (since last: 1)
1.648E+03 ###   Best rss: None (since last: 1)
1.651E+03 ###   Best rss: None (since last: 1)
1.654E+03 ###   Best rss: None (since last: 1)
1.656E+03 ###   Best rss: None (since last: 1)
1.659E+03 ###   Best rss: None (since last: 1)
1.662E+03 ###   Best rss: None (since last: 1)
1.664E+03 ###   Best rss: None (since last: 1)
1.667E+03 ###   Best rss: None (since last: 1)
1.670E+03 ###   Best rss: None (since last: 1)
1.672E+03 ###   Best rss: None (since last: 1)
1.675E+03 ###   Best rss: None (since last: 1)
1.677E+03 ###   Best rss: None (since last: 1)
1.680E+03 ###   Best rss: None (since last: 1)
1.683E+03 ###   Best rss: None (since last: 1)
1.685E+03 ###   Best rss: None (since last: 1)
1.688E+03 ###   Best rss: None (since last: 1)
1.691E+03 ###   Best rss: None (since last: 1)
1.693E+03 ###   Best rss: None (since last: 1)
1.696E+03 ###   Best rss: None (since last: 1)
1.698E+03 ###   Best rss: None (since last: 1)
1.701E+03 ###   Best rss: None (since last: 1)
1.704E+03 ###   Best rss: None (since last: 1)
1.707E+03 ###   Best rss: None (since last: 1)
1.709E+03 ###   Best rss: None (since last: 1)
1.712E+03 ###   Best rss: None (since last: 1)
1.715E+03 ###   Best rss: None (since last: 1)
1.717E+03 ###   Best rss: None (since last: 1)
1.720E+03 ###   Best rss: None (since last: 1)
1.722E+03 ###   Best rss: None (since last: 1)
1.725E+03 ###   Best rss: None (since last: 1)
1.728E+03 ###   Best rss: None (since last: 1)
1.730E+03 ###   Best rss: None (since last: 1)
1.733E+03 ###   Best rss: None (since last: 1)
1.735E+03 ###   Best rss: None (since last: 1)
1.738E+03 ###   Best rss: None (since last: 1)
1.741E+03 ###   Best rss: None (since last: 1)
1.743E+03 ###   Best rss: None (since last: 1)
1.746E+03 ###   Best rss: None (since last: 1)
1.748E+03 ###   Best rss: None (since last: 1)
1.751E+03 ###   Best rss: None (since last: 1)
1.754E+03 ###   Best rss: None (since last: 1)
1.756E+03 ###   Best rss: None (since last: 1)
1.759E+03 ###   Best rss: None (since last: 1)
1.762E+03 ###   Best rss: None (since last: 1)
1.764E+03 ###   Best rss: None (since last: 1)
1.767E+03 ###   Best rss: None (since last: 1)
1.770E+03 ###   Best rss: None (since last: 1)
1.772E+03 ###   Best rss: None (since last: 1)
1.775E+03 ###   Best rss: None (since last: 1)
1.778E+03 ###   Best rss: None (since last: 1)
1.780E+03 ###   Best rss: None (since last: 1)
1.783E+03 ###   Best rss: None (since last: 1)
1.786E+03 ###   Best rss: None (since last: 1)
1.788E+03 ###   Best rss: None (since last: 1)
1.791E+03 ###   Best rss: None (since last: 1)
1.794E+03 ###   Best rss: None (since last: 1)
1.796E+03 ###   Best rss: None (since last: 1)
1.799E+03 ###   Best rss: None (since last: 1)
1.802E+03 ###   Best rss: None (since last: 1)
1.804E+03 ###   Best rss: None (since last: 1)
1.807E+03 ###   Best rss: None (since last: 1)
1.810E+03 ###   Best rss: None (since last: 1)
1.812E+03 ###   Best rss: None (since last: 1)
1.815E+03 ###   Best rss: None (since last: 1)
1.817E+03 ###   Best rss: None (since last: 1)
1.820E+03 ###   Best rss: None (since last: 1)
1.823E+03 ###   Best rss: None (since last: 1)
1.825E+03 ###   Best rss: None (since last: 1)
1.829E+03 ###   Best rss: None (since last: 1)
1.832E+03 ###   Best rss: None (since last: 1)
1.835E+03 ###   Best rss: None (since last: 1)
1.838E+03 ###   Best rss: None (since last: 1)
1.840E+03 ###   Best rss: None (since last: 1)
1.843E+03 ###   Best rss: None (since last: 1)
1.845E+03 ###   Best rss: None (since last: 1)
1.849E+03 ###   Best rss: None (since last: 1)
1.851E+03 ###   Best rss: None (since last: 1)
####TIME#############LOG#####################################################
1.854E+03 ###   Best rss: None (since last: 1)
1.857E+03 ###   Best rss: None (since last: 1)
1.859E+03 ###   Best rss: None (since last: 1)
1.862E+03 ###   Best rss: None (since last: 1)
1.865E+03 ###   Best rss: None (since last: 1)
1.868E+03 ###   Best rss: None (since last: 1)
1.871E+03 ###   Best rss: None (since last: 1)
1.874E+03 ###   Best rss: None (since last: 1)
1.877E+03 ###   Best rss: None (since last: 1)
1.880E+03 ###   Best rss: None (since last: 1)
1.883E+03 ###   Best rss: None (since last: 1)
1.885E+03 ###   Best rss: None (since last: 1)
1.888E+03 ###   Best rss: None (since last: 1)
1.891E+03 ###   Best rss: None (since last: 1)
1.894E+03 ###   Best rss: None (since last: 1)
1.896E+03 ###   Best rss: None (since last: 1)
1.900E+03 ###   Best rss: None (since last: 1)
1.902E+03 ###   Best rss: None (since last: 1)
1.905E+03 ###   Best rss: None (since last: 1)
1.907E+03 ###   Best rss: None (since last: 1)
1.910E+03 ###   Best rss: None (since last: 1)
1.913E+03 ###   Best rss: None (since last: 1)
1.916E+03 ###   Best rss: None (since last: 1)
1.919E+03 ###   Best rss: None (since last: 1)
1.922E+03 ###   Best rss: None (since last: 1)
1.924E+03 ###   Best rss: None (since last: 1)
1.927E+03 ###   Best rss: None (since last: 1)
1.929E+03 ###   Best rss: None (since last: 1)
1.932E+03 ###   Best rss: None (since last: 1)
1.935E+03 ###   Best rss: None (since last: 1)
1.937E+03 ###   Best rss: None (since last: 1)
1.940E+03 ###   Best rss: None (since last: 1)
1.943E+03 ###   Best rss: None (since last: 1)
1.945E+03 ###   Best rss: None (since last: 1)
1.948E+03 ###   Best rss: None (since last: 1)
1.950E+03 ###   Best rss: None (since last: 1)
1.953E+03 ###   Best rss: None (since last: 1)
1.956E+03 ###   Best rss: None (since last: 1)
1.958E+03 ###   Best rss: None (since last: 1)
1.961E+03 ###   Best rss: None (since last: 1)
1.963E+03 ###   Best rss: None (since last: 1)
1.966E+03 ###   Best rss: None (since last: 1)
1.969E+03 ###   Best rss: None (since last: 1)
1.972E+03 ###   Best rss: None (since last: 1)
1.974E+03 ###   Best rss: None (since last: 1)
1.977E+03 ###   Best rss: None (since last: 1)
1.979E+03 ###   Best rss: None (since last: 1)
1.982E+03 ###   Best rss: None (since last: 1)
1.984E+03 ###   Best rss: None (since last: 1)
1.987E+03 ###   Best rss: None (since last: 1)
1.990E+03 ###   Best rss: None (since last: 1)
1.993E+03 ###   Best rss: None (since last: 1)
1.995E+03 ###   Best rss: None (since last: 1)
1.998E+03 ###   Best rss: None (since last: 1)
2.001E+03 ###   Best rss: None (since last: 1)
2.004E+03 ###   Best rss: None (since last: 1)
2.006E+03 ###   Best rss: None (since last: 1)
2.009E+03 ###   Best rss: None (since last: 1)
2.011E+03 ###   Best rss: None (since last: 1)
2.014E+03 ###   Best rss: None (since last: 1)
2.016E+03 ###   Best rss: None (since last: 1)
2.019E+03 ###   Best rss: None (since last: 1)
2.021E+03 ###   Best rss: None (since last: 1)
2.024E+03 ###   Best rss: None (since last: 1)
2.027E+03 ###   Best rss: None (since last: 1)
2.030E+03 ###   Best rss: None (since last: 1)
2.032E+03 ###   Best rss: None (since last: 1)
2.035E+03 ###   Best rss: None (since last: 1)
2.038E+03 ###   Best rss: None (since last: 1)
2.040E+03 ###   Best rss: None (since last: 1)
2.043E+03 ###   Best rss: None (since last: 1)
2.045E+03 ###   Best rss: None (since last: 1)
2.048E+03 ###   Best rss: None (since last: 1)
2.051E+03 ###   Best rss: None (since last: 1)
2.054E+03 ###   Best rss: None (since last: 1)
2.057E+03 ###   Best rss: None (since last: 1)
2.059E+03 ###   Best rss: None (since last: 1)
2.063E+03 ###   Best rss: None (since last: 1)
2.066E+03 ###   Best rss: None (since last: 1)
2.069E+03 ###   Best rss: None (since last: 1)
2.072E+03 ###   Best rss: None (since last: 1)
2.075E+03 ###   Best rss: None (since last: 1)
2.077E+03 ###   Best rss: None (since last: 1)
2.080E+03 ###   Best rss: None (since last: 1)
2.082E+03 ###   Best rss: None (since last: 1)
2.085E+03 ###   Best rss: None (since last: 1)
2.088E+03 ###   Best rss: None (since last: 1)
2.091E+03 ###   Best rss: None (since last: 1)
2.094E+03 ###   Best rss: None (since last: 1)
2.096E+03 ###   Best rss: None (since last: 1)
2.099E+03 ###   Best rss: None (since last: 1)
2.102E+03 ###   Best rss: None (since last: 1)
2.104E+03 ###   Best rss: None (since last: 1)
2.107E+03 ###   Best rss: None (since last: 1)
2.110E+03 ###   Best rss: None (since last: 1)
2.113E+03 ###   Best rss: None (since last: 1)
2.116E+03 ###   Best rss: None (since last: 1)
2.118E+03 ###   Best rss: None (since last: 1)
2.121E+03 ###   Best rss: None (since last: 1)
2.124E+03 ###   Best rss: None (since last: 1)
####TIME#############LOG#####################################################
2.127E+03 ###   Best rss: None (since last: 1)
2.130E+03 ###   Best rss: None (since last: 1)
2.132E+03 ###   Best rss: None (since last: 1)
2.135E+03 ###   Best rss: None (since last: 1)
2.137E+03 ###   Best rss: None (since last: 1)
2.140E+03 ###   Best rss: None (since last: 1)
2.143E+03 ###   Best rss: None (since last: 1)
2.145E+03 ###   Best rss: None (since last: 1)
2.148E+03 ###   Best rss: None (since last: 1)
2.151E+03 ###   Best rss: None (since last: 1)
2.153E+03 ###   Best rss: None (since last: 1)
2.156E+03 ###   Best rss: None (since last: 1)
2.158E+03 ###   Best rss: None (since last: 1)
2.161E+03 ###   Best rss: None (since last: 1)
2.164E+03 ###   Best rss: None (since last: 1)
2.167E+03 ###   Best rss: None (since last: 1)
2.171E+03 ###   Best rss: None (since last: 1)
2.174E+03 ###   Best rss: None (since last: 1)
2.176E+03 ###   Best rss: None (since last: 1)
2.179E+03 ###   Best rss: None (since last: 1)
2.182E+03 ###   Best rss: None (since last: 1)
2.184E+03 ###   Best rss: None (since last: 1)
2.188E+03 ###   Best rss: None (since last: 1)
2.190E+03 ###   Best rss: None (since last: 1)
2.193E+03 ###   Best rss: None (since last: 1)
2.196E+03 ###   Best rss: None (since last: 1)
2.199E+03 ###   Best rss: None (since last: 1)
2.201E+03 ###   Best rss: None (since last: 1)
2.204E+03 ###   Best rss: None (since last: 1)
2.207E+03 ###   Best rss: None (since last: 1)
2.210E+03 ###   Best rss: None (since last: 1)
2.213E+03 ###   Best rss: None (since last: 1)
2.216E+03 ###   Best rss: None (since last: 1)
2.219E+03 ###   Best rss: None (since last: 1)
2.221E+03 ###   Best rss: None (since last: 1)
2.224E+03 ###   Best rss: None (since last: 1)
2.227E+03 ###   Best rss: None (since last: 1)
2.230E+03 ###   Best rss: None (since last: 1)
2.233E+03 ###   Best rss: None (since last: 1)
2.235E+03 ###   Best rss: None (since last: 1)
2.238E+03 ###   Best rss: None (since last: 1)
2.241E+03 ###   Best rss: None (since last: 1)
2.243E+03 ###   Best rss: None (since last: 1)
2.246E+03 ###   Best rss: None (since last: 1)
2.248E+03 ###   Best rss: None (since last: 1)
2.251E+03 ###   Best rss: None (since last: 1)
2.254E+03 ###   Best rss: None (since last: 1)
2.257E+03 ###   Best rss: None (since last: 1)
2.260E+03 ###   Best rss: None (since last: 1)
2.263E+03 ###   Best rss: None (since last: 1)
2.266E+03 ###   Best rss: None (since last: 1)
2.269E+03 ###   Best rss: None (since last: 1)
2.272E+03 ###   Best rss: None (since last: 1)
2.275E+03 ###   Best rss: None (since last: 1)
2.278E+03 ###   Best rss: None (since last: 1)
2.280E+03 ###   Best rss: None (since last: 1)
2.284E+03 ###   Best rss: None (since last: 1)
2.286E+03 ###   Best rss: None (since last: 1)
2.289E+03 ###   Best rss: None (since last: 1)
2.292E+03 ###   Best rss: None (since last: 1)
2.295E+03 ###   Best rss: None (since last: 1)
2.298E+03 ###   Best rss: None (since last: 1)
2.300E+03 ###   Best rss: None (since last: 1)
2.303E+03 ###   Best rss: None (since last: 1)
2.306E+03 ###   Best rss: None (since last: 1)
2.309E+03 ###   Best rss: None (since last: 1)
2.312E+03 ###   Best rss: None (since last: 1)
2.315E+03 ###   Best rss: None (since last: 1)
2.318E+03 ###   Best rss: None (since last: 1)
2.320E+03 ###   Best rss: None (since last: 1)
2.323E+03 ###   Best rss: None (since last: 1)
2.326E+03 ###   Best rss: None (since last: 1)
2.329E+03 ###   Best rss: None (since last: 1)
2.331E+03 ###   Best rss: None (since last: 1)
2.334E+03 ###   Best rss: None (since last: 1)
2.337E+03 ###   Best rss: None (since last: 1)
2.340E+03 ###   Best rss: None (since last: 1)
2.343E+03 ###   Best rss: None (since last: 1)
2.345E+03 ###   Best rss: None (since last: 1)
2.348E+03 ###   Best rss: None (since last: 1)
2.351E+03 ###   Best rss: None (since last: 1)
2.354E+03 ###   Best rss: None (since last: 1)
2.356E+03 ###   Best rss: None (since last: 1)
2.360E+03 ###   Best rss: None (since last: 1)
2.363E+03 ###   Best rss: None (since last: 1)
2.366E+03 ###   Best rss: None (since last: 1)
2.370E+03 ###   Best rss: None (since last: 1)
2.373E+03 ###   Best rss: None (since last: 1)
2.376E+03 ###   Best rss: None (since last: 1)
2.382E+03 ###   Best rss: None (since last: 1)
2.384E+03 ###   Best rss: None (since last: 1)
2.387E+03 ###   Best rss: None (since last: 1)
2.390E+03 ###   Best rss: None (since last: 1)
2.393E+03 ###   Best rss: None (since last: 1)
2.396E+03 ###   Best rss: None (since last: 1)
2.398E+03 ###   Best rss: None (since last: 1)
2.401E+03 ###   Best rss: None (since last: 1)
2.407E+03 ###   Best rss: None (since last: 1)
2.409E+03 ###   Best rss: None (since last: 1)
2.412E+03 ###   Best rss: None (since last: 1)
####TIME#############LOG#####################################################
2.418E+03 ###   Best rss: None (since last: 1)
2.421E+03 ###   Best rss: None (since last: 1)
2.426E+03 ###   Best rss: None (since last: 1)
2.428E+03 ###   Best rss: None (since last: 1)
2.433E+03 ###   Best rss: None (since last: 1)
2.436E+03 ###   Best rss: None (since last: 1)
2.440E+03 ###   Best rss: None (since last: 1)
2.449E+03 ###   Best rss: None (since last: 1)
2.449E+03 ###   Fit time: 2447.798482656479