#############################################################################
3.823E-01 ###   Thu, 19 Nov 2020 07:56:03 +0000
#############################################################################

####TIME#############LOG#####################################################
5.183E-01 ###   Script: /cloud/Code/python/eampa/eampa.py
5.531E-01 ###   Loaded: input.in
#############################################
  Read Input
  Time: 5.862E-01
#############################################
6.200E-01 ###   fit
6.539E-01 ###   a0: 10.0
6.539E-01 ###   b0: 1.0
6.539E-01 ###   bp: 1.0
6.539E-01 ###   config: 1.0
6.539E-01 ###   e: 1.0
6.539E-01 ###   e0: 1.0
6.539E-01 ###   ec: 10.0
6.539E-01 ###   energy: 1.0
6.539E-01 ###   force: 1.0
6.539E-01 ###   g: 1.0
6.539E-01 ###   stress: 1.0
6.539E-01 ###   v: 1.0
6.539E-01 ###   
6.881E-01 ###   cycles: 1
6.881E-01 ###   enhance_every: 10
6.881E-01 ###   enhance_top: 10
6.881E-01 ###   exct_every: 5
6.881E-01 ###   exct_factor: 0.6
6.881E-01 ###   exct_top_bias: 0.5
6.881E-01 ###   exct_var: 0.1
6.881E-01 ###   fresh_size: 4
6.881E-01 ###   fresh_we: 2.0
6.881E-01 ###   fresh_ws: 0.1
6.881E-01 ###   gen_var_factor: 0.95
6.881E-01 ###   gens: 8
6.881E-01 ###   mutate_chance: 0.05
6.881E-01 ###   mutate_scale: 2.0
6.881E-01 ###   no_clone_var: 0.05
6.882E-01 ###   no_clones: True
6.882E-01 ###   pool_size: 5000
6.882E-01 ###   pop_size: 10
6.882E-01 ###   rescale_default: 0.6
6.882E-01 ###   rescale_density: 2
6.882E-01 ###   rescale_max: 0.9
6.882E-01 ###   rescale_min: 0.3
6.882E-01 ###   sane_fraction: 0.95
6.882E-01 ###   sane_seeds_a: 1000
6.882E-01 ###   sane_seeds_b: 2000
6.882E-01 ###   spline_cycles: 0
6.882E-01 ###   spline_gens: 4
6.882E-01 ###   wide_end: 15.0
6.882E-01 ###   wide_start: 0.4
6.882E-01 ###   
7.218E-01 ###   pot_dir: None
7.218E-01 ###   pot_name: None
7.218E-01 ###   results_dir: results
7.218E-01 ###   
7.558E-01 ###   bp_file: bp.dat
7.558E-01 ###   dir: bp
7.558E-01 ###   ec_size: 6
7.558E-01 ###   ec_strain: 0.001
7.558E-01 ###   eos_size: 6
7.558E-01 ###   eos_strain: 0.001
7.558E-01 ###   
7.897E-01 ###   FE1: FE
7.897E-01 ###   FE2: FE
7.897E-01 ###   FE3: FE
7.897E-01 ###   FE4: FE
7.897E-01 ###   
8.239E-01 ###   1: {'label_id': 1, 'label_text': 'AL', 'atom_count': 32, 'relaxed_energy': -1264.06398979, 'relaxed_energy_unit': 'Ry', 'coh_energy': -3.36, 'coh_energy_unit': 'eV', 'calc_relaxed_dft_ev': -537.454181036, 'calc_coh_ev': -3.36, 'calc_apaev': 534.094181036}
8.239E-01 ###   2: {'label_id': 2, 'label_text': 'FE', 'atom_count': 16, 'relaxed_energy': -5268.188, 'relaxed_energy_unit': 'Ry', 'coh_energy': -4.316, 'coh_energy_unit': 'eV', 'calc_relaxed_dft_ev': -4479.851795407, 'calc_coh_ev': -4.316, 'calc_apaev': 4475.5357954070005}
8.239E-01 ###   3: {'label_id': 3, 'label_text': 'PD', 'atom_count': 32, 'relaxed_energy': -16384.958, 'relaxed_energy_unit': 'Ry', 'coh_energy': -3.91, 'coh_energy_unit': 'eV', 'calc_relaxed_dft_ev': -6966.549363269, 'calc_coh_ev': -3.91, 'calc_apaev': 6962.639363269001}
8.239E-01 ###   
#############################################
  Setup Directories
  Time: 8.576E-01
#############################################
8.916E-01 ###   WD: wd/wd
9.262E-01 ###   wd   wd/wd
9.603E-01 ###   input   wd/wd/input
9.937E-01 ###   output   wd/wd/output
1.028E+00 ###   results   wd/wd/results
1.062E+00 ###   plots   wd/wd/plots
1.096E+00 ###   configs   wd/wd/configs
1.130E+00 ###   fitting   wd/wd/fitting
1.164E+00 ###   fitting_generations   wd/wd/fitting/generations
1.197E+00 ###   fitting_finished   wd/wd/fitting/finished
#############################################
  Memory
  Time: 1.231E+00
#############################################
1.265E+00 ###   EFS 2000000000.0
1.299E+00 ###   config size       255102
1.333E+00 ###   ghost size        3061224
1.378E+00 ###   nl size           25510204
1.412E+00 ###   BP 2000000000.0
1.446E+00 ###   config size       255102
1.490E+00 ###   ghost size        3061224
1.524E+00 ###   nl size           25510204
#############################################
  Potential Load
  Time: 1.558E+00
#############################################
1.604E+00 ###   Potential file: pot/fe/fe.pot
1.637E+00 ###   Loading: pot/fe/fe.pot
1.677E+00 ###   Load zbl
1.716E+00 ###   --zbl---
1.750E+00 ###   id_1: 2
1.750E+00 ###   id_2: 2
1.750E+00 ###   on: True
1.750E+00 ###   ra: 1.0
1.750E+00 ###   rb: 1.5
1.750E+00 ###   spline_type: 1
1.750E+00 ###   z1: 26.0
1.750E+00 ###   z2: 26.0
1.750E+00 ###   
1.784E+00 ###   --zbl---
1.829E+00 ###   id_1: 2
1.829E+00 ###   id_2: 3
1.829E+00 ###   on: True
1.829E+00 ###   ra: 1.0
1.829E+00 ###   rb: 1.5
1.829E+00 ###   spline_type: 1
1.829E+00 ###   z1: 26.0
1.829E+00 ###   z2: 46.0
1.829E+00 ###   
1.863E+00 ###   --zbl---
1.897E+00 ###   id_1: 3
1.897E+00 ###   id_2: 3
1.897E+00 ###   on: True
1.897E+00 ###   ra: 1.0
1.897E+00 ###   rb: 1.5
1.897E+00 ###   spline_type: 1
1.897E+00 ###   z1: 46.0
1.897E+00 ###   z2: 46.0
1.897E+00 ###   
3.413E+00 ###   qe  configs/fe_fcc_eos/eos_004.out
3.476E+00 ###   qe  configs/fe_fcc_eos/eos_002.out
3.532E+00 ###   qe  configs/fe_fcc_eos/eos_005.out
3.606E+00 ###   qe  configs/fe_fcc_eos/eos_006.out
3.663E+00 ###   qe  configs/fe_fcc_eos/eos_001.out
3.720E+00 ###   qe  configs/fe_fcc_eos/eos_007.out
3.777E+00 ###   qe  configs/fe_fcc_eos/eos_003.out
3.834E+00 ###   qe  configs/fe_fcc_ec/ec_4_005.out
3.890E+00 ###   qe  configs/fe_fcc_ec/ec_6_006.out
3.947E+00 ###   qe  configs/fe_fcc_ec/ec_7_006.out
4.005E+00 ###   qe  configs/fe_fcc_ec/ec_7_001.out
4.062E+00 ###   qe  configs/fe_fcc_ec/ec_9_005.out
4.118E+00 ###   qe  configs/fe_fcc_ec/ec_3_003.out
4.177E+00 ###   qe  configs/fe_fcc_ec/ec_4_001.out
4.232E+00 ###   qe  configs/fe_fcc_ec/ec_6_007.out
4.296E+00 ###   qe  configs/fe_fcc_ec/ec_6_001.out
4.346E+00 ###   qe  configs/fe_fcc_ec/ec_1_007.out
4.404E+00 ###   qe  configs/fe_fcc_ec/ec_3_004.out
4.461E+00 ###   qe  configs/fe_fcc_ec/ec_6_003.out
4.517E+00 ###   qe  configs/fe_fcc_ec/ec_1_006.out
4.575E+00 ###   qe  configs/fe_fcc_ec/ec_2_002.out
4.631E+00 ###   qe  configs/fe_fcc_ec/ec_4_004.out
5.010E+00 ###   qe  configs/fe_fcc_ec/ec_6_004.out
5.067E+00 ###   qe  configs/fe_fcc_ec/ec_2_006.out
5.123E+00 ###   qe  configs/fe_fcc_ec/ec_8_004.out
5.181E+00 ###   qe  configs/fe_fcc_ec/ec_7_004.out
5.238E+00 ###   qe  configs/fe_fcc_ec/ec_2_005.out
5.294E+00 ###   qe  configs/fe_fcc_ec/ec_2_004.out
5.367E+00 ###   qe  configs/fe_fcc_ec/ec_8_007.out
5.424E+00 ###   qe  configs/fe_fcc_ec/ec_5_003.out
5.484E+00 ###   qe  configs/fe_fcc_ec/ec_7_002.out
5.541E+00 ###   qe  configs/fe_fcc_ec/ec_1_001.out
5.595E+00 ###   qe  configs/fe_fcc_ec/ec_3_007.out
5.653E+00 ###   qe  configs/fe_fcc_ec/ec_5_006.out
5.709E+00 ###   qe  configs/fe_fcc_ec/ec_1_003.out
5.784E+00 ###   qe  configs/fe_fcc_ec/ec_5_005.out
5.852E+00 ###   qe  configs/fe_fcc_ec/ec_3_005.out
5.908E+00 ###   qe  configs/fe_fcc_ec/ec_4_006.out
5.965E+00 ###   qe  configs/fe_fcc_ec/ec_5_001.out
6.023E+00 ###   qe  configs/fe_fcc_ec/ec_3_001.out
6.079E+00 ###   qe  configs/fe_fcc_ec/ec_9_001.out
6.135E+00 ###   qe  configs/fe_fcc_ec/ec_9_002.out
6.194E+00 ###   qe  configs/fe_fcc_ec/ec_8_001.out
6.250E+00 ###   qe  configs/fe_fcc_ec/ec_1_005.out
6.306E+00 ###   qe  configs/fe_fcc_ec/ec_8_002.out
6.363E+00 ###   qe  configs/fe_fcc_ec/ec_2_001.out
6.420E+00 ###   qe  configs/fe_fcc_ec/ec_1_004.out
6.477E+00 ###   qe  configs/fe_fcc_ec/ec_7_007.out
6.534E+00 ###   qe  configs/fe_fcc_ec/ec_3_006.out
6.591E+00 ###   qe  configs/fe_fcc_ec/ec_5_007.out
6.649E+00 ###   qe  configs/fe_fcc_ec/ec_4_007.out
6.705E+00 ###   qe  configs/fe_fcc_ec/ec_2_003.out
6.761E+00 ###   qe  configs/fe_fcc_ec/ec_3_002.out
6.818E+00 ###   qe  configs/fe_fcc_ec/ec_6_002.out
6.878E+00 ###   qe  configs/fe_fcc_ec/ec_6_005.out
6.933E+00 ###   qe  configs/fe_fcc_ec/ec_5_002.out
6.991E+00 ###   qe  configs/fe_fcc_ec/ec_4_002.out
7.046E+00 ###   qe  configs/fe_fcc_ec/ec_5_004.out
7.104E+00 ###   qe  configs/fe_fcc_ec/ec_9_003.out
7.183E+00 ###   qe  configs/fe_fcc_ec/ec_4_003.out
7.248E+00 ###   qe  configs/fe_fcc_ec/ec_8_003.out
7.308E+00 ###   qe  configs/fe_fcc_ec/ec_8_006.out
####TIME#############LOG#####################################################
7.424E+00 ###   qe  configs/fe_fcc_ec/ec_7_005.out
7.486E+00 ###   qe  configs/fe_fcc_ec/ec_1_002.out
7.571E+00 ###   qe  configs/fe_fcc_ec/ec_9_006.out
7.641E+00 ###   qe  configs/fe_fcc_ec/ec_9_007.out
7.709E+00 ###   qe  configs/fe_fcc_ec/ec_8_005.out
8.114E+00 ###   qe  configs/fe_fcc_ec/ec_9_004.out
8.183E+00 ###   qe  configs/fe_fcc_ec/ec_7_003.out
8.249E+00 ###   qe  configs/fe_fcc_ec/ec_2_007.out
8.318E+00 ###   qe  configs/fe_bcc_ec/ec_4_005.out
8.384E+00 ###   qe  configs/fe_bcc_ec/ec_6_006.out
8.456E+00 ###   qe  configs/fe_bcc_ec/ec_7_006.out
8.524E+00 ###   qe  configs/fe_bcc_ec/ec_7_001.out
8.607E+00 ###   qe  configs/fe_bcc_ec/ec_9_005.out
8.673E+00 ###   qe  configs/fe_bcc_ec/ec_3_003.out
8.741E+00 ###   qe  configs/fe_bcc_ec/ec_4_001.out
8.824E+00 ###   qe  configs/fe_bcc_ec/ec_6_007.out
8.891E+00 ###   qe  configs/fe_bcc_ec/ec_6_001.out
8.970E+00 ###   qe  configs/fe_bcc_ec/ec_1_007.out
9.038E+00 ###   qe  configs/fe_bcc_ec/ec_3_004.out
9.123E+00 ###   qe  configs/fe_bcc_ec/ec_6_003.out
9.191E+00 ###   qe  configs/fe_bcc_ec/ec_1_006.out
9.260E+00 ###   qe  configs/fe_bcc_ec/ec_2_002.out
9.329E+00 ###   qe  configs/fe_bcc_ec/ec_4_004.out
9.398E+00 ###   qe  configs/fe_bcc_ec/ec_6_004.out
9.484E+00 ###   qe  configs/fe_bcc_ec/ec_2_006.out
9.553E+00 ###   qe  configs/fe_bcc_ec/ec_8_004.out
9.623E+00 ###   qe  configs/fe_bcc_ec/ec_7_004.out
9.691E+00 ###   qe  configs/fe_bcc_ec/ec_2_005.out
9.760E+00 ###   qe  configs/fe_bcc_ec/ec_2_004.out
9.829E+00 ###   qe  configs/fe_bcc_ec/ec_8_007.out
9.899E+00 ###   qe  configs/fe_bcc_ec/ec_5_003.out
9.968E+00 ###   qe  configs/fe_bcc_ec/ec_7_002.out
1.004E+01 ###   qe  configs/fe_bcc_ec/ec_1_001.out
1.012E+01 ###   qe  configs/fe_bcc_ec/ec_3_007.out
1.018E+01 ###   qe  configs/fe_bcc_ec/ec_5_006.out
1.025E+01 ###   qe  configs/fe_bcc_ec/ec_1_003.out
1.032E+01 ###   qe  configs/fe_bcc_ec/ec_5_005.out
1.039E+01 ###   qe  configs/fe_bcc_ec/ec_3_005.out
1.080E+01 ###   qe  configs/fe_bcc_ec/ec_4_006.out
1.087E+01 ###   qe  configs/fe_bcc_ec/ec_5_001.out
1.098E+01 ###   qe  configs/fe_bcc_ec/ec_3_001.out
1.105E+01 ###   qe  configs/fe_bcc_ec/ec_9_001.out
1.113E+01 ###   qe  configs/fe_bcc_ec/ec_9_002.out
1.120E+01 ###   qe  configs/fe_bcc_ec/ec_8_001.out
1.128E+01 ###   qe  configs/fe_bcc_ec/ec_1_005.out
1.137E+01 ###   qe  configs/fe_bcc_ec/ec_8_002.out
1.143E+01 ###   qe  configs/fe_bcc_ec/ec_2_001.out
1.151E+01 ###   qe  configs/fe_bcc_ec/ec_1_004.out
1.158E+01 ###   qe  configs/fe_bcc_ec/ec_7_007.out
1.165E+01 ###   qe  configs/fe_bcc_ec/ec_3_006.out
1.172E+01 ###   qe  configs/fe_bcc_ec/ec_5_007.out
1.179E+01 ###   qe  configs/fe_bcc_ec/ec_4_007.out
1.186E+01 ###   qe  configs/fe_bcc_ec/ec_2_003.out
1.192E+01 ###   qe  configs/fe_bcc_ec/ec_3_002.out
1.199E+01 ###   qe  configs/fe_bcc_ec/ec_6_002.out
1.206E+01 ###   qe  configs/fe_bcc_ec/ec_6_005.out
1.213E+01 ###   qe  configs/fe_bcc_ec/ec_5_002.out
1.220E+01 ###   qe  configs/fe_bcc_ec/ec_4_002.out
1.227E+01 ###   qe  configs/fe_bcc_ec/ec_5_004.out
1.234E+01 ###   qe  configs/fe_bcc_ec/ec_9_003.out
1.244E+01 ###   qe  configs/fe_bcc_ec/ec_4_003.out
1.251E+01 ###   qe  configs/fe_bcc_ec/ec_8_003.out
1.258E+01 ###   qe  configs/fe_bcc_ec/ec_8_006.out
1.265E+01 ###   qe  configs/fe_bcc_ec/ec_7_005.out
1.272E+01 ###   qe  configs/fe_bcc_ec/ec_1_002.out
1.279E+01 ###   qe  configs/fe_bcc_ec/ec_9_006.out
1.289E+01 ###   qe  configs/fe_bcc_ec/ec_9_007.out
1.297E+01 ###   qe  configs/fe_bcc_ec/ec_8_005.out
1.304E+01 ###   qe  configs/fe_bcc_ec/ec_9_004.out
1.344E+01 ###   qe  configs/fe_bcc_ec/ec_7_003.out
1.352E+01 ###   qe  configs/fe_bcc_ec/ec_2_007.out
1.359E+01 ###   qe  configs/fe_fcc_configs/config_0001.out
1.368E+01 ###   qe  configs/fe_bcc_eos/eos_004.out
1.377E+01 ###   qe  configs/fe_bcc_eos/eos_011.out
1.386E+01 ###   qe  configs/fe_bcc_eos/eos_010.out
1.395E+01 ###   qe  configs/fe_bcc_eos/eos_002.out
1.404E+01 ###   qe  configs/fe_bcc_eos/eos_014.out
1.413E+01 ###   qe  configs/fe_bcc_eos/eos_005.out
1.426E+01 ###   qe  configs/fe_bcc_eos/eos_006.out
1.435E+01 ###   qe  configs/fe_bcc_eos/eos_012.out
1.444E+01 ###   qe  configs/fe_bcc_eos/eos_013.out
1.453E+01 ###   qe  configs/fe_bcc_eos/eos_009.out
1.464E+01 ###   qe  configs/fe_bcc_eos/eos_008.out
1.474E+01 ###   qe  configs/fe_bcc_eos/eos_001.out
1.484E+01 ###   qe  configs/fe_bcc_eos/eos_015.out
1.493E+01 ###   qe  configs/fe_bcc_eos/eos_007.out
1.502E+01 ###   qe  configs/fe_bcc_eos/eos_003.out
1.511E+01 ###   std  configs/coords_256_fe.dat
#############################################
  Potential Fit
  Time: 1.646E+01
#############################################
1.683E+01 ###   BP Allocated Memory
1.683E+01 ###   
1.722E+01 ###   2GB
1.722E+01 ###   
1.729E+01 ###   255102 3061224 25510204
1.729E+01 ###   
1.780E+01 ###   Make data structure
1.787E+01 ###   Pop size:    10
1.794E+01 ###   Fresh size:  4
1.801E+01 ###   Param width: 26
#############################################
  Make Pool
  Time: 2.133E+01
#############################################
2.137E+01 ###   pool size:     5000
2.140E+01 ###   pop size:      10
2.143E+01 ###   fresh size:    4
2.147E+01 ###   c:    0.0
2.150E+01 ###   make sane set A
####TIME#############LOG#####################################################
3.396E+01 ###   1000
3.400E+01 ###   make sane set B
3.902E+01 ###   2000
3.905E+01 ###   make pool
3.916E+01 ###   shuffle pool
4.000E+01 ###   Best rss: None (since last: 1)
4.141E+01 ###   Best rss: 1187012446404.1438 (since last: 4)
#############################################################################
4.631E+01 ###   Generation 1
#############################################################################
5.348E+01 ###   Best rss: 556722703.3958225 (since last: 37)
#############################################################################
5.535E+01 ###   Generation 2
#############################################################################
#############################################
  Make Pool
  Time: 5.541E+01
#############################################
5.545E+01 ###   pool size:     5000
5.548E+01 ###   pop size:      10
5.551E+01 ###   fresh size:    4
5.555E+01 ###   c:    -0.118862892947 -0.601769170133 1.18721941416 1.44431325622 -0.0500140051291 1.74967865929 0.0840296531465 -1.34131527039 0.0373347182063 0.0610325031581 0.00794893196551 -0.0266791863389 0.771157657683 0.537028684829 0.649172564657 -1.0094212689 0.0904550820498 0.0460944529579 0.0443271906325 -0.0604462877248 -0.0964477444132 0.0915555326961 0.0 -19.3445912028 2.7593921984 -0.335293814125 
5.558E+01 ###   make sane set A
6.707E+01 ###   1000
6.710E+01 ###   make sane set B
7.216E+01 ###   2000
7.224E+01 ###   make pool
7.234E+01 ###   shuffle pool
7.719E+01 ###   Best rss: 134911522.60549325 (since last: 15)
#############################################################################
8.174E+01 ###   Generation 3
#############################################################################
#############################################
  Make Pool
  Time: 8.181E+01
#############################################
8.184E+01 ###   pool size:     5000
8.187E+01 ###   pop size:      10
8.191E+01 ###   fresh size:    4
8.194E+01 ###   c:    4.41750324939 4.11850729992 1.18721941416 1.44431325622 -0.309248118007 1.08193598391 0.0840296531465 -1.13068332955 0.841166726996 0.0610325031581 0.00794893196551 -0.0266791863389 0.927095430881 0.435579293353 0.390437794465 -1.0094212689 0.0904550820498 0.0288155404394 0.0443271906325 -0.0604462877248 -0.0964477444132 0.110673579398 0.0 -19.3445912028 2.7593921984 0.982164976749 
8.198E+01 ###   make sane set A
9.258E+01 ###   1000
9.261E+01 ###   make sane set B
9.755E+01 ###   2000
9.758E+01 ###   make pool
9.768E+01 ###   shuffle pool
1.037E+02 ###   Best rss: 17258048.495050404 (since last: 25)
#############################################################################
1.070E+02 ###   Generation 4
#############################################################################
#############################################
  Make Pool
  Time: 1.071E+02
#############################################
1.071E+02 ###   pool size:     5000
1.071E+02 ###   pop size:      10
1.072E+02 ###   fresh size:    4
1.072E+02 ###   c:    -0.118862892947 -2.57154705386 2.4203259195 -0.0409700464145 -0.0500140051291 0.0516486540868 1.34403773148 -0.0172422695553 1.20483546066 0.919443401657 -0.180789976778 -0.0266791863389 0.837751788926 0.297092120283 0.592064937805 -0.53190475236 0.174824717122 0.0716437856191 -0.110369642719 -0.0866151771107 -0.128727528749 0.188385863603 0.0 -16.3483985663 2.7593921984 -0.335293814125 
1.073E+02 ###   make sane set A
1.274E+02 ###   1000
1.275E+02 ###   make sane set B
1.328E+02 ###   2000
1.328E+02 ###   make pool
1.329E+02 ###   shuffle pool
#############################################################################
1.421E+02 ###   Generation 5
#############################################################################
#############################################
  Make Pool
  Time: 1.422E+02
#############################################
1.422E+02 ###   pool size:     5000
1.422E+02 ###   pop size:      10
1.423E+02 ###   fresh size:    4
1.423E+02 ###   c:    -0.118862892947 -2.57154705386 2.4203259195 -0.0409700464145 -0.0500140051291 0.0516486540868 1.34403773148 -0.0172422695553 1.20483546066 0.919443401657 -0.180789976778 -0.0266791863389 0.837751788926 0.297092120283 0.592064937805 -0.53190475236 0.174824717122 0.0716437856191 -0.110369642719 -0.0866151771107 -0.128727528749 0.188385863603 0.0 -16.3483985663 2.7593921984 -0.335293814125 
1.424E+02 ###   make sane set A
1.629E+02 ###   1000
1.630E+02 ###   make sane set B
1.683E+02 ###   2000
1.683E+02 ###   make pool
1.684E+02 ###   shuffle pool
#############################################################################
1.781E+02 ###   Generation 6
#############################################################################
#############################################
  Make Pool
  Time: 1.782E+02
#############################################
1.782E+02 ###   pool size:     5000
1.782E+02 ###   pop size:      10
1.783E+02 ###   fresh size:    4
1.783E+02 ###   c:    -0.118862892947 -2.57154705386 2.4203259195 -0.0409700464145 -0.0500140051291 0.0516486540868 1.34403773148 -0.0172422695553 1.20483546066 0.919443401657 -0.180789976778 -0.0266791863389 0.837751788926 0.297092120283 0.592064937805 -0.53190475236 0.174824717122 0.0716437856191 -0.110369642719 -0.0866151771107 -0.128727528749 0.188385863603 0.0 -16.3483985663 2.7593921984 -0.335293814125 
1.783E+02 ###   make sane set A
1.988E+02 ###   1000
1.988E+02 ###   make sane set B
2.042E+02 ###   2000
2.042E+02 ###   make pool
2.043E+02 ###   shuffle pool
2.092E+02 ###   Best rss: 13799764.50077357 (since last: 64)
#############################################################################
2.135E+02 ###   Generation 7
#############################################################################
#############################################
  Make Pool
  Time: 2.136E+02
#############################################
2.136E+02 ###   pool size:     5000
2.136E+02 ###   pop size:      10
2.137E+02 ###   fresh size:    4
2.137E+02 ###   c:    3.08931158029 7.7876532756 1.18721941416 -0.669527929787 -1.59518769103 -0.537365501719 0.0840296531465 1.04114526227 0.360374427159 0.712238631191 -0.06577226477 -0.0266791863389 0.765331740654 0.0910637810215 0.846518547705 0.213689783164 -0.126070979963 0.145423407808 -0.0548359209758 -0.134248841537 -0.00302951155538 0.140678217622 0.0 -11.4974592721 2.9308158149 -2.32606224964 
2.137E+02 ###   make sane set A
2.243E+02 ###   1000
2.244E+02 ###   make sane set B
2.298E+02 ###   2000
2.299E+02 ###   make pool
2.300E+02 ###   shuffle pool
2.327E+02 ###   Best rss: 8344549.126857803 (since last: 15)
#############################################################################
2.394E+02 ###   Generation 8
#############################################################################
#############################################
  Make Pool
  Time: 2.395E+02
#############################################
2.395E+02 ###   pool size:     5000
2.395E+02 ###   pop size:      10
2.396E+02 ###   fresh size:    4
2.396E+02 ###   c:    -0.118862892947 -2.57154705386 0.221443485511 -0.0409700464145 -0.173104745939 0.0516486540868 -0.184666107207 0.121682060943 0.0373347182063 0.919443401657 0.00794893196551 -0.0266791863389 0.818441772708 0.297092120283 0.918137765351 -0.53190475236 -0.0118531205246 0.0716437856191 0.0222997675494 0.00229121213166 -0.0964477444132 -0.135776680322 0.0 -4.54051095097 3.7983045404 2.51458426845 
2.396E+02 ###   make sane set A
8.641E+02 ###   1000
8.642E+02 ###   make sane set B
8.693E+02 ###   2000
8.693E+02 ###   make pool
8.694E+02 ###   shuffle pool
#############################################################################
8.790E+02 ###   End of fit
8.790E+02 ###   Time spent in potfit:   862.550675868988
8.790E+02 ###   RSS Counter:            201
8.791E+02 ###   Configs:                55948
8.791E+02 ###   Total atoms:            10666368
8.792E+02 ###   Total Interactions:     624398592
8.792E+02 ###   Time:                   55.320377349853516
8.792E+02 ###   Configs/Sec:            1011.3452344364413
8.793E+02 ###   Atoms/Sec:              192810.8323
8.793E+02 ###   Interactions/Sec:       11286954.6795
#############################################################################
####TIME#############LOG#####################################################
8.797E+02 ###   Parameters
8.798E+02 ###   P0 -0.118862892947
8.798E+02 ###   P1 -2.57154705386
8.798E+02 ###   P2 0.221443485511
8.799E+02 ###   P3 -0.0409700464145
8.799E+02 ###   P4 -0.173104745939
8.799E+02 ###   P5 0.0516486540868
8.803E+02 ###   P6 -0.184666107207
8.803E+02 ###   P7 0.121682060943
8.804E+02 ###   P8 0.0373347182063
8.804E+02 ###   P9 0.919443401657
8.805E+02 ###   P10 0.00794893196551
8.805E+02 ###   P11 -0.0266791863389
8.806E+02 ###   P12 0.818441772708
8.806E+02 ###   P13 0.297092120283
8.807E+02 ###   P14 0.918137765351
8.807E+02 ###   P15 -0.53190475236
8.808E+02 ###   P16 -0.0118531205246
8.808E+02 ###   P17 0.0716437856191
8.809E+02 ###   P18 0.0222997675494
8.809E+02 ###   P19 0.00229121213166
8.810E+02 ###   P20 -0.0964477444132
8.810E+02 ###   P21 -0.135776680322
8.811E+02 ###   P22 0.0
8.811E+02 ###   P23 -4.54051095097
8.812E+02 ###   P24 3.7983045404
8.812E+02 ###   P25 2.51458426845
#############################################################################

#############################################################################
8.839E+02 ###   Duration: 883.5040595531464
#############################################################################
