/* A sample input file */ 
#L_UNITS ang 
#E_UNITS eV 
#S_UNITS GPA 
#F_UNITS EV/ANG 
#ALAT 	   6.88451     // a0 
#X 	   1.00000     0.00000     0.00000     // X 
#Y 	   0.00000     1.05413     0.00000     // Y 
#Z 	   0.00000     0.00000     0.99999     // Z 
#SX 	   0.25828     0.01021     0.01283     // SX 
#SY 	   0.01021     0.18682    -0.01721     // SY 
#SZ 	   0.01283    -0.01721     0.24982     // SZ 
#E 	  -4.23152     // Energy per Atom 
#RCUT 	6.5        // Rcut 
PD     -0.00085     -0.00075     -0.00061   
FE      0.25460      0.26769     -0.00060   
FE      0.25607     -0.00070      0.25698   
FE     -0.00082      0.26864      0.25484   
FE     -0.00017     -0.00018      0.49895   
FE      0.24999      0.26318      0.49924   
FE      0.25636     -0.00041      0.74191   
FE     -0.00064      0.26839      0.74454   
FE     -0.00021      0.52655     -0.00080   
FE      0.25474      0.78487      0.00018   
FE      0.25048      0.52655      0.25062   
FE     -0.00068      0.78458      0.25447   
FE     -0.00051      0.52666      0.49946   
FE      0.24962      0.78917      0.49892   
FE      0.25082      0.52580      0.74771   
FE     -0.00154      0.78378      0.74403   
FE      0.49971     -0.00100     -0.00086   
FE      0.74384      0.26835     -0.00132   
FE      0.74132     -0.00099      0.25646   
FE      0.49917      0.26349      0.24930   
FE      0.49905     -0.00008      0.49916   
FE      0.74892      0.26286      0.49912   
FE      0.74226     -0.00093      0.74223   
FE      0.49926      0.26331      0.74875   
FE      0.49889      0.52657     -0.00128   
FE      0.74351      0.78469     -0.00013   
FE      0.74867      0.52583      0.24990   
FE      0.49944      0.78852      0.25019   
FE      0.49847      0.52654      0.49932   
FE      0.74914      0.78899      0.49889   
FE      0.74831      0.52632      0.74875   
FE      0.49926      0.78890      0.74856   
