#############################################################################
8.159E-03 ###   Thu, 11 Mar 2021 01:33:01 +0000
#############################################################################

####TIME#############LOG#####################################################
2.579E-02 ###   Script: /cloud/Code/python/eampa/eampa.py
2.973E-02 ###   Loaded: input.in
#############################################
  Read Input
  Time: 3.220E-02
#############################################
3.573E-02 ###   rss
4.031E-02 ###   a0: 25.0
4.032E-02 ###   b0: 1.0
4.032E-02 ###   bp: 1000.0
4.032E-02 ###   config: 1.7
4.032E-02 ###   e: 1.0
4.032E-02 ###   e0: 25.0
4.032E-02 ###   ec: 1.0
4.032E-02 ###   energy: 1.2
4.032E-02 ###   force: 1.5
4.032E-02 ###   g: 1.0
4.032E-02 ###   negec: 1000.0
4.033E-02 ###   stress: 1.3
4.033E-02 ###   v: 1.0
4.033E-02 ###   
4.284E-02 ###   max: 100.0
4.284E-02 ###   min: 0.1
4.285E-02 ###   scale_exponent: 4.0
4.285E-02 ###   scale_factor: 10.0
4.285E-02 ###   zero_density_factor: 100000000.0
4.285E-02 ###   
4.526E-02 ###   pot_dir: None
4.526E-02 ###   pot_name: None
4.526E-02 ###   results_dir: results
4.526E-02 ###   
4.777E-02 ###   bp_file: bp.dat
4.778E-02 ###   dir: bp
4.778E-02 ###   ec_size: 6
4.778E-02 ###   ec_strain: 0.001
4.778E-02 ###   eos_size: 6
4.778E-02 ###   eos_strain: 0.001
4.778E-02 ###   
5.038E-02 ###   FE1: FE
5.040E-02 ###   FE2: FE
5.040E-02 ###   FE3: FE
5.040E-02 ###   FE4: FE
5.040E-02 ###   
5.308E-02 ###   1: {'label_id': 1, 'label_text': 'AL', 'atom_count': 32, 'relaxed_energy': -1264.06398979, 'relaxed_energy_unit': 'Ry', 'coh_energy': -3.36, 'coh_energy_unit': 'eV', 'calc_relaxed_dft_ev': -537.454181036, 'calc_coh_ev': -3.36, 'calc_apaev': 534.094181036}
5.309E-02 ###   2: {'label_id': 2, 'label_text': 'FE', 'atom_count': 16, 'relaxed_energy': -5268.188, 'relaxed_energy_unit': 'Ry', 'coh_energy': -4.316, 'coh_energy_unit': 'eV', 'calc_relaxed_dft_ev': -4479.851795407, 'calc_coh_ev': -4.316, 'calc_apaev': 4475.5357954070005}
5.309E-02 ###   3: {'label_id': 3, 'label_text': 'PD', 'atom_count': 32, 'relaxed_energy': -16384.958, 'relaxed_energy_unit': 'Ry', 'coh_energy': -3.91, 'coh_energy_unit': 'eV', 'calc_relaxed_dft_ev': -6966.549363269, 'calc_coh_ev': -3.91, 'calc_apaev': 6962.639363269001}
5.309E-02 ###   
#############################################
  Setup Directories
  Time: 5.570E-02
#############################################
5.830E-02 ###   WD: wd/wd
6.149E-02 ###   wd   wd/wd
6.459E-02 ###   input   wd/wd/input
6.769E-02 ###   output   wd/wd/output
7.082E-02 ###   results   wd/wd/results
7.408E-02 ###   plots   wd/wd/plots
8.107E-02 ###   configs   wd/wd/configs
8.600E-02 ###   fitting   wd/wd/fitting
8.922E-02 ###   fitting_generations   wd/wd/fitting/generations
9.238E-02 ###   fitting_finished   wd/wd/fitting/finished
#############################################
  Memory
  Time: 9.669E-02
#############################################
9.948E-02 ###   EFS 2000000000.0
1.023E-01 ###   config size       255102
1.048E-01 ###   ghost size        3061224
1.070E-01 ###   nl size           25510204
1.096E-01 ###   BP 2000000000.0
1.122E-01 ###   config size       255102
1.148E-01 ###   ghost size        3061224
1.174E-01 ###   nl size           25510204
#############################################
  Potential Load
  Time: 1.199E-01
#############################################
1.235E-01 ###   Potential file: pot/fe/fe.pot
1.264E-01 ###   Loading: pot/fe/fe.pot
1.327E-01 ###   Load zbl
8.623E-01 ###   std  configs/coords_256_fe.dat
1.403E+00 ###   BP Allocated Memory
1.403E+00 ###   
1.425E+00 ###   2GB
1.425E+00 ###   
1.451E+00 ###   255102 3061224 25510204
1.451E+00 ###   
1.972E+00 ###   Best rss: None (since last: 1)
