/* Converted from PWscf output file */ 
#L_UNITS ang 
#E_UNITS eV 
#S_UNITS GPA 
#F_UNITS EV/ANG 
#ALAT 	   6.84431     // a0 
#X 	   1.00000     0.00000     0.00000     // X 
#Y 	   0.00000     1.05448     0.00333     // Y 
#Z 	   0.00000     0.00351     0.99999     // Z 
#SX 	   0.01692     0.00000     0.00000     // SX 
#SY 	   0.00000     0.01283    -1.22808     // SY 
#SZ 	   0.00000    -1.22808     0.00029     // SZ 
#EPA 	  -4.26241     // Energy per Atom 
#RCUT 	6.5        // Rcut 
FE      0.00000      0.00000      0.00000      0.00000      0.00000      0.00000
FE      0.25000      0.26362      0.00083      0.00047      0.00033      0.00025
FE      0.25000      0.00088      0.25000      0.00142     -0.00011      0.00090
FE      0.00000      0.26450      0.25083      0.00000     -0.00137      0.00009
FE      0.00000      0.00176      0.50000      0.00000      0.00000      0.00000
FE      0.25000      0.26538      0.50083      0.00039     -0.00069     -0.00064
FE      0.25000      0.00264      0.74999      0.00142      0.00011     -0.00090
FE      0.00000      0.26626      0.75082      0.00000     -0.00096     -0.00054
FE      0.00000      0.52724      0.00167      0.00000      0.00000      0.00000
FE      0.25000      0.79086      0.00250      0.00047     -0.00033     -0.00025
FE      0.25000      0.52812      0.25167     -0.00002      0.00008      0.00071
FE      0.00000      0.79174      0.25250      0.00000      0.00096      0.00054
FE      0.00000      0.52900      0.50166      0.00000      0.00000      0.00000
FE      0.25000      0.79261      0.50250      0.00039      0.00069      0.00064
FE      0.25000      0.52988      0.75166     -0.00002     -0.00008     -0.00071
FE      0.00000      0.79349      0.75249      0.00000      0.00137     -0.00009
FE      0.50000      0.00000      0.00000      0.00000      0.00000      0.00000
FE      0.75001      0.26362      0.00083     -0.00047      0.00033      0.00025
FE      0.75000      0.00088      0.25000     -0.00142     -0.00011      0.00090
FE      0.50000      0.26450      0.25083      0.00000     -0.00022      0.00104
FE      0.50000      0.00176      0.50000      0.00000      0.00000      0.00000
FE      0.75000      0.26538      0.50083     -0.00039     -0.00069     -0.00064
FE      0.75000      0.00264      0.74999     -0.00142      0.00011     -0.00090
FE      0.50000      0.26626      0.75082      0.00000      0.00022      0.00036
FE      0.50000      0.52724      0.00167      0.00000      0.00000      0.00000
FE      0.75001      0.79086      0.00250     -0.00047     -0.00033     -0.00025
FE      0.75000      0.52812      0.25167      0.00002      0.00008      0.00071
FE      0.50000      0.79174      0.25250      0.00000     -0.00022     -0.00036
FE      0.50000      0.52900      0.50166      0.00000      0.00000      0.00000
FE      0.75000      0.79261      0.50250     -0.00039      0.00069      0.00064
FE      0.75000      0.52988      0.75166      0.00002     -0.00008     -0.00071
FE      0.50000      0.79349      0.75249      0.00000      0.00022     -0.00104
