/* Converted from PWscf output file */ 
#L_UNITS ang 
#E_UNITS eV 
#S_UNITS GPA 
#F_UNITS EV/ANG 
#ALAT 	   6.84431     // a0 
#X 	   1.01003     0.00000     0.00000     // X 
#Y 	   0.00000     1.05451     0.00000     // Y 
#Z 	   0.00000     0.00000     0.99002     // Z 
#SX 	   1.36094     0.00000     0.00000     // SX 
#SY 	   0.00000    -0.01575     0.00000     // SY 
#SZ 	   0.00000     0.00000     1.11725     // SZ 
#EPA 	  -4.26184     // Energy per Atom 
#RCUT 	6.5        // Rcut 
FE      0.00000      0.00000      0.00000      0.00000      0.00000      0.00000
FE      0.25251      0.26363      0.00000      0.00118      0.00145      0.00000
FE      0.25251      0.00000      0.24750      0.00415      0.00000      0.00061
FE      0.00000      0.26363      0.24751      0.00000     -0.00263     -0.00248
FE      0.00000      0.00000      0.49501      0.00000      0.00000      0.00000
FE      0.25251      0.26363      0.49501      0.00139     -0.00147      0.00000
FE      0.25251      0.00000      0.74252      0.00415      0.00000     -0.00061
FE      0.00000      0.26363      0.74251      0.00000     -0.00263      0.00248
FE      0.00000      0.52725      0.00000      0.00000      0.00000      0.00000
FE      0.25251      0.79088      0.00000      0.00118     -0.00145      0.00000
FE      0.25251      0.52725      0.24751     -0.00004      0.00000     -0.00054
FE      0.00000      0.79088      0.24751      0.00000      0.00263     -0.00248
FE      0.00000      0.52725      0.49501      0.00000      0.00000      0.00000
FE      0.25251      0.79088      0.49501      0.00139      0.00147      0.00000
FE      0.25251      0.52725      0.74251     -0.00004     -0.00000      0.00054
FE      0.00000      0.79088      0.74251      0.00000      0.00263      0.00248
FE      0.50502      0.00000      0.00000      0.00000      0.00000      0.00000
FE      0.75753      0.26363      0.00000     -0.00118      0.00145      0.00000
FE      0.75753      0.00000      0.24750     -0.00415      0.00000      0.00061
FE      0.50502      0.26363      0.24751      0.00000      0.00164     -0.00177
FE      0.50502      0.00000      0.49501      0.00000      0.00000      0.00000
FE      0.75753      0.26363      0.49501     -0.00139     -0.00147      0.00000
FE      0.75753      0.00000      0.74252     -0.00415      0.00000     -0.00061
FE      0.50502      0.26363      0.74251      0.00000      0.00164      0.00177
FE      0.50502      0.52725      0.00000      0.00000      0.00000      0.00000
FE      0.75753      0.79088      0.00000     -0.00118     -0.00145      0.00000
FE      0.75752      0.52725      0.24751      0.00004     -0.00000     -0.00054
FE      0.50502      0.79088      0.24751      0.00000     -0.00164     -0.00177
FE      0.50502      0.52725      0.49501      0.00000      0.00000      0.00000
FE      0.75753      0.79088      0.49501     -0.00139      0.00147      0.00000
FE      0.75752      0.52725      0.74251      0.00004      0.00000      0.00054
FE      0.50502      0.79088      0.74251      0.00000     -0.00164      0.00177
