#############################################################################
5.147E-03 ###   Tue, 02 Mar 2021 10:33:33 +0000
#############################################################################

####TIME#############LOG#####################################################
1.203E-02 ###   Script: /cloud/Code/python/eampa/eampa.py
1.551E-02 ###   Loaded: input.in
#############################################
  Read Input
  Time: 1.715E-02
#############################################
1.887E-02 ###   efs
2.065E-02 ###   a0: 25.0
2.065E-02 ###   b0: 1.0
2.066E-02 ###   bp: 1000.0
2.066E-02 ###   config: 1.7
2.066E-02 ###   e: 1.0
2.066E-02 ###   e0: 25.0
2.066E-02 ###   ec: 1.0
2.066E-02 ###   energy: 1.2
2.066E-02 ###   force: 1.5
2.066E-02 ###   g: 1.0
2.066E-02 ###   negec: 1000.0
2.066E-02 ###   stress: 1.3
2.066E-02 ###   v: 1.0
2.067E-02 ###   
2.235E-02 ###   max: 100.0
2.236E-02 ###   min: 0.1
2.236E-02 ###   scale_exponent: 4.0
2.236E-02 ###   scale_factor: 10.0
2.236E-02 ###   zero_density_factor: 100000000.0
2.236E-02 ###   
2.423E-02 ###   pot_dir: None
2.424E-02 ###   pot_name: None
2.424E-02 ###   results_dir: results
2.424E-02 ###   
2.595E-02 ###   bp_file: bp.dat
2.595E-02 ###   dir: bp
2.595E-02 ###   ec_size: 6
2.595E-02 ###   ec_strain: 0.001
2.595E-02 ###   eos_size: 6
2.595E-02 ###   eos_strain: 0.001
2.595E-02 ###   
2.760E-02 ###   FE1: FE
2.760E-02 ###   FE2: FE
2.760E-02 ###   FE3: FE
2.761E-02 ###   FE4: FE
2.761E-02 ###   PD: PD
2.761E-02 ###   
2.946E-02 ###   1: {'label_id': 1, 'label_text': 'AL', 'atom_count': 32, 'relaxed_energy': -1264.06398979, 'relaxed_energy_unit': 'Ry', 'coh_energy': -3.36, 'coh_energy_unit': 'eV', 'calc_relaxed_dft_ev': -537.454181036, 'calc_coh_ev': -3.36, 'calc_apaev': 534.094181036}
2.947E-02 ###   2: {'label_id': 2, 'label_text': 'FE', 'atom_count': 16, 'relaxed_energy': -5268.188, 'relaxed_energy_unit': 'Ry', 'coh_energy': -4.316, 'coh_energy_unit': 'eV', 'calc_relaxed_dft_ev': -4479.851795407, 'calc_coh_ev': -4.316, 'calc_apaev': 4475.5357954070005}
2.947E-02 ###   3: {'label_id': 3, 'label_text': 'PD', 'atom_count': 32, 'relaxed_energy': -16384.958, 'relaxed_energy_unit': 'Ry', 'coh_energy': -3.91, 'coh_energy_unit': 'eV', 'calc_relaxed_dft_ev': -6966.549363269, 'calc_coh_ev': -3.91, 'calc_apaev': 6962.639363269001}
2.947E-02 ###   
#############################################
  Setup Directories
  Time: 3.112E-02
#############################################
3.279E-02 ###   WD: wd/wd
3.495E-02 ###   wd   wd/wd
3.718E-02 ###   input   wd/wd/input
3.939E-02 ###   output   wd/wd/output
4.163E-02 ###   results   wd/wd/results
4.382E-02 ###   plots   wd/wd/plots
4.602E-02 ###   configs   wd/wd/configs
4.819E-02 ###   fitting   wd/wd/fitting
5.044E-02 ###   fitting_generations   wd/wd/fitting/generations
5.267E-02 ###   fitting_finished   wd/wd/fitting/finished
#############################################
  Memory
  Time: 5.430E-02
#############################################
5.595E-02 ###   EFS 2000000000.0
5.757E-02 ###   config size       255102
5.917E-02 ###   ghost size        3061224
6.083E-02 ###   nl size           25510204
6.235E-02 ###   BP 2000000000.0
6.393E-02 ###   config size       255102
6.551E-02 ###   ghost size        3061224
6.718E-02 ###   nl size           25510204
#############################################
  Potential Load
  Time: 6.887E-02
#############################################
7.146E-02 ###   Potential file: pot/al/al.pot
7.309E-02 ###   Loading: pot/al/al.pot
7.690E-02 ###   Load zbl
8.540E-01 ###   std  configs/coords_256_al_e.dat
8.579E-01 ###   std  configs/coords_256_al.dat
8.616E-01 ###   std  configs/coords_256_al_f.dat

#############################################################################
1.403E+00 ###   Duration: 1.3978197574615479
#############################################################################
