#############################################################################
5.739E-03 ###   Mon, 05 Jul 2021 17:33:36 +0000
#############################################################################

####TIME#############LOG#####################################################
1.298E-02 ###   Script: /cloud/Code/python/eampa/eampa.py
1.651E-02 ###   Loaded: input.in
#############################################
  Read Input
  Time: 1.837E-02
#############################################
2.013E-02 ###   fit
2.186E-02 ###   a0: 5.0
2.186E-02 ###   b0: 1.0
2.187E-02 ###   bp: 100.0
2.187E-02 ###   config: 0.0001
2.187E-02 ###   e: 1.0
2.187E-02 ###   e0: 25.0
2.187E-02 ###   ec: 1.0
2.187E-02 ###   energy: 20.0
2.187E-02 ###   force: 1.0
2.187E-02 ###   g: 1.0
2.187E-02 ###   negec: 1000.0
2.187E-02 ###   stress: 1.0
2.187E-02 ###   v: 1.0
2.188E-02 ###   
2.358E-02 ###   max: 100.0
2.358E-02 ###   min: 0.1
2.358E-02 ###   scale_exponent: 4.0
2.358E-02 ###   scale_factor: 10.0
2.358E-02 ###   zero_density_factor: 100000000.0
2.358E-02 ###   
2.539E-02 ###   pot_dir: None
2.539E-02 ###   pot_name: None
2.540E-02 ###   results_dir: results
2.540E-02 ###   
2.729E-02 ###   bp_file: bp.dat
2.731E-02 ###   dir: bp
2.731E-02 ###   ec_size: 11
2.731E-02 ###   ec_strain: 0.05
2.731E-02 ###   eos_size: 9
2.731E-02 ###   eos_strain: 0.1
2.731E-02 ###   
2.918E-02 ###   
3.110E-02 ###   1: {'label_id': 1, 'label_text': 'AL', 'atom_count': 32, 'relaxed_energy': -1264.06398979, 'relaxed_energy_unit': 'Ry', 'coh_energy': -3.36, 'coh_energy_unit': 'eV', 'calc_relaxed_dft_ev': -537.454181036, 'calc_coh_ev': -3.36, 'calc_apaev': 534.094181036}
3.111E-02 ###   2: {'label_id': 2, 'label_text': 'FE', 'atom_count': 16, 'relaxed_energy': -5268.188, 'relaxed_energy_unit': 'Ry', 'coh_energy': -4.316, 'coh_energy_unit': 'eV', 'calc_relaxed_dft_ev': -4479.851795407, 'calc_coh_ev': -4.316, 'calc_apaev': 4475.5357954070005}
3.111E-02 ###   3: {'label_id': 3, 'label_text': 'PD', 'atom_count': 32, 'relaxed_energy': -16384.958, 'relaxed_energy_unit': 'Ry', 'coh_energy': -3.91, 'coh_energy_unit': 'eV', 'calc_relaxed_dft_ev': -6966.549363269, 'calc_coh_ev': -3.91, 'calc_apaev': 6962.639363269001}
3.111E-02 ###   
#############################################
  Setup Directories
  Time: 3.289E-02
#############################################
3.470E-02 ###   WD: wd/wd
#############################################
  Memory
  Time: 4.448E-02
#############################################
4.635E-02 ###   EFS 2000000000.0
4.808E-02 ###   config size       255102
4.980E-02 ###   ghost size        3061224
5.156E-02 ###   nl size           25510204
5.330E-02 ###   BP 2000000000.0
5.513E-02 ###   config size       255102
5.689E-02 ###   ghost size        3061224
5.868E-02 ###   nl size           25510204
#############################################
  Potential Load
  Time: 6.049E-02
#############################################
6.280E-02 ###   Potential file: pot/pd.pot
6.456E-02 ###   Loading: pot/pd.pot
1.762E-01 ###   std  configs/ec_6_002.out
1.815E-01 ###   std  configs/ec_2_002.out
1.866E-01 ###   std  configs/ec_2_005.out
1.919E-01 ###   std  configs/ec_6_005.out
1.972E-01 ###   std  configs/ec_1_007.out
2.033E-01 ###   std  configs/fcc_001.dat
2.074E-01 ###   std  configs/ec_5_007.out
2.127E-01 ###   std  configs/ec_9_007.out
2.179E-01 ###   std  configs/ec_8_001.out
2.231E-01 ###   std  configs/ec_4_006.out
2.283E-01 ###   std  configs/ec_4_001.out
2.339E-01 ###   std  configs/ec_8_006.out
2.397E-01 ###   std  configs/config_0009.out
2.450E-01 ###   std  configs/eos_001.out
2.502E-01 ###   std  configs/ec_7_003.out
2.554E-01 ###   std  configs/ec_3_003.out
2.610E-01 ###   std  configs/ec_3_004.out
2.664E-01 ###   std  configs/config_0007.out
2.718E-01 ###   std  configs/eos_006.out
2.774E-01 ###   std  configs/ec_7_004.out
2.827E-01 ###   std  configs/ec_5_001.out
2.881E-01 ###   std  configs/ec_9_006.out
2.934E-01 ###   std  configs/ec_1_001.out
2.990E-01 ###   std  configs/ec_9_001.out
3.046E-01 ###   std  configs/ec_1_006.out
3.103E-01 ###   std  configs/ec_5_006.out
3.155E-01 ###   std  configs/ec_2_004.out
3.206E-01 ###   std  configs/config_0010.out
3.259E-01 ###   std  configs/ec_6_004.out
3.313E-01 ###   std  configs/ec_6_003.out
3.364E-01 ###   std  configs/ec_2_003.out
3.418E-01 ###   std  configs/ec_3_005.out
3.470E-01 ###   std  configs/config_0006.out
3.522E-01 ###   std  configs/eos_007.out
3.579E-01 ###   std  configs/ec_7_005.out
3.631E-01 ###   std  configs/config_0001.out
3.685E-01 ###   std  configs/ec_7_002.out
3.740E-01 ###   std  configs/ec_3_002.out
3.792E-01 ###   std  configs/config_0008.out
3.845E-01 ###   std  configs/ec_8_007.out
3.900E-01 ###   std  configs/ec_4_007.out
3.952E-01 ###   std  configs/config_0002.out
4.005E-01 ###   std  configs/ec_7_001.out
4.060E-01 ###   std  configs/eos_003.out
4.114E-01 ###   std  configs/ec_3_001.out
4.167E-01 ###   std  configs/ec_3_006.out
4.223E-01 ###   std  configs/config_0005.out
4.278E-01 ###   std  configs/ec_7_006.out
4.332E-01 ###   std  configs/eos_004.out
4.391E-01 ###   std  configs/ec_8_003.out
4.455E-01 ###   std  configs/ec_4_004.out
4.509E-01 ###   std  configs/ec_4_003.out
4.563E-01 ###   std  configs/ec_8_004.out
4.617E-01 ###   std  configs/ec_9_002.out
4.679E-01 ###   std  configs/ec_1_005.out
4.735E-01 ###   std  configs/ec_5_005.out
4.790E-01 ###   std  configs/ec_5_002.out
4.843E-01 ###   std  configs/ec_9_005.out
4.898E-01 ###   std  configs/ec_1_002.out
4.952E-01 ###   std  configs/ec_2_007.out
5.006E-01 ###   std  configs/ec_6_007.out
5.060E-01 ###   std  configs/ec_4_002.out
5.115E-01 ###   std  configs/ec_8_005.out
5.169E-01 ###   std  configs/ec_8_002.out
5.224E-01 ###   std  configs/ec_4_005.out
5.278E-01 ###   std  configs/ec_3_007.out
5.332E-01 ###   std  configs/config_0004.out
5.386E-01 ###   std  configs/ec_7_007.out
5.441E-01 ###   std  configs/eos_005.out
5.495E-01 ###   std  configs/config_0003.out
5.548E-01 ###   std  configs/eos_002.out
5.603E-01 ###   std  configs/ec_2_006.out
5.657E-01 ###   std  configs/ec_6_006.out
5.711E-01 ###   std  configs/ec_6_001.out
5.765E-01 ###   std  configs/ec_2_001.out
5.818E-01 ###   std  configs/ec_5_003.out
5.873E-01 ###   std  configs/ec_9_004.out
5.927E-01 ###   std  configs/ec_1_003.out
####TIME#############LOG#####################################################
6.003E-01 ###   std  configs/ec_9_003.out
6.057E-01 ###   std  configs/ec_1_004.out
6.110E-01 ###   std  configs/fcc_002.dat
6.153E-01 ###   std  configs/ec_5_004.out
#############################################
  Potential Fit
  Time: 1.141E+00
#############################################
2.475E+00 ###   BP Allocated Memory
2.475E+00 ###   
2.477E+00 ###   2GB
2.477E+00 ###   
2.479E+00 ###   255102 3061224 25510204
2.479E+00 ###   
3.965E+00 ###   Best rss: None (since last: 1)
6.289E+00 ###   Best rss: None (since last: 1)
8.143E+00 ###   Best rss: None (since last: 1)
9.915E+00 ###   Best rss: None (since last: 1)
1.200E+01 ###   Best rss: None (since last: 1)
1.411E+01 ###   Best rss: None (since last: 1)
1.592E+01 ###   Best rss: None (since last: 1)
1.776E+01 ###   Best rss: None (since last: 1)
1.956E+01 ###   Best rss: None (since last: 1)
2.136E+01 ###   Best rss: None (since last: 1)
2.347E+01 ###   Best rss: None (since last: 1)
2.534E+01 ###   Best rss: None (since last: 1)
2.716E+01 ###   Best rss: None (since last: 1)
2.898E+01 ###   Best rss: None (since last: 1)
3.074E+01 ###   Best rss: None (since last: 1)
3.252E+01 ###   Best rss: None (since last: 1)
3.431E+01 ###   Best rss: None (since last: 1)
3.614E+01 ###   Best rss: None (since last: 1)
3.798E+01 ###   Best rss: None (since last: 1)
3.977E+01 ###   Best rss: None (since last: 1)
4.158E+01 ###   Best rss: None (since last: 1)
4.340E+01 ###   Best rss: None (since last: 1)
4.522E+01 ###   Best rss: None (since last: 1)
4.707E+01 ###   Best rss: None (since last: 1)
4.891E+01 ###   Best rss: None (since last: 1)
5.071E+01 ###   Best rss: None (since last: 1)
5.250E+01 ###   Best rss: None (since last: 1)
5.427E+01 ###   Best rss: None (since last: 1)
5.634E+01 ###   Best rss: None (since last: 1)
5.840E+01 ###   Best rss: None (since last: 1)
6.022E+01 ###   Best rss: None (since last: 1)
6.226E+01 ###   Best rss: None (since last: 1)
6.433E+01 ###   Best rss: None (since last: 1)
6.611E+01 ###   Best rss: None (since last: 1)
6.793E+01 ###   Best rss: None (since last: 1)
6.974E+01 ###   Best rss: None (since last: 1)
7.186E+01 ###   Best rss: None (since last: 1)
7.366E+01 ###   Best rss: None (since last: 1)
7.573E+01 ###   Best rss: None (since last: 1)
7.752E+01 ###   Best rss: None (since last: 1)
7.937E+01 ###   Best rss: None (since last: 1)
8.121E+01 ###   Best rss: None (since last: 1)
8.304E+01 ###   Best rss: None (since last: 1)
8.482E+01 ###   Best rss: None (since last: 1)
8.661E+01 ###   Best rss: None (since last: 1)
8.840E+01 ###   Best rss: None (since last: 1)
9.021E+01 ###   Best rss: None (since last: 1)
9.204E+01 ###   Best rss: None (since last: 1)
9.389E+01 ###   Best rss: None (since last: 1)
9.574E+01 ###   Best rss: None (since last: 1)
9.753E+01 ###   Best rss: None (since last: 1)
9.931E+01 ###   Best rss: None (since last: 1)
1.011E+02 ###   Best rss: None (since last: 1)
1.029E+02 ###   Best rss: None (since last: 1)
1.047E+02 ###   Best rss: None (since last: 1)
1.066E+02 ###   Best rss: None (since last: 1)
1.084E+02 ###   Best rss: None (since last: 1)
1.102E+02 ###   Best rss: None (since last: 1)
1.120E+02 ###   Best rss: None (since last: 1)
1.138E+02 ###   Best rss: None (since last: 1)
1.156E+02 ###   Best rss: None (since last: 1)
1.174E+02 ###   Best rss: None (since last: 1)
1.192E+02 ###   Best rss: None (since last: 1)
1.210E+02 ###   Best rss: None (since last: 1)
1.228E+02 ###   Best rss: None (since last: 1)
1.246E+02 ###   Best rss: None (since last: 1)
1.264E+02 ###   Best rss: None (since last: 1)
1.282E+02 ###   Best rss: None (since last: 1)
1.300E+02 ###   Best rss: None (since last: 1)
1.319E+02 ###   Best rss: None (since last: 1)
1.337E+02 ###   Best rss: None (since last: 1)
1.355E+02 ###   Best rss: None (since last: 1)
1.373E+02 ###   Best rss: None (since last: 1)
1.391E+02 ###   Best rss: None (since last: 1)
1.408E+02 ###   Best rss: None (since last: 1)
1.426E+02 ###   Best rss: None (since last: 1)
1.447E+02 ###   Best rss: None (since last: 1)
1.465E+02 ###   Best rss: None (since last: 1)
1.483E+02 ###   Best rss: None (since last: 1)
1.501E+02 ###   Best rss: None (since last: 1)
1.519E+02 ###   Best rss: None (since last: 1)
1.536E+02 ###   Best rss: None (since last: 1)
1.557E+02 ###   Best rss: None (since last: 1)
1.576E+02 ###   Best rss: None (since last: 1)
1.594E+02 ###   Best rss: None (since last: 1)
1.615E+02 ###   Best rss: None (since last: 1)
1.634E+02 ###   Best rss: None (since last: 1)
1.655E+02 ###   Best rss: None (since last: 1)
1.673E+02 ###   Best rss: None (since last: 1)
1.691E+02 ###   Best rss: None (since last: 1)
1.709E+02 ###   Best rss: None (since last: 1)
1.730E+02 ###   Best rss: None (since last: 1)
1.752E+02 ###   Best rss: None (since last: 1)
####TIME#############LOG#####################################################
1.770E+02 ###   Best rss: None (since last: 1)
1.788E+02 ###   Best rss: None (since last: 1)
1.806E+02 ###   Best rss: None (since last: 1)
1.824E+02 ###   Best rss: None (since last: 1)
1.842E+02 ###   Best rss: None (since last: 1)
1.860E+02 ###   Best rss: None (since last: 1)
1.878E+02 ###   Best rss: None (since last: 1)
1.895E+02 ###   Best rss: None (since last: 1)
1.913E+02 ###   Best rss: None (since last: 1)
1.931E+02 ###   Best rss: None (since last: 1)
1.949E+02 ###   Best rss: None (since last: 1)
1.967E+02 ###   Best rss: None (since last: 1)
1.985E+02 ###   Best rss: None (since last: 1)
2.003E+02 ###   Best rss: None (since last: 1)
2.020E+02 ###   Best rss: None (since last: 1)
2.038E+02 ###   Best rss: None (since last: 1)
2.056E+02 ###   Best rss: None (since last: 1)
2.076E+02 ###   Best rss: None (since last: 1)
2.097E+02 ###   Best rss: None (since last: 1)
2.115E+02 ###   Best rss: None (since last: 1)
2.133E+02 ###   Best rss: None (since last: 1)
2.154E+02 ###   Best rss: None (since last: 1)
2.175E+02 ###   Best rss: None (since last: 1)
2.196E+02 ###   Best rss: None (since last: 1)
2.217E+02 ###   Best rss: None (since last: 1)
2.235E+02 ###   Best rss: None (since last: 1)
2.255E+02 ###   Best rss: None (since last: 1)
2.275E+02 ###   Best rss: None (since last: 1)
2.293E+02 ###   Best rss: None (since last: 1)
2.311E+02 ###   Best rss: None (since last: 1)
2.332E+02 ###   Best rss: None (since last: 1)
2.352E+02 ###   Best rss: None (since last: 1)
2.370E+02 ###   Best rss: None (since last: 1)
2.388E+02 ###   Best rss: None (since last: 1)
2.406E+02 ###   Best rss: None (since last: 1)
2.424E+02 ###   Best rss: None (since last: 1)
2.445E+02 ###   Best rss: None (since last: 1)
2.466E+02 ###   Best rss: None (since last: 1)
2.483E+02 ###   Best rss: None (since last: 1)
2.501E+02 ###   Best rss: None (since last: 1)
2.519E+02 ###   Best rss: None (since last: 1)
2.540E+02 ###   Best rss: None (since last: 1)
2.561E+02 ###   Best rss: None (since last: 1)
2.579E+02 ###   Best rss: None (since last: 1)
2.597E+02 ###   Best rss: None (since last: 1)
2.615E+02 ###   Best rss: None (since last: 1)
2.633E+02 ###   Best rss: None (since last: 1)
2.652E+02 ###   Best rss: None (since last: 1)
2.672E+02 ###   Best rss: None (since last: 1)
2.693E+02 ###   Best rss: None (since last: 1)
2.711E+02 ###   Best rss: None (since last: 1)
2.728E+02 ###   Best rss: None (since last: 1)
2.747E+02 ###   Best rss: None (since last: 1)
2.768E+02 ###   Best rss: None (since last: 1)
2.789E+02 ###   Best rss: None (since last: 1)
2.809E+02 ###   Best rss: None (since last: 1)
2.831E+02 ###   Best rss: None (since last: 1)
2.848E+02 ###   Best rss: None (since last: 1)
2.870E+02 ###   Best rss: None (since last: 1)
2.891E+02 ###   Best rss: None (since last: 1)
2.909E+02 ###   Best rss: None (since last: 1)
2.927E+02 ###   Best rss: None (since last: 1)
2.945E+02 ###   Best rss: None (since last: 1)
2.963E+02 ###   Best rss: None (since last: 1)
2.981E+02 ###   Best rss: None (since last: 1)
3.000E+02 ###   Best rss: None (since last: 1)
3.021E+02 ###   Best rss: None (since last: 1)
3.038E+02 ###   Best rss: None (since last: 1)
3.056E+02 ###   Best rss: None (since last: 1)
3.077E+02 ###   Best rss: None (since last: 1)
3.095E+02 ###   Best rss: None (since last: 1)
3.113E+02 ###   Best rss: None (since last: 1)
3.130E+02 ###   Best rss: None (since last: 1)
3.151E+02 ###   Best rss: None (since last: 1)
3.169E+02 ###   Best rss: None (since last: 1)
3.188E+02 ###   Best rss: None (since last: 1)
3.206E+02 ###   Best rss: None (since last: 1)
3.224E+02 ###   Best rss: None (since last: 1)
3.242E+02 ###   Best rss: None (since last: 1)
3.261E+02 ###   Best rss: None (since last: 1)
3.282E+02 ###   Best rss: None (since last: 1)
3.300E+02 ###   Best rss: None (since last: 1)
3.318E+02 ###   Best rss: None (since last: 1)
3.336E+02 ###   Best rss: None (since last: 1)
3.354E+02 ###   Best rss: None (since last: 1)
3.373E+02 ###   Best rss: None (since last: 1)
3.391E+02 ###   Best rss: None (since last: 1)
3.411E+02 ###   Best rss: None (since last: 1)
3.432E+02 ###   Best rss: None (since last: 1)
3.451E+02 ###   Best rss: None (since last: 1)
3.469E+02 ###   Best rss: None (since last: 1)
3.487E+02 ###   Best rss: None (since last: 1)
3.505E+02 ###   Best rss: None (since last: 1)
3.523E+02 ###   Best rss: None (since last: 1)
3.541E+02 ###   Best rss: None (since last: 1)
3.560E+02 ###   Best rss: None (since last: 1)
3.578E+02 ###   Best rss: None (since last: 1)
3.600E+02 ###   Best rss: None (since last: 1)
3.621E+02 ###   Best rss: None (since last: 1)
3.639E+02 ###   Best rss: None (since last: 1)
####TIME#############LOG#####################################################
3.657E+02 ###   Best rss: None (since last: 1)
3.675E+02 ###   Best rss: None (since last: 1)
3.697E+02 ###   Best rss: None (since last: 1)
3.716E+02 ###   Best rss: None (since last: 1)
3.735E+02 ###   Best rss: None (since last: 1)
3.753E+02 ###   Best rss: None (since last: 1)
3.771E+02 ###   Best rss: None (since last: 1)
3.789E+02 ###   Best rss: None (since last: 1)
3.807E+02 ###   Best rss: None (since last: 1)
3.825E+02 ###   Best rss: None (since last: 1)
3.843E+02 ###   Best rss: None (since last: 1)
3.864E+02 ###   Best rss: None (since last: 1)
3.887E+02 ###   Best rss: None (since last: 1)
3.908E+02 ###   Best rss: None (since last: 1)
3.929E+02 ###   Best rss: None (since last: 1)
3.950E+02 ###   Best rss: None (since last: 1)
3.971E+02 ###   Best rss: None (since last: 1)
3.993E+02 ###   Best rss: None (since last: 1)
4.012E+02 ###   Best rss: None (since last: 1)
4.032E+02 ###   Best rss: None (since last: 1)
4.075E+02 ###   Best rss: None (since last: 1)
4.096E+02 ###   Best rss: None (since last: 1)
4.124E+02 ###   Best rss: None (since last: 1)
4.166E+02 ###   Best rss: None (since last: 1)
4.185E+02 ###   Best rss: None (since last: 1)
4.205E+02 ###   Best rss: None (since last: 1)
4.248E+02 ###   Best rss: None (since last: 1)
4.268E+02 ###   Best rss: None (since last: 1)
4.307E+02 ###   Best rss: None (since last: 1)
4.328E+02 ###   Best rss: None (since last: 1)
4.348E+02 ###   Best rss: None (since last: 1)
4.369E+02 ###   Best rss: None (since last: 1)
4.390E+02 ###   Best rss: None (since last: 1)
4.410E+02 ###   Best rss: None (since last: 1)
4.431E+02 ###   Best rss: None (since last: 1)
4.453E+02 ###   Best rss: None (since last: 1)
4.473E+02 ###   Best rss: None (since last: 1)
4.493E+02 ###   Best rss: None (since last: 1)
4.517E+02 ###   Best rss: None (since last: 1)
4.538E+02 ###   Best rss: None (since last: 1)
4.580E+02 ###   Best rss: None (since last: 1)
4.600E+02 ###   Best rss: None (since last: 1)
4.620E+02 ###   Best rss: None (since last: 1)
4.642E+02 ###   Best rss: None (since last: 1)
4.681E+02 ###   Best rss: None (since last: 1)
4.702E+02 ###   Best rss: None (since last: 1)
4.722E+02 ###   Best rss: None (since last: 1)
4.742E+02 ###   Best rss: None (since last: 1)
4.764E+02 ###   Best rss: None (since last: 1)
4.787E+02 ###   Best rss: None (since last: 1)
4.809E+02 ###   Best rss: None (since last: 1)
4.829E+02 ###   Best rss: None (since last: 1)
4.849E+02 ###   Best rss: None (since last: 1)
4.868E+02 ###   Best rss: None (since last: 1)
4.913E+02 ###   Best rss: None (since last: 1)
4.934E+02 ###   Best rss: None (since last: 1)
4.954E+02 ###   Best rss: None (since last: 1)
4.987E+02 ###   Best rss: None (since last: 1)
5.022E+02 ###   Best rss: None (since last: 1)
5.043E+02 ###   Best rss: None (since last: 1)
5.062E+02 ###   Best rss: None (since last: 1)
5.082E+02 ###   Best rss: None (since last: 1)
5.101E+02 ###   Best rss: None (since last: 1)
5.121E+02 ###   Best rss: None (since last: 1)
5.159E+02 ###   Best rss: None (since last: 1)
5.214E+02 ###   Best rss: None (since last: 1)
5.235E+02 ###   Best rss: None (since last: 1)
5.256E+02 ###   Best rss: None (since last: 1)
5.278E+02 ###   Best rss: None (since last: 1)
5.300E+02 ###   Best rss: None (since last: 1)
5.321E+02 ###   Best rss: None (since last: 1)
5.342E+02 ###   Best rss: None (since last: 1)
5.363E+02 ###   Best rss: None (since last: 1)
5.384E+02 ###   Best rss: None (since last: 1)
5.405E+02 ###   Best rss: None (since last: 1)
5.426E+02 ###   Best rss: None (since last: 1)
5.447E+02 ###   Best rss: None (since last: 1)
5.467E+02 ###   Best rss: None (since last: 1)
5.491E+02 ###   Best rss: None (since last: 1)
5.530E+02 ###   Best rss: None (since last: 1)
5.567E+02 ###   Best rss: None (since last: 1)
5.587E+02 ###   Best rss: None (since last: 1)
5.606E+02 ###   Best rss: None (since last: 1)
5.627E+02 ###   Best rss: None (since last: 1)
5.648E+02 ###   Best rss: None (since last: 1)
5.690E+02 ###   Best rss: None (since last: 1)
5.735E+02 ###   Best rss: None (since last: 1)
5.754E+02 ###   Best rss: None (since last: 1)
5.800E+02 ###   Best rss: None (since last: 1)
5.844E+02 ###   Best rss: None (since last: 1)
5.864E+02 ###   Best rss: None (since last: 1)
5.885E+02 ###   Best rss: None (since last: 1)
5.924E+02 ###   Best rss: None (since last: 1)
5.977E+02 ###   Best rss: None (since last: 1)
5.998E+02 ###   Best rss: None (since last: 1)
6.017E+02 ###   Best rss: None (since last: 1)
6.039E+02 ###   Best rss: None (since last: 1)
6.060E+02 ###   Best rss: None (since last: 1)
6.101E+02 ###   Best rss: None (since last: 1)
6.127E+02 ###   Best rss: None (since last: 1)
####TIME#############LOG#####################################################
6.147E+02 ###   Best rss: None (since last: 1)
6.167E+02 ###   Best rss: None (since last: 1)
6.188E+02 ###   Best rss: None (since last: 1)
6.224E+02 ###   Best rss: None (since last: 1)
6.245E+02 ###   Best rss: None (since last: 1)
6.266E+02 ###   Best rss: None (since last: 1)
6.314E+02 ###   Best rss: None (since last: 1)
6.368E+02 ###   Best rss: None (since last: 1)
6.389E+02 ###   Best rss: None (since last: 1)
6.409E+02 ###   Best rss: None (since last: 1)
6.433E+02 ###   Best rss: None (since last: 1)
6.478E+02 ###   Best rss: None (since last: 1)
6.498E+02 ###   Best rss: None (since last: 1)
6.518E+02 ###   Best rss: None (since last: 1)
6.539E+02 ###   Best rss: None (since last: 1)
6.558E+02 ###   Best rss: None (since last: 1)
6.578E+02 ###   Best rss: None (since last: 1)
6.599E+02 ###   Best rss: None (since last: 1)
6.618E+02 ###   Best rss: None (since last: 1)
6.656E+02 ###   Best rss: None (since last: 1)
6.706E+02 ###   Best rss: None (since last: 1)
6.724E+02 ###   Best rss: None (since last: 1)
6.743E+02 ###   Best rss: None (since last: 1)
6.762E+02 ###   Best rss: None (since last: 1)
6.782E+02 ###   Best rss: None (since last: 1)
6.803E+02 ###   Best rss: None (since last: 1)
6.827E+02 ###   Best rss: None (since last: 1)
6.865E+02 ###   Best rss: None (since last: 1)
6.885E+02 ###   Best rss: None (since last: 1)
6.904E+02 ###   Best rss: None (since last: 1)
6.924E+02 ###   Best rss: None (since last: 1)
6.945E+02 ###   Best rss: None (since last: 1)
6.967E+02 ###   Best rss: None (since last: 1)
6.988E+02 ###   Best rss: None (since last: 1)
7.024E+02 ###   Best rss: None (since last: 1)
7.046E+02 ###   Best rss: None (since last: 1)
7.065E+02 ###   Best rss: None (since last: 1)
7.085E+02 ###   Best rss: None (since last: 1)
7.106E+02 ###   Best rss: None (since last: 1)
7.125E+02 ###   Best rss: None (since last: 1)
7.146E+02 ###   Best rss: None (since last: 1)
7.176E+02 ###   Best rss: None (since last: 1)
7.221E+02 ###   Best rss: None (since last: 1)
7.269E+02 ###   Best rss: None (since last: 1)
7.298E+02 ###   Best rss: None (since last: 1)
7.318E+02 ###   Best rss: None (since last: 1)
7.337E+02 ###   Best rss: None (since last: 1)
7.355E+02 ###   Best rss: None (since last: 1)
7.374E+02 ###   Best rss: None (since last: 1)
7.392E+02 ###   Best rss: None (since last: 1)
7.412E+02 ###   Best rss: None (since last: 1)
7.432E+02 ###   Best rss: None (since last: 1)
7.450E+02 ###   Best rss: None (since last: 1)
7.469E+02 ###   Best rss: None (since last: 1)
7.488E+02 ###   Best rss: None (since last: 1)
7.510E+02 ###   Best rss: None (since last: 1)
7.529E+02 ###   Best rss: None (since last: 1)
7.546E+02 ###   Best rss: None (since last: 1)
7.565E+02 ###   Best rss: None (since last: 1)
7.584E+02 ###   Best rss: None (since last: 1)
7.603E+02 ###   Best rss: None (since last: 1)
7.622E+02 ###   Best rss: None (since last: 1)
7.642E+02 ###   Best rss: None (since last: 1)
7.661E+02 ###   Best rss: None (since last: 1)
7.686E+02 ###   Best rss: None (since last: 1)
7.705E+02 ###   Best rss: None (since last: 1)
7.723E+02 ###   Best rss: None (since last: 1)
7.741E+02 ###   Best rss: None (since last: 1)
7.759E+02 ###   Best rss: None (since last: 1)
7.777E+02 ###   Best rss: None (since last: 1)
7.795E+02 ###   Best rss: None (since last: 1)
7.814E+02 ###   Best rss: None (since last: 1)
7.832E+02 ###   Best rss: None (since last: 1)
7.854E+02 ###   Best rss: None (since last: 1)
7.877E+02 ###   Best rss: None (since last: 1)
7.895E+02 ###   Best rss: None (since last: 1)
7.913E+02 ###   Best rss: None (since last: 1)
7.931E+02 ###   Best rss: None (since last: 1)
7.949E+02 ###   Best rss: None (since last: 1)
7.967E+02 ###   Best rss: None (since last: 1)
7.985E+02 ###   Best rss: None (since last: 1)
8.003E+02 ###   Best rss: None (since last: 1)
8.020E+02 ###   Best rss: None (since last: 1)
8.038E+02 ###   Best rss: None (since last: 1)
8.056E+02 ###   Best rss: None (since last: 1)
8.074E+02 ###   Best rss: None (since last: 1)
8.092E+02 ###   Best rss: None (since last: 1)
8.112E+02 ###   Best rss: None (since last: 1)
8.130E+02 ###   Best rss: None (since last: 1)
8.149E+02 ###   Best rss: None (since last: 1)
8.171E+02 ###   Best rss: None (since last: 1)
8.192E+02 ###   Best rss: None (since last: 1)
8.210E+02 ###   Best rss: None (since last: 1)
8.228E+02 ###   Best rss: None (since last: 1)
8.245E+02 ###   Best rss: None (since last: 1)
8.264E+02 ###   Best rss: None (since last: 1)
8.283E+02 ###   Best rss: None (since last: 1)
8.301E+02 ###   Best rss: None (since last: 1)
8.320E+02 ###   Best rss: None (since last: 1)
8.338E+02 ###   Best rss: None (since last: 1)
####TIME#############LOG#####################################################
8.356E+02 ###   Best rss: None (since last: 1)
8.377E+02 ###   Best rss: None (since last: 1)
8.396E+02 ###   Best rss: None (since last: 1)
8.414E+02 ###   Best rss: None (since last: 1)
8.433E+02 ###   Best rss: None (since last: 1)
8.453E+02 ###   Best rss: None (since last: 1)
8.474E+02 ###   Best rss: None (since last: 1)
8.492E+02 ###   Best rss: None (since last: 1)
8.510E+02 ###   Best rss: None (since last: 1)
8.529E+02 ###   Best rss: None (since last: 1)
8.546E+02 ###   Best rss: None (since last: 1)
8.564E+02 ###   Best rss: None (since last: 1)
8.585E+02 ###   Best rss: None (since last: 1)
8.605E+02 ###   Best rss: None (since last: 1)
8.623E+02 ###   Best rss: None (since last: 1)
8.641E+02 ###   Best rss: None (since last: 1)
8.660E+02 ###   Best rss: None (since last: 1)
8.679E+02 ###   Best rss: None (since last: 1)
8.697E+02 ###   Best rss: None (since last: 1)
8.719E+02 ###   Best rss: None (since last: 1)
8.737E+02 ###   Best rss: None (since last: 1)
8.759E+02 ###   Best rss: None (since last: 1)
8.777E+02 ###   Best rss: None (since last: 1)
8.795E+02 ###   Best rss: None (since last: 1)
8.815E+02 ###   Best rss: None (since last: 1)
8.833E+02 ###   Best rss: None (since last: 1)
8.851E+02 ###   Best rss: None (since last: 1)
8.870E+02 ###   Best rss: None (since last: 1)
8.888E+02 ###   Best rss: None (since last: 1)
8.909E+02 ###   Best rss: None (since last: 1)
8.930E+02 ###   Best rss: None (since last: 1)
8.948E+02 ###   Best rss: None (since last: 1)
8.967E+02 ###   Best rss: None (since last: 1)
8.985E+02 ###   Best rss: None (since last: 1)
9.004E+02 ###   Best rss: None (since last: 1)
9.023E+02 ###   Best rss: None (since last: 1)
9.041E+02 ###   Best rss: None (since last: 1)
9.060E+02 ###   Best rss: None (since last: 1)
9.078E+02 ###   Best rss: None (since last: 1)
9.096E+02 ###   Best rss: None (since last: 1)
9.114E+02 ###   Best rss: None (since last: 1)
9.132E+02 ###   Best rss: None (since last: 1)
9.154E+02 ###   Best rss: None (since last: 1)
9.173E+02 ###   Best rss: None (since last: 1)
9.194E+02 ###   Best rss: None (since last: 1)
9.215E+02 ###   Best rss: None (since last: 1)
9.233E+02 ###   Best rss: None (since last: 1)
9.254E+02 ###   Best rss: None (since last: 1)
9.273E+02 ###   Best rss: None (since last: 1)
9.292E+02 ###   Best rss: None (since last: 1)
9.310E+02 ###   Best rss: None (since last: 1)
9.329E+02 ###   Best rss: None (since last: 1)
9.347E+02 ###   Best rss: None (since last: 1)
9.366E+02 ###   Best rss: None (since last: 1)
9.384E+02 ###   Best rss: None (since last: 1)
9.402E+02 ###   Best rss: None (since last: 1)
9.421E+02 ###   Best rss: None (since last: 1)
9.442E+02 ###   Best rss: None (since last: 1)
9.464E+02 ###   Best rss: None (since last: 1)
9.485E+02 ###   Best rss: None (since last: 1)
9.506E+02 ###   Best rss: None (since last: 1)
9.524E+02 ###   Best rss: None (since last: 1)
9.543E+02 ###   Best rss: None (since last: 1)
9.561E+02 ###   Best rss: None (since last: 1)
9.583E+02 ###   Best rss: None (since last: 1)
9.604E+02 ###   Best rss: None (since last: 1)
9.623E+02 ###   Best rss: None (since last: 1)
9.641E+02 ###   Best rss: None (since last: 1)
9.659E+02 ###   Best rss: None (since last: 1)
9.677E+02 ###   Best rss: None (since last: 1)
9.699E+02 ###   Best rss: None (since last: 1)
9.720E+02 ###   Best rss: None (since last: 1)
9.738E+02 ###   Best rss: None (since last: 1)
9.756E+02 ###   Best rss: None (since last: 1)
9.774E+02 ###   Best rss: None (since last: 1)
9.793E+02 ###   Best rss: None (since last: 1)
9.812E+02 ###   Best rss: None (since last: 1)
9.831E+02 ###   Best rss: None (since last: 1)
9.850E+02 ###   Best rss: None (since last: 1)
9.871E+02 ###   Best rss: None (since last: 1)
9.889E+02 ###   Best rss: None (since last: 1)
9.907E+02 ###   Best rss: None (since last: 1)
9.926E+02 ###   Best rss: None (since last: 1)
9.945E+02 ###   Best rss: None (since last: 1)
9.967E+02 ###   Best rss: None (since last: 1)
9.988E+02 ###   Best rss: None (since last: 1)
1.001E+03 ###   Best rss: None (since last: 1)
1.003E+03 ###   Best rss: None (since last: 1)
1.004E+03 ###   Best rss: None (since last: 1)
1.006E+03 ###   Best rss: None (since last: 1)
1.008E+03 ###   Best rss: None (since last: 1)
1.011E+03 ###   Best rss: None (since last: 1)
1.012E+03 ###   Best rss: None (since last: 1)
1.014E+03 ###   Best rss: None (since last: 1)
1.016E+03 ###   Best rss: None (since last: 1)
1.018E+03 ###   Best rss: None (since last: 1)
1.020E+03 ###   Best rss: None (since last: 1)
1.022E+03 ###   Best rss: None (since last: 1)
1.023E+03 ###   Best rss: None (since last: 1)
1.025E+03 ###   Best rss: None (since last: 1)
####TIME#############LOG#####################################################
1.027E+03 ###   Best rss: None (since last: 1)
1.029E+03 ###   Best rss: None (since last: 1)
1.031E+03 ###   Best rss: None (since last: 1)
1.033E+03 ###   Best rss: None (since last: 1)
1.035E+03 ###   Best rss: None (since last: 1)
1.037E+03 ###   Best rss: None (since last: 1)
1.039E+03 ###   Best rss: None (since last: 1)
1.041E+03 ###   Best rss: None (since last: 1)
1.043E+03 ###   Best rss: None (since last: 1)
1.044E+03 ###   Best rss: None (since last: 1)
1.046E+03 ###   Best rss: None (since last: 1)
1.048E+03 ###   Best rss: None (since last: 1)
1.050E+03 ###   Best rss: None (since last: 1)
1.052E+03 ###   Best rss: None (since last: 1)
1.054E+03 ###   Best rss: None (since last: 1)
1.056E+03 ###   Best rss: None (since last: 1)
1.057E+03 ###   Best rss: None (since last: 1)
1.059E+03 ###   Best rss: None (since last: 1)
1.061E+03 ###   Best rss: None (since last: 1)
1.063E+03 ###   Best rss: None (since last: 1)
1.065E+03 ###   Best rss: None (since last: 1)
1.067E+03 ###   Best rss: None (since last: 1)
1.069E+03 ###   Best rss: None (since last: 1)
1.071E+03 ###   Best rss: None (since last: 1)
1.073E+03 ###   Best rss: None (since last: 1)
1.075E+03 ###   Best rss: None (since last: 1)
1.077E+03 ###   Best rss: None (since last: 1)
1.079E+03 ###   Best rss: None (since last: 1)
1.080E+03 ###   Best rss: None (since last: 1)
1.082E+03 ###   Best rss: None (since last: 1)
1.084E+03 ###   Best rss: None (since last: 1)
1.086E+03 ###   Best rss: None (since last: 1)
1.088E+03 ###   Best rss: None (since last: 1)
1.090E+03 ###   Best rss: None (since last: 1)
1.091E+03 ###   Best rss: None (since last: 1)
1.093E+03 ###   Best rss: None (since last: 1)
1.095E+03 ###   Best rss: None (since last: 1)
1.097E+03 ###   Best rss: None (since last: 1)
1.099E+03 ###   Best rss: None (since last: 1)
1.101E+03 ###   Best rss: None (since last: 1)
1.103E+03 ###   Best rss: None (since last: 1)
1.105E+03 ###   Best rss: None (since last: 1)
1.107E+03 ###   Best rss: None (since last: 1)
1.108E+03 ###   Best rss: None (since last: 1)
1.110E+03 ###   Best rss: None (since last: 1)
1.112E+03 ###   Best rss: None (since last: 1)
1.114E+03 ###   Best rss: None (since last: 1)
1.116E+03 ###   Best rss: None (since last: 1)
1.118E+03 ###   Best rss: None (since last: 1)
1.120E+03 ###   Best rss: None (since last: 1)
1.122E+03 ###   Best rss: None (since last: 1)
1.124E+03 ###   Best rss: None (since last: 1)
1.126E+03 ###   Best rss: None (since last: 1)
1.128E+03 ###   Best rss: None (since last: 1)
1.130E+03 ###   Best rss: None (since last: 1)
1.131E+03 ###   Best rss: None (since last: 1)
1.133E+03 ###   Best rss: None (since last: 1)
1.135E+03 ###   Best rss: None (since last: 1)
1.137E+03 ###   Best rss: None (since last: 1)
1.139E+03 ###   Best rss: None (since last: 1)
1.141E+03 ###   Best rss: None (since last: 1)
1.143E+03 ###   Best rss: None (since last: 1)
1.145E+03 ###   Best rss: None (since last: 1)
1.147E+03 ###   Best rss: None (since last: 1)
1.149E+03 ###   Best rss: None (since last: 1)
1.151E+03 ###   Best rss: None (since last: 1)
1.153E+03 ###   Best rss: None (since last: 1)
1.154E+03 ###   Best rss: None (since last: 1)
1.156E+03 ###   Best rss: None (since last: 1)
1.158E+03 ###   Best rss: None (since last: 1)
1.160E+03 ###   Best rss: None (since last: 1)
1.162E+03 ###   Best rss: None (since last: 1)
1.164E+03 ###   Best rss: None (since last: 1)
1.166E+03 ###   Best rss: None (since last: 1)
1.167E+03 ###   Best rss: None (since last: 1)
1.169E+03 ###   Best rss: None (since last: 1)
1.171E+03 ###   Best rss: None (since last: 1)
1.173E+03 ###   Best rss: None (since last: 1)
1.175E+03 ###   Best rss: None (since last: 1)
1.177E+03 ###   Best rss: None (since last: 1)
1.179E+03 ###   Best rss: None (since last: 1)
1.181E+03 ###   Best rss: None (since last: 1)
1.183E+03 ###   Best rss: None (since last: 1)
1.185E+03 ###   Best rss: None (since last: 1)
1.187E+03 ###   Best rss: None (since last: 1)
1.188E+03 ###   Best rss: None (since last: 1)
1.191E+03 ###   Best rss: None (since last: 1)
1.193E+03 ###   Best rss: None (since last: 1)
1.194E+03 ###   Best rss: None (since last: 1)
1.196E+03 ###   Best rss: None (since last: 1)
1.198E+03 ###   Best rss: None (since last: 1)
1.200E+03 ###   Best rss: None (since last: 1)
1.202E+03 ###   Best rss: None (since last: 1)
1.204E+03 ###   Best rss: None (since last: 1)
1.206E+03 ###   Best rss: None (since last: 1)
1.208E+03 ###   Best rss: None (since last: 1)
1.210E+03 ###   Best rss: None (since last: 1)
1.212E+03 ###   Best rss: None (since last: 1)
1.213E+03 ###   Best rss: None (since last: 1)
1.215E+03 ###   Best rss: None (since last: 1)
####TIME#############LOG#####################################################
1.217E+03 ###   Best rss: None (since last: 1)
1.219E+03 ###   Best rss: None (since last: 1)
1.221E+03 ###   Best rss: None (since last: 1)
1.223E+03 ###   Best rss: None (since last: 1)
1.225E+03 ###   Best rss: None (since last: 1)
1.227E+03 ###   Best rss: None (since last: 1)
1.229E+03 ###   Best rss: None (since last: 1)
1.231E+03 ###   Best rss: None (since last: 1)
1.233E+03 ###   Best rss: None (since last: 1)
1.235E+03 ###   Best rss: None (since last: 1)
1.237E+03 ###   Best rss: None (since last: 1)
1.239E+03 ###   Best rss: None (since last: 1)
1.241E+03 ###   Best rss: None (since last: 1)
1.243E+03 ###   Best rss: None (since last: 1)
1.244E+03 ###   Best rss: None (since last: 1)
1.246E+03 ###   Best rss: None (since last: 1)
1.248E+03 ###   Best rss: None (since last: 1)
1.250E+03 ###   Best rss: None (since last: 1)
1.252E+03 ###   Best rss: None (since last: 1)
1.254E+03 ###   Best rss: None (since last: 1)
1.256E+03 ###   Best rss: None (since last: 1)
1.257E+03 ###   Best rss: None (since last: 1)
1.260E+03 ###   Best rss: None (since last: 1)
1.261E+03 ###   Best rss: None (since last: 1)
1.263E+03 ###   Best rss: None (since last: 1)
1.265E+03 ###   Best rss: None (since last: 1)
1.267E+03 ###   Best rss: None (since last: 1)
1.269E+03 ###   Best rss: None (since last: 1)
1.271E+03 ###   Best rss: None (since last: 1)
1.273E+03 ###   Best rss: None (since last: 1)
1.275E+03 ###   Best rss: None (since last: 1)
1.277E+03 ###   Best rss: None (since last: 1)
1.278E+03 ###   Best rss: None (since last: 1)
1.280E+03 ###   Best rss: None (since last: 1)
1.282E+03 ###   Best rss: None (since last: 1)
1.284E+03 ###   Best rss: None (since last: 1)
1.286E+03 ###   Best rss: None (since last: 1)
1.288E+03 ###   Best rss: None (since last: 1)
1.290E+03 ###   Best rss: None (since last: 1)
1.292E+03 ###   Best rss: None (since last: 1)
1.293E+03 ###   Best rss: None (since last: 1)
1.295E+03 ###   Best rss: None (since last: 1)
1.297E+03 ###   Best rss: None (since last: 1)
1.299E+03 ###   Best rss: None (since last: 1)
1.301E+03 ###   Best rss: None (since last: 1)
1.303E+03 ###   Best rss: None (since last: 1)
1.305E+03 ###   Best rss: None (since last: 1)
1.307E+03 ###   Best rss: None (since last: 1)
1.309E+03 ###   Best rss: None (since last: 1)
1.311E+03 ###   Best rss: None (since last: 1)
1.313E+03 ###   Best rss: None (since last: 1)
1.315E+03 ###   Best rss: None (since last: 1)
1.317E+03 ###   Best rss: None (since last: 1)
1.319E+03 ###   Best rss: None (since last: 1)
1.321E+03 ###   Best rss: None (since last: 1)
1.322E+03 ###   Best rss: None (since last: 1)
1.324E+03 ###   Best rss: None (since last: 1)
1.327E+03 ###   Best rss: None (since last: 1)
1.328E+03 ###   Best rss: None (since last: 1)
1.330E+03 ###   Best rss: None (since last: 1)
1.332E+03 ###   Best rss: None (since last: 1)
1.334E+03 ###   Best rss: None (since last: 1)
1.336E+03 ###   Best rss: None (since last: 1)
1.338E+03 ###   Best rss: None (since last: 1)
1.340E+03 ###   Best rss: None (since last: 1)
1.342E+03 ###   Best rss: None (since last: 1)
1.344E+03 ###   Best rss: None (since last: 1)
1.346E+03 ###   Best rss: None (since last: 1)
1.348E+03 ###   Best rss: None (since last: 1)
1.349E+03 ###   Best rss: None (since last: 1)
1.351E+03 ###   Best rss: None (since last: 1)
1.353E+03 ###   Best rss: None (since last: 1)
1.355E+03 ###   Best rss: None (since last: 1)
1.357E+03 ###   Best rss: None (since last: 1)
1.359E+03 ###   Best rss: None (since last: 1)
1.361E+03 ###   Best rss: None (since last: 1)
1.363E+03 ###   Best rss: None (since last: 1)
1.365E+03 ###   Best rss: None (since last: 1)
1.367E+03 ###   Best rss: None (since last: 1)
1.368E+03 ###   Best rss: None (since last: 1)
1.370E+03 ###   Best rss: None (since last: 1)
1.372E+03 ###   Best rss: None (since last: 1)
1.374E+03 ###   Best rss: None (since last: 1)
1.376E+03 ###   Best rss: None (since last: 1)
1.378E+03 ###   Best rss: None (since last: 1)
1.380E+03 ###   Best rss: None (since last: 1)
1.382E+03 ###   Best rss: None (since last: 1)
1.384E+03 ###   Best rss: None (since last: 1)
1.386E+03 ###   Best rss: None (since last: 1)
1.388E+03 ###   Best rss: None (since last: 1)
1.390E+03 ###   Best rss: None (since last: 1)
1.392E+03 ###   Best rss: None (since last: 1)
1.394E+03 ###   Best rss: None (since last: 1)
1.395E+03 ###   Best rss: None (since last: 1)
1.397E+03 ###   Best rss: None (since last: 1)
1.399E+03 ###   Best rss: None (since last: 1)
1.401E+03 ###   Best rss: None (since last: 1)
1.403E+03 ###   Best rss: None (since last: 1)
1.405E+03 ###   Best rss: None (since last: 1)
1.406E+03 ###   Best rss: None (since last: 1)
####TIME#############LOG#####################################################
1.408E+03 ###   Best rss: None (since last: 1)
1.410E+03 ###   Best rss: None (since last: 1)
1.412E+03 ###   Best rss: None (since last: 1)
1.414E+03 ###   Best rss: None (since last: 1)
1.416E+03 ###   Best rss: None (since last: 1)
1.417E+03 ###   Best rss: None (since last: 1)
1.419E+03 ###   Best rss: None (since last: 1)
1.422E+03 ###   Best rss: None (since last: 1)
1.423E+03 ###   Best rss: None (since last: 1)
1.425E+03 ###   Best rss: None (since last: 1)
1.427E+03 ###   Best rss: None (since last: 1)
1.429E+03 ###   Best rss: None (since last: 1)
1.431E+03 ###   Best rss: None (since last: 1)
1.433E+03 ###   Best rss: None (since last: 1)
1.434E+03 ###   Best rss: None (since last: 1)
1.436E+03 ###   Best rss: None (since last: 1)
1.438E+03 ###   Best rss: None (since last: 1)
1.440E+03 ###   Best rss: None (since last: 1)
1.441E+03 ###   Best rss: None (since last: 1)
1.443E+03 ###   Best rss: None (since last: 1)
1.445E+03 ###   Best rss: None (since last: 1)
1.447E+03 ###   Best rss: None (since last: 1)
1.449E+03 ###   Best rss: None (since last: 1)
1.451E+03 ###   Best rss: None (since last: 1)
1.453E+03 ###   Best rss: None (since last: 1)
1.455E+03 ###   Best rss: None (since last: 1)
1.457E+03 ###   Best rss: None (since last: 1)
1.459E+03 ###   Best rss: None (since last: 1)
1.461E+03 ###   Best rss: None (since last: 1)
1.462E+03 ###   Best rss: None (since last: 1)
1.464E+03 ###   Best rss: None (since last: 1)
1.466E+03 ###   Best rss: None (since last: 1)
1.468E+03 ###   Best rss: None (since last: 1)
1.470E+03 ###   Best rss: None (since last: 1)
1.472E+03 ###   Best rss: None (since last: 1)
1.474E+03 ###   Best rss: None (since last: 1)
1.476E+03 ###   Best rss: None (since last: 1)
1.478E+03 ###   Best rss: None (since last: 1)
1.479E+03 ###   Best rss: None (since last: 1)
1.481E+03 ###   Best rss: None (since last: 1)
1.483E+03 ###   Best rss: None (since last: 1)
1.485E+03 ###   Best rss: None (since last: 1)
1.487E+03 ###   Best rss: None (since last: 1)
1.489E+03 ###   Best rss: None (since last: 1)
1.490E+03 ###   Best rss: None (since last: 1)
1.493E+03 ###   Best rss: None (since last: 1)
1.494E+03 ###   Best rss: None (since last: 1)
1.496E+03 ###   Best rss: None (since last: 1)
1.498E+03 ###   Best rss: None (since last: 1)
1.500E+03 ###   Best rss: None (since last: 1)
1.502E+03 ###   Best rss: None (since last: 1)
1.504E+03 ###   Best rss: None (since last: 1)
1.506E+03 ###   Best rss: None (since last: 1)
1.508E+03 ###   Best rss: None (since last: 1)
1.509E+03 ###   Best rss: None (since last: 1)
1.511E+03 ###   Best rss: None (since last: 1)
1.513E+03 ###   Best rss: None (since last: 1)
1.515E+03 ###   Best rss: None (since last: 1)
1.517E+03 ###   Best rss: None (since last: 1)
1.518E+03 ###   Best rss: None (since last: 1)
1.521E+03 ###   Best rss: None (since last: 1)
1.523E+03 ###   Best rss: None (since last: 1)
1.524E+03 ###   Best rss: None (since last: 1)
1.526E+03 ###   Best rss: None (since last: 1)
1.528E+03 ###   Best rss: None (since last: 1)
1.530E+03 ###   Best rss: None (since last: 1)
1.532E+03 ###   Best rss: None (since last: 1)
1.534E+03 ###   Best rss: None (since last: 1)
1.536E+03 ###   Best rss: None (since last: 1)
1.538E+03 ###   Best rss: None (since last: 1)
1.540E+03 ###   Best rss: None (since last: 1)
1.541E+03 ###   Best rss: None (since last: 1)
1.543E+03 ###   Best rss: None (since last: 1)
1.545E+03 ###   Best rss: None (since last: 1)
1.547E+03 ###   Best rss: None (since last: 1)
1.549E+03 ###   Best rss: None (since last: 1)
1.551E+03 ###   Best rss: None (since last: 1)
1.553E+03 ###   Best rss: None (since last: 1)
1.555E+03 ###   Best rss: None (since last: 1)
1.557E+03 ###   Best rss: None (since last: 1)
1.558E+03 ###   Best rss: None (since last: 1)
1.560E+03 ###   Best rss: None (since last: 1)
1.562E+03 ###   Best rss: None (since last: 1)
1.564E+03 ###   Best rss: None (since last: 1)
1.566E+03 ###   Best rss: None (since last: 1)
1.568E+03 ###   Best rss: None (since last: 1)
1.570E+03 ###   Best rss: None (since last: 1)
1.572E+03 ###   Best rss: None (since last: 1)
1.574E+03 ###   Best rss: None (since last: 1)
1.576E+03 ###   Best rss: None (since last: 1)
1.578E+03 ###   Best rss: None (since last: 1)
1.580E+03 ###   Best rss: None (since last: 1)
1.581E+03 ###   Best rss: None (since last: 1)
1.583E+03 ###   Best rss: None (since last: 1)
1.585E+03 ###   Best rss: None (since last: 1)
1.587E+03 ###   Best rss: None (since last: 1)
1.589E+03 ###   Best rss: None (since last: 1)
1.591E+03 ###   Best rss: None (since last: 1)
1.593E+03 ###   Best rss: None (since last: 1)
1.594E+03 ###   Best rss: None (since last: 1)
####TIME#############LOG#####################################################
1.597E+03 ###   Best rss: None (since last: 1)
1.598E+03 ###   Best rss: None (since last: 1)
1.600E+03 ###   Best rss: None (since last: 1)
1.602E+03 ###   Best rss: None (since last: 1)
1.604E+03 ###   Best rss: None (since last: 1)
1.606E+03 ###   Best rss: None (since last: 1)
1.608E+03 ###   Best rss: None (since last: 1)
1.610E+03 ###   Best rss: None (since last: 1)
1.611E+03 ###   Best rss: None (since last: 1)
1.613E+03 ###   Best rss: None (since last: 1)
1.615E+03 ###   Best rss: None (since last: 1)
1.617E+03 ###   Best rss: None (since last: 1)
1.619E+03 ###   Best rss: None (since last: 1)
1.621E+03 ###   Best rss: None (since last: 1)
1.623E+03 ###   Best rss: None (since last: 1)
1.625E+03 ###   Best rss: None (since last: 1)
1.627E+03 ###   Best rss: None (since last: 1)
1.628E+03 ###   Best rss: None (since last: 1)
1.630E+03 ###   Best rss: None (since last: 1)
1.633E+03 ###   Best rss: None (since last: 1)
1.634E+03 ###   Best rss: None (since last: 1)
1.637E+03 ###   Best rss: None (since last: 1)
1.639E+03 ###   Best rss: None (since last: 1)
1.640E+03 ###   Best rss: None (since last: 1)
1.642E+03 ###   Best rss: None (since last: 1)
1.644E+03 ###   Best rss: None (since last: 1)
1.646E+03 ###   Best rss: None (since last: 1)
1.648E+03 ###   Best rss: None (since last: 1)
1.650E+03 ###   Best rss: None (since last: 1)
1.651E+03 ###   Best rss: None (since last: 1)
1.653E+03 ###   Best rss: None (since last: 1)
1.655E+03 ###   Best rss: None (since last: 1)
1.657E+03 ###   Best rss: None (since last: 1)
1.659E+03 ###   Best rss: None (since last: 1)
1.661E+03 ###   Best rss: None (since last: 1)
1.663E+03 ###   Best rss: None (since last: 1)
1.665E+03 ###   Best rss: None (since last: 1)
1.667E+03 ###   Best rss: None (since last: 1)
1.669E+03 ###   Best rss: None (since last: 1)
1.670E+03 ###   Best rss: None (since last: 1)
1.672E+03 ###   Best rss: None (since last: 1)
1.674E+03 ###   Best rss: None (since last: 1)
1.676E+03 ###   Best rss: None (since last: 1)
1.678E+03 ###   Best rss: None (since last: 1)
1.680E+03 ###   Best rss: None (since last: 1)
1.682E+03 ###   Best rss: None (since last: 1)
1.684E+03 ###   Best rss: None (since last: 1)
1.685E+03 ###   Best rss: None (since last: 1)
1.687E+03 ###   Best rss: None (since last: 1)
1.689E+03 ###   Best rss: None (since last: 1)
1.691E+03 ###   Best rss: None (since last: 1)
1.693E+03 ###   Best rss: None (since last: 1)
1.695E+03 ###   Best rss: None (since last: 1)
1.697E+03 ###   Best rss: None (since last: 1)
1.699E+03 ###   Best rss: None (since last: 1)
1.700E+03 ###   Best rss: None (since last: 1)
1.702E+03 ###   Best rss: None (since last: 1)
1.704E+03 ###   Best rss: None (since last: 1)
1.706E+03 ###   Best rss: None (since last: 1)
1.708E+03 ###   Best rss: None (since last: 1)
1.710E+03 ###   Best rss: None (since last: 1)
1.712E+03 ###   Best rss: None (since last: 1)
1.714E+03 ###   Best rss: None (since last: 1)
1.716E+03 ###   Best rss: None (since last: 1)
1.718E+03 ###   Best rss: None (since last: 1)
1.719E+03 ###   Best rss: None (since last: 1)
1.721E+03 ###   Best rss: None (since last: 1)
1.723E+03 ###   Best rss: None (since last: 1)
1.725E+03 ###   Best rss: None (since last: 1)
1.727E+03 ###   Best rss: None (since last: 1)
1.729E+03 ###   Best rss: None (since last: 1)
1.731E+03 ###   Best rss: None (since last: 1)
1.734E+03 ###   Best rss: None (since last: 1)
1.735E+03 ###   Best rss: None (since last: 1)
1.737E+03 ###   Best rss: None (since last: 1)
1.739E+03 ###   Best rss: None (since last: 1)
1.741E+03 ###   Best rss: None (since last: 1)
1.743E+03 ###   Best rss: None (since last: 1)
1.745E+03 ###   Best rss: None (since last: 1)
1.747E+03 ###   Best rss: None (since last: 1)
1.749E+03 ###   Best rss: None (since last: 1)
1.751E+03 ###   Best rss: None (since last: 1)
1.753E+03 ###   Best rss: None (since last: 1)
1.755E+03 ###   Best rss: None (since last: 1)
1.757E+03 ###   Best rss: None (since last: 1)
1.759E+03 ###   Best rss: None (since last: 1)
1.761E+03 ###   Best rss: None (since last: 1)
1.762E+03 ###   Best rss: None (since last: 1)
1.764E+03 ###   Best rss: None (since last: 1)
1.766E+03 ###   Best rss: None (since last: 1)
1.768E+03 ###   Best rss: None (since last: 1)
1.770E+03 ###   Best rss: None (since last: 1)
1.772E+03 ###   Best rss: None (since last: 1)
1.773E+03 ###   Best rss: None (since last: 1)
1.775E+03 ###   Best rss: None (since last: 1)
1.777E+03 ###   Best rss: None (since last: 1)
1.779E+03 ###   Best rss: None (since last: 1)
1.781E+03 ###   Best rss: None (since last: 1)
1.783E+03 ###   Best rss: None (since last: 1)
1.785E+03 ###   Best rss: None (since last: 1)
####TIME#############LOG#####################################################
1.787E+03 ###   Best rss: None (since last: 1)
1.789E+03 ###   Best rss: None (since last: 1)
1.791E+03 ###   Best rss: None (since last: 1)
1.793E+03 ###   Best rss: None (since last: 1)
1.794E+03 ###   Best rss: None (since last: 1)
1.797E+03 ###   Best rss: None (since last: 1)
1.798E+03 ###   Best rss: None (since last: 1)
1.800E+03 ###   Best rss: None (since last: 1)
1.802E+03 ###   Best rss: None (since last: 1)
1.804E+03 ###   Best rss: None (since last: 1)
1.806E+03 ###   Best rss: None (since last: 1)
1.808E+03 ###   Best rss: None (since last: 1)
1.809E+03 ###   Best rss: None (since last: 1)
1.812E+03 ###   Best rss: None (since last: 1)
1.814E+03 ###   Best rss: None (since last: 1)
1.815E+03 ###   Best rss: None (since last: 1)
1.818E+03 ###   Best rss: None (since last: 1)
1.820E+03 ###   Best rss: None (since last: 1)
1.822E+03 ###   Best rss: None (since last: 1)
1.823E+03 ###   Best rss: None (since last: 1)
1.825E+03 ###   Best rss: None (since last: 1)
1.827E+03 ###   Best rss: None (since last: 1)
1.829E+03 ###   Best rss: None (since last: 1)
1.831E+03 ###   Best rss: None (since last: 1)
1.833E+03 ###   Best rss: None (since last: 1)
1.835E+03 ###   Best rss: None (since last: 1)
1.837E+03 ###   Best rss: None (since last: 1)
1.839E+03 ###   Best rss: None (since last: 1)
1.841E+03 ###   Best rss: None (since last: 1)
1.843E+03 ###   Best rss: None (since last: 1)
1.845E+03 ###   Best rss: None (since last: 1)
1.847E+03 ###   Best rss: None (since last: 1)
1.849E+03 ###   Best rss: None (since last: 1)
1.851E+03 ###   Best rss: None (since last: 1)
1.853E+03 ###   Best rss: None (since last: 1)
1.854E+03 ###   Best rss: None (since last: 1)
1.856E+03 ###   Best rss: None (since last: 1)
1.858E+03 ###   Best rss: None (since last: 1)
1.860E+03 ###   Best rss: None (since last: 1)
1.862E+03 ###   Best rss: None (since last: 1)
1.864E+03 ###   Best rss: None (since last: 1)
1.866E+03 ###   Best rss: None (since last: 1)
1.867E+03 ###   Best rss: None (since last: 1)
1.869E+03 ###   Best rss: None (since last: 1)
1.871E+03 ###   Best rss: None (since last: 1)
1.873E+03 ###   Best rss: None (since last: 1)
1.875E+03 ###   Best rss: None (since last: 1)
1.877E+03 ###   Best rss: None (since last: 1)
1.879E+03 ###   Best rss: None (since last: 1)
1.881E+03 ###   Best rss: None (since last: 1)
1.883E+03 ###   Best rss: None (since last: 1)
1.885E+03 ###   Best rss: None (since last: 1)
1.887E+03 ###   Best rss: None (since last: 1)
1.889E+03 ###   Best rss: None (since last: 1)
1.891E+03 ###   Best rss: None (since last: 1)
1.893E+03 ###   Best rss: None (since last: 1)
1.895E+03 ###   Best rss: None (since last: 1)
1.897E+03 ###   Best rss: None (since last: 1)
1.899E+03 ###   Best rss: None (since last: 1)
1.900E+03 ###   Best rss: None (since last: 1)
1.902E+03 ###   Best rss: None (since last: 1)
1.904E+03 ###   Best rss: None (since last: 1)
1.906E+03 ###   Best rss: None (since last: 1)
1.908E+03 ###   Best rss: None (since last: 1)
1.910E+03 ###   Best rss: None (since last: 1)
1.912E+03 ###   Best rss: None (since last: 1)
1.914E+03 ###   Best rss: None (since last: 1)
1.916E+03 ###   Best rss: None (since last: 1)
1.918E+03 ###   Best rss: None (since last: 1)
1.919E+03 ###   Best rss: None (since last: 1)
1.921E+03 ###   Best rss: None (since last: 1)
1.923E+03 ###   Best rss: None (since last: 1)
1.925E+03 ###   Best rss: None (since last: 1)
1.927E+03 ###   Best rss: None (since last: 1)
1.929E+03 ###   Best rss: None (since last: 1)
1.931E+03 ###   Best rss: None (since last: 1)
1.933E+03 ###   Best rss: None (since last: 1)
1.934E+03 ###   Best rss: None (since last: 1)
1.936E+03 ###   Best rss: None (since last: 1)
1.938E+03 ###   Best rss: None (since last: 1)
1.940E+03 ###   Best rss: None (since last: 1)
1.942E+03 ###   Best rss: None (since last: 1)
1.944E+03 ###   Best rss: None (since last: 1)
1.946E+03 ###   Best rss: None (since last: 1)
1.948E+03 ###   Best rss: None (since last: 1)
1.950E+03 ###   Best rss: None (since last: 1)
1.952E+03 ###   Best rss: None (since last: 1)
1.954E+03 ###   Best rss: None (since last: 1)
1.956E+03 ###   Best rss: None (since last: 1)
1.958E+03 ###   Best rss: None (since last: 1)
1.960E+03 ###   Best rss: None (since last: 1)
1.962E+03 ###   Best rss: None (since last: 1)
1.964E+03 ###   Best rss: None (since last: 1)
1.966E+03 ###   Best rss: None (since last: 1)
1.968E+03 ###   Best rss: None (since last: 1)
1.970E+03 ###   Best rss: None (since last: 1)
1.971E+03 ###   Best rss: None (since last: 1)
1.973E+03 ###   Best rss: None (since last: 1)
1.975E+03 ###   Best rss: None (since last: 1)
1.977E+03 ###   Best rss: None (since last: 1)
####TIME#############LOG#####################################################
1.979E+03 ###   Best rss: None (since last: 1)
1.981E+03 ###   Best rss: None (since last: 1)
1.983E+03 ###   Best rss: None (since last: 1)
1.985E+03 ###   Best rss: None (since last: 1)
1.986E+03 ###   Best rss: None (since last: 1)
1.988E+03 ###   Best rss: None (since last: 1)
1.990E+03 ###   Best rss: None (since last: 1)
1.992E+03 ###   Best rss: None (since last: 1)
1.994E+03 ###   Best rss: None (since last: 1)
1.996E+03 ###   Best rss: None (since last: 1)
1.998E+03 ###   Best rss: None (since last: 1)
2.000E+03 ###   Best rss: None (since last: 1)
2.001E+03 ###   Best rss: None (since last: 1)
2.003E+03 ###   Best rss: None (since last: 1)
2.005E+03 ###   Best rss: None (since last: 1)
2.007E+03 ###   Best rss: None (since last: 1)
2.009E+03 ###   Best rss: None (since last: 1)
2.011E+03 ###   Best rss: None (since last: 1)
2.013E+03 ###   Best rss: None (since last: 1)
2.015E+03 ###   Best rss: None (since last: 1)
2.017E+03 ###   Best rss: None (since last: 1)
2.019E+03 ###   Best rss: None (since last: 1)
2.021E+03 ###   Best rss: None (since last: 1)
2.023E+03 ###   Best rss: None (since last: 1)
2.025E+03 ###   Best rss: None (since last: 1)
2.026E+03 ###   Best rss: None (since last: 1)
2.029E+03 ###   Best rss: None (since last: 1)
2.031E+03 ###   Best rss: None (since last: 1)
2.033E+03 ###   Best rss: None (since last: 1)
2.035E+03 ###   Best rss: None (since last: 1)
2.037E+03 ###   Best rss: None (since last: 1)
